C251 COMPILER V5.60.0,  main                                                               16/03/26  22:12:25  PAGE 1   


C251 COMPILER V5.60.0, COMPILATION OF MODULE main
OBJECT MODULE PLACED IN .\out_file\main.obj
COMPILER INVOKED BY: D:\Keil5\C251\BIN\C251.EXE ..\user\main.c LARGE FLOAT64 ROM(HUGE) WARNINGLEVEL(3) OPTIMIZE(0,SIZE) 
                    -BROWSE INCDIR(..\..\libraries\zf_common;..\..\libraries\zf_components;..\..\libraries\zf_device;..\..\libraries\zf_drive
                    -r;..\user;..\code;..\..\libraries\zf_components\stc32g_usb_lib;..\..\libraries\zf_components\seekfree_assistant) DEBUG P
                    -RINT(.\out_file\main.lst) OBJECT(.\out_file\main.obj) 

stmt  level    source

    1          /********************************************************************************************************
             -*************
    2           * STC32G144K Opensourec Library 即（STC32G144K 开源库）是一个基于官方 SDK 接口的第三方开源库
    3           * Copyright (c) 2025 SEEKFREE 逐飞科技
    4           *
    5           * 本文件是STC32G144K开源库的一部分
    6           *
    7           * STC32G144K 开源库 是免费软件
    8           * 您可以根据自由软件基金会发布的 GPL（GNU General Public License，即 GNU通用公共许可证）的条款
    9           * 即 GPL 的第3版（即 GPL3.0）或（您选择的）任何后来的版本，重新发布和/或修改它
   10           *
   11           * 本开源库的发布是希望它能发挥作用，但并未对其作任何的保证
   12           * 甚至没有隐含的适销性或适合特定用途的保证
   13           * 更多细节请参见 GPL
   14           *
   15           * 您应该在收到本开源库的同时收到一份 GPL 的副本
   16           * 如果没有，请参阅<https://www.gnu.org/licenses/>
   17           *
   18           * 额外注明：
   19           * 本开源库使用 GPL3.0 开源许可证协议 以上许可申明为译文版本
   20           * 许可申明英文版在 libraries/doc 文件夹下的 GPL3_permission_statement.txt 文件中
   21           * 许可证副本在 libraries 文件夹下 即该文件夹下的 LICENSE 文件
   22           * 欢迎各位使用并传播本程序 但修改内容时必须保留逐飞科技的版权声明（即本声明）
   23           *
   24           * 文件名称
   25           * 公司名称          成都逐飞科技有限公司
   26           * 版本信息          查看 libraries/doc 文件夹内 version 文件 版本说明
   27           * 开发环境          MDK FOR C251
   28           * 适用平台          STC32G144K
   29           * 店铺链接          https://seekfree.taobao.com/
   30           *
   31           * 修改记录
   32           * 日期              作者           备注
   33           * 2025-11-20        大W            first version
   34           ********************************************************************************************************
             -************/
   35          #include "zf_common_headfile.h"
   36          #include "PD_ENC_SDI.h"
   37          #include "var.h"
   38          #include "Motor.h"
   39          
   40                                        
   41          
   42          
   43             
   44          void pit_hanlder (void)
   45          {
   46   1          imu660rb_get_acc();                                                         // 获取 IMU660RB 的加速度
             -测量数值
   47   1          imu660rb_get_gyro();                                                        // 获取 IMU660RB 的角速度
             -测量数值
   48   1      }
   49          
   50          // 陀螺仪型号为IMU963RA 因兼容性改为IMU660RB//
   51          void main(void)
   52          {
C251 COMPILER V5.60.0,  main                                                               16/03/26  22:12:25  PAGE 2   

   53   1      
   54   1          clock_init(SYSTEM_CLOCK_96M); // 时钟配置及系统初始化<务必保留>
   55   1          debug_init();                 // 调试串口信息初始化
   56   1          imu660rb_init();
   57   1          // // 此处编写用户代码 例如外设初始化代码等
   58   1          tim0_irq_handler = pit_hanlder;
   59   1          pit_ms_init(TIM0_PIT, 5,pit_hanlder);
   60   1      
   61   1      
   62   1      
   63   1          
   64   1          
   65   1      
   66   1          // // 此处编写用户代码 例如外设初始化代码等
   67   1      
   68   1      
   69   1          // 此处编写用户代码 例如外设初始化代码等
   70   1      
   71   1          while(1)
   72   1          {
   73   2              // 此处编写需要循环执行的代码
   74   2              printf("\r\nIMU660RB gyro data:  x=%5d, y=%5d, z=%5d\r\n", imu660rb_gyro_x, imu660rb_gyro_y, imu6
             -60rb_gyro_z);
   75   2                      printf("\r\nIMU660RB acc data:  x=%5d, y=%5d, z=%5d\r\n", imu660rb_acc_x, imu660rb_acc_y, imu660rb_acc_
             -z);
   76   2              system_delay_ms(1000);
   77   2      
   78   2              
   79   2      
   80   2      
   81   2      
   82   2          }
   83   1      }


Module Information          Static   Overlayable
------------------------------------------------
  code size            =    ------     ------
  ecode size           =       278     ------
  data size            =    ------     ------
  idata size           =    ------     ------
  pdata size           =    ------     ------
  xdata size           =    ------     ------
  xdata-const size     =    ------     ------
  edata size           =    ------     ------
  bit size             =    ------     ------
  ebit size            =    ------     ------
  bitaddressable size  =    ------     ------
  ebitaddressable size =    ------     ------
  far data size        =    ------     ------
  huge data size       =    ------     ------
  const size           =    ------     ------
  hconst size          =        91     ------
End of Module Information.


C251 COMPILATION COMPLETE.  0 WARNING(S),  0 ERROR(S)
