C251 COMPILER V5.60.0,  PID                                                                21/03/26  13:02:33  PAGE 1   


C251 COMPILER V5.60.0, COMPILATION OF MODULE PID
OBJECT MODULE PLACED IN .\out_file\PID.obj
COMPILER INVOKED BY: D:\Keil5\C251\BIN\C251.EXE ..\code\PID.c LARGE FLOAT64 ROM(HUGE) WARNINGLEVEL(3) OPTIMIZE(0,SIZE) B
                    -ROWSE INCDIR(..\..\libraries\zf_common;..\..\libraries\zf_components;..\..\libraries\zf_device;..\..\libraries\zf_driver
                    -;..\user;..\code;..\..\libraries\zf_components\stc32g_usb_lib;..\..\libraries\zf_components\seekfree_assistant) DEBUG PR
                    -INT(.\out_file\PID.lst) OBJECT(.\out_file\PID.obj) 

stmt  level    source

*** WARNING C38 IN LINE 1 OF ..\code\PID.c: empty translation unit


Module Information          Static   Overlayable
------------------------------------------------
  code size            =    ------     ------
  ecode size           =    ------     ------
  data size            =    ------     ------
  idata size           =    ------     ------
  pdata size           =    ------     ------
  xdata size           =    ------     ------
  xdata-const size     =    ------     ------
  edata size           =    ------     ------
  bit size             =    ------     ------
  ebit size            =    ------     ------
  bitaddressable size  =    ------     ------
  ebitaddressable size =    ------     ------
  far data size        =    ------     ------
  huge data size       =    ------     ------
  const size           =    ------     ------
  hconst size          =    ------     ------
End of Module Information.


C251 COMPILATION COMPLETE.  1 WARNING(S),  0 ERROR(S)
