C251 COMPILER V5.60.0,  var                                                                21/03/26  13:02:33  PAGE 1   


C251 COMPILER V5.60.0, COMPILATION OF MODULE var
OBJECT MODULE PLACED IN .\out_file\var.obj
COMPILER INVOKED BY: D:\Keil5\C251\BIN\C251.EXE ..\code\var.c LARGE FLOAT64 ROM(HUGE) WARNINGLEVEL(3) OPTIMIZE(0,SIZE) B
                    -ROWSE INCDIR(..\..\libraries\zf_common;..\..\libraries\zf_components;..\..\libraries\zf_device;..\..\libraries\zf_driver
                    -;..\user;..\code;..\..\libraries\zf_components\stc32g_usb_lib;..\..\libraries\zf_components\seekfree_assistant) DEBUG PR
                    -INT(.\out_file\var.lst) OBJECT(.\out_file\var.obj) 

stmt  level    source

    1          #include "zf_common_headfile.h"
    2          
    3                          //±‡¬Î∆˜±‰¡ø//
    4          int16 encoder_data_dir_1 = 0;
    5          int16 encoder_data_dir_2 = 0;


Module Information          Static   Overlayable
------------------------------------------------
  code size            =    ------     ------
  ecode size           =    ------     ------
  data size            =    ------     ------
  idata size           =    ------     ------
  pdata size           =    ------     ------
  xdata size           =         4     ------
  xdata-const size     =    ------     ------
  edata size           =    ------     ------
  bit size             =    ------     ------
  ebit size            =    ------     ------
  bitaddressable size  =    ------     ------
  ebitaddressable size =    ------     ------
  far data size        =    ------     ------
  huge data size       =    ------     ------
  const size           =    ------     ------
  hconst size          =        14     ------
End of Module Information.


C251 COMPILATION COMPLETE.  0 WARNING(S),  0 ERROR(S)
