C251 COMPILER V5.60.0,  zf_common_debug                                                    13/01/26  21:31:30  PAGE 1   


C251 COMPILER V5.60.0, COMPILATION OF MODULE zf_common_debug
OBJECT MODULE PLACED IN .\out_file\zf_common_debug.obj
COMPILER INVOKED BY: D:\Keil5\C251\BIN\C251.EXE ..\..\libraries\zf_common\zf_common_debug.c LARGE FLOAT64 ROM(HUGE) WARN
                    -INGLEVEL(3) OPTIMIZE(0,SIZE) BROWSE INCDIR(..\..\libraries\zf_common;..\..\libraries\zf_components;..\..\libraries\zf_de
                    -vice;..\..\libraries\zf_driver;..\user;..\code;..\..\libraries\zf_components\stc32g_usb_lib;..\..\libraries\zf_component
                    -s\seekfree_assistant) DEBUG PRINT(.\out_file\zf_common_debug.lst) OBJECT(.\out_file\zf_common_debug.obj) 

stmt  level    source

    1          /********************************************************************************************************
             -*************
    2          * STC32G144K Opensourec Library МДЃЈSTC32G144K ПЊдДПтЃЉЪЧвЛИіЛљгкЙйЗН SDK НгПкЕФЕкШ§ЗНПЊдДПт
    3          * Copyright (c) 2025 SEEKFREE ж№ЗЩПЦММ
    4          *
    5          * БОЮФМўЪЧSTC32G144KПЊдДПтЕФвЛВПЗж
    6          *
    7          * STC32G144K ПЊдДПт ЪЧУтЗбШэМў
    8          * ФњПЩвдИљОнздгЩШэМўЛљН№ЛсЗЂВМЕФ GPLЃЈGNU General Public LicenseЃЌМД GNUЭЈгУЙЋЙВаэПЩжЄЃЉЕФЬѕПю
    9          * МД GPL ЕФЕк3АцЃЈМД GPL3.0ЃЉЛђЃЈФњбЁдёЕФЃЉШЮКЮКѓРДЕФАцБОЃЌжиаТЗЂВМКЭ/ЛђаоИФЫќ
   10          *
   11          * БОПЊдДПтЕФЗЂВМЪЧЯЃЭћЫќФмЗЂЛгзїгУЃЌЕЋВЂЮДЖдЦфзїШЮКЮЕФБЃжЄ
   12          * ЩѕжСУЛгавўКЌЕФЪЪЯњадЛђЪЪКЯЬиЖЈгУЭОЕФБЃжЄ
   13          * ИќЖрЯИНкЧыВЮМћ GPL
   14          *
   15          * ФњгІИУдкЪеЕНБОПЊдДПтЕФЭЌЪБЪеЕНвЛЗн GPL ЕФИББО
   16          * ШчЙћУЛгаЃЌЧыВЮдФ<https://www.gnu.org/licenses/>
   17          *
   18          * ЖюЭтзЂУїЃК
   19          * БОПЊдДПтЪЙгУ GPL3.0 ПЊдДаэПЩжЄа­вщ вдЩЯаэПЩЩъУїЮЊвыЮФАцБО
   20          * аэПЩЩъУїгЂЮФАцдк libraries/doc ЮФМўМаЯТЕФ GPL3_permission_statement.txt ЮФМўжа
   21          * аэПЩжЄИББОдк libraries ЮФМўМаЯТ МДИУЮФМўМаЯТЕФ LICENSE ЮФМў
   22          * ЛЖг­ИїЮЛЪЙгУВЂДЋВЅБОГЬађ ЕЋаоИФФкШнЪББиаыБЃСєж№ЗЩПЦММЕФАцШЈЩљУїЃЈМДБОЩљУїЃЉ
   23          *
   24          * ЮФМўУћГЦ          
   25          * ЙЋЫОУћГЦ          ГЩЖМж№ЗЩПЦММгаЯоЙЋЫО
   26          * АцБОаХЯЂ          ВщПД libraries/doc ЮФМўМаФк version ЮФМў АцБОЫЕУї
   27          * ПЊЗЂЛЗОГ          MDK FOR C251
   28          * ЪЪгУЦНЬЈ          STC32G144K
   29          * ЕъЦЬСДНг          https://seekfree.taobao.com/
   30          *
   31          * аоИФМЧТМ
   32          * ШеЦк              зїеп           БИзЂ
   33          * 2025-11-20        ДѓW            first version
   34          *********************************************************************************************************
             -***********/
   35          
   36          #include "zf_common_fifo.h"
   37          #include "zf_common_debug.h"
   38          #include "zf_common_clock.h"
   39          #include "zf_common_interrupt.h"
   40          #include "zf_common_typedef.h"
   41          
   42          #include "zf_driver_uart.h"
   43          #include "zf_driver_usb_cdc.h"
   44          #include "zf_driver_delay.h"
   45          
   46          
   47          #pragma warning disable = 183
   48          #pragma warning disable = 177
   49          
   50          
   51          #if DEBUG_UART_USE_INTERRUPT                                                    // ШчЙћЦєгУ debug uart Нг
             -ЪежаЖЯ
   52              uint8                       debug_uart_buffer[DEBUG_RING_BUFFER_LEN];           // Ъ§ОнДцЗХЪ§зщ
   53          #endif
C251 COMPILER V5.60.0,  zf_common_debug                                                    13/01/26  21:31:30  PAGE 2   

   54          
   55          fifo_struct                 debug_uart_fifo;
   56          
   57          static volatile uint8       zf_debug_init_flag = 1;
   58          static volatile uint8       zf_debug_assert_enable = 1;
   59          
   60          //-------------------------------------------------------------------------------------------------------
             -------------
   61          // КЏЪ§МђНщ     ЕїЪдДЎПкЗЂЫЭЛКГхЧј
   62          // ВЮЪ§ЫЕУї     *buff       ЖСГіЪ§ОнДцЗХЕФЪ§зщжИеы
   63          // ВЮЪ§ЫЕУї     len         ашвЊЗЂЫЭЕФГЄЖШ
   64          // ЗЕЛиВЮЪ§     uint32      ЪЃгрЮДЗЂЫЭЕФГЄЖШ
   65          // ЪЙгУЪОР§
   66          // БИзЂаХЯЂ     БОКЏЪ§ашвЊПЊЦє DEBUG_UART_USE_INTERRUPT КъЖЈвхВХПЩЪЙгУ
   67          //-------------------------------------------------------------------------------------------------------
             -------------
   68          uint32 debug_send_buffer(const uint8 *buff, uint32 len)
   69          {
   70   1          
   71   1      #if(USER_USB_CDC)
   72   1          if(len > 0xFFFF)
   73   1              {
   74   2                      usb_cdc_write_buffer(buff, 0xFFFF);
   75   2                      return  len - 0xFFFF;
   76   2              }
   77   1              else
   78   1              {
   79   2                      usb_cdc_write_buffer(buff, (uint16)len);
   80   2              }
   81   1          return 0;
   82   1      #else
                   if(len > 0xFFFF)
                       {
                               uart_write_buffer(DEBUG_UART_INDEX, buff, 0xFFFF);
                               return  len - 0xFFFF;
                       }
                       else
                       {
                               uart_write_buffer(DEBUG_UART_INDEX, buff, (uint16)len);
                       }
                   
                   return 0;
               #endif
   95   1      
   96   1      }
   97          
   98          //-------------------------------------------------------------------------------------------------------
             -------------
   99          // КЏЪ§МђНщ     ЖСШЁ debug ЛЗаЮЛКГхЧјЪ§Он
  100          // ВЮЪ§ЫЕУї     *buff       ЖСГіЪ§ОнДцЗХЕФЪ§зщжИеы
  101          // ВЮЪ§ЫЕУї     len         ашвЊЖСШЁЕФГЄЖШ
  102          // ЗЕЛиВЮЪ§     uint32      ЖСГіЪ§ОнЕФЪЕМЪГЄЖШ
  103          // ЪЙгУЪОР§
  104          // БИзЂаХЯЂ     БОКЏЪ§ашвЊПЊЦє DEBUG_UART_USE_INTERRUPT КъЖЈвхВХПЩЪЙгУ
  105          //-------------------------------------------------------------------------------------------------------
             -------------
  106          uint32 debug_read_buffer (uint8 *buff, uint32 len)
  107          {
  108   1          fifo_read_buffer(&debug_uart_fifo, buff, &len, FIFO_READ_AND_CLEAN);
  109   1          return len;
  110   1      }
  111          extern uint8 test_count ;
  112          //-------------------------------------------------------------------------------------------------------
             -------------
  113          // КЏЪ§МђНщ     debug ДЎПкжаЖЯДІРэКЏЪ§ isr.c жаЖдгІДЎПкжаЖЯЗўЮёКЏЪ§ЕїгУ
  114          // ВЮЪ§ЫЕУї     void
C251 COMPILER V5.60.0,  zf_common_debug                                                    13/01/26  21:31:30  PAGE 3   

  115          // ЗЕЛиВЮЪ§     void
  116          // ЪЙгУЪОР§     debug_interrupr_handler();
  117          // БИзЂаХЯЂ     БОКЏЪ§ашвЊПЊЦє DEBUG_UART_USE_INTERRUPT КъЖЈвхВХПЩЪЙгУ
  118          //              ВЂЧвБОКЏЪ§ФЌШЯЗХжУдк UART1 ЕФДЎПкНгЪежаЖЯДІРэДІ
  119          //-------------------------------------------------------------------------------------------------------
             -------------
  120          #if DEBUG_UART_USE_INTERRUPT                                                    // ЬѕМўБрвы жЛгадкЦєгУДЎП
             -кжаЖЯВХБрвы
  121              #if(USER_USB_CDC)
  122                  void debug_interrupr_handler(uint8 *buff, uint16 len)
  123                  {
  124   1                  
  125   1                  // МьВтШэМўИДЮЛжИСю
  126   1                  const uint8 reboot_str[8] = "@STCISP#";
  127   1                  if(0 == strncmp(buff, reboot_str, 8))
  128   1                  {
  129   2                      EA = 0;
  130   2                      CLKSEL = 0;             // ЧаЛЛЮЊФЌШЯЯЕЭГЪБжг
  131   2                      USBCON = 0;             // ЧхГ§USBЩшжУ
  132   2                      USBCLK &= 0xF0;
  133   2                      IRC48MCR = 0;           // ЭЃжЙ48M IRCЪБжг
  134   2                      XOSCCR = 0;             // ЭЃжЙЭтВПЪБжг
  135   2                      system_delay_ms(10);    // ЕШД§USBзмЯпИДЮЛ
  136   2                      IAP_CONTR = 0x60;       // ДЅЗЂШэМўИДЮЛ
  137   2                  }
  138   1                  
  139   1                  if(zf_debug_init_flag)
  140   1                  {
  141   2                      fifo_write_buffer(&debug_uart_fifo, buff, len);               // ДцШы FIFO
  142   2                  }
  143   1              }
  144              #else
                       void debug_interrupr_handler (uint8 dat)
                       {
                           if(zf_debug_init_flag)
                           {
                               uart_query_byte(DEBUG_UART_INDEX, &dat);                    // ЖСШЁДЎПкЪ§Он
                               fifo_write_buffer(&debug_uart_fifo, &dat, 1);               // ДцШы FIFO
                           }
                       }
                   #endif
  154          #endif
  155          
  156          
  157          //-------------------------------------------------------------------------     // printf жиЖЈЯђ ДЫВПЗжВЛ
             -дЪаэгУЛЇИќИФ
  158          //-------------------------------------------------------------------------------------------------------
             -------------
  159          // КЏЪ§МђНщ     printfжиЖЈЯђ
  160          // ВЮЪ§ЫЕУї     void
  161          // ЗЕЛиВЮЪ§     void
  162          //  @since      v1.0
  163          // БИзЂаХЯЂ              жиЖЈЯђprintfЕНDEBUGДЎПкЩЯ
  164          //-------------------------------------------------------------------------------------------------------
             -------------
  165          #if(PRINTF_ENABLE)      //ГѕЪМЛЏЕїЪдДЎПк
  166              //жиЖЈвхprintf Ъ§зж жЛФмЪфГіuint16
  167              char putchar(char c)
  168              {
  169   1              #if(USER_USB_CDC)
  170   1                  usb_cdc_write_byte(c);
  171   1                  return c;
  172   1              #else
                           uart_write_byte(DEBUG_UART_INDEX, c);//АбздМКЪЕЯжЕФДЎПкДђгЁвЛзжНкЪ§ОнЕФКЏЪ§ЬцЛЛЕНетРя
                           return c;
                       #endif
C251 COMPILER V5.60.0,  zf_common_debug                                                    13/01/26  21:31:30  PAGE 4   

  176   1      
  177   1          }
  178          #endif
  179          //-------------------------------------------------------------------------     // printf жиЖЈЯђ ДЫВПЗжВЛ
             -дЪаэгУЛЇИќИФ
  180          
  181          //-------------------------------------------------------------------------------------------------------
             -------------
  182          // КЏЪ§МђНщ      debug ЖЯбдДІРэКЏЪ§ ДЫВПЗжВЛдЪаэгУЛЇИќИФ
  183          // ВЮЪ§ЫЕУї     pass        ХаЖЯЪЧЗёДЅЗЂЖЯбд
  184          // ВЮЪ§ЫЕУї     *file       ЮФМўУћ
  185          // ВЮЪ§ЫЕУї     line        ФПБъааЪ§
  186          // ЗЕЛиВЮЪ§     void
  187          // ЪЙгУЪОР§     zf_assert(0);
  188          // БИзЂаХЯЂ     етИіКЏЪ§ВЛЪЧжБНгЕїгУЕФ ДЫВПЗжВЛдЪаэгУЛЇИќИФ
  189          //              ЪЙгУ zf_commmon_debug.h жаЕФ zf_assert(x) НгПк
  190          //-------------------------------------------------------------------------------------------------------
             -------------
  191          void debug_assert_handler (uint8 pass, char *file, int line)
  192          {
  193   1              uint8 log_str[] = "Assert error";
  194   1      
  195   1              while(!pass)
  196   1              {
  197   2                      // ШчЙћДњТыЬјзЊЕНетРяЭЃзЁСЫ
  198   2                      // вЛАуФуЕФКЏЪ§ВЮЪ§ДЋЕнГіДэСЫ
  199   2                      // ЛђепФуздМКЕїгУЕФ zf_assert(x) НгПкДІБЈДэСЫ
  200   2      
  201   2                      // ШчЙћЕїгУСЫ debug_init ГѕЪМЛЏСЫ log ЪфГі
  202   2                      // ОЭдкЖдгІДЎПкЪфГіШЅВщПДЪЧФФИіЮФМўЕФФФвЛааБЈДэ
  203   2      
  204   2                      // ШчЙћУЛгаГѕЪМЛЏ debug
  205   2                      // ФЧОЭПДПДетИі file ЕФзжЗћДЎжЕКЭ line ЕФааЪ§
  206   2                      // ФЧДњБэБЈДэЕФЮФМўТЗОЖУћГЦКЭЖдгІБЈДэааЪ§
  207   2      
  208   2                      // дйШЅЕїЪдПДПДЪЧЮЊЪВУДВЮЪ§ГіДэ
  209   2      
  210   2      
  211   2                      printf("\r\n %s file %s line %d\r\n", log_str, file, line);
  212   2      
  213   2      
  214   2                      system_delay_ms(500);
  215   2              }
  216   1      }
  217          
  218          
  219          //-------------------------------------------------------------------------------------------------------
             -------------
  220          // КЏЪ§МђНщ      debug ДЎПкГѕЪМЛЏ ДЫВПЗжВЛдЪаэгУЛЇИќИФ
  221          // ВЮЪ§ЫЕУї     void
  222          // ЗЕЛиВЮЪ§     void
  223          // ЪЙгУЪОР§     debug_init();
  224          // БИзЂаХЯЂ     ПЊдДПтЪОР§ФЌШЯЕїгУ ЕЋФЌШЯНћгУжаЖЯНгЪе
  225          //-------------------------------------------------------------------------------------------------------
             -------------
  226          void debug_init (void)
  227          {
  228   1      #if(USER_USB_CDC)
  229   1          usb_cdc_init();
  230   1          #if DEBUG_UART_USE_INTERRUPT                                               // ЬѕМўБрвы жЛгадкЦєгУДЎПк
             -жаЖЯВХБрвы
  231   1              fifo_init(&debug_uart_fifo, FIFO_DATA_8BIT, debug_uart_buffer, DEBUG_RING_BUFFER_LEN);
  232   1              usb_cdc_rx_interrupt(debug_interrupr_handler);
  233   1          #endif
  234   1      #else
                   uint8 uartx = DEBUG_UART_INDEX;
C251 COMPILER V5.60.0,  zf_common_debug                                                    13/01/26  21:31:30  PAGE 5   

                   
                   uart_init(
                       DEBUG_UART_INDEX,                                                       // дк zf_common_debug.h ж
             -аВщПДЖдгІжЕ
                       DEBUG_UART_BAUDRATE,                                                    // дк zf_common_debug.h ж
             -аВщПДЖдгІжЕ
                       DEBUG_UART_TX_PIN,                                                      // дк zf_common_debug.h ж
             -аВщПДЖдгІжЕ
                       DEBUG_UART_RX_PIN);                                                     // дк zf_common_debug.h ж
             -аВщПДЖдгІжЕ
                   
                   #if DEBUG_UART_USE_INTERRUPT                                                // ЬѕМўБрвы жЛгадкЦєгУДЎП
             -кжаЖЯВХБрвы
                       fifo_init(&debug_uart_fifo, FIFO_DATA_8BIT, debug_uart_buffer, DEBUG_RING_BUFFER_LEN);
                       uart_rx_interrupt(DEBUG_UART_INDEX, 1, debug_interrupr_handler);                                 
             -    // ЪЙФмЖдгІДЎПкНгЪежаЖЯ
                   #endif   
               #endif
  248   1      }
  249          
  250          
  251          
  252          


Module Information          Static   Overlayable
------------------------------------------------
  code size            =    ------     ------
  ecode size           =       606     ------
  data size            =    ------     ------
  idata size           =    ------     ------
  pdata size           =    ------     ------
  xdata size           =       204     ------
  xdata-const size     =    ------     ------
  edata size           =    ------     ------
  bit size             =    ------     ------
  ebit size            =    ------     ------
  bitaddressable size  =    ------     ------
  ebitaddressable size =    ------     ------
  far data size        =    ------     ------
  huge data size       =    ------     ------
  const size           =    ------     ------
  hconst size          =        57     ------
End of Module Information.


C251 COMPILATION COMPLETE.  0 WARNING(S),  0 ERROR(S)
