C251 COMPILER V5.60.0,  zf_device_imu660ra                                                 21/03/26  13:02:32  PAGE 1   


C251 COMPILER V5.60.0, COMPILATION OF MODULE zf_device_imu660ra
OBJECT MODULE PLACED IN .\out_file\zf_device_imu660ra.obj
COMPILER INVOKED BY: D:\Keil5\C251\BIN\C251.EXE ..\..\libraries\zf_device\zf_device_imu660ra.c LARGE FLOAT64 ROM(HUGE) W
                    -ARNINGLEVEL(3) OPTIMIZE(0,SIZE) BROWSE INCDIR(..\..\libraries\zf_common;..\..\libraries\zf_components;..\..\libraries\zf
                    -_device;..\..\libraries\zf_driver;..\user;..\code;..\..\libraries\zf_components\stc32g_usb_lib;..\..\libraries\zf_compon
                    -ents\seekfree_assistant) DEBUG PRINT(.\out_file\zf_device_imu660ra.lst) OBJECT(.\out_file\zf_device_imu660ra.obj) 

stmt  level    source

    1          /********************************************************************************************************
             -*************
    2          * STC32G Opensourec Library јҙЈЁSTC32G ҝӘФҙҝвЈ©КЗТ»ёц»щУЪ№Щ·Ҫ SDK ҪУҝЪөДөЪИэ·ҪҝӘФҙҝв
    3          * Copyright (c) 2025 SEEKFREE Цр·ЙҝЖјј
    4          *
    5          * ұҫОДјюКЗSTC32G144KҝӘФҙҝвөДТ»Іҝ·Ц
    6          *
    7          * STC32G ҝӘФҙҝв КЗГв·СИнјю
    8          * ДъҝЙТФёщҫЭЧФУЙИнјю»щҪр»б·ўІјөД GPLЈЁGNU General Public LicenseЈ¬јҙ GNUНЁУГ№«№ІРнҝЙЦӨЈ©өДМхҝо
    9          * јҙ GPL өДөЪ3°жЈЁјҙ GPL3.0Ј©»тЈЁДъСЎФсөДЈ©ИОәОәуАҙөД°жұҫЈ¬ЦШРВ·ўІјәН/»тРЮёДЛь
   10          *
   11          * ұҫҝӘФҙҝвөД·ўІјКЗПЈНыЛьДЬ·ў»УЧчУГЈ¬ө«ІўОҙ¶ФЖдЧчИОәОөДұЈЦӨ
   12          * ЙхЦБГ»УРТюә¬өДККПъРФ»тККәПМШ¶ЁУГНҫөДұЈЦӨ
   13          * ёь¶аПёҪЪЗлІОјы GPL
   14          *
   15          * ДъУҰёГФЪКХөҪұҫҝӘФҙҝвөДН¬КұКХөҪТ»·Э GPL өДёұұҫ
   16          * Из№ыГ»УРЈ¬ЗлІОФД<https://www.gnu.org/licenses/>
   17          *
   18          * ¶оНвЧўГчЈә
   19          * ұҫҝӘФҙҝвК№УГ GPL3.0 ҝӘФҙРнҝЙЦӨРӯТй ТФЙПРнҝЙЙкГчОӘТлОД°жұҫ
   20          * РнҝЙЙкГчУўОД°жФЪ libraries/doc ОДјюјРПВөД GPL3_permission_statement.txt ОДјюЦР
   21          * РнҝЙЦӨёұұҫФЪ libraries ОДјюјРПВ јҙёГОДјюјРПВөД LICENSE ОДјю
   22          * »¶УӯёчО»К№УГІўҙ«ІҘұҫіМРт ө«РЮёДДЪИЭКұұШРлұЈБфЦр·ЙҝЖјјөД°жИЁЙщГчЈЁјҙұҫЙщГчЈ©
   23          *
   24          * ОДјюГыіЖ          
   25          * №«ЛҫГыіЖ          іЙ¶јЦр·ЙҝЖјјУРПЮ№«Лҫ
   26          * °жұҫРЕПў          Ійҝҙ libraries/doc ОДјюјРДЪ version ОДјю °жұҫЛөГч
   27          * ҝӘ·ў»·ҫі          MDK FOR C251
   28          * ККУГЖҪМЁ          STC32G144K
   29          * өкЖМБҙҪУ          https://seekfree.taobao.com/
   30          *
   31          * РЮёДјЗВј
   32          * ИХЖЪ              ЧчХЯ           ұёЧў
   33          * 2024-08-01        ҙуW            first version
   34          *********************************************************************************************************
             -***********/
   35          /********************************************************************************************************
             -*************
   36          * ҪУПЯ¶ЁТеЈә
   37          *                   ------------------------------------
   38          *                   ДЈҝй№ЬҪЕ            өҘЖ¬»ъ№ЬҪЕ
   39          *                   // УІјю SPI ТэҪЕ
   40          *                   SCL/SPC           Ійҝҙ zf_device_imu660ra.h ЦР IMU660RA_SPC_PIN әк¶ЁТе
   41          *                   SDA/DSI           Ійҝҙ zf_device_imu660ra.h ЦР IMU660RA_SDI_PIN әк¶ЁТе
   42          *                   SA0/SDO           Ійҝҙ zf_device_imu660ra.h ЦР IMU660RA_SDO_PIN әк¶ЁТе
   43          *                   CS                Ійҝҙ zf_device_imu660ra.h ЦР IMU660RA_CS_PIN әк¶ЁТе
   44          *                   VCC               3.3VөзФҙ
   45          *                   GND               өзФҙөШ
   46          *                   ЖдУаТэҪЕРьҝХ
   47          *
   48          *                   // Инјю IIC ТэҪЕ
   49          *                   SCL/SPC           Ійҝҙ zf_device_imu660ra.h ЦР IMU660RA_SCL_PIN әк¶ЁТе
   50          *                   SDA/DSI           Ійҝҙ zf_device_imu660ra.h ЦР IMU660RA_SDA_PIN әк¶ЁТе
   51          *                   VCC               3.3VөзФҙ
   52          *                   GND               өзФҙөШ
   53          *                   ЖдУаТэҪЕРьҝХ
C251 COMPILER V5.60.0,  zf_device_imu660ra                                                 21/03/26  13:02:32  PAGE 2   

   54          *                   ------------------------------------
   55          *********************************************************************************************************
             -***********/
   56          
   57          #include "zf_common_debug.h"
   58          #include "zf_driver_delay.h"
   59          #include "zf_driver_spi.h"
   60          #include "zf_driver_gpio.h"
   61          //#include "zf_driver_soft_iic.h"
   62          //#include "zf_driver_soft_spi.h"
   63          #include "zf_device_config.h"
   64          
   65          #include "zf_device_imu660ra.h"
   66          
   67          #pragma warning disable = 183
   68          #pragma warning disable = 177
   69          
   70          int16 imu660ra_gyro_x = 0, imu660ra_gyro_y = 0, imu660ra_gyro_z = 0;            // ИэЦбНУВЭТЗКэҫЭ   gyro 
             -(НУВЭТЗ)
   71          int16 imu660ra_acc_x = 0, imu660ra_acc_y = 0, imu660ra_acc_z = 0;               // ИэЦбјУЛЩ¶ИјЖКэҫЭ acc  
             -(accelerometer јУЛЩ¶ИјЖ)
   72          float imu660ra_transition_factor[2] = {4096, 16.4};
   73          
   74          
   75          #if (IMU660RA_USE_INTERFACE==HARDWARE_SPI) 
   76                  //------------------------------------------------------------------------------------------------------
             --------------
   77                  // әҜКэјтҪй     IMU660RA РҙјДҙжЖч
   78                  // ІОКэЛөГч     reg             јДҙжЖчөШЦ·
   79                  // ІОКэЛөГч     dat            КэҫЭ
   80                  // ·ө»ШІОКэ     void
   81                  // К№УГКҫАэ     imu660ra_write_register(IMU660RA_PWR_CONF, 0x00);                   // №ШұХёЯј¶КЎөзДЈКҪ
   82                  // ұёЧўРЕПў     ДЪІҝөчУГ
   83                  //------------------------------------------------------------------------------------------------------
             --------------
   84                  static void imu660ra_write_register(uint8 reg, uint8 dat)
   85                  {
   86   1                      IMU660RA_CS(0);
   87   1                      spi_write_8bit_register(IMU660RA_SPI, reg | IMU660RA_SPI_W, dat);
   88   1                      IMU660RA_CS(1);
   89   1              }
   90          
   91                  //------------------------------------------------------------------------------------------------------
             --------------
   92                  // әҜКэјтҪй     IMU660RA РҙКэҫЭ
   93                  // ІОКэЛөГч     reg             јДҙжЖчөШЦ·
   94                  // ІОКэЛөГч     dat            КэҫЭ
   95                  // ·ө»ШІОКэ     void
   96                  // К№УГКҫАэ     imu660ra_write_registers(IMU660RA_INIT_DATA, imu660ra_config_file, sizeof(imu660ra_confi
             -g_file));
   97                  // ұёЧўРЕПў     ДЪІҝөчУГ
   98                  //------------------------------------------------------------------------------------------------------
             --------------
   99                  static void imu660ra_write_registers(uint8 reg, const uint8 *dat, uint32 len)
  100                  {
  101   1                      IMU660RA_CS(0);
  102   1                      spi_write_8bit_registers(IMU660RA_SPI, reg | IMU660RA_SPI_W, dat, len);
  103   1                      IMU660RA_CS(1);
  104   1              }
  105          
  106                  //------------------------------------------------------------------------------------------------------
             --------------
  107                  // әҜКэјтҪй     IMU660RA ¶БјДҙжЖч
  108                  // ІОКэЛөГч     reg             јДҙжЖчөШЦ·
  109                  // ·ө»ШІОКэ     uint8           КэҫЭ
  110                  // К№УГКҫАэ     imu660ra_read_register(IMU660RA_CHIP_ID);
C251 COMPILER V5.60.0,  zf_device_imu660ra                                                 21/03/26  13:02:32  PAGE 3   

  111                  // ұёЧўРЕПў     ДЪІҝөчУГ
  112                  //------------------------------------------------------------------------------------------------------
             --------------
  113                  static uint8 imu660ra_read_register(uint8 reg)
  114                  {
  115   1                      uint8 dat[2];
  116   1                      IMU660RA_CS(0);
  117   1                      spi_read_8bit_registers(IMU660RA_SPI, reg | IMU660RA_SPI_R, dat, 2);
  118   1                      IMU660RA_CS(1);
  119   1                      return dat[1];
  120   1              }
  121          
  122                  //------------------------------------------------------------------------------------------------------
             --------------
  123                  // әҜКэјтҪй     IMU660RA ¶БКэҫЭ
  124                  // ІОКэЛөГч     reg             јДҙжЖчөШЦ·
  125                  // ІОКэЛөГч     dat            КэҫЭ»әіеЗш
  126                  // ІОКэЛөГч     len             КэҫЭіӨ¶И
  127                  // ·ө»ШІОКэ     void
  128                  // К№УГКҫАэ     imu660ra_read_registers(IMU660RA_ACC_ADDRESS, dat, 6);
  129                  // ұёЧўРЕПў     ДЪІҝөчУГ
  130                  //------------------------------------------------------------------------------------------------------
             --------------
  131                  static void imu660ra_read_registers(uint8 reg, uint8 *dat, uint32 len)
  132                  {
  133   1                      uint16 i = 0;
  134   1                      uint8 temp_data[8];
  135   1                      IMU660RA_CS(0);
  136   1                      spi_read_8bit_registers(IMU660RA_SPI, reg | IMU660RA_SPI_R, temp_data, len + 1);
  137   1                      IMU660RA_CS(1);
  138   1                      
  139   1                      for(i = 0; i < len; i ++)
  140   1                      {
  141   2                              *(dat ++) = temp_data[i + 1];
  142   2                      }
  143   1              }
  144          
  145          
  146          #elif (IMU660RA_USE_INTERFACE==SOFT_SPI)
               
                       #define IMU660RA_SCK(x)                         IMU660RA_SPC_PIN  = x
                       #define IMU660RA_MOSI(x)                        IMU660RA_SDI_PIN = x
                       #define IMU660RA_MISO                           IMU660RA_SDO_PIN
                       #define IMU660RA_CS(x)                          IMU660RA_CS_PIN  = x
               
                       //------------------------------------------------------------------------------------------------------
             --------------
                       //  @brief      НЁ№эSPIРҙТ»ёцbyte,Н¬Кұ¶БИЎТ»ёцbyte
                       //  @param      byte        ·ўЛНөДКэҫЭ
                       //  @return     uint8 edata       return ·ө»ШstatusЧҙМ¬
                       //  @since      v1.0
                       //  Sample usage:
                       //------------------------------------------------------------------------------------------------------
             --------------
                       static uint8 imu660ra_simspi_wr_byte(uint8 byte)
                       {
                               uint8 i;
                               for(i=0; i<8; i++)
                               {
                                       IMU660RA_SCK (0);
                                       IMU660RA_MOSI(byte&0x80);
                                       byte <<= 1;
                                       IMU660RA_SCK (1);
                                       byte |= IMU660RA_MISO;
                               }
                               IMU660RA_SCK (0);
C251 COMPILER V5.60.0,  zf_device_imu660ra                                                 21/03/26  13:02:32  PAGE 4   

                               return(byte);
                       }
                       
                       //------------------------------------------------------------------------------------------------------
             --------------
                       //  @brief      Ҫ«valРҙИлcmd¶ФУҰөДјДҙжЖчөШЦ·,Н¬Кұ·ө»ШstatusЧЦҪЪ
                       //  @param      cmd         ГьБоЧЦ
                       //  @param      val         ҙэРҙИлјДҙжЖчөДКэЦө
                       //  @since      v1.0
                       //  Sample usage:
                       //------------------------------------------------------------------------------------------------------
             --------------
                       static void imu660ra_simspi_w_reg_byte(uint8 cmd, uint8 val)
                       {
                               cmd |= IMU660RA_SPI_W;
                               imu660ra_simspi_wr_byte(cmd);
                               imu660ra_simspi_wr_byte(val);
                       }
               
               
                       //------------------------------------------------------------------------------------------------------
             --------------
                       //  @brief      Ҫ«valРҙИлcmd¶ФУҰөДјДҙжЖчөШЦ·
                       //  @param      cmd         ГьБоЧЦ
                       //  @param      val         ҙэРҙИлјДҙжЖчөДКэЦө
                       //  @since      v1.0
                       //  Sample usage:
                       //------------------------------------------------------------------------------------------------------
             --------------
                       static void imu660ra_simspi_w_reg_bytes(uint8 cmd, uint8 *dat_addr, uint32 len)
                       {
                               cmd |= IMU660RA_SPI_W;
                               imu660ra_simspi_wr_byte(cmd);
                               while(len--)
                               {
                                       imu660ra_simspi_wr_byte(*dat_addr++);
                               }
                       }
               
                       //------------------------------------------------------------------------------------------------------
             --------------
                       //  @brief      ¶БИЎcmdЛщ¶ФУҰөДјДҙжЖчөШЦ·
                       //  @param      cmd         ГьБоЧЦ
                       //  @param      *val        ҙжҙў¶БИЎөДКэҫЭөШЦ·
                       //  @param      num         ¶БИЎөДКэБҝ
                       //  @since      v1.0
                       //  Sample usage:
                       //------------------------------------------------------------------------------------------------------
             --------------
                       static void imu660ra_simspi_r_reg_bytes(uint8 cmd, uint8 *val, uint32 num)
                       {
                               cmd |= IMU660RA_SPI_R;
                               imu660ra_simspi_wr_byte(cmd);
                               while(num--)
                               {
                                       *val++ = imu660ra_simspi_wr_byte(0);
                               }
                       }
               
               
                       //------------------------------------------------------------------------------------------------------
             --------------
                       // әҜКэјтҪй     IMU660RA РҙјДҙжЖч
                       // ІОКэЛөГч     reg             јДҙжЖчөШЦ·
                       // ІОКэЛөГч     dat            КэҫЭ
                       // ·ө»ШІОКэ     void
C251 COMPILER V5.60.0,  zf_device_imu660ra                                                 21/03/26  13:02:32  PAGE 5   

                       // К№УГКҫАэ     imu660ra_write_register(IMU660RA_PWR_CONF, 0x00);                   // №ШұХёЯј¶КЎөзДЈКҪ
                       // ұёЧўРЕПў     ДЪІҝөчУГ
                       //------------------------------------------------------------------------------------------------------
             --------------
                       static void imu660ra_write_register(uint8 reg, uint8 dat)
                       {
                               IMU660RA_CS(0);
                               imu660ra_simspi_w_reg_byte(reg | IMU660RA_SPI_W, dat);
                               IMU660RA_CS(1);
                       }
               
                       //------------------------------------------------------------------------------------------------------
             --------------
                       // әҜКэјтҪй     IMU660RA РҙКэҫЭ
                       // ІОКэЛөГч     reg             јДҙжЖчөШЦ·
                       // ІОКэЛөГч     dat            КэҫЭ
                       // ·ө»ШІОКэ     void
                       // К№УГКҫАэ     imu660ra_write_registers(IMU660RA_INIT_dat, imu660ra_config_file, sizeof(imu660ra_config
             -_file));
                       // ұёЧўРЕПў     ДЪІҝөчУГ
                       //------------------------------------------------------------------------------------------------------
             --------------
                       static void imu660ra_write_registers(uint8 reg, const uint8 *dat, uint32 len)
                       {
                               IMU660RA_CS(0);
                               imu660ra_simspi_w_reg_bytes(reg | IMU660RA_SPI_W, dat, len);
                               IMU660RA_CS(1);
                       }
               
                       //------------------------------------------------------------------------------------------------------
             --------------
                       // әҜКэјтҪй     IMU660RA ¶БјДҙжЖч
                       // ІОКэЛөГч     reg             јДҙжЖчөШЦ·
                       // ·ө»ШІОКэ     uint8 edata           КэҫЭ
                       // К№УГКҫАэ     imu660ra_read_register(IMU660RA_CHIP_ID);
                       // ұёЧўРЕПў     ДЪІҝөчУГ
                       //------------------------------------------------------------------------------------------------------
             --------------
                       static uint8 imu660ra_read_register(uint8 reg)
                       {
                               uint8 dat[2];
                               IMU660RA_CS(0);
                               imu660ra_simspi_r_reg_bytes(reg | IMU660RA_SPI_R, dat, 2);
                               IMU660RA_CS(1);
                               return dat[1];
                       }
               
                       //------------------------------------------------------------------------------------------------------
             --------------
                       // әҜКэјтҪй     IMU660RA ¶БКэҫЭ
                       // ІОКэЛөГч     reg             јДҙжЖчөШЦ·
                       // ІОКэЛөГч     dat            КэҫЭ»әіеЗш
                       // ІОКэЛөГч     len             КэҫЭіӨ¶И
                       // ·ө»ШІОКэ     void
                       // К№УГКҫАэ     imu660ra_read_registers(IMU660RA_ACC_ADDRESS, dat, 6);
                       // ұёЧўРЕПў     ДЪІҝөчУГ
                       //------------------------------------------------------------------------------------------------------
             --------------
                       static void imu660ra_read_registers(uint8 reg, uint8 *dat, uint32 len)
                       {
                               uint16 i = 0;
                               uint8 temp_data[8];
                               IMU660RA_CS(0);
                               imu660ra_simspi_r_reg_bytes(reg | IMU660RA_SPI_R, temp_data, len + 1);
                               IMU660RA_CS(1);
                               
C251 COMPILER V5.60.0,  zf_device_imu660ra                                                 21/03/26  13:02:32  PAGE 6   

                               for(i = 0; i < len; i ++)
                               {
                                       *(dat ++) = temp_data[i + 1];
                               }
                       }
                       
               #elif (IMU660RA_USE_INTERFACE==SOFT_IIC)
               
                       static soft_iic_info_struct imu660ra_iic_struct;
                       #define imu660ra_write_register(reg, dat)        (soft_iic_write_8bit_register(&imu660ra_iic_struct, (re
             -g), (dat)))
                       #define imu660ra_write_registers(reg, dat, len)  (soft_iic_write_8bit_registers(&imu660ra_iic_struct, (r
             -eg), (dat), (len)))
                       #define imu660ra_read_register(reg)              (soft_iic_read_8bit_register(&imu660ra_iic_struct, (reg
             -)))
                       #define imu660ra_read_registers(reg, dat, len)   (soft_iic_read_8bit_registers(&imu660ra_iic_struct, (re
             -g), (dat), (len)))
               
               #endif
  304          
  305          //-------------------------------------------------------------------------------------------------------
             -------------
  306          // әҜКэјтҪй     IMU660RA ЧФјм
  307          // ІОКэЛөГч     void
  308          // ·ө»ШІОКэ     uint8           1-ЧФјмК§°Ь 0-ЧФјміЙ№Ұ
  309          // К№УГКҫАэ     imu660ra_self_check();
  310          // ұёЧўРЕПў     ДЪІҝөчУГ
  311          //-------------------------------------------------------------------------------------------------------
             -------------
  312          static uint8 imu660ra_self_check (void)
  313          {
  314   1          uint8 dat = 0, return_state = 0;
  315   1          uint16 timeout_count = 0;
  316   1          
  317   1          do
  318   1          {
  319   2              if(timeout_count ++ > IMU660RA_TIMEOUT_COUNT)
  320   2              {
  321   3                  return_state =  1;
  322   3                  break;
  323   3              }
  324   2              
  325   2              dat = imu660ra_read_register(IMU660RA_CHIP_ID);
  326   2              system_delay_ms(1);
  327   2          }
  328   1          while(0x24 != dat);                                                     // ¶БИЎЙиұёIDКЗ·сөИУЪ0X24Ј¬Из
             -№ыІ»КЗ0X24ФтИПОӘГ»јмІвөҪЙиұё
  329   1              // printf("imu660ra_self_check = 0x%X\r\n", dat);
  330   1          return return_state;
  331   1      }
  332          
  333          //-------------------------------------------------------------------------------------------------------
             -------------
  334          // әҜКэјтҪй     »сИЎ IMU660RA јУЛЩ¶ИјЖКэҫЭ
  335          // ІОКэЛөГч     void
  336          // ·ө»ШІОКэ     void
  337          // К№УГКҫАэ     imu660ra_get_acc();                                             // ЦҙРРёГәҜКэәуЈ¬ЦұҪУІйҝҙ
             -¶ФУҰөДұдБҝјҙҝЙ
  338          // ұёЧўРЕПў     К№УГ SPI өДІЙјҜКұјдОӘ69us
  339          //            К№УГ IIC өДІЙјҜКұјдОӘ126us        ІЙјҜјУЛЩ¶ИјЖөДКұјдУлІЙјҜНУВЭТЗөДКұјдТ»ЦВөДФӯТтКЗ¶јЦ»КЗ¶БИ
             -ЎјДҙжЖчКэҫЭ
  340          //-------------------------------------------------------------------------------------------------------
             -------------
  341          void imu660ra_get_acc (void)
  342          {
  343   1          uint8 dat[6];
C251 COMPILER V5.60.0,  zf_device_imu660ra                                                 21/03/26  13:02:32  PAGE 7   

  344   1          
  345   1          imu660ra_read_registers(IMU660RA_ACC_ADDRESS, dat, 6);
  346   1          imu660ra_acc_x = (int16)(((uint16)dat[1] << 8 | dat[0]));
  347   1          imu660ra_acc_y = (int16)(((uint16)dat[3] << 8 | dat[2]));
  348   1          imu660ra_acc_z = (int16)(((uint16)dat[5] << 8 | dat[4]));
  349   1      }
  350          //-------------------------------------------------------------------------------------------------------
             -------------
  351          // әҜКэјтҪй     »сИЎ IMU660RA НУВЭТЗКэҫЭ
  352          // ІОКэЛөГч     void
  353          // ·ө»ШІОКэ     void
  354          // К№УГКҫАэ     imu660ra_get_gyro();                                            // ЦҙРРёГәҜКэәуЈ¬ЦұҪУІйҝҙ
             -¶ФУҰөДұдБҝјҙҝЙ
  355          // ұёЧўРЕПў     К№УГ SPI өДІЙјҜКұјдОӘ69us
  356          //            К№УГ IIC өДІЙјҜКұјдОӘ126us
  357          //-------------------------------------------------------------------------------------------------------
             -------------
  358          void imu660ra_get_gyro (void)
  359          {
  360   1          uint8 dat[6];
  361   1          
  362   1          imu660ra_read_registers(IMU660RA_GYRO_ADDRESS, dat, 6);
  363   1          imu660ra_gyro_x = (int16)(((uint16)dat[1] << 8 | dat[0]));
  364   1          imu660ra_gyro_y = (int16)(((uint16)dat[3] << 8 | dat[2]));
  365   1          imu660ra_gyro_z = (int16)(((uint16)dat[5] << 8 | dat[4]));
  366   1      }
  367          
  368          //-------------------------------------------------------------------------------------------------------
             -------------
  369          // әҜКэјтҪй     іхКј»Ҝ IMU660RA
  370          // ІОКэЛөГч     void
  371          // ·ө»ШІОКэ     uint8           1-іхКј»ҜК§°Ь 0-іхКј»ҜіЙ№Ұ
  372          // К№УГКҫАэ     imu660ra_init();
  373          // ұёЧўРЕПў
  374          //-------------------------------------------------------------------------------------------------------
             -------------
  375          uint8 imu660ra_init (void)
  376          {
  377   1          uint8 return_state = 0;
  378   1          system_delay_ms(20);                                                        // өИҙэЙиұёЙПөзіЙ№Ұ
  379   1          
  380   1              
  381   1      #if (IMU660RA_USE_INTERFACE==HARDWARE_SPI)   
  382   1              spi_init(IMU660RA_SPI, SPI_MODE0, IMU660RA_SPI_SPEED, IMU660RA_SPC_PIN, IMU660RA_SDI_PIN, IMU660RA_SDO_P
             -IN, SPI_CS_NULL);   // ЕдЦГ IMU660RA өД SPI ¶ЛҝЪ
  383   1          gpio_init(IMU660RA_CS_PIN, GPO, GPIO_HIGH, GPO_PUSH_PULL);                  // ЕдЦГ IMU660RA өДCS¶ЛҝЪ
  384   1              imu660ra_read_register(IMU660RA_CHIP_ID);                                   // ¶БИЎТ»ПВЙиұёID Ҫ«ЙиұёЙиЦГ
             -ОӘSPIДЈКҪ
  385   1      #elif (IMU660RA_USE_INTERFACE==SOFT_SPI)
                       // Д¬ИПК№УГЛ«ПтIOЈ¬І»РиТӘіхКј»ҜЎЈ
                       // soft_spi_init (IMU660RA_SPI, SPI_MODE0, 0, IMU660RA_SPC_PIN, IMU660RA_SDI_PIN, IMU660RA_SDO_PIN, IMU6
             -60RA_CS_PIN);
                   imu660ra_read_register(IMU660RA_CHIP_ID);                                                   // ¶БИЎТ»ПВЙиұёID Ҫ«ЙиұёЙиЦГОӘSPIДЈКҪ
               #elif (IMU660RA_USE_INTERFACE==SOFT_IIC)
                       soft_iic_init(&imu660ra_iic_struct, IMU660RA_DEV_ADDR, IMU660RA_SOFT_IIC_DELAY, IMU660RA_SCL_PIN, IMU660
             -RA_SDA_PIN);        // ЕдЦГ IMU660RA өД IIC ¶ЛҝЪ
               #endif
  392   1      
  393   1          
  394   1          do
  395   1          {
  396   2              if(imu660ra_self_check())                                               // IMU660RA ЧФјм
  397   2              {
  398   3                  // Из№ыіМРтФЪКдіцБЛ¶ПСФРЕПў ІўЗТМбКҫіцҙнО»ЦГФЪХвАп
  399   3                  // ДЗГҙҫНКЗ IMU660RA ЧФјміцҙнІўі¬КұНЛіцБЛ
  400   3                  // јмІйТ»ПВҪУПЯУРГ»УРОКМв Из№ыГ»ОКМвҝЙДЬҫНКЗ»өБЛ
C251 COMPILER V5.60.0,  zf_device_imu660ra                                                 21/03/26  13:02:32  PAGE 8   

  401   3                  printf( "imu660ra self check error.\r\n");
  402   3                  return_state = 1;
  403   3                  break;
  404   3              }
  405   2              
  406   2              imu660ra_write_register(IMU660RA_PWR_CONF, 0x00);                       // №ШұХёЯј¶КЎөзДЈКҪ
  407   2              system_delay_ms(1);
  408   2              imu660ra_write_register(IMU660RA_INIT_CTRL, 0x00);                      // ҝӘКј¶ФДЈҝйҪшРРіхКј»ҜЕд
             -ЦГ
  409   2              imu660ra_write_registers(IMU660RA_INIT_DATA, imu660ra_config_file, sizeof(imu660ra_config_file));
             -   // КдіцЕдЦГОДјю
  410   2              imu660ra_write_register(IMU660RA_INIT_CTRL, 0x01);                      // іхКј»ҜЕдЦГҪбКш
  411   2              system_delay_ms(20);
  412   2              
  413   2              if(1 != imu660ra_read_register(IMU660RA_INT_STA))                       // јмІйКЗ·сЕдЦГНкіЙ
  414   2              {
  415   3                  // Из№ыіМРтФЪКдіцБЛ¶ПСФРЕПў ІўЗТМбКҫіцҙнО»ЦГФЪХвАп
  416   3                  // ДЗГҙҫНКЗ IMU660RA ЕдЦГіхКј»ҜОДјюіцҙнБЛ
  417   3                  // јмІйТ»ПВҪУПЯУРГ»УРОКМв Из№ыГ»ОКМвҝЙДЬҫНКЗ»өБЛ
  418   3                  printf( "imu660ra init error.\r\n");
  419   3                  return_state = 1;
  420   3                  break;
  421   3              }
  422   2              
  423   2              imu660ra_write_register(IMU660RA_PWR_CTRL, 0x0E);                       // ҝӘЖфРФДЬДЈКҪ  К№ДЬНУВЭ
             -ТЗЎўјУЛЩ¶ИЎўОВ¶Иҙ«ёРЖч
  424   2              imu660ra_write_register(IMU660RA_ACC_CONF, 0xA7);                       // јУЛЩ¶ИІЙјҜЕдЦГ РФДЬДЈК
             -Ҫ ХэіЈІЙјҜ 50Hz  ІЙСщЖөВК
  425   2              imu660ra_write_register(IMU660RA_GYR_CONF, 0xA9);                       // НУВЭТЗІЙјҜЕдЦГ РФДЬДЈК
             -Ҫ ХэіЈІЙјҜ 200Hz ІЙСщЖөВК
  426   2              
  427   2              // IMU660RA_ACC_SAMPLE јДҙжЖч
  428   2              // ЙиЦГОӘ 0x00 јУЛЩ¶ИјЖБҝіМОӘ ЎА2  g   »сИЎөҪөДјУЛЩ¶ИјЖКэҫЭіэТФ 16384  ҝЙТФЧӘ»ҜОӘҙшОпАнөҘО»өДКэҫЭ
             - өҘО» g(m/s^2)
  429   2              // ЙиЦГОӘ 0x01 јУЛЩ¶ИјЖБҝіМОӘ ЎА4  g   »сИЎөҪөДјУЛЩ¶ИјЖКэҫЭіэТФ 8192   ҝЙТФЧӘ»ҜОӘҙшОпАнөҘО»өДКэҫЭ
             - өҘО» g(m/s^2)
  430   2              // ЙиЦГОӘ 0x02 јУЛЩ¶ИјЖБҝіМОӘ ЎА8  g   »сИЎөҪөДјУЛЩ¶ИјЖКэҫЭіэТФ 4096   ҝЙТФЧӘ»ҜОӘҙшОпАнөҘО»өДКэҫЭ
             - өҘО» g(m/s^2)
  431   2              // ЙиЦГОӘ 0x03 јУЛЩ¶ИјЖБҝіМОӘ ЎА16 g   »сИЎөҪөДјУЛЩ¶ИјЖКэҫЭіэТФ 2048   ҝЙТФЧӘ»ҜОӘҙшОпАнөҘО»өДКэҫЭ
             - өҘО» g(m/s^2)
  432   2              switch(IMU660RA_ACC_SAMPLE_DEFAULT)
  433   2              {
  434   3                  default:
  435   3                  {
  436   4                      printf( "IMU660RA_ACC_SAMPLE_DEFAULT set error.\r\n");
  437   4                      return_state = 1;
  438   4                  }
  439   3                  break;
  440   3                  
  441   3                  case IMU660RA_ACC_SAMPLE_SGN_2G:
  442   3                  {
  443   4                      imu660ra_write_register(IMU660RA_ACC_RANGE, 0x00);
  444   4                      imu660ra_transition_factor[0] = 16384;
  445   4                  }
  446   3                  break;
  447   3                  
  448   3                  case IMU660RA_ACC_SAMPLE_SGN_4G:
  449   3                  {
  450   4                      imu660ra_write_register(IMU660RA_ACC_RANGE, 0x01);
  451   4                      imu660ra_transition_factor[0] = 8192;
  452   4                  }
  453   3                  break;
  454   3                  
  455   3                  case IMU660RA_ACC_SAMPLE_SGN_8G:
  456   3                  {
  457   4                      imu660ra_write_register(IMU660RA_ACC_RANGE, 0x02);
C251 COMPILER V5.60.0,  zf_device_imu660ra                                                 21/03/26  13:02:32  PAGE 9   

  458   4                      imu660ra_transition_factor[0] = 4096;
  459   4                  }
  460   3                  break;
  461   3                  
  462   3                  case IMU660RA_ACC_SAMPLE_SGN_16G:
  463   3                  {
  464   4                      imu660ra_write_register(IMU660RA_ACC_RANGE, 0x03);
  465   4                      imu660ra_transition_factor[0] = 2048;
  466   4                  }
  467   3                  break;
  468   3              }
  469   2              
  470   2              if(1 == return_state)
  471   2              {
  472   3                  break;
  473   3              }
  474   2              
  475   2              // IMU660RA_GYR_RANGE јДҙжЖч
  476   2              // ЙиЦГОӘ 0x04 НУВЭТЗБҝіМОӘ ЎА125  dps    »сИЎөҪөДНУВЭТЗКэҫЭіэТФ 262.4   ҝЙТФЧӘ»ҜОӘҙшОпАнөҘО»өДКэ
             -ҫЭ өҘО»ОӘ Ўг/s
  477   2              // ЙиЦГОӘ 0x03 НУВЭТЗБҝіМОӘ ЎА250  dps    »сИЎөҪөДНУВЭТЗКэҫЭіэТФ 131.2   ҝЙТФЧӘ»ҜОӘҙшОпАнөҘО»өДКэ
             -ҫЭ өҘО»ОӘ Ўг/s
  478   2              // ЙиЦГОӘ 0x02 НУВЭТЗБҝіМОӘ ЎА500  dps    »сИЎөҪөДНУВЭТЗКэҫЭіэТФ 65.6    ҝЙТФЧӘ»ҜОӘҙшОпАнөҘО»өДКэ
             -ҫЭ өҘО»ОӘ Ўг/s
  479   2              // ЙиЦГОӘ 0x01 НУВЭТЗБҝіМОӘ ЎА1000 dps    »сИЎөҪөДНУВЭТЗКэҫЭіэТФ 32.8    ҝЙТФЧӘ»ҜОӘҙшОпАнөҘО»өДКэ
             -ҫЭ өҘО»ОӘ Ўг/s
  480   2              // ЙиЦГОӘ 0x00 НУВЭТЗБҝіМОӘ ЎА2000 dps    »сИЎөҪөДНУВЭТЗКэҫЭіэТФ 16.4    ҝЙТФЧӘ»ҜОӘҙшОпАнөҘО»өДКэ
             -ҫЭ өҘО»ОӘ Ўг/s
  481   2              switch(IMU660RA_GYRO_SAMPLE_DEFAULT)
  482   2              {
  483   3                  default:
  484   3                  {
  485   4                      printf( "IMU660RA_GYRO_SAMPLE_DEFAULT set error.\r\n");
  486   4                      return_state = 1;
  487   4                  }
  488   3                  break;
  489   3                  
  490   3                  case IMU660RA_GYRO_SAMPLE_SGN_125DPS:
  491   3                  {
  492   4                      imu660ra_write_register(IMU660RA_GYR_RANGE, 0x04);
  493   4                      imu660ra_transition_factor[1] = 262.4;
  494   4                  }
  495   3                  break;
  496   3                  
  497   3                  case IMU660RA_GYRO_SAMPLE_SGN_250DPS:
  498   3                  {
  499   4                      imu660ra_write_register(IMU660RA_GYR_RANGE, 0x03);
  500   4                      imu660ra_transition_factor[1] = 131.2;
  501   4                  }
  502   3                  break;
  503   3                  
  504   3                  case IMU660RA_GYRO_SAMPLE_SGN_500DPS:
  505   3                  {
  506   4                      imu660ra_write_register(IMU660RA_GYR_RANGE, 0x02);
  507   4                      imu660ra_transition_factor[1] = 65.6;
  508   4                  }
  509   3                  break;
  510   3                  
  511   3                  case IMU660RA_GYRO_SAMPLE_SGN_1000DPS:
  512   3                  {
  513   4                      imu660ra_write_register(IMU660RA_GYR_RANGE, 0x01);
  514   4                      imu660ra_transition_factor[1] = 32.8;
  515   4                  }
  516   3                  break;
  517   3                  
  518   3                  case IMU660RA_GYRO_SAMPLE_SGN_2000DPS:
C251 COMPILER V5.60.0,  zf_device_imu660ra                                                 21/03/26  13:02:32  PAGE 10  

  519   3                  {
  520   4                      imu660ra_write_register(IMU660RA_GYR_RANGE, 0x00);
  521   4                      imu660ra_transition_factor[1] = 16.4;
  522   4                  }
  523   3                  break;
  524   3              }
  525   2              
  526   2              if(1 == return_state)
  527   2              {
  528   3                  break;
  529   3              }
  530   2          }
  531   1          while(0);
  532   1          
  533   1          return return_state;
  534   1      }
  535          
  536          


Module Information          Static   Overlayable
------------------------------------------------
  code size            =    ------     ------
  ecode size           =      1269     ------
  data size            =    ------     ------
  idata size           =    ------     ------
  pdata size           =    ------     ------
  xdata size           =        70     ------
  xdata-const size     =    ------     ------
  edata size           =    ------     ------
  bit size             =    ------     ------
  ebit size            =    ------     ------
  bitaddressable size  =    ------     ------
  ebitaddressable size =    ------     ------
  far data size        =    ------     ------
  huge data size       =    ------     ------
  const size           =    ------     ------
  hconst size          =       190     ------
End of Module Information.


C251 COMPILATION COMPLETE.  0 WARNING(S),  0 ERROR(S)
