C251 COMPILER V5.60.0,  zf_driver_adc                                                      13/01/26  21:31:31  PAGE 1   


C251 COMPILER V5.60.0, COMPILATION OF MODULE zf_driver_adc
OBJECT MODULE PLACED IN .\out_file\zf_driver_adc.obj
COMPILER INVOKED BY: D:\Keil5\C251\BIN\C251.EXE ..\..\libraries\zf_driver\zf_driver_adc.c LARGE FLOAT64 ROM(HUGE) WARNIN
                    -GLEVEL(3) OPTIMIZE(0,SIZE) BROWSE INCDIR(..\..\libraries\zf_common;..\..\libraries\zf_components;..\..\libraries\zf_devi
                    -ce;..\..\libraries\zf_driver;..\user;..\code;..\..\libraries\zf_components\stc32g_usb_lib;..\..\libraries\zf_components\
                    -seekfree_assistant) DEBUG PRINT(.\out_file\zf_driver_adc.lst) OBJECT(.\out_file\zf_driver_adc.obj) 

stmt  level    source

    1          /********************************************************************************************************
             -*************
    2          * STC32G144K Opensourec Library МДЃЈSTC32G144K ПЊдДПтЃЉЪЧвЛИіЛљгкЙйЗН SDK НгПкЕФЕкШ§ЗНПЊдДПт
    3          * Copyright (c) 2025 SEEKFREE ж№ЗЩПЦММ
    4          *
    5          * БОЮФМўЪЧSTC32G144KПЊдДПтЕФвЛВПЗж
    6          *
    7          * STC32G144K ПЊдДПт ЪЧУтЗбШэМў
    8          * ФњПЩвдИљОнздгЩШэМўЛљН№ЛсЗЂВМЕФ GPLЃЈGNU General Public LicenseЃЌМД GNUЭЈгУЙЋЙВаэПЩжЄЃЉЕФЬѕПю
    9          * МД GPL ЕФЕк3АцЃЈМД GPL3.0ЃЉЛђЃЈФњбЁдёЕФЃЉШЮКЮКѓРДЕФАцБОЃЌжиаТЗЂВМКЭ/ЛђаоИФЫќ
   10          *
   11          * БОПЊдДПтЕФЗЂВМЪЧЯЃЭћЫќФмЗЂЛгзїгУЃЌЕЋВЂЮДЖдЦфзїШЮКЮЕФБЃжЄ
   12          * ЩѕжСУЛгавўКЌЕФЪЪЯњадЛђЪЪКЯЬиЖЈгУЭОЕФБЃжЄ
   13          * ИќЖрЯИНкЧыВЮМћ GPL
   14          *
   15          * ФњгІИУдкЪеЕНБОПЊдДПтЕФЭЌЪБЪеЕНвЛЗн GPL ЕФИББО
   16          * ШчЙћУЛгаЃЌЧыВЮдФ<https://www.gnu.org/licenses/>
   17          *
   18          * ЖюЭтзЂУїЃК
   19          * БОПЊдДПтЪЙгУ GPL3.0 ПЊдДаэПЩжЄа­вщ вдЩЯаэПЩЩъУїЮЊвыЮФАцБО
   20          * аэПЩЩъУїгЂЮФАцдк libraries/doc ЮФМўМаЯТЕФ GPL3_permission_statement.txt ЮФМўжа
   21          * аэПЩжЄИББОдк libraries ЮФМўМаЯТ МДИУЮФМўМаЯТЕФ LICENSE ЮФМў
   22          * ЛЖг­ИїЮЛЪЙгУВЂДЋВЅБОГЬађ ЕЋаоИФФкШнЪББиаыБЃСєж№ЗЩПЦММЕФАцШЈЩљУїЃЈМДБОЩљУїЃЉ
   23          *
   24          * ЮФМўУћГЦ          
   25          * ЙЋЫОУћГЦ          ГЩЖМж№ЗЩПЦММгаЯоЙЋЫО
   26          * АцБОаХЯЂ          ВщПД libraries/doc ЮФМўМаФк version ЮФМў АцБОЫЕУї
   27          * ПЊЗЂЛЗОГ          MDK FOR C251
   28          * ЪЪгУЦНЬЈ          STC32G144K
   29          * ЕъЦЬСДНг          https://seekfree.taobao.com/
   30          *
   31          * аоИФМЧТМ
   32          * ШеЦк              зїеп           БИзЂ
   33          * 2025-11-20        ДѓW            first version
   34          *********************************************************************************************************
             -***********/
   35          
   36          #include "zf_common_debug.h"
   37          #include "zf_driver_adc.h"
   38          #include "zf_driver_delay.h"
   39          
   40          static uint8 adc_resolution[2] = {ADC_12BIT, ADC_12BIT};
   41          
   42          
   43          //-------------------------------------------------------------------------------------------------------
             -------------
   44          // КЏЪ§МђНщ     ADCзЊЛЛNДЮЃЌЦНОљжЕТЫВЈ
   45          // ВЮЪ§ЫЕУї     ch              бЁдёADCЭЈЕР
   46          // ВЮЪ§ЫЕУї     resolution      ЗжБцТЪ(8ЮЛ 10ЮЛ 12ЮЛ)
   47          // ВЮЪ§ЫЕУї     count           зЊЛЛДЮЪ§
   48          // ЗЕЛиВЮЪ§     void
   49          // ЪЙгУЪОР§     adc_mean_filter(ADC1_CH0_P10, 5);  //ВЩМЏA0ЖЫПкЗЕЛи8ЮЛЗжБцТЪЕФADжЕЃЌВЩМЏЮхДЮШЁЦНОљжЕ
   50          //-------------------------------------------------------------------------------------------------------
             -------------
   51          uint16 adc_mean_filter_convert (adc_channel_enum ch, const uint8 count)
   52          {
C251 COMPILER V5.60.0,  zf_driver_adc                                                      13/01/26  21:31:31  PAGE 2   

   53   1          uint8 i;
   54   1          uint32 sum;
   55   1      
   56   1              zf_assert(count);//ЖЯбдДЮЪ§ВЛФмЮЊ0
   57   1              
   58   1          sum = 0;
   59   1          for(i=0; i<count; i++)
   60   1          {
   61   2              sum += adc_convert(ch);
   62   2          }
   63   1      
   64   1          sum = sum/count;
   65   1          return sum;
   66   1      }
   67          
   68          //-------------------------------------------------------------------------------------------------------
             -------------
   69          //  @brief      ADCзЊЛЛвЛДЮ
   70          //  @param      adcn            бЁдёADCЭЈЕР
   71          //  @param      resolution      ЗжБцТЪ
   72          //  @return     void
   73          //  Sample usage:               adc_convert(ADC1_CH0_P10);
   74          //-------------------------------------------------------------------------------------------------------
             -------------
   75          uint16 adc_convert(adc_channel_enum ch)
   76          {
   77   1          uint16 adc_value = 0;
   78   1          
   79   1          if((ch >> 12 )== 0)
   80   1          {
   81   2              ADC_CONTR &= ~0x20;                         // ЧхЭъГЩБъжО
   82   2              ADC_CONTR &= (0xF0);                        // ЧхГ§ADC_CHS[3:0] ЃК ADC ФЃФтЭЈЕРбЁдёЮЛ
   83   2              ADC_CONTR |= (ch >> 8) & 0xF;   
   84   2                  
   85   2              ADC_CONTR |= 0x40;                          // ЦєЖЏ AD зЊЛЛ
   86   2                  
   87   2              while (!(ADC_CONTR & 0x20));        // ВщбЏ ADC ЭъГЩБъжО
   88   2                  
   89   2              adc_value = ADC_RES << 8;                       // ДцДЂ ADC ЕФ 12 ЮЛНсЙћЕФИп 4 ЮЛ
   90   2              adc_value |= ADC_RESL;                      // ДцДЂ ADC ЕФ 12 ЮЛНсЙћЕФЕЭ 8 ЮЛ
   91   2              
   92   2              ADC_RES = 0;
   93   2              ADC_RESL = 0;
   94   2              
   95   2              adc_value >>= adc_resolution[0];        // ШЁЖрЩйЮЛ
   96   2          }
   97   1          else if((ch >> 12) == 1)
   98   1          {
   99   2              ADC2_CONTR &= ~0x20;                        // ЧхЭъГЩБъжО
  100   2              ADC2_CONTR &= (0xF0);                       // ЧхГ§ADC_CHS[3:0] ЃК ADC ФЃФтЭЈЕРбЁдёЮЛ
  101   2              ADC2_CONTR |= (ch >> 8) & 0xF;  
  102   2                  
  103   2              ADC2_CONTR |= 0x40;                         // ЦєЖЏ AD зЊЛЛ
  104   2                  
  105   2              while (!(ADC2_CONTR & 0x20));       // ВщбЏ ADC ЭъГЩБъжО
  106   2                  
  107   2              adc_value = ADC2_RES << 8;              // ДцДЂ ADC ЕФ 12 ЮЛНсЙћЕФИп 4 ЮЛ
  108   2              adc_value |= ADC2_RESL;                     // ДцДЂ ADC ЕФ 12 ЮЛНсЙћЕФЕЭ 8 ЮЛ
  109   2              
  110   2              ADC2_RES = 0;
  111   2              ADC2_RESL = 0;
  112   2              
  113   2              adc_value >>= adc_resolution[1];        //ШЁЖрЩйЮЛ
  114   2          
  115   2          }
  116   1          
C251 COMPILER V5.60.0,  zf_driver_adc                                                      13/01/26  21:31:31  PAGE 3   

  117   1          return adc_value;
  118   1      }
  119          
  120          //-------------------------------------------------------------------------------------------------------
             -------------
  121          // КЏЪ§МђНщ     ADCГѕЪМЛЏ
  122          // ВЮЪ§ЫЕУї     ch                              ch(ПЩбЁдёЗЖЮЇгЩzf_adc.hФкadc_channel_enumУЖОйжЕШЗЖЈ)
  123          // ВЮЪ§ЫЕУї     resolution       resolution(ПЩбЁдёЗЖЮЇгЩzf_adc.hФкadc_resolution_enumУЖОйжЕШЗЖЈ)
  124          // ЗЕЛиВЮЪ§     void
  125          // ЪЙгУЪОР§     adc_init(ADC1_CH0_P10, ADC_12BIT);//ГѕЪМЛЏP10в§НХЮЊADCЙІФмЃЌ12ЮЛЗжБцТЪ
  126          //-------------------------------------------------------------------------------------------------------
             -------------
  127          void adc_init(adc_channel_enum ch, adc_resolution_enum resolution)
  128          {
  129   1          gpio_init(ch & 0xFF, GPI, 1, GPI_ANALOG);
  130   1      
  131   1          if((ch >> 12) == 0)
  132   1          {
  133   2      
  134   2              ADC_CONTR &= (0xF0);                            // ЧхГ§ADC_CHS[3:0] ЃК ADC ФЃФтЭЈЕРбЁдёЮЛ
  135   2              ADC_CONTR |= (ch >> 8) & 0xF;
  136   2              
  137   2              ADCCFG |= ADC_SYSclk_DIV_32;            // ADCЪБжгЦЕТЪSYSclk/16&0x0F;
  138   2              ADCCFG |= 1 << 5;                                           // зЊЛЛНсЙћгвЖдЦыЁЃ ADC_RES БЃДцНсЙћЕФИп 2 ЮЛЃЌ ADC_RESL БЃДцНсЙћЕФЕЭ 8
             - ЮЛЁЃ
  139   2              
  140   2              adc_resolution[0] = resolution;         // МЧТМADCОЋЖШ НЋдкВЩМЏЪБЪЙгУ
  141   2              
  142   2              ADC_CONTR |= 1 << 7;                                // ДђПЊ ADC ЕчдД
  143   2          }
  144   1          else if((ch >> 12) == 1)
  145   1          {
  146   2      
  147   2              ADC2_CONTR &= (0xF0);                           // ЧхГ§ADC_CHS[3:0] ЃК ADC ФЃФтЭЈЕРбЁдёЮЛ
  148   2              ADC2_CONTR |= (ch >> 8) & 0xF;
  149   2              
  150   2              ADC2CFG |= ADC_SYSclk_DIV_32;           // ADCЪБжгЦЕТЪSYSclk/16&0x0F;
  151   2              ADC2CFG |= 1 << 5;                                  // зЊЛЛНсЙћгвЖдЦыЁЃ ADC_RES БЃДцНсЙћЕФИп 2 ЮЛЃЌ ADC_RESL БЃДцНсЙ
             -ћЕФЕЭ 8 ЮЛЁЃ
  152   2              
  153   2              adc_resolution[1] = resolution;         // МЧТМADCОЋЖШ НЋдкВЩМЏЪБЪЙгУ
  154   2      
  155   2              ADC2_CONTR |= 1 << 7;                               // ДђПЊ ADC ЕчдД
  156   2          }
  157   1          system_delay_ms(1);
  158   1      }


Module Information          Static   Overlayable
------------------------------------------------
  code size            =    ------     ------
  ecode size           =       760     ------
  data size            =    ------     ------
  idata size           =    ------     ------
  pdata size           =    ------     ------
  xdata size           =        18     ------
  xdata-const size     =    ------     ------
  edata size           =    ------     ------
  bit size             =    ------     ------
  ebit size            =    ------     ------
  bitaddressable size  =    ------     ------
  ebitaddressable size =    ------     ------
  far data size        =    ------     ------
  huge data size       =    ------     ------
  const size           =    ------     ------
  hconst size          =        49     ------
End of Module Information.

C251 COMPILER V5.60.0,  zf_driver_adc                                                      13/01/26  21:31:31  PAGE 4   


C251 COMPILATION COMPLETE.  0 WARNING(S),  0 ERROR(S)
