C251 COMPILER V5.60.0,  zf_device_ips200                                                   21/03/26  13:02:31  PAGE 1   


C251 COMPILER V5.60.0, COMPILATION OF MODULE zf_device_ips200
OBJECT MODULE PLACED IN .\out_file\zf_device_ips200.obj
COMPILER INVOKED BY: D:\Keil5\C251\BIN\C251.EXE ..\..\libraries\zf_device\zf_device_ips200.c LARGE FLOAT64 ROM(HUGE) WAR
                    -NINGLEVEL(3) OPTIMIZE(0,SIZE) BROWSE INCDIR(..\..\libraries\zf_common;..\..\libraries\zf_components;..\..\libraries\zf_d
                    -evice;..\..\libraries\zf_driver;..\user;..\code;..\..\libraries\zf_components\stc32g_usb_lib;..\..\libraries\zf_componen
                    -ts\seekfree_assistant) DEBUG PRINT(.\out_file\zf_device_ips200.lst) OBJECT(.\out_file\zf_device_ips200.obj) 

stmt  level    source

    1          /********************************************************************************************************
             -*************
    2          * STC32G Opensourec Library МДЃЈSTC32G ПЊдДПтЃЉЪЧвЛИіЛљгкЙйЗН SDK НгПкЕФЕкШ§ЗНПЊдДПт
    3          * Copyright (c) 2025 SEEKFREE ж№ЗЩПЦММ
    4          *
    5          * БОЮФМўЪЧSTC32G144KПЊдДПтЕФвЛВПЗж
    6          *
    7          * STC32G ПЊдДПт ЪЧУтЗбШэМў
    8          * ФњПЩвдИљОнздгЩШэМўЛљН№ЛсЗЂВМЕФ GPLЃЈGNU General Public LicenseЃЌМД GNUЭЈгУЙЋЙВаэПЩжЄЃЉЕФЬѕПю
    9          * МД GPL ЕФЕк3АцЃЈМД GPL3.0ЃЉЛђЃЈФњбЁдёЕФЃЉШЮКЮКѓРДЕФАцБОЃЌжиаТЗЂВМКЭ/ЛђаоИФЫќ
   10          *
   11          * БОПЊдДПтЕФЗЂВМЪЧЯЃЭћЫќФмЗЂЛгзїгУЃЌЕЋВЂЮДЖдЦфзїШЮКЮЕФБЃжЄ
   12          * ЩѕжСУЛгавўКЌЕФЪЪЯњадЛђЪЪКЯЬиЖЈгУЭОЕФБЃжЄ
   13          * ИќЖрЯИНкЧыВЮМћ GPL
   14          *
   15          * ФњгІИУдкЪеЕНБОПЊдДПтЕФЭЌЪБЪеЕНвЛЗн GPL ЕФИББО
   16          * ШчЙћУЛгаЃЌЧыВЮдФ<https://www.gnu.org/licenses/>
   17          *
   18          * ЖюЭтзЂУїЃК
   19          * БОПЊдДПтЪЙгУ GPL3.0 ПЊдДаэПЩжЄа­вщ вдЩЯаэПЩЩъУїЮЊвыЮФАцБО
   20          * аэПЩЩъУїгЂЮФАцдк libraries/doc ЮФМўМаЯТЕФ GPL3_permission_statement.txt ЮФМўжа
   21          * аэПЩжЄИББОдк libraries ЮФМўМаЯТ МДИУЮФМўМаЯТЕФ LICENSE ЮФМў
   22          * ЛЖг­ИїЮЛЪЙгУВЂДЋВЅБОГЬађ ЕЋаоИФФкШнЪББиаыБЃСєж№ЗЩПЦММЕФАцШЈЩљУїЃЈМДБОЩљУїЃЉ
   23          *
   24          * ЮФМўУћГЦ          
   25          * ЙЋЫОУћГЦ          ГЩЖМж№ЗЩПЦММгаЯоЙЋЫО
   26          * АцБОаХЯЂ          ВщПД libraries/doc ЮФМўМаФк version ЮФМў АцБОЫЕУї
   27          * ПЊЗЂЛЗОГ          MDK FOR C251
   28          * ЪЪгУЦНЬЈ          STC32G144K
   29          * ЕъЦЬСДНг          https://seekfree.taobao.com/
   30          *
   31          * аоИФМЧТМ
   32          * ШеЦк              зїеп           БИзЂ
   33          * 2024-08-01        ДѓW            first version
   34          *********************************************************************************************************
             -***********/
   35          /********************************************************************************************************
             -*************
   36          * НгЯпЖЈвхЃК
   37          *                   ------------------------------------
   38          *                   ФЃПщЙмНХ             ЕЅЦЌЛњЙмНХ
   39          *                   SCL                  ВщПД zf_device_ips200.h жа IPS200_SCL_PIN КъЖЈвх
   40          *                   SDA                  ВщПД zf_device_ips200.h жа IPS200_SDA_PIN КъЖЈвх
   41          *                   RST                  ВщПД zf_device_ips200.h жа IPS200_RST_PIN КъЖЈвх
   42          *                   DC                   ВщПД zf_device_ips200.h жа IPS200_DC_PIN  КъЖЈвх
   43          *                   CS                   ВщПД zf_device_ips200.h жа IPS200_CS_PIN  КъЖЈвх
   44          *                   BLK                  ВщПД zf_device_ips200.h жа IPS200_BLK_PIN КъЖЈвх
   45          *                   VCC                 3.3VЕчдД
   46          *                   GND                 ЕчдДЕи
   47          *                   зюДѓЗжБцТЪ 135 * 240
   48          *                   ------------------------------------
   49          *********************************************************************************************************
             -***********/
   50          
   51          #include "zf_common_clock.h"
   52          #include "zf_common_debug.h"
C251 COMPILER V5.60.0,  zf_device_ips200                                                   21/03/26  13:02:31  PAGE 2   

   53          #include "zf_common_font.h"
   54          #include "zf_common_function.h"
   55          #include "zf_driver_delay.h"
   56          #include "zf_driver_spi.h"
   57          
   58          #include "zf_device_ips200.h"
   59          
   60          #define IPS_LEN   240
   61          #define IPS_WIGHT 320
   62          
   63          uint16 ips200_pencolor = IPS200_DEFAULT_PENCOLOR;
   64          uint16 ips200_bgcolor = IPS200_DEFAULT_BGCOLOR;
   65          
   66          ips200_dir_enum ips200_display_dir = IPS200_DEFAULT_DISPLAY_DIR;
   67          uint16 ips200_x_max = IPS_LEN;
   68          uint16 ips200_y_max = IPS_WIGHT;
   69          
   70          #if (IPS200_USE_INTERFACE==SOFT_SPI) 
                       static soft_spi_info_struct            ips200_spi;
                       #define ips200_write_8bit_data(dat)    soft_spi_write_8bit(&ips200_spi, dat)
                       #define ips200_write_16bit_data(dat)   soft_spi_write_16bit(&ips200_spi, dat)
               #elif (IPS200_USE_INTERFACE==HARDWARE_SPI)
   75                  #define ips200_write_8bit_data(dat)                  spi_dma_write_8bit(IPS200_SPI, dat)
   76                  #define ips200_write_16bit_data(dat)                 spi_dma_write_16bit(IPS200_SPI, dat)
   77              #define ips200_write_16bit_data_array(dat, len)      spi_dma_write_16bit_array(IPS200_SPI, dat, len)
   78          
   79          #endif
   80          
   81          //-------------------------------------------------------------------------------------------------------
             -------------
   82          // КЏЪ§МђНщ       аДУќСю ФкВПЕїгУ
   83          // @note        ФкВПЕїгУ гУЛЇЮоашЙиаФ
   84          //-------------------------------------------------------------------------------------------------------
             -------------
   85          static void ips200_write_index (uint8 dat)
   86          {
   87   1          IPS200_CS(1);
   88   1          IPS200_CS(0);
   89   1          IPS200_DC(0);
   90   1          ips200_write_8bit_data(dat);
   91   1          IPS200_DC(1);
   92   1          IPS200_CS(1);
   93   1          IPS200_CS(0);
   94   1      }
   95          
   96          //-------------------------------------------------------------------------------------------------------
             -------------
   97          // КЏЪ§МђНщ       ЩшжУЯдЪОЧјгђ ФкВПЕїгУ
   98          // ВЮЪ§ЫЕУї       x1              Ц№ЪМxжсзјБъ
   99          // ВЮЪ§ЫЕУї       y1              Ц№ЪМyжсзјБъ
  100          // ВЮЪ§ЫЕУї       x2              НсЪјxжсзјБъ
  101          // ВЮЪ§ЫЕУї       y2              НсЪјyжсзјБъ
  102          // ЗЕЛиВЮЪ§      void
  103          // @note        ФкВПЕїгУ гУЛЇЮоашЙиаФ
  104          //-------------------------------------------------------------------------------------------------------
             -------------
  105          static void ips200_set_region (uint16 x1, uint16 y1, uint16 x2, uint16 y2)
  106          {
  107   1          zf_assert(x1 < ips200_x_max);
  108   1          zf_assert(y1 < ips200_y_max);
  109   1          zf_assert(x2 < ips200_x_max);
  110   1          zf_assert(y2 < ips200_y_max);
  111   1      
  112   1      
  113   1              ips200_write_index(0x2a);                                               // СаЕижЗЩшжУ
  114   1              ips200_write_16bit_data(x1);
C251 COMPILER V5.60.0,  zf_device_ips200                                                   21/03/26  13:02:31  PAGE 3   

  115   1              ips200_write_16bit_data(x2);
  116   1              ips200_write_index(0x2b);                                               // ааЕижЗЩшжУ
  117   1              ips200_write_16bit_data(y1);
  118   1              ips200_write_16bit_data(y2);
  119   1              ips200_write_index(0x2c);                                               // ДЂДцЦїаД
  120   1      
  121   1      }
  122          
  123          //-------------------------------------------------------------------------------------------------------
             -------------
  124          // КЏЪ§МђНщ       вКОЇЧхЦСКЏЪ§
  125          // ВЮЪ§ЫЕУї       color           беЩЋИёЪН RGB565 ЛђепПЩвдЪЙгУ zf_common_font.h ФкГЃгУбеЩЋКъЖЈвх
  126          // ЗЕЛиВЮЪ§      void
  127          // ЪЙгУЪОР§                ips200_clear(YELLOW);
  128          //-------------------------------------------------------------------------------------------------------
             -------------
  129          void ips200_clear (uint16 color)
  130          {
  131   1          uint16 i;
  132   1          uint16 tmp[IPS_LEN];
  133   1          ips200_set_region(0, 0, ips200_x_max - 1, ips200_y_max - 1);
  134   1              
  135   1          for(i = 0; i < IPS_LEN; i ++)
  136   1          {
  137   2              tmp[i] = color;
  138   2          }
  139   1      
  140   1              for(i = 0; i < IPS_WIGHT; i ++)
  141   1          {
  142   2              ips200_write_16bit_data_array(tmp, IPS_LEN);
  143   2          }
  144   1      
  145   1      }
  146          
  147          //-------------------------------------------------------------------------------------------------------
             -------------
  148          // КЏЪ§МђНщ       ЩшжУЯдЪОЗНЯђ етИіКЏЪ§жЛгадкГѕЪМЛЏЦСФЛжЎЧАЕїгУВХЩњаЇ
  149          // ВЮЪ§ЫЕУї       dir             ЯдЪОЗНЯђ  ВЮее zf_device_ips200.h Фк ips200_dir_enum УЖОйЬхЖЈвх
  150          // ЗЕЛиВЮЪ§       void
  151          // ЪЙгУЪОР§                ips200_set_dir(IPS200_CROSSWISE);
  152          //-------------------------------------------------------------------------------------------------------
             -------------
  153          void ips200_set_dir (ips200_dir_enum dir)
  154          {
  155   1          ips200_display_dir = dir;
  156   1      //    if(dir < 2)
  157   1      //    {
  158   1      //        ips200_x_max = IPS_WIGHT;
  159   1      //        ips200_y_max = IPS_LEN;
  160   1      //    }
  161   1      //    else
  162   1      //    {
  163   1      //        ips200_x_max = IPS_LEN;
  164   1      //        ips200_y_max = IPS_WIGHT;
  165   1      //    }
  166   1      }
  167          
  168          //-------------------------------------------------------------------------------------------------------
             -------------
  169          // КЏЪ§МђНщ       ЩшжУЯдЪОбеЩЋ
  170          // ВЮЪ§ЫЕУї       pen             беЩЋИёЪН RGB565 ЛђепПЩвдЪЙгУ zf_common_font.h ФкГЃгУбеЩЋКъЖЈвх
  171          // ВЮЪ§ЫЕУї       bgcolor         беЩЋИёЪН RGB565 ЛђепПЩвдЪЙгУ zf_common_font.h ФкГЃгУбеЩЋКъЖЈвх
  172          // ЗЕЛиВЮЪ§       void
  173          // ЪЙгУЪОР§                ips200_set_color(WHITE,BLACK);
  174          //-------------------------------------------------------------------------------------------------------
             -------------
C251 COMPILER V5.60.0,  zf_device_ips200                                                   21/03/26  13:02:31  PAGE 4   

  175          void ips200_set_color (uint16 pen, uint16 bgcolor)
  176          {
  177   1          ips200_pencolor = pen;
  178   1          ips200_bgcolor = bgcolor;
  179   1      }
  180          
  181          //-------------------------------------------------------------------------------------------------------
             -------------
  182          // КЏЪ§МђНщ       вКОЇЛ­Еу
  183          // ВЮЪ§ЫЕУї       x               зјБъxЗНЯђЕФЦ№Еу ВЮЪ§ЗЖЮЇ [0, ips200_x_max-1]
  184          // ВЮЪ§ЫЕУї       y               зјБъyЗНЯђЕФЦ№Еу ВЮЪ§ЗЖЮЇ [0, ips200_y_max-1]
  185          // ВЮЪ§ЫЕУї       dat             ашвЊЯдЪОЕФбеЩЋ
  186          // ЗЕЛиВЮЪ§       void
  187          // ЪЙгУЪОР§                ips200_draw_point(0,0,RED);                     // зјБъ 0,0 Л­вЛИіКьЩЋЕФЕу
  188          //-------------------------------------------------------------------------------------------------------
             -------------
  189          void ips200_draw_point (uint16 x,uint16 y,uint16 color)
  190          {
  191   1          zf_assert(x < ips200_x_max);
  192   1          zf_assert(y < ips200_y_max);
  193   1      
  194   1          ips200_set_region(x,y,x,y);
  195   1          ips200_write_16bit_data(color);
  196   1      }
  197          
  198          //-------------------------------------------------------------------------------------------------------
             -------------
  199          // КЏЪ§МђНщ       вКОЇЯдЪОзжЗћ
  200          // ВЮЪ§ЫЕУї       x               зјБъxЗНЯђЕФЦ№Еу ВЮЪ§ЗЖЮЇ [0, ips200_x_max-1]
  201          // ВЮЪ§ЫЕУї       y               зјБъyЗНЯђЕФЦ№Еу ВЮЪ§ЗЖЮЇ [0, ips200_y_max-1]
  202          // ВЮЪ§ЫЕУї       dat             ашвЊЯдЪОЕФзжЗћ
  203          // ЗЕЛиВЮЪ§       void
  204          // ЪЙгУЪОР§                ips200_show_char(0,0,'x');                      // зјБъ 0,0 аДвЛИізжЗћ x
  205          //-------------------------------------------------------------------------------------------------------
             -------------
  206          void ips200_show_char (uint16 x,uint16 y,const char dat)
  207          {
  208   1              uint8 i,j;
  209   1          uint8 temp;
  210   1              
  211   1          zf_assert(x < ips200_x_max);
  212   1          zf_assert(y < ips200_y_max);
  213   1      
  214   1          for(i=0; i<16; i++)
  215   1          {
  216   2              ips200_set_region(x,y+i,x+7,y+i);
  217   2              temp = ascii_font_8x16[dat-32][i];                                            //Мѕ 32 вђЮЊЪЧШЁФЃЪ
             -ЧДгПеИёПЊЪМШЁЕУ ПеИёдк ascii жаађКХЪЧ 32
  218   2              for(j=0; j<8; j++)
  219   2              {
  220   3                  if(temp&0x01)   
  221   3                      ips200_write_16bit_data(ips200_pencolor);
  222   3                  else
  223   3                      ips200_write_16bit_data(ips200_bgcolor);
  224   3                  temp>>=1;
  225   3              }
  226   2          }
  227   1      }
  228          
  229          //-------------------------------------------------------------------------------------------------------
             -------------
  230          // КЏЪ§МђНщ       вКОЇЯдЪОзжЗћДЎ
  231          // ВЮЪ§ЫЕУї       x               зјБъxЗНЯђЕФЦ№Еу ВЮЪ§ЗЖЮЇ [0, ips200_x_max-1]
  232          // ВЮЪ§ЫЕУї       y               зјБъyЗНЯђЕФЦ№Еу ВЮЪ§ЗЖЮЇ [0, ips200_y_max-1]
  233          // ВЮЪ§ЫЕУї       dat             ашвЊЯдЪОЕФзжЗћДЎ
  234          // ЗЕЛиВЮЪ§       void
C251 COMPILER V5.60.0,  zf_device_ips200                                                   21/03/26  13:02:31  PAGE 5   

  235          // ЪЙгУЪОР§                ips200_show_string(0,0,"seekfree");
  236          //-------------------------------------------------------------------------------------------------------
             -------------
  237          void ips200_show_string (uint16 x,uint16 y,const char dat[])
  238          {
  239   1              uint16 j = 0;
  240   1              
  241   1          zf_assert(x < ips200_x_max);
  242   1          zf_assert(y < ips200_y_max);
  243   1      
  244   1          while(dat[j] != '\0')
  245   1          {
  246   2              ips200_show_char(x+8*j,y,dat[j]);
  247   2              j++;
  248   2          }
  249   1      }
  250          
  251          //-------------------------------------------------------------------------------------------------------
             -------------
  252          //  @brief      вКОЇЯдЪО8ЮЛгаЗћКХ
  253          // ВЮЪ§ЫЕУї       x               зјБъxЗНЯђЕФЦ№Еу ВЮЪ§ЗЖЮЇ [0, ips200_x_max-1]
  254          // ВЮЪ§ЫЕУї       y               зјБъyЗНЯђЕФЦ№Еу ВЮЪ§ЗЖЮЇ [0, ips200_y_max-1]
  255          //  @param       dat             ашвЊЯдЪОЕФБфСПЃЌЪ§ОнРраЭint8
  256          //  @return      void
  257          //  Sample usage:               ips200_show_int8(0,0,x);                        // xЮЊ int8 РраЭ
  258          //-------------------------------------------------------------------------------------------------------
             -------------
  259          void ips200_show_int8(uint16 x,uint16 y,int8 dat)
  260          {
  261   1              uint8 a[3];
  262   1          uint8 i;
  263   1              
  264   1          zf_assert(x < ips200_x_max);
  265   1          zf_assert(y < ips200_y_max);
  266   1      
  267   1          if(dat<0)
  268   1          {
  269   2              ips200_show_char(x,y,'-');
  270   2              dat = -dat;
  271   2          }
  272   1          else
  273   1              ips200_show_char(x,y,' ');
  274   1          
  275   1          a[0] = dat/100;
  276   1          a[1] = dat/10%10;
  277   1          a[2] = dat%10;
  278   1          i = 0;
  279   1          while(i<3)
  280   1          {
  281   2              ips200_show_char(x+(8*(i+1)),y,(uint8)('0' + a[i]));
  282   2              i++;
  283   2          }
  284   1      }
  285          
  286          //-------------------------------------------------------------------------------------------------------
             -------------
  287          // КЏЪ§МђНщ       вКОЇЯдЪО8ЮЛЮоЗћКХ
  288          // ВЮЪ§ЫЕУї       x               зјБъxЗНЯђЕФЦ№Еу ВЮЪ§ЗЖЮЇ [0, ips200_x_max-1]
  289          // ВЮЪ§ЫЕУї       y               зјБъyЗНЯђЕФЦ№Еу ВЮЪ§ЗЖЮЇ [0, ips200_y_max-1]
  290          // ВЮЪ§ЫЕУї       dat             ашвЊЯдЪОЕФБфСП Ъ§ОнРраЭuint8
  291          // ЗЕЛиВЮЪ§       void
  292          // ЪЙгУЪОР§                ips200_show_uint8(0,0,x);                       // x ЮЊ uint8 РраЭ
  293          //-------------------------------------------------------------------------------------------------------
             -------------
  294          void ips200_show_uint8(uint16 x,uint16 y,uint8 dat)
  295          {
C251 COMPILER V5.60.0,  zf_device_ips200                                                   21/03/26  13:02:31  PAGE 6   

  296   1              
  297   1          uint8 a[3];
  298   1          uint8 i;
  299   1              
  300   1          zf_assert(x < ips200_x_max);
  301   1          zf_assert(y < ips200_y_max);
  302   1      
  303   1          a[0] = dat/100;
  304   1          a[1] = dat/10%10;
  305   1          a[2] = dat%10;
  306   1          i = 0;
  307   1          while(i<3)
  308   1          {
  309   2              ips200_show_char(x+(8*i),y,(uint8)('0' + a[i]));
  310   2              i++;
  311   2          }
  312   1          
  313   1      }
  314          
  315          //-------------------------------------------------------------------------------------------------------
             -------------
  316          // КЏЪ§МђНщ       вКОЇЯдЪО16ЮЛгаЗћКХ
  317          // ВЮЪ§ЫЕУї       x               зјБъxЗНЯђЕФЦ№Еу ВЮЪ§ЗЖЮЇ [0, ips200_x_max-1]
  318          // ВЮЪ§ЫЕУї       y               зјБъyЗНЯђЕФЦ№Еу ВЮЪ§ЗЖЮЇ [0, ips200_y_max-1]
  319          // ВЮЪ§ЫЕУї       dat             ашвЊЯдЪОЕФБфСП Ъ§ОнРраЭint16
  320          // ЗЕЛиВЮЪ§       void
  321          // ЪЙгУЪОР§                ips200_show_int16(0,0,x);                       // x ЮЊ int16 РраЭ
  322          //-------------------------------------------------------------------------------------------------------
             -------------
  323          void ips200_show_int16(uint16 x,uint16 y,int16 dat)
  324          {
  325   1              uint8 a[5];
  326   1          uint8 i;
  327   1      
  328   1          zf_assert(x < ips200_x_max);
  329   1          zf_assert(y < ips200_y_max);
  330   1      
  331   1          if(dat<0)
  332   1          {
  333   2              ips200_show_char(x,y,'-');
  334   2              dat = -dat;
  335   2          }
  336   1          else    ips200_show_char(x,y,' ');
  337   1      
  338   1          a[0] = dat/10000;
  339   1          a[1] = dat/1000%10;
  340   1          a[2] = dat/100%10;
  341   1          a[3] = dat/10%10;
  342   1          a[4] = dat%10;
  343   1          
  344   1          i = 0;
  345   1          while(i<5)
  346   1          {
  347   2              ips200_show_char(x+(8*(i+1)),y,(uint8)('0' + a[i]));
  348   2              i++;
  349   2          }
  350   1      }
  351          
  352          //-------------------------------------------------------------------------------------------------------
             -------------
  353          // КЏЪ§МђНщ       вКОЇЯдЪО16ЮЛЮоЗћКХ
  354          // ВЮЪ§ЫЕУї       x               зјБъxЗНЯђЕФЦ№Еу ВЮЪ§ЗЖЮЇ [0, ips200_x_max-1]
  355          // ВЮЪ§ЫЕУї       y               зјБъyЗНЯђЕФЦ№Еу ВЮЪ§ЗЖЮЇ [0, ips200_y_max-1]
  356          // ВЮЪ§ЫЕУї       dat             ашвЊЯдЪОЕФБфСПЃЌЪ§ОнРраЭuint16
  357          // ЗЕЛиВЮЪ§       void
  358          // ЪЙгУЪОР§                ips200_show_uint16(0,0,x);                      // x ЮЊ uint16 РраЭ
C251 COMPILER V5.60.0,  zf_device_ips200                                                   21/03/26  13:02:31  PAGE 7   

  359          //-------------------------------------------------------------------------------------------------------
             -------------
  360          void ips200_show_uint16(uint16 x,uint16 y,uint16 dat)
  361          {
  362   1          uint8 a[5];
  363   1          uint8 i;
  364   1              
  365   1          zf_assert(x < ips200_x_max);
  366   1          zf_assert(y < ips200_y_max);
  367   1              
  368   1          a[0] = dat/10000;
  369   1          a[1] = dat/1000%10;
  370   1          a[2] = dat/100%10;
  371   1          a[3] = dat/10%10;
  372   1          a[4] = dat%10;
  373   1          
  374   1          i = 0;
  375   1          while(i<5)
  376   1          {
  377   2              ips200_show_char(x+(8*i),y,(uint8)('0' + a[i]));
  378   2              i++;
  379   2          }
  380   1      }
  381          
  382          //-------------------------------------------------------------------------------------------------------
             -------------
  383          // КЏЪ§МђНщ       вКОЇЯдЪО32ЮЛгаЗћКХ(ШЅГ§ећЪ§ВПЗжЮоаЇЕФ0)
  384          // ВЮЪ§ЫЕУї       x               зјБъxЗНЯђЕФЦ№Еу ВЮЪ§ЗЖЮЇ [0, ips200_x_max-1]
  385          // ВЮЪ§ЫЕУї       y               зјБъyЗНЯђЕФЦ№Еу ВЮЪ§ЗЖЮЇ [0, ips200_y_max-1]
  386          // ВЮЪ§ЫЕУї       dat             ашвЊЯдЪОЕФБфСПЃЌЪ§ОнРраЭuint32
  387          // ВЮЪ§ЫЕУї       num             ашвЊЯдЪОЕФЮЛЪ§ зюИп10ЮЛ  ВЛАќКЌе§ИККХ
  388          // ЗЕЛиВЮЪ§       void
  389          // ЪЙгУЪОР§                ips200_showuint32(0,0,x,3);                     // x ПЩвдЮЊ int32 uint16 int16
             - uint8 int8 РраЭ
  390          // note:                        ИКЪ§ЛсЯдЪОвЛИі ЁЎ-ЁЏКХ   е§Ъ§ЯдЪОвЛИіПеИё
  391          //-------------------------------------------------------------------------------------------------------
             -------------
  392          void ips200_show_int32(uint16 x,uint16 y,int32 dat,uint8 num)
  393          {
  394   1          int8    buff[34];
  395   1          uint8   length;
  396   1              
  397   1          zf_assert(x < ips200_x_max);
  398   1          zf_assert(y < ips200_y_max);
  399   1              
  400   1          if(10<num)      num = 10;
  401   1          
  402   1          num++;
  403   1          if(0>dat)   length = zf_sprintf( &buff[0],(const int8 *)"%d",dat);        // ИКЪ§
  404   1          else
  405   1          {
  406   2              buff[0] = ' ';
  407   2              length = zf_sprintf( &buff[1],(const int8 *)"%d",dat);
  408   2              length++;
  409   2          }
  410   1          while(length < num)
  411   1          {
  412   2              buff[length] = ' ';
  413   2              length++;
  414   2          }
  415   1          buff[num] = '\0';
  416   1      
  417   1          ips200_show_string(x, y, (const char *)buff);                               // ЯдЪОЪ§зж
  418   1      }
  419          
  420          //-------------------------------------------------------------------------------------------------------
C251 COMPILER V5.60.0,  zf_device_ips200                                                   21/03/26  13:02:31  PAGE 8   

             -------------
  421          // КЏЪ§МђНщ       вКОЇЯдЪОИЁЕуЪ§(ШЅГ§ећЪ§ВПЗжЮоаЇЕФ0)
  422          // ВЮЪ§ЫЕУї       x               зјБъxЗНЯђЕФЦ№Еу ВЮЪ§ЗЖЮЇ [0, ips200_x_max-1]
  423          // ВЮЪ§ЫЕУї       y               зјБъyЗНЯђЕФЦ№Еу ВЮЪ§ЗЖЮЇ [0, ips200_y_max-1]
  424          // ВЮЪ§ЫЕУї       dat             ашвЊЯдЪОЕФБфСПЃЌЪ§ОнРраЭfloatЛђdouble
  425          // ВЮЪ§ЫЕУї       num             ећЪ§ЮЛЯдЪОГЄЖШ   зюИп10ЮЛ
  426          // ВЮЪ§ЫЕУї       pointnum        аЁЪ§ЮЛЯдЪОГЄЖШ   зюИп6ЮЛ
  427          // ЗЕЛиВЮЪ§       void
  428          // ЪЙгУЪОР§                ips200_showfloat(0,0,x,2,3);                    // ЯдЪОИЁЕуЪ§   ећЪ§ЯдЪО2ЮЛ   
             -аЁЪ§ЯдЪОШ§ЮЛ
  429          // @note                        ЬиБ№зЂвтЕБЗЂЯжаЁЪ§ВПЗжЯдЪОЕФжЕгыФуаДШыЕФжЕВЛвЛбљЕФЪБКђЃЌ
  430          //                              ПЩФмЪЧгЩгкИЁЕуЪ§ОЋЖШЖЊЪЇЮЪЬтЕМжТЕФЃЌетВЂВЛЪЧЯдЪОКЏЪ§ЕФЮЪЬтЃЌ
  431          //                              гаЙиЮЪЬтЕФЯъЧщЃЌЧыздааАйЖШбЇЯА   ИЁЕуЪ§ОЋЖШЖЊЪЇЮЪЬтЁЃ
  432          //                              ИКЪ§ЛсЯдЪОвЛИі ЁЎ-ЁЏКХ   е§Ъ§ЯдЪОвЛИіПеИё
  433          //-------------------------------------------------------------------------------------------------------
             -------------
  434          void ips200_show_float(uint16 x,uint16 y,double dat,uint8 num,uint8 pointnum)
  435          {
  436   1          uint8   length;
  437   1          int8    buff[34];
  438   1          int8    start,end,point;
  439   1              
  440   1          zf_assert(x < ips200_x_max);
  441   1          zf_assert(y < ips200_y_max);
  442   1      
  443   1          if(6<pointnum)  pointnum = 6;
  444   1          if(10<num)      num = 10;
  445   1              
  446   1          if(0>dat)   length = zf_sprintf( &buff[0],(const int8 *)"%f",dat);        // ИКЪ§
  447   1          else
  448   1          {
  449   2              length = zf_sprintf( &buff[1],(const int8 *)"%f",dat);
  450   2              length++;
  451   2          }
  452   1          point = length - 7;                                                         // МЦЫуаЁЪ§ЕуЮЛжУ
  453   1          start = point - num - 1;                                                    // МЦЫуЦ№ЪМЮЛ
  454   1          end = point + pointnum + 1;                                                 // МЦЫуНсЪјЮЛ
  455   1          while(0>start)                                                              // ећЪ§ЮЛВЛЙЛ  ФЉЮВгІИУЬю
             -ГфПеИё
  456   1          {
  457   2              buff[end] = ' ';
  458   2              end++;
  459   2              start++;
  460   2          }
  461   1          
  462   1          if(0>dat)   buff[start] = '-';
  463   1          else        buff[start] = ' ';
  464   1          
  465   1          buff[end] = '\0';
  466   1      
  467   1          ips200_show_string(x, y, (const char *)buff);                               // ЯдЪОЪ§зж
  468   1      }
  469          
  470          
  471          //-------------------------------------------------------------------------------------------------------
             -------------
  472          // КЏЪ§МђНщ       IPS200 ЯдЪОВЈаЮ
  473          // ВЮЪ§ЫЕУї       x               зјБъxЗНЯђЕФЦ№Еу ВЮЪ§ЗЖЮЇ [0, ips200_x_max-1]
  474          // ВЮЪ§ЫЕУї       y               зјБъyЗНЯђЕФЦ№Еу ВЮЪ§ЗЖЮЇ [0, ips200_y_max-1]
  475          // ВЮЪ§ЫЕУї       *p              ВЈаЮЪ§зщжИеы
  476          // ВЮЪ§ЫЕУї       width           ВЈаЮЪЕМЪПэЖШ
  477          // ВЮЪ§ЫЕУї       value_max       ВЈаЮЪЕМЪзюДѓжЕ
  478          // ВЮЪ§ЫЕУї       dis_width       ВЈаЮЯдЪОПэЖШ ВЮЪ§ЗЖЮЇ [0, ips200_x_max]
  479          // ВЮЪ§ЫЕУї       dis_value_max   ВЈаЮЯдЪОзюДѓжЕ ВЮЪ§ЗЖЮЇ [0, ips200_y_max]
  480          // ЗЕЛиВЮЪ§       void
  481          // ЪЙгУЪОР§                ips200_show_gray_image(0,0,camera_buffer_addr,MT9V03X_W,MT9V03X_H,240,135,128)
C251 COMPILER V5.60.0,  zf_device_ips200                                                   21/03/26  13:02:31  PAGE 9   

             -;
  482          //-------------------------------------------------------------------------------------------------------
             -------------
  483          void ips200_show_wave(uint16 x, uint16 y, uint8 *p, uint16 width, uint16 value_max, uint16 dis_width, uin
             -t16 dis_value_max)
  484          {
  485   1          uint32 i = 0, j = 0;
  486   1          uint32 width_index, value_max_index;
  487   1              
  488   1          zf_assert(x < ips200_x_max);
  489   1          zf_assert(y < ips200_y_max);
  490   1              
  491   1          ips200_set_region(x, y, x+dis_width-1, y+dis_value_max-1);                  // ЩшжУЯдЪОЧјгђ
  492   1          for(i=0;i<dis_value_max;i++)
  493   1          {
  494   2              for(j=0;j<dis_width;j++)
  495   2              {
  496   3                  ips200_write_16bit_data(ips200_bgcolor); 
  497   3              }
  498   2          }
  499   1      
  500   1          for(i=0;i<dis_width;i++)
  501   1          {
  502   2              width_index = i*width/dis_width;
  503   2              value_max_index = *(p+width_index)*(dis_value_max-1)/value_max;
  504   2              ips200_draw_point(i+x, (dis_value_max-1)-value_max_index+y, ips200_pencolor);
  505   2          }
  506   1      }
  507          
  508          //-------------------------------------------------------------------------------------------------------
             -------------
  509          // КЏЪ§МђНщ       ККзжЯдЪО
  510          // ВЮЪ§ЫЕУї       x               зјБъxЗНЯђЕФЦ№Еу ВЮЪ§ЗЖЮЇ [0, ips200_x_max-1]
  511          // ВЮЪ§ЫЕУї       y               зјБъyЗНЯђЕФЦ№Еу ВЮЪ§ЗЖЮЇ [0, ips200_y_max-1]
  512          // ВЮЪ§ЫЕУї       siz            ШЁФЃЕФЪБКђЩшжУЕФККзжзжЬхДѓаЁ вВОЭЪЧвЛИіККзжеМгУЕФЕуеѓГЄПэЮЊЖрЩйИіЕу ШЁФЃ
             -ЕФЪБКђашвЊГЄПэЪЧвЛбљЕФ
  513          // ВЮЪ§ЫЕУї       *p              ашвЊЯдЪОЕФККзжЪ§зщ
  514          // ВЮЪ§ЫЕУї       number          ашвЊЯдЪОЖрЩйЮЛ
  515          // ВЮЪ§ЫЕУї       color           ЯдЪОбеЩЋ
  516          // ЗЕЛиВЮЪ§       void
  517          // ЪЙгУЪОР§                ips200_show_chinese(0,0,16,chinese_test[0],4,RED);//ЯдЪОfontЮФМўРяУцЕФ ЪОР§
  518          // БИзЂаХЯЂ                        ЪЙгУPCtoLCD2002ШэМўШЁФЃ           вѕТыЁЂж№ааЪНЁЂЫГЯђ   16*16
  519          //-------------------------------------------------------------------------------------------------------
             -------------
  520          void ips200_show_chinese (uint16 x, uint16 y, uint8 siz, const uint8 *p, uint8 number, uint16 color)
  521          {
  522   1              int i, j, k; 
  523   1          uint8 temp, temp1, temp2;
  524   1          const uint8 *p_data;
  525   1              
  526   1          zf_assert(x < ips200_x_max);
  527   1          zf_assert(y < ips200_y_max);
  528   1      
  529   1          temp2 = siz/8;
  530   1          
  531   1          ips200_set_region(x,y,number*siz-1+x,y+siz-1);
  532   1          
  533   1          for(i=0;i<siz;i++)
  534   1          {
  535   2              temp1 = number;
  536   2              p_data = p+i*temp2;
  537   2              while(temp1--)
  538   2              {
  539   3                  for(k=0;k<temp2;k++)
  540   3                  {
  541   4                      for(j=8;j>0;j--)
C251 COMPILER V5.60.0,  zf_device_ips200                                                   21/03/26  13:02:31  PAGE 10  

  542   4                      {
  543   5                          temp = (*p_data>>(j-1)) & 0x01;
  544   5                          if(temp)    ips200_write_16bit_data(color);
  545   5                          else        ips200_write_16bit_data(ips200_bgcolor);
  546   5                      }
  547   4                      p_data++;
  548   4                  }
  549   3                  p_data = p_data - temp2 + temp2*siz;
  550   3              }   
  551   2          }
  552   1      }
  553          
  554          
  555          //-------------------------------------------------------------------------------------------------------
             -------------
  556          // КЏЪ§МђНщ     IPS200 ЯдЪО 8bit ЛвЖШЭМЯё ДјЖўжЕЛЏуажЕ
  557          // ВЮЪ§ЫЕУї     x               зјБъxЗНЯђЕФЦ№Еу ВЮЪ§ЗЖЮЇ [0, ips200_x_max-1]
  558          // ВЮЪ§ЫЕУї     y               зјБъyЗНЯђЕФЦ№Еу ВЮЪ§ЗЖЮЇ [0, ips200_y_max-1]
  559          // ВЮЪ§ЫЕУї     *image          ЭМЯёЪ§зщжИеы
  560          // ВЮЪ§ЫЕУї     width           ЭМЯёЪЕМЪПэЖШ
  561          // ВЮЪ§ЫЕУї     height          ЭМЯёЪЕМЪИпЖШ
  562          // ВЮЪ§ЫЕУї     dis_width       ЭМЯёЯдЪОПэЖШ ВЮЪ§ЗЖЮЇ [0, ips200_x_max]
  563          // ВЮЪ§ЫЕУї     dis_height      ЭМЯёЯдЪОИпЖШ ВЮЪ§ЗЖЮЇ [0, ips200_y_max]
  564          // ВЮЪ§ЫЕУї     threshold       ЖўжЕЛЏЯдЪОуажЕ 0-ВЛПЊЦєЖўжЕЛЏ
  565          // ЗЕЛиВЮЪ§     void
  566          // ЪЙгУЪОР§     ips200_show_gray_image(0, 0, mt9v03x_image[0], MT9V03X_W, MT9V03X_H, MT9V03X_W, MT9V03X_H
             -, 0);
  567          // БИзЂаХЯЂ     гУгкЯдЪОзмзъЗчЕФЭМЯё
  568          //              ШчЙћвЊЯдЪОЖўжЕЛЏЭМЯё жБНгаоИФзюКѓвЛИіВЮЪ§ЮЊашвЊЕФЖўжЕЛЏуажЕМДПЩ
  569          //              ШчЙћвЊЯдЪОЖўжЕЛЏЭМЯё жБНгаоИФзюКѓвЛИіВЮЪ§ЮЊашвЊЕФЖўжЕЛЏуажЕМДПЩ
  570          //              ШчЙћвЊЯдЪОЖўжЕЛЏЭМЯё жБНгаоИФзюКѓвЛИіВЮЪ§ЮЊашвЊЕФЖўжЕЛЏуажЕМДПЩ
  571          //-------------------------------------------------------------------------------------------------------
             -------------
  572          void ips200_show_gray_image (uint16 x, uint16 y, const uint8 *image, uint16 width, uint16 height, uint16 
             -dis_width, uint16 dis_height, uint8 threshold)
  573          {
  574   1          uint32 i = 0, j = 0;
  575   1          uint16 color ,temp ;
  576   1          uint16 data_buffer[IPS_WIGHT];
  577   1          const uint8 *image_temp;
  578   1      
  579   1          // ШчЙћГЬађдкЪфГіСЫЖЯбдаХЯЂ ВЂЧвЬсЪОГіДэЮЛжУдкетРя
  580   1          // ФЧУДвЛАуЪЧЦСФЛЯдЪОЕФЪБКђГЌЙ§ЦСФЛЗжБцТЪЗЖЮЇСЫ
  581   1          zf_assert(x < ips200_x_max);
  582   1          zf_assert(y < ips200_y_max);
  583   1          zf_assert(NULL != image);
  584   1      
  585   1          IPS200_CS(0);
  586   1      
  587   1          ips200_set_region(x, y, x + dis_width - 1, y + dis_height - 1);             // ЩшжУЯдЪОЧјгђ
  588   1      
  589   1          for(j = 0; j < dis_height; j ++)
  590   1          {
  591   2              image_temp = image + j * height / dis_height * width;                   // жБНгЖд image ВйзїЛс Ha
             -rdfault днЪБВЛжЊЕРЮЊЪВУД
  592   2              for(i = 0; i < dis_width; i ++)
  593   2              {
  594   3                  temp = *(image_temp + i * width / dis_width);                       // ЖСШЁЯёЫиЕу
  595   3                  if(threshold == 0)
  596   3                  {
  597   4                      color = (0x001f & ((temp) >> 3)) << 11;
  598   4                      color = color | (((0x003f) & ((temp) >> 2)) << 5);
  599   4                      color = color | (0x001f & ((temp) >> 3));
  600   4                      data_buffer[i] = (color);
  601   4                  }
  602   3                  else if(temp < threshold)
C251 COMPILER V5.60.0,  zf_device_ips200                                                   21/03/26  13:02:31  PAGE 11  

  603   3                  {
  604   4                      data_buffer[i] = (RGB565_BLACK);
  605   4                  }
  606   3                  else
  607   3                  {
  608   4                      data_buffer[i] = (RGB565_WHITE);
  609   4                  }
  610   3              }
  611   2              ips200_write_16bit_data_array(data_buffer, dis_width);
  612   2          }
  613   1      
  614   1              IPS200_CS(1);
  615   1      
  616   1      }
  617          
  618          //-------------------------------------------------------------------------------------------------------
             -------------
  619          // КЏЪ§МђНщ       1.14Дч IPSвКОЇГѕЪМЛЏ
  620          // ЗЕЛиВЮЪ§      void
  621          // ЪЙгУЪОР§                ips200_init();
  622          //-------------------------------------------------------------------------------------------------------
             -------------
  623          void ips200_init (void)
  624          {
  625   1      #if (IPS200_USE_INTERFACE==SOFT_SPI)
                   soft_spi_init(&ips200_spi, SPI_MODE0, IPS200_SOFT_SPI_DELAY, IPS200_SCL_PIN, IPS200_SDA_PIN, SOFT_SPI
             -_PIN_NULL, SOFT_SPI_PIN_NULL);
               #elif (IPS200_USE_INTERFACE==HARDWARE_SPI)
  628   1          spi_dma_init(IPS200_SPI, SPI_MODE0, IPS200_SPI_SPEED, IPS200_SCL_PIN, IPS200_SDA_PIN, SPI_MISO_NULL, 
             -SPI_CS_NULL);
  629   1      #endif
  630   1      
  631   1          gpio_init(IPS200_DC_PIN, GPO, GPIO_LOW, GPO_PUSH_PULL);
  632   1          gpio_init(IPS200_RST_PIN, GPO, GPIO_LOW, GPO_PUSH_PULL);
  633   1          gpio_init(IPS200_CS_PIN, GPO, GPIO_LOW, GPO_PUSH_PULL);
  634   1          gpio_init(IPS200_BLK_PIN, GPO, GPIO_HIGH, GPO_PUSH_PULL);
  635   1      
  636   1          ips200_set_dir(ips200_display_dir);
  637   1          ips200_set_color(ips200_pencolor, ips200_bgcolor);
  638   1      
  639   1          IPS200_RST(0);
  640   1          system_delay_ms(200);
  641   1      
  642   1          IPS200_RST(1);
  643   1          system_delay_ms(100);
  644   1      
  645   1          ips200_write_index(0x36);
  646   1          system_delay_ms(100);
  647   1          if      (ips200_display_dir==0) ips200_write_8bit_data(0x00);
  648   1          else if (ips200_display_dir==1) ips200_write_8bit_data(0xC0);
  649   1          else if (ips200_display_dir==2) ips200_write_8bit_data(0x70);
  650   1          else                            ips200_write_8bit_data(0xA0);
  651   1      
  652   1          ips200_write_index(0x3A);
  653   1          ips200_write_8bit_data(0x05);
  654   1      
  655   1          ips200_write_index(0xB2);
  656   1          ips200_write_8bit_data(0x0C);
  657   1          ips200_write_8bit_data(0x0C);
  658   1          ips200_write_8bit_data(0x00);
  659   1          ips200_write_8bit_data(0x33);
  660   1          ips200_write_8bit_data(0x33);
  661   1      
  662   1          ips200_write_index(0xB7);
  663   1          ips200_write_8bit_data(0x35);
  664   1      
C251 COMPILER V5.60.0,  zf_device_ips200                                                   21/03/26  13:02:31  PAGE 12  

  665   1          ips200_write_index(0xBB);
  666   1          ips200_write_8bit_data(0x37);
  667   1      
  668   1          ips200_write_index(0xC0);
  669   1          ips200_write_8bit_data(0x2C);
  670   1      
  671   1          ips200_write_index(0xC2);
  672   1          ips200_write_8bit_data(0x01);
  673   1      
  674   1          ips200_write_index(0xC3);
  675   1          ips200_write_8bit_data(0x12);
  676   1      
  677   1          ips200_write_index(0xC4);
  678   1          ips200_write_8bit_data(0x20);
  679   1      
  680   1          ips200_write_index(0xC6);
  681   1          ips200_write_8bit_data(0x0F);
  682   1      
  683   1          ips200_write_index(0xD0);
  684   1          ips200_write_8bit_data(0xA4);
  685   1          ips200_write_8bit_data(0xA1);
  686   1      
  687   1          ips200_write_index(0xE0);
  688   1          ips200_write_8bit_data(0xD0);
  689   1          ips200_write_8bit_data(0x04);
  690   1          ips200_write_8bit_data(0x0D);
  691   1          ips200_write_8bit_data(0x11);
  692   1          ips200_write_8bit_data(0x13);
  693   1          ips200_write_8bit_data(0x2B);
  694   1          ips200_write_8bit_data(0x3F);
  695   1          ips200_write_8bit_data(0x54);
  696   1          ips200_write_8bit_data(0x4C);
  697   1          ips200_write_8bit_data(0x18);
  698   1          ips200_write_8bit_data(0x0D);
  699   1          ips200_write_8bit_data(0x0B);
  700   1          ips200_write_8bit_data(0x1F);
  701   1          ips200_write_8bit_data(0x23);
  702   1      
  703   1          ips200_write_index(0xE1);
  704   1          ips200_write_8bit_data(0xD0);
  705   1          ips200_write_8bit_data(0x04);
  706   1          ips200_write_8bit_data(0x0C);
  707   1          ips200_write_8bit_data(0x11);
  708   1          ips200_write_8bit_data(0x13);
  709   1          ips200_write_8bit_data(0x2C);
  710   1          ips200_write_8bit_data(0x3F);
  711   1          ips200_write_8bit_data(0x44);
  712   1          ips200_write_8bit_data(0x51);
  713   1          ips200_write_8bit_data(0x2F);
  714   1          ips200_write_8bit_data(0x1F);
  715   1          ips200_write_8bit_data(0x1F);
  716   1          ips200_write_8bit_data(0x20);
  717   1          ips200_write_8bit_data(0x23);
  718   1      
  719   1          ips200_write_index(0x21);
  720   1      
  721   1          ips200_write_index(0x11);
  722   1          system_delay_ms(120);
  723   1      
  724   1          ips200_write_index(0x29);
  725   1      
  726   1          ips200_clear(ips200_bgcolor);
  727   1      }


Module Information          Static   Overlayable
------------------------------------------------
C251 COMPILER V5.60.0,  zf_device_ips200                                                   21/03/26  13:02:31  PAGE 13  

  code size            =    ------     ------
  ecode size           =      5902     ------
  data size            =    ------     ------
  idata size           =    ------     ------
  pdata size           =    ------     ------
  xdata size           =      1401     ------
  xdata-const size     =    ------     ------
  edata size           =    ------     ------
  bit size             =    ------     ------
  ebit size            =    ------     ------
  bitaddressable size  =    ------     ------
  ebitaddressable size =    ------     ------
  far data size        =    ------     ------
  huge data size       =    ------     ------
  const size           =    ------     ------
  hconst size          =        86     ------
End of Module Information.


C251 COMPILATION COMPLETE.  0 WARNING(S),  0 ERROR(S)
