C251 COMPILER V5.60.0,  zf_driver_pwm                                                      13/01/26  21:31:32  PAGE 1   


C251 COMPILER V5.60.0, COMPILATION OF MODULE zf_driver_pwm
OBJECT MODULE PLACED IN .\out_file\zf_driver_pwm.obj
COMPILER INVOKED BY: D:\Keil5\C251\BIN\C251.EXE ..\..\libraries\zf_driver\zf_driver_pwm.c LARGE FLOAT64 ROM(HUGE) WARNIN
                    -GLEVEL(3) OPTIMIZE(0,SIZE) BROWSE INCDIR(..\..\libraries\zf_common;..\..\libraries\zf_components;..\..\libraries\zf_devi
                    -ce;..\..\libraries\zf_driver;..\user;..\code;..\..\libraries\zf_components\stc32g_usb_lib;..\..\libraries\zf_components\
                    -seekfree_assistant) DEBUG PRINT(.\out_file\zf_driver_pwm.lst) OBJECT(.\out_file\zf_driver_pwm.obj) 

stmt  level    source

    1          /********************************************************************************************************
             -*************
    2          * STC32G Opensourec Library МДЃЈSTC32G ПЊдДПтЃЉЪЧвЛИіЛљгкЙйЗН SDK НгПкЕФЕкШ§ЗНПЊдДПт
    3          * Copyright (c) 2025 SEEKFREE ж№ЗЩПЦММ
    4          *
    5          * БОЮФМўЪЧSTC32G144KПЊдДПтЕФвЛВПЗж
    6          *
    7          * STC32G ПЊдДПт ЪЧУтЗбШэМў
    8          * ФњПЩвдИљОнздгЩШэМўЛљН№ЛсЗЂВМЕФ GPLЃЈGNU General Public LicenseЃЌМД GNUЭЈгУЙЋЙВаэПЩжЄЃЉЕФЬѕПю
    9          * МД GPL ЕФЕк3АцЃЈМД GPL3.0ЃЉЛђЃЈФњбЁдёЕФЃЉШЮКЮКѓРДЕФАцБОЃЌжиаТЗЂВМКЭ/ЛђаоИФЫќ
   10          *
   11          * БОПЊдДПтЕФЗЂВМЪЧЯЃЭћЫќФмЗЂЛгзїгУЃЌЕЋВЂЮДЖдЦфзїШЮКЮЕФБЃжЄ
   12          * ЩѕжСУЛгавўКЌЕФЪЪЯњадЛђЪЪКЯЬиЖЈгУЭОЕФБЃжЄ
   13          * ИќЖрЯИНкЧыВЮМћ GPL
   14          *
   15          * ФњгІИУдкЪеЕНБОПЊдДПтЕФЭЌЪБЪеЕНвЛЗн GPL ЕФИББО
   16          * ШчЙћУЛгаЃЌЧыВЮдФ<https://www.gnu.org/licenses/>
   17          *
   18          * ЖюЭтзЂУїЃК
   19          * БОПЊдДПтЪЙгУ GPL3.0 ПЊдДаэПЩжЄа­вщ вдЩЯаэПЩЩъУїЮЊвыЮФАцБО
   20          * аэПЩЩъУїгЂЮФАцдк libraries/doc ЮФМўМаЯТЕФ GPL3_permission_statement.txt ЮФМўжа
   21          * аэПЩжЄИББОдк libraries ЮФМўМаЯТ МДИУЮФМўМаЯТЕФ LICENSE ЮФМў
   22          * ЛЖг­ИїЮЛЪЙгУВЂДЋВЅБОГЬађ ЕЋаоИФФкШнЪББиаыБЃСєж№ЗЩПЦММЕФАцШЈЩљУїЃЈМДБОЩљУїЃЉ
   23          *
   24          * ЮФМўУћГЦ
   25          * ЙЋЫОУћГЦ          ГЩЖМж№ЗЩПЦММгаЯоЙЋЫО
   26          * АцБОаХЯЂ          ВщПД libraries/doc ЮФМўМаФк version ЮФМў АцБОЫЕУї
   27          * ПЊЗЂЛЗОГ          MDK FOR C251
   28          * ЪЪгУЦНЬЈ          STC32G144K
   29          * ЕъЦЬСДНг          https://seekfree.taobao.com/
   30          *
   31          * аоИФМЧТМ
   32          * ШеЦк              зїеп           БИзЂ
   33          * 2024-08-01        ДѓW            first version
   34          * 2025-07-16        гХЛЏ           ДњТыПЩЖСадЁЂдЫЫуаЇТЪМАНЁзГадгХЛЏ
   35          *********************************************************************************************************
             -***********/
   36          
   37          #include "zf_common_clock.h"
   38          #include "zf_common_debug.h"
   39          
   40          #include "zf_driver_pwm.h"
   41          #include "zf_driver_gpio.h"
   42          #include "zf_driver_uart.h"
   43          
   44          
   45          // в§НХЪфГібЁдёМФДцЦї
   46          const vuint32 PWMX_PS_ADDR[] = 
   47          {
   48              0x7efeb2,
   49              0x7efeb6,
   50              0x7ef8b2,
   51              0x7ef8b6,
   52              0x7ef6b2,
   53              0x7ef6b6,
   54          };
C251 COMPILER V5.60.0,  zf_driver_pwm                                                      13/01/26  21:31:32  PAGE 2   

   55          
   56          // ЪфГіЪЙФмМФДцЦї
   57          const vuint32 PWMX_ENO_ADDR[] = 
   58          {
   59              0x7efeb1,
   60              0x7efeb5,
   61              0x7ef8b1,
   62              0x7ef8b5,
   63              0x7ef6b1,
   64              0x7ef6b5,
   65          };
   66          
   67          // ЩВГЕМФДцЦї
   68          const vuint32 PWMX_BKR_ADDR[] = 
   69          {
   70              0x7efedd,
   71              0x7efefd,
   72              0x7ef8dd,
   73              0x7ef8fd,
   74              0x7ef6dd,
   75              0x7ef6fd,
   76          };
   77          
   78          // ПижЦМФДцЦї1
   79          const vuint32 PWMX_CR1_ADDR[] = 
   80          {
   81              0x7efec0,
   82              0x7efee0,
   83              0x7ef8c0,
   84              0x7ef8e0,
   85              0x7ef6c0,
   86              0x7ef6e0,
   87          };
   88          
   89          // ВЖЛёБШНЯФЃЪНМФДцЦї
   90          const vuint32 PWM_CCMR_ADDR[] = 
   91          {
   92              0x7efec8, 0x7efec9, 0x7efeca, 0x7efecb, // PWMA
   93              0x7efee8, 0x7efee9, 0x7efeea, 0x7efeeb, // PWMB
   94              0x7ef8c8, 0x7ef8c9, 0x7ef8ca, 0x7ef8ca, // PWMC
   95              0x7ef8e8, 0x7ef8e9, 0x7ef8ea, 0x7ef8eb, // PWMD
   96              0x7ef6c8, 0x7ef6c9, 0x7ef6ca, 0x7ef6cb, // PWME
   97              0x7ef6e8, 0x7ef6e9, 0x7ef6ea, 0x7ef6eb, // PWMF
   98          };
   99          
  100          // ВЖЛёБШНЯЪЙФмМФДцЦї
  101          const vuint32 PWM_CCER_ADDR[] = 
  102          {
  103              0x7efecc, 0x7efecd, // PWMA
  104              0x7efeec, 0x7efeed, // PWMB
  105              0x7ef8cc, 0x7ef8cd, // PWMC
  106              0x7ef8ec, 0x7ef8ed, // PWMD
  107              0x7ef6cc, 0x7ef6cd, // PWME
  108              0x7ef6ec, 0x7ef6ed, // PWMF
  109          };      
  110          
  111          // ПижЦМФДцЦї,Ип8ЮЛЕижЗ  ЕЭ8ЮЛЕижЗ + 1МДПЩ
  112          const vuint32 PWM_CCR_ADDR[] = 
  113          { 
  114              0x7efed5, 0x7efed7, 0x7efed9, 0x7efedb,     // PWMA
  115              0x7efef5, 0x7efef7, 0x7efef9, 0x7efefb,     // PWMB
  116              0x7ef8d5, 0x7ef8d7, 0x7ef8d9, 0x7ef8db,     // PWMC
  117              0x7ef8f5, 0x7ef8f7, 0x7ef8f9, 0x7ef8fb,     // PWMD 
  118              0x7ef6d5, 0x7ef6d7, 0x7ef6d9, 0x7ef6db,     // PWME
  119              0x7ef6f5, 0x7ef6f7, 0x7ef6f9, 0x7ef6fb,     // PWMF
  120          };
C251 COMPILER V5.60.0,  zf_driver_pwm                                                      13/01/26  21:31:32  PAGE 3   

  121          
  122          // ПижЦМФДцЦї,Ип8ЮЛЕижЗ  ЕЭ8ЮЛЕижЗ + 1МДПЩ
  123          const vuint32 PWM_ARR_ADDR[] = 
  124          {
  125              0x7efed2,   // PWMA  
  126              0x7efef2,   // PWMB 
  127              0x7ef8d2,   // PWMC 
  128              0x7ef8f2,   // PWMD 
  129              0x7ef6d2,   // PWME 
  130              0x7ef6f2,   // PWMF
  131          };
  132          
  133          // дЄЗжЦЕМФДцЦї,Ип8ЮЛЕижЗ  ЕЭ8ЮЛЕижЗ + 1МДПЩ
  134          const vuint32 PWM_PSCR_ADDR[] = 
  135          {
  136              0x7efed0,   // PWMA 
  137              0x7efef0,   // PWMB 
  138              0x7ef8d0,   // PWMC 
  139              0x7ef8f0,   // PWMD 
  140              0x7ef6d0,   // PWME 
  141              0x7ef6f0,   // PWMF
  142          };
  143          
  144          // PWMМЦЪ§Цї,Ип8ЮЛЕижЗ  ЕЭ8ЮЛЕижЗ + 1МДПЩ
  145          const vuint32 PWMX_CNTR_ADDR[] = 
  146          {
  147              0x7efece,   // PWMA 
  148              0x7efeee,   // PWMB 
  149              0x7ef8ce,   // PWMC 
  150              0x7ef8ee,   // PWMD 
  151              0x7ef6ce,   // PWME 
  152              0x7ef6ee,   // PWMF
  153          };
  154          
  155          // ДгФЃЪНПижЦМФДцЦї
  156          const vuint32 PWMX_SMCR_ADDR[] = 
  157          {
  158              0x7efec2,   // PWMA 
  159              0x7efee2,   // PWMB 
  160              0x7ef8c2,   // PWMC 
  161              0x7ef8e2,   // PWMD 
  162              0x7ef6c2,   // PWME 
  163              0x7ef6e2,   // PWMF
  164          };
  165          
  166          //-------------------------------------------------------------------------------------------------------
             -------------
  167          // КЏЪ§МђНщ     PWMЦЕТЪКЭеМПеБШЩшжУ
  168          // ВЮЪ§ЫЕУї     pin             PWMЭЈЕРКХМАв§НХ
  169          // ВЮЪ§ЫЕУї     freq            PWMЦЕТЪ
  170          // ВЮЪ§ЫЕУї     duty            PWMеМПеБШ
  171          // ЗЕЛиВЮЪ§     void
  172          // ЪЙгУЪОР§     pwm_set_freq(PWMB_CH2_P01, 50, 1000);   //PWMB ЪЙгУв§НХP01 ЦЕТЪ50HZ еМПеБШЮЊАйЗжжЎ 1000/P
             -WM_DUTY_MAX*100
  173          //                                                                              PWM_DUTY_MAXдкzf_driver_pwm.hЮФМўжа ФЌШЯЮЊ10000
  174          //-------------------------------------------------------------------------------------------------------
             -------------
  175          void pwm_set_freq(pwm_channel_enum pin, uint32 freq, uint32 duty)
  176          {
  177   1          uint32 match_temp = 0;
  178   1          uint32 period_temp = 0;
  179   1          uint16 freq_div = 0;
  180   1              
  181   1              // ШчЙћЪЧетвЛааБЈДэ ФЧФуЕУШЅПДПДзюДѓеМПеБШЪЧЯоЖЈЕФЖрЩй еМПеБШаДШыДэЮѓ
  182   1          zf_assert(PWM_DUTY_MAX >= duty);
  183   1              
C251 COMPILER V5.60.0,  zf_driver_pwm                                                      13/01/26  21:31:32  PAGE 4   

  184   1          //ЗжЦЕМЦЫуЃЌжмЦкМЦЫуЃЌеМПеБШМЦЫу
  185   1          freq_div = (system_clock / freq) >> 16;                                                             // ЖрЩйЗжЦЕ
  186   1          period_temp = system_clock / freq;
  187   1          period_temp = period_temp / (freq_div + 1) - 1;                                     // жмЦк
  188   1      
  189   1          if(duty != PWM_DUTY_MAX)
  190   1          {
  191   2              match_temp = period_temp * ((float)duty / PWM_DUTY_MAX);        // еМПеБШ
  192   2          }
  193   1          else
  194   1          {
  195   2              match_temp = period_temp + 1;                                                           // dutyЮЊ100%
  196   2              }
  197   1      
  198   1              PWMX_PSCRH(pin) = (uint8)(freq_div >> 8);           // ЩшжУдЄЗжЦЕжЕ
  199   1              PWMX_PSCRL(pin) = (uint8)freq_div;
  200   1              
  201   1              PWMX_ARRH(pin) = (uint8)(period_temp >> 8);             // жмЦкжЕ Ип8ЮЛ
  202   1              PWMX_ARRL(pin) = (uint8)period_temp;                    // жмЦкжЕ ЕЭ8ЮЛ
  203   1      
  204   1          PWMX_CCRXH(pin) = match_temp >> 8;                          // БШНЯжЕ Ип8ЮЛ
  205   1          PWMX_CCRXL(pin) = (uint8)match_temp;                        // БШНЯжЕ ЕЭ8ЮЛ
  206   1      }
  207          
  208          //-------------------------------------------------------------------------------------------------------
             -------------
  209          // КЏЪ§МђНщ     PWMеМПеБШЩшЖЈ
  210          // ВЮЪ§ЫЕУї     pin             PWMЭЈЕРКХМАв§НХ
  211          // ВЮЪ§ЫЕУї     duty            PWMеМПеБШ
  212          // ЗЕЛиВЮЪ§     void
  213          // ЪЙгУЪОР§     pwm_set_duty(PWMB_CH2_P01, 5000);   //PWMB ЪЙгУв§НХP01 еМПеБШЮЊАйЗжжЎ 5000/PWM_DUTY_MAX*1
             -00
  214          //                                                                      PWM_DUTY_MAXдкzf_driver_pwm.hЮФМўжа ФЌШЯЮЊ10000
  215          //-------------------------------------------------------------------------------------------------------
             -------------
  216          void pwm_set_duty(pwm_channel_enum pin, uint32 duty)
  217          {
  218   1          uint32 match_temp;
  219   1          uint32 arr = (PWMX_ARRH(pin) << 8) | PWMX_ARRL(pin);
  220   1              
  221   1              // ШчЙћЪЧетвЛааБЈДэ ФЧФуЕУШЅПДПДзюДѓеМПеБШЪЧЯоЖЈЕФЖрЩй еМПеБШаДШыДэЮѓ
  222   1          zf_assert(PWM_DUTY_MAX >= duty);
  223   1              
  224   1          if(duty != PWM_DUTY_MAX)
  225   1          {
  226   2              match_temp = arr * ((float)duty / PWM_DUTY_MAX);                                //еМПеБШ
  227   2          }
  228   1          else
  229   1          {
  230   2              match_temp = arr + 1;
  231   2          }
  232   1      
  233   1          //ЩшжУВЖЛёжЕ|БШНЯжЕ
  234   1          PWMX_CCRXH(pin) = (uint8)(match_temp >> 8);                         // БШНЯжЕ Ип8ЮЛ
  235   1          PWMX_CCRXL(pin) = (uint8)match_temp;                        // БШНЯжЕ ЕЭ8ЮЛ
  236   1              
  237   1      }
  238          
  239          //-------------------------------------------------------------------------------------------------------
             -------------
  240          // КЏЪ§МђНщ     PWMГѕЪМЛЏ
  241          // ВЮЪ§ЫЕУї     pin                             PWMЭЈЕРКХМАв§НХ
  242          // ВЮЪ§ЫЕУї     freq            PWMЦЕТЪ
  243          // ВЮЪ§ЫЕУї     duty            PWMеМПеБШ
  244          // ЗЕЛиВЮЪ§     void
  245          // ЪЙгУЪОР§     pwm_init(PWMB_CH2_P01, 50, 5000);   //ГѕЪМЛЏPWMB ЪЙгУв§НХP01  ЪфГіPWMЦЕТЪ50HZ   еМПеБШЮЊА
C251 COMPILER V5.60.0,  zf_driver_pwm                                                      13/01/26  21:31:32  PAGE 5   

             -йЗжжЎ 5000/PWM_DUTY_MAX*100
  246          //                                                                      PWM_DUTY_MAXдкzf_driver_pwm.hЮФМўжа ФЌШЯЮЊ10000
  247          //-------------------------------------------------------------------------------------------------------
             -------------
  248          void pwm_init(pwm_channel_enum pin, uint32 freq, uint32 duty)
  249          {
  250   1      
  251   1          uint16 match_temp = 0;                                              // еМПеБШжЕ
  252   1          uint32 period_temp = 0;                                             // жмЦкжЕ
  253   1          uint16 freq_div = 0;                                                // ЗжЦЕжЕ
  254   1          
  255   1              // ШчЙћЪЧетвЛааБЈДэ ФЧФуЕУШЅПДПДзюДѓеМПеБШЪЧЯоЖЈЕФЖрЩй еМПеБШаДШыДэЮѓ
  256   1          zf_assert(PWM_DUTY_MAX >= duty);
  257   1              
  258   1          gpio_init(pin  & 0xFF, GPO, 1, GPO_PUSH_PULL);                                              // GPIOашвЊЩшжУЮЊЭЦЭьЪфГі
  259   1      
  260   1          //ЗжЦЕМЦЫуЃЌжмЦкМЦЫуЃЌеМПеБШМЦЫу
  261   1          freq_div = (system_clock / freq) >> 16;                                                             // ЗжЦЕжЕ
  262   1          period_temp = system_clock / freq;
  263   1          period_temp = period_temp / (freq_div + 1) - 1;                                             // жмЦкжЕ
  264   1              
  265   1          if(duty != PWM_DUTY_MAX)
  266   1          {           
  267   2              match_temp = period_temp * ((float)duty / PWM_DUTY_MAX);                // еМПеБШ
  268   2          }
  269   1          else
  270   1          {
  271   2              match_temp = period_temp + 1;                                                                   // dutyЮЊ100%
  272   2          }
  273   1      
  274   1      
  275   1              PWMX_PSCRH(pin) = (uint8)(freq_div >> 8);           // ЩшжУдЄЗжЦЕжЕ
  276   1              PWMX_PSCRL(pin) = (uint8)freq_div;
  277   1              
  278   1              PWMX_ARRH(pin) = (uint8)(period_temp >> 8);             // жмЦкжЕ Ип8ЮЛ
  279   1              PWMX_ARRL(pin) = (uint8)period_temp;                    // жмЦкжЕ ЕЭ8ЮЛ
  280   1      
  281   1          PWMX_CCRXH(pin) = (uint8)(match_temp >> 8);         // БШНЯжЕ Ип8ЮЛ
  282   1          PWMX_CCRXL(pin) = (uint8)match_temp;                        // БШНЯжЕ ЕЭ8ЮЛ
  283   1      
  284   1          PWMX_CCERX(pin) |= 1 << ((pin >> 11 & 0x01) * 4);   // ЩшжУЪфГіМЋад
  285   1              PWMX_CCMRX(pin) |= 0x06 << 4;                                   // ЩшжУЮЊPWMФЃЪН1
  286   1              PWMX_CCMRX(pin) |= 1 << 3;                                              // ПЊЦєPWMМФДцЦїЕФдЄзАдиЙІ
  287   1      
  288   1          PWMX_ENO(pin) |= 1 << ((((pin >> 11) & 0x03) * 2) + ((pin >> 10) & 0x01));          // ЪЙФмЭЈЕР
  289   1          PWMX_PS(pin)  |= ((pin >> 8) & 0x03) << (((pin >> 11) & 0x03) * 2);                         // бЁдёв§НХ
  290   1          PWMX_BKR(pin) |= 0x80;                                                      // жїЪфГіЪЙФм ЯрЕБгкзмПЊЙи
  291   1          PWMX_CR1(pin) |= 0x01;                                                      // PWMПЊЪММЦЪ§
  292   1      }


Module Information          Static   Overlayable
------------------------------------------------
  code size            =    ------     ------
  ecode size           =      2603     ------
  data size            =    ------     ------
  idata size           =    ------     ------
  pdata size           =    ------     ------
  xdata size           =        52     ------
  xdata-const size     =    ------     ------
  edata size           =    ------     ------
  bit size             =    ------     ------
  ebit size            =    ------     ------
  bitaddressable size  =    ------     ------
  ebitaddressable size =    ------     ------
  far data size        =    ------     ------
  huge data size       =    ------     ------
C251 COMPILER V5.60.0,  zf_driver_pwm                                                      13/01/26  21:31:32  PAGE 6   

  const size           =    ------     ------
  hconst size          =       474     ------
End of Module Information.


C251 COMPILATION COMPLETE.  0 WARNING(S),  0 ERROR(S)
