C251 COMPILER V5.60.0,  zf_driver_soft_iic                                                 21/03/26  13:02:30  PAGE 1   


C251 COMPILER V5.60.0, COMPILATION OF MODULE zf_driver_soft_iic
OBJECT MODULE PLACED IN .\out_file\zf_driver_soft_iic.obj
COMPILER INVOKED BY: D:\Keil5\C251\BIN\C251.EXE ..\..\libraries\zf_driver\zf_driver_soft_iic.c LARGE FLOAT64 ROM(HUGE) W
                    -ARNINGLEVEL(3) OPTIMIZE(0,SIZE) BROWSE INCDIR(..\..\libraries\zf_common;..\..\libraries\zf_components;..\..\libraries\zf
                    -_device;..\..\libraries\zf_driver;..\user;..\code;..\..\libraries\zf_components\stc32g_usb_lib;..\..\libraries\zf_compon
                    -ents\seekfree_assistant) DEBUG PRINT(.\out_file\zf_driver_soft_iic.lst) OBJECT(.\out_file\zf_driver_soft_iic.obj) 

stmt  level    source

    1          /********************************************************************************************************
             -*************
    2          * STC32G144K Opensourec Library МДЃЈSTC32G144K ПЊдДПтЃЉЪЧвЛИіЛљгкЙйЗН SDK НгПкЕФЕкШ§ЗНПЊдДПт
    3          * Copyright (c) 2025 SEEKFREE ж№ЗЩПЦММ
    4          *
    5          * БОЮФМўЪЧSTC32G144KПЊдДПтЕФвЛВПЗж
    6          *
    7          * STC32G144K ПЊдДПт ЪЧУтЗбШэМў
    8          * ФњПЩвдИљОнздгЩШэМўЛљН№ЛсЗЂВМЕФ GPLЃЈGNU General Public LicenseЃЌМД GNUЭЈгУЙЋЙВаэПЩжЄЃЉЕФЬѕПю
    9          * МД GPL ЕФЕк3АцЃЈМД GPL3.0ЃЉЛђЃЈФњбЁдёЕФЃЉШЮКЮКѓРДЕФАцБОЃЌжиаТЗЂВМКЭ/ЛђаоИФЫќ
   10          *
   11          * БОПЊдДПтЕФЗЂВМЪЧЯЃЭћЫќФмЗЂЛгзїгУЃЌЕЋВЂЮДЖдЦфзїШЮКЮЕФБЃжЄ
   12          * ЩѕжСУЛгавўКЌЕФЪЪЯњадЛђЪЪКЯЬиЖЈгУЭОЕФБЃжЄ
   13          * ИќЖрЯИНкЧыВЮМћ GPL
   14          *
   15          * ФњгІИУдкЪеЕНБОПЊдДПтЕФЭЌЪБЪеЕНвЛЗн GPL ЕФИББО
   16          * ШчЙћУЛгаЃЌЧыВЮдФ<https://www.gnu.org/licenses/>
   17          *
   18          * ЖюЭтзЂУїЃК
   19          * БОПЊдДПтЪЙгУ GPL3.0 ПЊдДаэПЩжЄа­вщ вдЩЯаэПЩЩъУїЮЊвыЮФАцБО
   20          * аэПЩЩъУїгЂЮФАцдк libraries/doc ЮФМўМаЯТЕФ GPL3_permission_statement.txt ЮФМўжа
   21          * аэПЩжЄИББОдк libraries ЮФМўМаЯТ МДИУЮФМўМаЯТЕФ LICENSE ЮФМў
   22          * ЛЖг­ИїЮЛЪЙгУВЂДЋВЅБОГЬађ ЕЋаоИФФкШнЪББиаыБЃСєж№ЗЩПЦММЕФАцШЈЩљУїЃЈМДБОЩљУїЃЉ
   23          *
   24          * ЮФМўУћГЦ          
   25          * ЙЋЫОУћГЦ          ГЩЖМж№ЗЩПЦММгаЯоЙЋЫО
   26          * АцБОаХЯЂ          ВщПД libraries/doc ЮФМўМаФк version ЮФМў АцБОЫЕУї
   27          * ПЊЗЂЛЗОГ          MDK FOR C251
   28          * ЪЪгУЦНЬЈ          STC32G144K
   29          * ЕъЦЬСДНг          https://seekfree.taobao.com/
   30          *
   31          * аоИФМЧТМ
   32          * ШеЦк              зїеп           БИзЂ
   33          * 2025-11-20        ДѓW            first version
   34          *********************************************************************************************************
             -***********/
   35          
   36          #include "zf_common_debug.h"
   37          #include "zf_driver_soft_iic.h"
   38          
   39          #pragma warning disable = 183
   40          #pragma warning disable = 177
   41          
   42          #define SOFT_IIC_SDA_IO_SWITCH          (0)                                     // ЪЧЗёашвЊ SDA Нјаа I/O 
             -ЧаЛЛ 0-ВЛашвЊ 1-ашвЊ
   43          
   44          //-------------------------------------------------------------------------------------------------------
             -------------
   45          // КЏЪ§МђНщ     ШэМў IIC бгЪБ
   46          // ВЮЪ§ЫЕУї     delay           бгЪБДЮЪ§
   47          // ЗЕЛиВЮЪ§     void
   48          // ЪЙгУЪОР§     soft_iic_delay(1);
   49          // БИзЂаХЯЂ     ФкВПЕїгУ
   50          //-------------------------------------------------------------------------------------------------------
             -------------
   51          void soft_iic_delay (vuint32 delay)
C251 COMPILER V5.60.0,  zf_driver_soft_iic                                                 21/03/26  13:02:30  PAGE 2   

   52          {
   53   1          volatile uint32 count = delay;
   54   1          while(count --);
   55   1      }
   56          //#define soft_iic_delay(x)  for(uint32 i = x; i--; )
   57          
   58          //-------------------------------------------------------------------------------------------------------
             -------------
   59          // КЏЪ§МђНщ     ШэМў IIC START аХКХ
   60          // ВЮЪ§ЫЕУї     *soft_iic_obj   ШэМў IIC жИЖЈаХЯЂ ПЩвдВЮее zf_driver_soft_iic.h РяЕФИёЪНПДПД
   61          // ЗЕЛиВЮЪ§     void
   62          // ЪЙгУЪОР§     soft_iic_start(soft_iic_obj);
   63          // БИзЂаХЯЂ     ФкВПЕїгУ
   64          //-------------------------------------------------------------------------------------------------------
             -------------
   65          void soft_iic_start (soft_iic_info_struct *soft_iic_obj)
   66          {
   67   1          zf_assert(soft_iic_obj != NULL);
   68   1          gpio_high(soft_iic_obj->scl_pin);                                           // SCL ИпЕчЦН
   69   1          gpio_high(soft_iic_obj->sda_pin);                                           // SDA ИпЕчЦН
   70   1      
   71   1          soft_iic_delay(soft_iic_obj->delay);
   72   1          gpio_low(soft_iic_obj->sda_pin);                                            // SDA ЯШР­ЕЭ
   73   1          soft_iic_delay(soft_iic_obj->delay);
   74   1          gpio_low(soft_iic_obj->scl_pin);                                            // SCL дйР­ЕЭ
   75   1      }
   76          
   77          //-------------------------------------------------------------------------------------------------------
             -------------
   78          // КЏЪ§МђНщ     ШэМў IIC STOP аХКХ
   79          // ВЮЪ§ЫЕУї     *soft_iic_obj   ШэМў IIC жИЖЈаХЯЂ ПЩвдВЮее zf_driver_soft_iic.h РяЕФИёЪНПДПД
   80          // ЗЕЛиВЮЪ§     void
   81          // ЪЙгУЪОР§     soft_iic_stop(soft_iic_obj);
   82          // БИзЂаХЯЂ     ФкВПЕїгУ
   83          //-------------------------------------------------------------------------------------------------------
             -------------
   84          void soft_iic_stop (soft_iic_info_struct *soft_iic_obj)
   85          {
   86   1          zf_assert(soft_iic_obj != NULL);
   87   1          gpio_low(soft_iic_obj->sda_pin);                                            // SDA ЕЭЕчЦН
   88   1          gpio_low(soft_iic_obj->scl_pin);                                            // SCL ЕЭЕчЦН
   89   1      
   90   1          soft_iic_delay(soft_iic_obj->delay);
   91   1          gpio_high(soft_iic_obj->scl_pin);                                           // SCL ЯШР­Ип
   92   1          soft_iic_delay(soft_iic_obj->delay);
   93   1          gpio_high(soft_iic_obj->sda_pin);                                           // SDA дйР­Ип
   94   1          soft_iic_delay(soft_iic_obj->delay);
   95   1      }
   96          
   97          //-------------------------------------------------------------------------------------------------------
             -------------
   98          // КЏЪ§МђНщ     ШэМў IIC ЗЂЫЭ ACK/NAKC аХКХ ФкВПЕїгУ
   99          // ВЮЪ§ЫЕУї     *soft_iic_obj   ШэМў IIC жИЖЈаХЯЂ ПЩвдВЮее zf_driver_soft_iic.h РяЕФИёЪНПДПД
  100          // ВЮЪ§ЫЕУї     ack             ACK ЕчЦН
  101          // ЗЕЛиВЮЪ§     void
  102          // ЪЙгУЪОР§     soft_iic_send_ack(soft_iic_obj, 1);
  103          // БИзЂаХЯЂ     ФкВПЕїгУ
  104          //-------------------------------------------------------------------------------------------------------
             -------------
  105          void soft_iic_send_ack (soft_iic_info_struct *soft_iic_obj, uint8 ack)
  106          {
  107   1          zf_assert(soft_iic_obj != NULL);
  108   1          gpio_low(soft_iic_obj->scl_pin);                                            // SCL ЕЭЕчЦН
  109   1      
  110   1          if(ack)
  111   1          {
C251 COMPILER V5.60.0,  zf_driver_soft_iic                                                 21/03/26  13:02:30  PAGE 3   

  112   2              gpio_high(soft_iic_obj->sda_pin);                                       // SDA Р­Ип
  113   2          }
  114   1          else
  115   1          {
  116   2              gpio_low(soft_iic_obj->sda_pin);                                        // SDA Р­ЕЭ
  117   2          }
  118   1      
  119   1          soft_iic_delay(soft_iic_obj->delay);
  120   1          gpio_high(soft_iic_obj->scl_pin);                                           // SCL Р­Ип
  121   1          soft_iic_delay(soft_iic_obj->delay);
  122   1          gpio_low(soft_iic_obj->scl_pin);                                            // SCL Р­ЕЭ
  123   1          gpio_high(soft_iic_obj->sda_pin);                                           // SDA Р­Ип
  124   1      }
  125          
  126          //-------------------------------------------------------------------------------------------------------
             -------------
  127          // КЏЪ§МђНщ     ШэМў IIC ЛёШЁ ACK/NAKC аХКХ
  128          // ВЮЪ§ЫЕУї     *soft_iic_obj   ШэМў IIC жИЖЈаХЯЂ ПЩвдВЮее zf_driver_soft_iic.h РяЕФИёЪНПДПД
  129          // ЗЕЛиВЮЪ§     uint8           ACK зДЬЌ
  130          // ЪЙгУЪОР§     soft_iic_wait_ack(soft_iic_obj);
  131          // БИзЂаХЯЂ     ФкВПЕїгУ
  132          //-------------------------------------------------------------------------------------------------------
             -------------
  133          uint8 soft_iic_wait_ack (soft_iic_info_struct *soft_iic_obj)
  134          {
  135   1              uint8 temp = 0;
  136   1          zf_assert(soft_iic_obj != NULL);
  137   1        
  138   1          gpio_low(soft_iic_obj->scl_pin);                                            // SCL ЕЭЕчЦН
  139   1          gpio_high(soft_iic_obj->sda_pin);                                           // SDA ИпЕчЦН ЪЭЗХ SDA
  140   1      #if SOFT_IIC_SDA_IO_SWITCH
                   gpio_set_dir(soft_iic_obj->sda_pin, GPI, GPI_FLOATING_IN);
               #endif
  143   1          soft_iic_delay(soft_iic_obj->delay);
  144   1      
  145   1          gpio_high(soft_iic_obj->scl_pin);                                           // SCL ИпЕчЦН
  146   1          soft_iic_delay(soft_iic_obj->delay);
  147   1      
  148   1          if(gpio_get_level((gpio_pin_enum)soft_iic_obj->sda_pin))
  149   1          {
  150   2              temp = 1;
  151   2          }
  152   1          gpio_low(soft_iic_obj->scl_pin);                                            // SCL ЕЭЕчЦН
  153   1      #if SOFT_IIC_SDA_IO_SWITCH
                   gpio_set_dir(soft_iic_obj->sda_pin, GPO, GPO_OPEN_DTAIN);
               #endif
  156   1          soft_iic_delay(soft_iic_obj->delay);
  157   1      
  158   1          return temp;
  159   1      }
  160          
  161          //-------------------------------------------------------------------------------------------------------
             -------------
  162          // КЏЪ§МђНщ     ШэМў IIC ЗЂЫЭ 8bit Ъ§Он
  163          // ВЮЪ§ЫЕУї     *soft_iic_obj   ШэМў IIC жИЖЈаХЯЂ ПЩвдВЮее zf_driver_soft_iic.h РяЕФИёЪНПДПД
  164          // ВЮЪ§ЫЕУї     dat            Ъ§Он
  165          // ЗЕЛиВЮЪ§     uint8           ACK зДЬЌ
  166          // БИзЂаХЯЂ     ФкВПЕїгУ
  167          //-------------------------------------------------------------------------------------------------------
             -------------
  168          uint8 soft_iic_send_data (soft_iic_info_struct *soft_iic_obj, const uint8 dat)
  169          {
  170   1              uint8 temp = 0x80;
  171   1              
  172   1          zf_assert(soft_iic_obj != NULL);
  173   1      
C251 COMPILER V5.60.0,  zf_driver_soft_iic                                                 21/03/26  13:02:30  PAGE 4   

  174   1          while(temp)
  175   1          {
  176   2      //        gpio_set_level(soft_iic_obj->sda_pin, dat & temp);
  177   2              ((dat & temp) ? (gpio_high(soft_iic_obj->sda_pin)) : (gpio_low(soft_iic_obj->sda_pin)));
  178   2              temp >>= 1;
  179   2      
  180   2              soft_iic_delay(soft_iic_obj->delay);
  181   2              gpio_high(soft_iic_obj->scl_pin);                                       // SCL Р­Ип
  182   2              soft_iic_delay(soft_iic_obj->delay);
  183   2              gpio_low(soft_iic_obj->scl_pin);                                        // SCL Р­ЕЭ
  184   2          }
  185   1          return ((soft_iic_wait_ack(soft_iic_obj) == 1) ? 0 : 1 );
  186   1      }
  187          
  188          //-------------------------------------------------------------------------------------------------------
             -------------
  189          // КЏЪ§МђНщ     ШэМў IIC ЖСШЁ 8bit Ъ§Он
  190          // ВЮЪ§ЫЕУї     *soft_iic_obj   ШэМў IIC жИЖЈаХЯЂ ПЩвдВЮее zf_driver_soft_iic.h РяЕФИёЪНПДПД
  191          // ВЮЪ§ЫЕУї     ack             ACK Лђ NACK
  192          // ЗЕЛиВЮЪ§     uint8           Ъ§Он
  193          // БИзЂаХЯЂ     ФкВПЕїгУ
  194          //-------------------------------------------------------------------------------------------------------
             -------------
  195          uint8 soft_iic_read_data (soft_iic_info_struct *soft_iic_obj, uint8 ack)
  196          {
  197   1          uint8 dat = 0x00;
  198   1          uint8 temp = 8;
  199   1              zf_assert(soft_iic_obj != NULL);
  200   1          gpio_low(soft_iic_obj->scl_pin);                                            // SCL ЕЭЕчЦН
  201   1          soft_iic_delay(soft_iic_obj->delay);
  202   1          gpio_high(soft_iic_obj->sda_pin);                                           // SDA ИпЕчЦН ЪЭЗХ SDA
  203   1      #if SOFT_IIC_SDA_IO_SWITCH
                   gpio_set_dir(soft_iic_obj->sda_pin, GPI, GPI_FLOATING_IN);
               #endif
  206   1      
  207   1          while(temp --)
  208   1          {
  209   2              gpio_low(soft_iic_obj->scl_pin);                                        // SCL Р­ЕЭ
  210   2              soft_iic_delay(soft_iic_obj->delay);
  211   2              gpio_high(soft_iic_obj->scl_pin);                                       // SCL Р­Ип
  212   2              soft_iic_delay(soft_iic_obj->delay);
  213   2              dat = ((dat << 1) | gpio_get_level((gpio_pin_enum)soft_iic_obj->sda_pin));
  214   2          }
  215   1          gpio_low(soft_iic_obj->scl_pin);                                            // SCL ЕЭЕчЦН
  216   1      #if SOFT_IIC_SDA_IO_SWITCH
                   gpio_set_dir(soft_iic_obj->sda_pin, GPO, GPO_OPEN_DTAIN);
               #endif
  219   1          soft_iic_delay(soft_iic_obj->delay);
  220   1          soft_iic_send_ack(soft_iic_obj, ack);
  221   1          return dat;
  222   1      }
  223          
  224          //-------------------------------------------------------------------------------------------------------
             -------------
  225          // КЏЪ§МђНщ     ШэМў IIC НгПкаД 8bit Ъ§Он
  226          // ВЮЪ§ЫЕУї     *soft_iic_obj   ШэМў IIC жИЖЈаХЯЂ ПЩвдВЮее zf_driver_soft_iic.h РяЕФИёЪНПДПД
  227          // ВЮЪ§ЫЕУї     dat            вЊаДШыЕФЪ§Он
  228          // ЗЕЛиВЮЪ§     void            
  229          // ЪЙгУЪОР§     soft_iic_write_8bit_register(soft_iic_obj, 0x01);
  230          // БИзЂаХЯЂ     
  231          //-------------------------------------------------------------------------------------------------------
             -------------
  232          void soft_iic_write_8bit (soft_iic_info_struct *soft_iic_obj, const uint8 dat)
  233          {
  234   1          zf_assert(soft_iic_obj != NULL);
  235   1          soft_iic_start(soft_iic_obj);
C251 COMPILER V5.60.0,  zf_driver_soft_iic                                                 21/03/26  13:02:30  PAGE 5   

  236   1          soft_iic_send_data(soft_iic_obj, soft_iic_obj->addr << 1);
  237   1          soft_iic_send_data(soft_iic_obj, dat);
  238   1          soft_iic_stop(soft_iic_obj);
  239   1      }
  240          
  241          //-------------------------------------------------------------------------------------------------------
             -------------
  242          // КЏЪ§МђНщ     ШэМў IIC НгПкаД 8bit Ъ§зщ
  243          // ВЮЪ§ЫЕУї     *soft_iic_obj   ШэМў IIC жИЖЈаХЯЂ ПЩвдВЮее zf_driver_soft_iic.h РяЕФИёЪНПДПД
  244          // ВЮЪ§ЫЕУї     *dat           Ъ§ОнДцЗХЛКГхЧј
  245          // ВЮЪ§ЫЕУї     len             ЛКГхЧјГЄЖШ
  246          // ЗЕЛиВЮЪ§     void            
  247          // ЪЙгУЪОР§     soft_iic_write_8bit_array(soft_iic_obj, dat, 6);
  248          // БИзЂаХЯЂ     
  249          //-------------------------------------------------------------------------------------------------------
             -------------
  250          void soft_iic_write_8bit_array (soft_iic_info_struct *soft_iic_obj, const uint8 *dat, uint32 len)
  251          {
  252   1          zf_assert(soft_iic_obj != NULL);
  253   1          zf_assert(dat != NULL);
  254   1          soft_iic_start(soft_iic_obj);
  255   1          soft_iic_send_data(soft_iic_obj, soft_iic_obj->addr << 1);
  256   1          while(len --)
  257   1          {
  258   2              soft_iic_send_data(soft_iic_obj, *dat ++);
  259   2          }
  260   1          soft_iic_stop(soft_iic_obj);
  261   1      }
  262          
  263          //-------------------------------------------------------------------------------------------------------
             -------------
  264          // КЏЪ§МђНщ     ШэМў IIC НгПкЦїаД 16bit Ъ§Он
  265          // ВЮЪ§ЫЕУї     *soft_iic_obj   ШэМў IIC жИЖЈаХЯЂ ПЩвдВЮее zf_driver_soft_iic.h РяЕФИёЪНПДПД
  266          // ВЮЪ§ЫЕУї     dat            вЊаДШыЕФЪ§Он
  267          // ЗЕЛиВЮЪ§     void            
  268          // ЪЙгУЪОР§     soft_iic_write_16bit(soft_iic_obj, 0x0101);
  269          // БИзЂаХЯЂ     
  270          //-------------------------------------------------------------------------------------------------------
             -------------
  271          void soft_iic_write_16bit (soft_iic_info_struct *soft_iic_obj, const uint16 dat)
  272          {
  273   1          zf_assert(soft_iic_obj != NULL);
  274   1          soft_iic_start(soft_iic_obj);
  275   1          soft_iic_send_data(soft_iic_obj, soft_iic_obj->addr << 1);
  276   1          soft_iic_send_data(soft_iic_obj, (uint8)((dat & 0xFF00) >> 8));
  277   1          soft_iic_send_data(soft_iic_obj, (uint8)(dat & 0x00FF));
  278   1          soft_iic_stop(soft_iic_obj);
  279   1      }
  280          
  281          //-------------------------------------------------------------------------------------------------------
             -------------
  282          // КЏЪ§МђНщ     ШэМў IIC НгПкаД 16bit Ъ§зщ
  283          // ВЮЪ§ЫЕУї     *soft_iic_obj   ШэМў IIC жИЖЈаХЯЂ ПЩвдВЮее zf_driver_soft_iic.h РяЕФИёЪНПДПД
  284          // ВЮЪ§ЫЕУї     *dat           Ъ§ОнДцЗХЛКГхЧј
  285          // ВЮЪ§ЫЕУї     len             ЛКГхЧјГЄЖШ
  286          // ЗЕЛиВЮЪ§     void            
  287          // ЪЙгУЪОР§     soft_iic_write_16bit_array(soft_iic_obj, dat, 6);
  288          // БИзЂаХЯЂ     
  289          //-------------------------------------------------------------------------------------------------------
             -------------
  290          void soft_iic_write_16bit_array (soft_iic_info_struct *soft_iic_obj, const uint16 *dat, uint32 len)
  291          {
  292   1          zf_assert(soft_iic_obj != NULL);
  293   1          zf_assert(dat != NULL);
  294   1          soft_iic_start(soft_iic_obj);
  295   1          soft_iic_send_data(soft_iic_obj, soft_iic_obj->addr << 1);
C251 COMPILER V5.60.0,  zf_driver_soft_iic                                                 21/03/26  13:02:30  PAGE 6   

  296   1          while(len --)
  297   1          {
  298   2              soft_iic_send_data(soft_iic_obj, (uint8)((*dat & 0xFF00) >> 8));
  299   2              soft_iic_send_data(soft_iic_obj, (uint8)(*dat ++ & 0x00FF));
  300   2          }
  301   1          soft_iic_stop(soft_iic_obj);
  302   1      }
  303          
  304          //-------------------------------------------------------------------------------------------------------
             -------------
  305          // КЏЪ§МђНщ     ШэМў IIC НгПкЯђДЋИаЦїМФДцЦїаД 8bit Ъ§Он
  306          // ВЮЪ§ЫЕУї     *soft_iic_obj   ШэМў IIC жИЖЈаХЯЂ ПЩвдВЮее zf_driver_soft_iic.h РяЕФИёЪНПДПД
  307          // ВЮЪ§ЫЕУї     register_name   ДЋИаЦїЕФМФДцЦїЕижЗ
  308          // ВЮЪ§ЫЕУї     dat            вЊаДШыЕФЪ§Он
  309          // ЗЕЛиВЮЪ§     void            
  310          // ЪЙгУЪОР§     soft_iic_write_8bit_register(soft_iic_obj, 0x01, 0x01);
  311          // БИзЂаХЯЂ     
  312          //-------------------------------------------------------------------------------------------------------
             -------------
  313          void soft_iic_write_8bit_register (soft_iic_info_struct *soft_iic_obj, const uint8 register_name, const u
             -int8 dat)
  314          {
  315   1          zf_assert(soft_iic_obj != NULL);
  316   1          soft_iic_start(soft_iic_obj);
  317   1          soft_iic_send_data(soft_iic_obj, soft_iic_obj->addr << 1);
  318   1          soft_iic_send_data(soft_iic_obj, register_name);
  319   1          soft_iic_send_data(soft_iic_obj, dat);
  320   1          soft_iic_stop(soft_iic_obj);
  321   1      }
  322          
  323          //-------------------------------------------------------------------------------------------------------
             -------------
  324          // КЏЪ§МђНщ     ШэМў IIC НгПкЯђДЋИаЦїМФДцЦїаД 8bit Ъ§зщ
  325          // ВЮЪ§ЫЕУї     *soft_iic_obj   ШэМў IIC жИЖЈаХЯЂ ПЩвдВЮее zf_driver_soft_iic.h РяЕФИёЪНПДПД
  326          // ВЮЪ§ЫЕУї     register_name   ДЋИаЦїЕФМФДцЦїЕижЗ
  327          // ВЮЪ§ЫЕУї     *dat           Ъ§ОнДцЗХЛКГхЧј
  328          // ВЮЪ§ЫЕУї     len             ЛКГхЧјГЄЖШ
  329          // ЗЕЛиВЮЪ§     void            
  330          // ЪЙгУЪОР§     soft_iic_write_8bit_registers(soft_iic_obj, 0x01, dat, 6);
  331          // БИзЂаХЯЂ     
  332          //-------------------------------------------------------------------------------------------------------
             -------------
  333          void soft_iic_write_8bit_registers (soft_iic_info_struct *soft_iic_obj, const uint8 register_name, const 
             -uint8 *dat, uint32 len)
  334          {
  335   1          zf_assert(soft_iic_obj != NULL);
  336   1          zf_assert(dat != NULL);
  337   1          soft_iic_start(soft_iic_obj);
  338   1          soft_iic_send_data(soft_iic_obj, soft_iic_obj->addr << 1);
  339   1          soft_iic_send_data(soft_iic_obj, register_name);
  340   1          while(len --)
  341   1          {
  342   2              soft_iic_send_data(soft_iic_obj, *dat ++);
  343   2          }
  344   1          soft_iic_stop(soft_iic_obj);
  345   1      }
  346          
  347          //-------------------------------------------------------------------------------------------------------
             -------------
  348          // КЏЪ§МђНщ     ШэМў IIC НгПкЯђДЋИаЦїМФДцЦїаД 16bit Ъ§Он
  349          // ВЮЪ§ЫЕУї     *soft_iic_obj   ШэМў IIC жИЖЈаХЯЂ ПЩвдВЮее zf_driver_soft_iic.h РяЕФИёЪНПДПД
  350          // ВЮЪ§ЫЕУї     register_name   ДЋИаЦїЕФМФДцЦїЕижЗ
  351          // ВЮЪ§ЫЕУї     dat            вЊаДШыЕФЪ§Он
  352          // ЗЕЛиВЮЪ§     void            
  353          // ЪЙгУЪОР§     soft_iic_write_16bit_register(soft_iic_obj, 0x0101, 0x0101);
  354          // БИзЂаХЯЂ     
C251 COMPILER V5.60.0,  zf_driver_soft_iic                                                 21/03/26  13:02:30  PAGE 7   

  355          //-------------------------------------------------------------------------------------------------------
             -------------
  356          void soft_iic_write_16bit_register (soft_iic_info_struct *soft_iic_obj, const uint16 register_name, const
             - uint16 dat)
  357          {
  358   1          zf_assert(soft_iic_obj != NULL);
  359   1          soft_iic_start(soft_iic_obj);
  360   1          soft_iic_send_data(soft_iic_obj, soft_iic_obj->addr << 1);
  361   1          soft_iic_send_data(soft_iic_obj, (uint8)((register_name & 0xFF00) >> 8));
  362   1          soft_iic_send_data(soft_iic_obj, (uint8)(register_name & 0x00FF));
  363   1          soft_iic_send_data(soft_iic_obj, (uint8)((dat & 0xFF00) >> 8));
  364   1          soft_iic_send_data(soft_iic_obj, (uint8)(dat & 0x00FF));
  365   1          soft_iic_stop(soft_iic_obj);
  366   1      }
  367          
  368          //-------------------------------------------------------------------------------------------------------
             -------------
  369          // КЏЪ§МђНщ     ШэМў IIC НгПкЯђДЋИаЦїМФДцЦїаД 16bit Ъ§зщ
  370          // ВЮЪ§ЫЕУї     *soft_iic_obj   ШэМў IIC жИЖЈаХЯЂ ПЩвдВЮее zf_driver_soft_iic.h РяЕФИёЪНПДПД
  371          // ВЮЪ§ЫЕУї     register_name   ДЋИаЦїЕФМФДцЦїЕижЗ
  372          // ВЮЪ§ЫЕУї     *dat           Ъ§ОнДцЗХЛКГхЧј
  373          // ВЮЪ§ЫЕУї     len             ЛКГхЧјГЄЖШ
  374          // ЗЕЛиВЮЪ§     void            
  375          // ЪЙгУЪОР§     soft_iic_write_16bit_registers(soft_iic_obj, 0x0101, dat, 6);
  376          // БИзЂаХЯЂ     
  377          //-------------------------------------------------------------------------------------------------------
             -------------
  378          void soft_iic_write_16bit_registers (soft_iic_info_struct *soft_iic_obj, const uint16 register_name, cons
             -t uint16 *dat, uint32 len)
  379          {
  380   1          zf_assert(soft_iic_obj != NULL);
  381   1          zf_assert(dat != NULL);
  382   1          soft_iic_start(soft_iic_obj);
  383   1          soft_iic_send_data(soft_iic_obj, soft_iic_obj->addr << 1);
  384   1          soft_iic_send_data(soft_iic_obj, (uint8)((register_name & 0xFF00) >> 8));
  385   1          soft_iic_send_data(soft_iic_obj, (uint8)(register_name & 0x00FF));
  386   1          while(len--)
  387   1          {
  388   2              soft_iic_send_data(soft_iic_obj, (uint8)((*dat & 0xFF00) >> 8));
  389   2              soft_iic_send_data(soft_iic_obj, (uint8)(*dat ++ & 0x00FF));
  390   2          }
  391   1          soft_iic_stop(soft_iic_obj);
  392   1      }
  393          
  394          //-------------------------------------------------------------------------------------------------------
             -------------
  395          // КЏЪ§МђНщ     ШэМў IIC НгПкЖСШЁ 8bit Ъ§Он
  396          // ВЮЪ§ЫЕУї     *soft_iic_obj   ШэМў IIC жИЖЈаХЯЂ ПЩвдВЮее zf_driver_soft_iic.h РяЕФИёЪНПДПД
  397          // ЗЕЛиВЮЪ§     uint8           ЗЕЛиЖСШЁЕФ 8bit Ъ§Он
  398          // ЪЙгУЪОР§     soft_iic_read_8bit(soft_iic_obj);
  399          // БИзЂаХЯЂ     
  400          //-------------------------------------------------------------------------------------------------------
             -------------
  401          uint8 soft_iic_read_8bit (soft_iic_info_struct *soft_iic_obj)
  402          {
  403   1          uint8 temp = 0;
  404   1              zf_assert(soft_iic_obj != NULL);
  405   1          soft_iic_start(soft_iic_obj);
  406   1          soft_iic_send_data(soft_iic_obj, soft_iic_obj->addr << 1 | 0x01);
  407   1          temp = soft_iic_read_data(soft_iic_obj, 1);
  408   1          soft_iic_stop(soft_iic_obj);
  409   1          return temp;
  410   1      }
  411          
  412          //-------------------------------------------------------------------------------------------------------
             -------------
C251 COMPILER V5.60.0,  zf_driver_soft_iic                                                 21/03/26  13:02:30  PAGE 8   

  413          // КЏЪ§МђНщ     ШэМў IIC НгПкДгДЋИаЦїМФДцЦїЖСШЁ 8bit Ъ§зщ
  414          // ВЮЪ§ЫЕУї     *soft_iic_obj   ШэМў IIC жИЖЈаХЯЂ ПЩвдВЮее zf_driver_soft_iic.h РяЕФИёЪНПДПД
  415          // ВЮЪ§ЫЕУї     register_name   ДЋИаЦїЕФМФДцЦїЕижЗ
  416          // ВЮЪ§ЫЕУї     *dat           вЊЖСШЁЕФЪ§ОнЕФЛКГхЧјжИеы
  417          // ВЮЪ§ЫЕУї     len             вЊЖСШЁЕФЪ§ОнГЄЖШ
  418          // ЗЕЛиВЮЪ§     void            
  419          // ЪЙгУЪОР§     soft_iic_read_8bit_array(soft_iic_obj, dat, 8);
  420          // БИзЂаХЯЂ     
  421          //-------------------------------------------------------------------------------------------------------
             -------------
  422          void soft_iic_read_8bit_array (soft_iic_info_struct *soft_iic_obj, uint8 *dat, uint32 len)
  423          {
  424   1          zf_assert(soft_iic_obj != NULL);
  425   1          zf_assert(dat != NULL);
  426   1          soft_iic_start(soft_iic_obj);
  427   1          soft_iic_send_data(soft_iic_obj, soft_iic_obj->addr << 1 | 0x01);
  428   1          while(len --)
  429   1          {
  430   2              *dat ++ = soft_iic_read_data(soft_iic_obj, len == 0);
  431   2          }
  432   1          soft_iic_stop(soft_iic_obj);
  433   1      }
  434          
  435          //-------------------------------------------------------------------------------------------------------
             -------------
  436          // КЏЪ§МђНщ     ШэМў IIC НгПкЖСШЁ 16bit Ъ§Он
  437          // ВЮЪ§ЫЕУї     *soft_iic_obj   ШэМў IIC жИЖЈаХЯЂ ПЩвдВЮее zf_driver_soft_iic.h РяЕФИёЪНПДПД
  438          // ВЮЪ§ЫЕУї     register_name   ДЋИаЦїЕФМФДцЦїЕижЗ
  439          // ЗЕЛиВЮЪ§     uint16          ЗЕЛиЖСШЁЕФ 16bit Ъ§Он
  440          // ЪЙгУЪОР§     soft_iic_read_16bit(soft_iic_obj);
  441          // БИзЂаХЯЂ     
  442          //-------------------------------------------------------------------------------------------------------
             -------------
  443          uint16 soft_iic_read_16bit (soft_iic_info_struct *soft_iic_obj)
  444          {
  445   1          uint16 temp = 0;
  446   1              zf_assert(soft_iic_obj != NULL);
  447   1          soft_iic_start(soft_iic_obj);
  448   1          soft_iic_send_data(soft_iic_obj, soft_iic_obj->addr << 1 | 0x01);
  449   1          temp = soft_iic_read_data(soft_iic_obj, 0);
  450   1          temp = ((temp << 8)| soft_iic_read_data(soft_iic_obj, 1));
  451   1          soft_iic_stop(soft_iic_obj);
  452   1          return temp;
  453   1      }
  454          
  455          //-------------------------------------------------------------------------------------------------------
             -------------
  456          // КЏЪ§МђНщ     ШэМў IIC НгПкЖСШЁ 16bit Ъ§зщ
  457          // ВЮЪ§ЫЕУї     *soft_iic_obj   ШэМў IIC жИЖЈаХЯЂ ПЩвдВЮее zf_driver_soft_iic.h РяЕФИёЪНПДПД
  458          // ВЮЪ§ЫЕУї     *dat           вЊЖСШЁЕФЪ§ОнЕФЛКГхЧјжИеы
  459          // ВЮЪ§ЫЕУї     len             вЊЖСШЁЕФЪ§ОнГЄЖШ
  460          // ЗЕЛиВЮЪ§     void            
  461          // ЪЙгУЪОР§     soft_iic_read_16bit_array(soft_iic_obj, dat, 8);
  462          // БИзЂаХЯЂ     
  463          //-------------------------------------------------------------------------------------------------------
             -------------
  464          void soft_iic_read_16bit_array (soft_iic_info_struct *soft_iic_obj, uint16 *dat, uint32 len)
  465          {
  466   1          zf_assert(soft_iic_obj != NULL);
  467   1          zf_assert(dat != NULL);
  468   1          soft_iic_start(soft_iic_obj);
  469   1          soft_iic_send_data(soft_iic_obj, soft_iic_obj->addr << 1 | 0x01);
  470   1          while(len --)
  471   1          {
  472   2              *dat = soft_iic_read_data(soft_iic_obj, 0);
  473   2              *dat = ((*dat << 8)| soft_iic_read_data(soft_iic_obj, len == 0));
C251 COMPILER V5.60.0,  zf_driver_soft_iic                                                 21/03/26  13:02:30  PAGE 9   

  474   2              dat ++;
  475   2          }
  476   1          soft_iic_stop(soft_iic_obj);
  477   1      }
  478          
  479          //-------------------------------------------------------------------------------------------------------
             -------------
  480          // КЏЪ§МђНщ     ШэМў IIC НгПкДгДЋИаЦїМФДцЦїЖСШЁ 8bit Ъ§Он
  481          // ВЮЪ§ЫЕУї     *soft_iic_obj   ШэМў IIC жИЖЈаХЯЂ ПЩвдВЮее zf_driver_soft_iic.h РяЕФИёЪНПДПД
  482          // ВЮЪ§ЫЕУї     register_name   ДЋИаЦїЕФМФДцЦїЕижЗ
  483          // ЗЕЛиВЮЪ§     uint8           ЗЕЛиЖСШЁЕФ 8bit Ъ§Он
  484          // ЪЙгУЪОР§     soft_iic_read_8bit_register(soft_iic_obj, 0x01);
  485          // БИзЂаХЯЂ     
  486          //-------------------------------------------------------------------------------------------------------
             -------------
  487          uint8 soft_iic_read_8bit_register (soft_iic_info_struct *soft_iic_obj, const uint8 register_name)
  488          {
  489   1          uint8 temp = 0;
  490   1              zf_assert(soft_iic_obj != NULL);
  491   1          soft_iic_start(soft_iic_obj);
  492   1          soft_iic_send_data(soft_iic_obj, soft_iic_obj->addr << 1);
  493   1          soft_iic_send_data(soft_iic_obj, register_name);
  494   1          soft_iic_start(soft_iic_obj);
  495   1          soft_iic_send_data(soft_iic_obj, soft_iic_obj->addr << 1 | 0x01);
  496   1          temp = soft_iic_read_data(soft_iic_obj, 1);
  497   1          soft_iic_stop(soft_iic_obj);
  498   1          return temp;
  499   1      }
  500          
  501          //-------------------------------------------------------------------------------------------------------
             -------------
  502          // КЏЪ§МђНщ     ШэМў IIC НгПкДгДЋИаЦїМФДцЦїЖСШЁ 8bit Ъ§зщ
  503          // ВЮЪ§ЫЕУї     *soft_iic_obj   ШэМў IIC жИЖЈаХЯЂ ПЩвдВЮее zf_driver_soft_iic.h РяЕФИёЪНПДПД
  504          // ВЮЪ§ЫЕУї     register_name   ДЋИаЦїЕФМФДцЦїЕижЗ
  505          // ВЮЪ§ЫЕУї     *dat           вЊЖСШЁЕФЪ§ОнЕФЛКГхЧјжИеы
  506          // ВЮЪ§ЫЕУї     len             вЊЖСШЁЕФЪ§ОнГЄЖШ
  507          // ЗЕЛиВЮЪ§     void            
  508          // ЪЙгУЪОР§     soft_iic_read_8bit_registers(soft_iic_obj, 0x01, dat, 8);
  509          // БИзЂаХЯЂ     
  510          //-------------------------------------------------------------------------------------------------------
             -------------
  511          void soft_iic_read_8bit_registers (soft_iic_info_struct *soft_iic_obj, const uint8 register_name, uint8 *
             -dat, uint32 len)
  512          {
  513   1          zf_assert(soft_iic_obj != NULL);
  514   1          zf_assert(dat != NULL);
  515   1          soft_iic_start(soft_iic_obj);
  516   1          soft_iic_send_data(soft_iic_obj, soft_iic_obj->addr << 1);
  517   1          soft_iic_send_data(soft_iic_obj, register_name);
  518   1          soft_iic_start(soft_iic_obj);
  519   1          soft_iic_send_data(soft_iic_obj, soft_iic_obj->addr << 1 | 0x01);
  520   1          while(len --)
  521   1          {
  522   2              *dat ++ = soft_iic_read_data(soft_iic_obj, len == 0);
  523   2          }
  524   1          soft_iic_stop(soft_iic_obj);
  525   1      }
  526          
  527          //-------------------------------------------------------------------------------------------------------
             -------------
  528          // КЏЪ§МђНщ     ШэМў IIC НгПкДгДЋИаЦїМФДцЦїЖСШЁ 16bit Ъ§Он
  529          // ВЮЪ§ЫЕУї     *soft_iic_obj   ШэМў IIC жИЖЈаХЯЂ ПЩвдВЮее zf_driver_soft_iic.h РяЕФИёЪНПДПД
  530          // ВЮЪ§ЫЕУї     register_name   ДЋИаЦїЕФМФДцЦїЕижЗ
  531          // ЗЕЛиВЮЪ§     uint16          ЗЕЛиЖСШЁЕФ 16bit Ъ§Он
  532          // ЪЙгУЪОР§     soft_iic_read_16bit_register(soft_iic_obj, 0x0101);
  533          // БИзЂаХЯЂ     
C251 COMPILER V5.60.0,  zf_driver_soft_iic                                                 21/03/26  13:02:30  PAGE 10  

  534          //-------------------------------------------------------------------------------------------------------
             -------------
  535          uint16 soft_iic_read_16bit_register (soft_iic_info_struct *soft_iic_obj, const uint16 register_name)
  536          {
  537   1          uint16 temp = 0;
  538   1              zf_assert(soft_iic_obj != NULL);
  539   1          soft_iic_start(soft_iic_obj);
  540   1          soft_iic_send_data(soft_iic_obj, soft_iic_obj->addr << 1);
  541   1          soft_iic_send_data(soft_iic_obj, (uint8)((register_name & 0xFF00) >> 8));
  542   1          soft_iic_send_data(soft_iic_obj, (uint8)(register_name & 0x00FF));
  543   1          soft_iic_start(soft_iic_obj);
  544   1          soft_iic_send_data(soft_iic_obj, soft_iic_obj->addr << 1 | 0x01);
  545   1          temp = soft_iic_read_data(soft_iic_obj, 0);
  546   1          temp = ((temp << 8)| soft_iic_read_data(soft_iic_obj, 1));
  547   1          soft_iic_stop(soft_iic_obj);
  548   1          return temp;
  549   1      }
  550          
  551          //-------------------------------------------------------------------------------------------------------
             -------------
  552          // КЏЪ§МђНщ     ШэМў IIC НгПкДгДЋИаЦїМФДцЦїЖСШЁ 16bit Ъ§зщ
  553          // ВЮЪ§ЫЕУї     *soft_iic_obj   ШэМў IIC жИЖЈаХЯЂ ПЩвдВЮее zf_driver_soft_iic.h РяЕФИёЪНПДПД
  554          // ВЮЪ§ЫЕУї     register_name   ДЋИаЦїЕФМФДцЦїЕижЗ
  555          // ВЮЪ§ЫЕУї     *dat           вЊЖСШЁЕФЪ§ОнЕФЛКГхЧјжИеы
  556          // ВЮЪ§ЫЕУї     len             вЊЖСШЁЕФЪ§ОнГЄЖШ
  557          // ЗЕЛиВЮЪ§     void            
  558          // ЪЙгУЪОР§     soft_iic_read_16bit_registers(soft_iic_obj, 0x0101, dat, 8);
  559          // БИзЂаХЯЂ     
  560          //-------------------------------------------------------------------------------------------------------
             -------------
  561          void soft_iic_read_16bit_registers (soft_iic_info_struct *soft_iic_obj, const uint16 register_name, uint1
             -6 *dat, uint32 len)
  562          {
  563   1          zf_assert(soft_iic_obj != NULL);
  564   1          zf_assert(dat != NULL);
  565   1          soft_iic_start(soft_iic_obj);
  566   1          soft_iic_send_data(soft_iic_obj, soft_iic_obj->addr << 1);
  567   1          soft_iic_send_data(soft_iic_obj, (uint8)((register_name & 0xFF00) >> 8));
  568   1          soft_iic_send_data(soft_iic_obj, (uint8)(register_name & 0x00FF));
  569   1          soft_iic_start(soft_iic_obj);
  570   1          soft_iic_send_data(soft_iic_obj, soft_iic_obj->addr << 1 | 0x01);
  571   1          while(len --)
  572   1          {
  573   2              *dat = soft_iic_read_data(soft_iic_obj, 0);
  574   2              *dat = ((*dat << 8)| soft_iic_read_data(soft_iic_obj, len == 0));
  575   2              dat ++;
  576   2          }
  577   1          soft_iic_stop(soft_iic_obj);
  578   1      }
  579          
  580          //-------------------------------------------------------------------------------------------------------
             -------------
  581          // КЏЪ§МђНщ     ШэМў IIC НгПкДЋЪф 8bit Ъ§зщ ЯШаДКѓЖСШЁ
  582          // ВЮЪ§ЫЕУї     *soft_iic_obj   ШэМў IIC жИЖЈаХЯЂ ПЩвдВЮее zf_driver_soft_iic.h РяЕФИёЪНПДПД
  583          // ВЮЪ§ЫЕУї     *write_data     ЗЂЫЭЪ§ОнДцЗХЛКГхЧј
  584          // ВЮЪ§ЫЕУї     write_len       ЗЂЫЭЛКГхЧјГЄЖШ
  585          // ВЮЪ§ЫЕУї     *read_data      ЖСШЁЪ§ОнДцЗХЛКГхЧј
  586          // ВЮЪ§ЫЕУї     read_len        ЖСШЁЛКГхЧјГЄЖШ
  587          // ЗЕЛиВЮЪ§     void            
  588          // ЪЙгУЪОР§     iic_transfer_8bit_array(IIC_1, addr, dat, 64, dat, 64);
  589          // БИзЂаХЯЂ     
  590          //-------------------------------------------------------------------------------------------------------
             -------------
  591          void soft_iic_transfer_8bit_array (soft_iic_info_struct *soft_iic_obj, const uint8 *write_data, uint32 wr
             -ite_len, uint8 *read_data, uint32 read_len)
  592          {
C251 COMPILER V5.60.0,  zf_driver_soft_iic                                                 21/03/26  13:02:30  PAGE 11  

  593   1          zf_assert(soft_iic_obj != NULL);
  594   1          zf_assert(write_data != NULL);
  595   1          zf_assert(read_data != NULL);
  596   1          soft_iic_start(soft_iic_obj);
  597   1          soft_iic_send_data(soft_iic_obj, soft_iic_obj->addr << 1);
  598   1          while(write_len --)
  599   1          {
  600   2              soft_iic_send_data(soft_iic_obj, *write_data ++);
  601   2          }
  602   1      
  603   1          if(read_len)
  604   1          {
  605   2              soft_iic_start(soft_iic_obj);
  606   2              soft_iic_send_data(soft_iic_obj, soft_iic_obj->addr << 1 | 0x01);
  607   2              while(read_len --)
  608   2              {
  609   3                  *read_data ++ = soft_iic_read_data(soft_iic_obj, read_len == 0);
  610   3              }
  611   2          }
  612   1          soft_iic_stop(soft_iic_obj);
  613   1      }
  614          
  615          //-------------------------------------------------------------------------------------------------------
             -------------
  616          // КЏЪ§МђНщ     ШэМў IIC НгПкДЋЪф 16bit Ъ§зщ ЯШаДКѓЖСШЁ
  617          // ВЮЪ§ЫЕУї     *soft_iic_obj   ШэМў IIC жИЖЈаХЯЂ ПЩвдВЮее zf_driver_soft_iic.h РяЕФИёЪНПДПД
  618          // ВЮЪ§ЫЕУї     *write_data     ЗЂЫЭЪ§ОнДцЗХЛКГхЧј
  619          // ВЮЪ§ЫЕУї     write_len       ЗЂЫЭЛКГхЧјГЄЖШ
  620          // ВЮЪ§ЫЕУї     *read_data      ЖСШЁЪ§ОнДцЗХЛКГхЧј
  621          // ВЮЪ§ЫЕУї     read_len        ЖСШЁЛКГхЧјГЄЖШ
  622          // ЗЕЛиВЮЪ§     void            
  623          // ЪЙгУЪОР§     iic_transfer_16bit_array(IIC_1, addr, dat, 64, dat, 64);
  624          // БИзЂаХЯЂ     
  625          //-------------------------------------------------------------------------------------------------------
             -------------
  626          void soft_iic_transfer_16bit_array (soft_iic_info_struct *soft_iic_obj, const uint16 *write_data, uint32 
             -write_len, uint16 *read_data, uint32 read_len)
  627          {
  628   1          zf_assert(soft_iic_obj != NULL);
  629   1          zf_assert(write_data != NULL);
  630   1          zf_assert(read_data != NULL);
  631   1          soft_iic_start(soft_iic_obj);
  632   1          soft_iic_send_data(soft_iic_obj, soft_iic_obj->addr << 1);
  633   1          while(write_len--)
  634   1          {
  635   2              soft_iic_send_data(soft_iic_obj, (uint8)((*write_data & 0xFF00) >> 8));
  636   2              soft_iic_send_data(soft_iic_obj, (uint8)(*write_data ++ & 0x00FF));
  637   2          }
  638   1          if(read_len)
  639   1          {
  640   2              soft_iic_start(soft_iic_obj);
  641   2              soft_iic_send_data(soft_iic_obj, soft_iic_obj->addr << 1 | 0x01);
  642   2              while(read_len --)
  643   2              {
  644   3                  *read_data = soft_iic_read_data(soft_iic_obj, 0);
  645   3                  *read_data = ((*read_data << 8)| soft_iic_read_data(soft_iic_obj, read_len == 0));
  646   3                  read_data ++;
  647   3              }
  648   2          }
  649   1          soft_iic_stop(soft_iic_obj);
  650   1      }
  651          
  652          //-------------------------------------------------------------------------------------------------------
             -------------
  653          // КЏЪ§МђНщ     ШэМў IIC НгПк SCCB ФЃЪНЯђДЋИаЦїМФДцЦїаД 8bit Ъ§Он
  654          // ВЮЪ§ЫЕУї     *soft_iic_obj   ШэМў IIC жИЖЈаХЯЂ ПЩвдВЮее zf_driver_soft_iic.h РяЕФИёЪНПДПД
C251 COMPILER V5.60.0,  zf_driver_soft_iic                                                 21/03/26  13:02:30  PAGE 12  

  655          // ВЮЪ§ЫЕУї     register_name   ДЋИаЦїЕФМФДцЦїЕижЗ
  656          // ВЮЪ§ЫЕУї     dat            вЊаДШыЕФЪ§Он
  657          // ЗЕЛиВЮЪ§     void            
  658          // ЪЙгУЪОР§     soft_iic_sccb_write_register(soft_iic_obj, 0x01, 0x01);
  659          // БИзЂаХЯЂ     
  660          //-------------------------------------------------------------------------------------------------------
             -------------
  661          void soft_iic_sccb_write_register (soft_iic_info_struct *soft_iic_obj, const uint8 register_name, uint8 d
             -at)
  662          {
  663   1          zf_assert(soft_iic_obj != NULL);
  664   1          soft_iic_start(soft_iic_obj);
  665   1          soft_iic_send_data(soft_iic_obj, soft_iic_obj->addr << 1);
  666   1          soft_iic_send_data(soft_iic_obj, register_name);
  667   1          soft_iic_send_data(soft_iic_obj, dat);
  668   1          soft_iic_stop(soft_iic_obj);
  669   1      }
  670          
  671          //-------------------------------------------------------------------------------------------------------
             -------------
  672          // КЏЪ§МђНщ     ШэМў IIC НгПк SCCB ФЃЪНДгДЋИаЦїМФДцЦїЖСШЁ 8bit Ъ§Он
  673          // ВЮЪ§ЫЕУї     *soft_iic_obj   ШэМў IIC жИЖЈаХЯЂ ПЩвдВЮее zf_driver_soft_iic.h РяЕФИёЪНПДПД
  674          // ВЮЪ§ЫЕУї     register_name   ДЋИаЦїЕФМФДцЦїЕижЗ
  675          // ЗЕЛиВЮЪ§     uint8           ЗЕЛиЖСШЁЕФ 8bit Ъ§Он
  676          // ЪЙгУЪОР§     soft_iic_sccb_read_register(soft_iic_obj, 0x01);
  677          // БИзЂаХЯЂ     
  678          //-------------------------------------------------------------------------------------------------------
             -------------
  679          uint8 soft_iic_sccb_read_register (soft_iic_info_struct *soft_iic_obj, const uint8 register_name)
  680          {
  681   1          uint8 temp = 0;
  682   1              zf_assert(soft_iic_obj != NULL);
  683   1          soft_iic_start(soft_iic_obj);
  684   1          soft_iic_send_data(soft_iic_obj, soft_iic_obj->addr << 1);
  685   1          soft_iic_send_data(soft_iic_obj, register_name);
  686   1          soft_iic_stop(soft_iic_obj);
  687   1      
  688   1          soft_iic_start(soft_iic_obj);
  689   1          soft_iic_send_data(soft_iic_obj, soft_iic_obj->addr << 1 | 0x01);
  690   1          temp = soft_iic_read_data(soft_iic_obj, 1);
  691   1          soft_iic_stop(soft_iic_obj);
  692   1          return temp;
  693   1      }
  694          
  695          //-------------------------------------------------------------------------------------------------------
             -------------
  696          // КЏЪ§МђНщ     ШэМў IIC НгПкГѕЪМЛЏ ФЌШЯ MASTER ФЃЪН ВЛЬсЙЉ SLAVE ФЃЪН
  697          // ВЮЪ§ЫЕУї     *soft_iic_obj   ШэМў IIC жИЖЈаХЯЂДцЗХНсЙЙЬхЕФжИеы
  698          // ВЮЪ§ЫЕУї     addr            ШэМў IIC ЕижЗ етРяашвЊзЂвт БъзМЦпЮЛЕижЗ зюИпЮЛКіТд аДШыЪБЧыЮёБиШЗШЯЮоЮѓ
  699          // ВЮЪ§ЫЕУї     delay           ШэМў IIC бгЪБ ОЭЪЧЪБжгИпЕчЦНЪБМф дНЖЬ IIC ЫйТЪдНИп
  700          // ВЮЪ§ЫЕУї     scl_pin         ШэМў IIC ЪБжгв§НХ ВЮее zf_driver_gpio.h Фк gpio_pin_enum УЖОйЬхЖЈвх
  701          // ВЮЪ§ЫЕУї     sda_pin         ШэМў IIC Ъ§Онв§НХ ВЮее zf_driver_gpio.h Фк gpio_pin_enum УЖОйЬхЖЈвх
  702          // ЗЕЛиВЮЪ§     void            
  703          // ЪЙгУЪОР§     soft_iic_init(&soft_iic_obj, addr, 100, B6, B7);
  704          // БИзЂаХЯЂ     
  705          //-------------------------------------------------------------------------------------------------------
             -------------
  706          void soft_iic_init (soft_iic_info_struct *soft_iic_obj, uint8 addr, uint32 delay, gpio_pin_enum scl_pin, 
             -gpio_pin_enum sda_pin)
  707          {
  708   1          zf_assert(soft_iic_obj != NULL);
  709   1          zf_assert(scl_pin != sda_pin);                                 // абабЃЁ scl_pin гы sda_pin дѕУДФмЬюЭ
             -ЌвЛИів§НХЃП
  710   1          soft_iic_obj->scl_pin = scl_pin;
  711   1          soft_iic_obj->sda_pin = sda_pin;
  712   1          soft_iic_obj->addr = addr;
C251 COMPILER V5.60.0,  zf_driver_soft_iic                                                 21/03/26  13:02:30  PAGE 13  

  713   1          soft_iic_obj->delay = delay;
  714   1          gpio_init(scl_pin, GPO, 1, GPO_OPEN_DTAIN);                                 // ЬсШЁЖдгІIOЫїв§ AFЙІФмБрТы
  715   1          gpio_init(sda_pin, GPO, 1, GPO_OPEN_DTAIN);                                 // ЬсШЁЖдгІIOЫїв§ AFЙІФмБрТы
  716   1      }


Module Information          Static   Overlayable
------------------------------------------------
  code size            =    ------     ------
  ecode size           =      6802     ------
  data size            =    ------     ------
  idata size           =    ------     ------
  pdata size           =    ------     ------
  xdata size           =       256     ------
  xdata-const size     =    ------     ------
  edata size           =    ------     ------
  bit size             =    ------     ------
  ebit size            =    ------     ------
  bitaddressable size  =    ------     ------
  ebitaddressable size =    ------     ------
  far data size        =    ------     ------
  huge data size       =    ------     ------
  const size           =    ------     ------
  hconst size          =        47     ------
End of Module Information.


C251 COMPILATION COMPLETE.  0 WARNING(S),  0 ERROR(S)
