C251 COMPILER V5.60.0,  zf_driver_gpio                                                     13/01/26  21:31:31  PAGE 1   


C251 COMPILER V5.60.0, COMPILATION OF MODULE zf_driver_gpio
OBJECT MODULE PLACED IN .\out_file\zf_driver_gpio.obj
COMPILER INVOKED BY: D:\Keil5\C251\BIN\C251.EXE ..\..\libraries\zf_driver\zf_driver_gpio.c LARGE FLOAT64 ROM(HUGE) WARNI
                    -NGLEVEL(3) OPTIMIZE(0,SIZE) BROWSE INCDIR(..\..\libraries\zf_common;..\..\libraries\zf_components;..\..\libraries\zf_dev
                    -ice;..\..\libraries\zf_driver;..\user;..\code;..\..\libraries\zf_components\stc32g_usb_lib;..\..\libraries\zf_components
                    -\seekfree_assistant) DEBUG PRINT(.\out_file\zf_driver_gpio.lst) OBJECT(.\out_file\zf_driver_gpio.obj) 

stmt  level    source

    1          /********************************************************************************************************
             -*************
    2          * STC32G144K Opensourec Library МДЃЈSTC32G144K ПЊдДПтЃЉЪЧвЛИіЛљгкЙйЗН SDK НгПкЕФЕкШ§ЗНПЊдДПт
    3          * Copyright (c) 2025 SEEKFREE ж№ЗЩПЦММ
    4          *
    5          * БОЮФМўЪЧSTC32G144KПЊдДПтЕФвЛВПЗж
    6          *
    7          * STC32G144K ПЊдДПт ЪЧУтЗбШэМў
    8          * ФњПЩвдИљОнздгЩШэМўЛљН№ЛсЗЂВМЕФ GPLЃЈGNU General Public LicenseЃЌМД GNUЭЈгУЙЋЙВаэПЩжЄЃЉЕФЬѕПю
    9          * МД GPL ЕФЕк3АцЃЈМД GPL3.0ЃЉЛђЃЈФњбЁдёЕФЃЉШЮКЮКѓРДЕФАцБОЃЌжиаТЗЂВМКЭ/ЛђаоИФЫќ
   10          *
   11          * БОПЊдДПтЕФЗЂВМЪЧЯЃЭћЫќФмЗЂЛгзїгУЃЌЕЋВЂЮДЖдЦфзїШЮКЮЕФБЃжЄ
   12          * ЩѕжСУЛгавўКЌЕФЪЪЯњадЛђЪЪКЯЬиЖЈгУЭОЕФБЃжЄ
   13          * ИќЖрЯИНкЧыВЮМћ GPL
   14          *
   15          * ФњгІИУдкЪеЕНБОПЊдДПтЕФЭЌЪБЪеЕНвЛЗн GPL ЕФИББО
   16          * ШчЙћУЛгаЃЌЧыВЮдФ<https://www.gnu.org/licenses/>
   17          *
   18          * ЖюЭтзЂУїЃК
   19          * БОПЊдДПтЪЙгУ GPL3.0 ПЊдДаэПЩжЄа­вщ вдЩЯаэПЩЩъУїЮЊвыЮФАцБО
   20          * аэПЩЩъУїгЂЮФАцдк libraries/doc ЮФМўМаЯТЕФ GPL3_permission_statement.txt ЮФМўжа
   21          * аэПЩжЄИББОдк libraries ЮФМўМаЯТ МДИУЮФМўМаЯТЕФ LICENSE ЮФМў
   22          * ЛЖг­ИїЮЛЪЙгУВЂДЋВЅБОГЬађ ЕЋаоИФФкШнЪББиаыБЃСєж№ЗЩПЦММЕФАцШЈЩљУїЃЈМДБОЩљУїЃЉ
   23          *
   24          * ЮФМўУћГЦ          
   25          * ЙЋЫОУћГЦ          ГЩЖМж№ЗЩПЦММгаЯоЙЋЫО
   26          * АцБОаХЯЂ          ВщПД libraries/doc ЮФМўМаФк version ЮФМў АцБОЫЕУї
   27          * ПЊЗЂЛЗОГ          MDK FOR C251
   28          * ЪЪгУЦНЬЈ          STC32G144K
   29          * ЕъЦЬСДНг          https://seekfree.taobao.com/
   30          *
   31          * аоИФМЧТМ
   32          * ШеЦк              зїеп           БИзЂ
   33          * 2025-11-20        ДѓW            first version
   34          * 2024-xx-xx        гХЛЏ           ОЋМђжиИДТпМ­ЃЌЪЪХфSFRЬиад
   35          *********************************************************************************************************
             -***********/
   36          
   37          #include "zf_common_debug.h"
   38          #include "zf_driver_gpio.h"
   39          
   40          //-------------------------------------------------------------------------------------------------------
             -------------
   41          // КЏЪ§МђНщ     GPIOЩшжУЭЦЭьЪфГі
   42          // ВЮЪ§ЫЕУї     pin         в§НХКХбЁдёЕФв§НХ
   43          // ЗЕЛиВЮЪ§     void
   44          // ЪЙгУЪОР§     
   45          //-------------------------------------------------------------------------------------------------------
             -------------
   46          static void gpio_set_push_pull(gpio_pin_enum pin)
   47          {
   48   1          uint8 pin_bit = pin & 0x0F;
   49   1          uint8 port_flag = pin & 0xF0;
   50   1      
   51   1          // ЭГвЛИпзшЪфШыХфжУЃЈPnM1жУЮЛЃЌPnM0ЧхСуЃЉ
   52   1          switch(port_flag)
C251 COMPILER V5.60.0,  zf_driver_gpio                                                     13/01/26  21:31:31  PAGE 2   

   53   1          {
   54   2              case IO_P00: P0M1 &= ~(1 << pin_bit); P0M0 |= (1 << pin_bit); break;
   55   2              case IO_P10: P1M1 &= ~(1 << pin_bit); P1M0 |= (1 << pin_bit); break;
   56   2              case IO_P20: P2M1 &= ~(1 << pin_bit); P2M0 |= (1 << pin_bit); break;
   57   2              case IO_P30: P3M1 &= ~(1 << pin_bit); P3M0 |= (1 << pin_bit); break;
   58   2              case IO_P40: P4M1 &= ~(1 << pin_bit); P4M0 |= (1 << pin_bit); break;
   59   2              case IO_P50: P5M1 &= ~(1 << pin_bit); P5M0 |= (1 << pin_bit); break;
   60   2              case IO_P60: P6M1 &= ~(1 << pin_bit); P6M0 |= (1 << pin_bit); break;
   61   2              case IO_P70: P7M1 &= ~(1 << pin_bit); P7M0 |= (1 << pin_bit); break;
   62   2              case IO_P80: P8M1 &= ~(1 << pin_bit); P8M0 |= (1 << pin_bit); break;
   63   2              case IO_P90: P9M1 &= ~(1 << pin_bit); P9M0 |= (1 << pin_bit); break;
   64   2              case IO_PA0: PAM1 &= ~(1 << pin_bit); PAM0 |= (1 << pin_bit); break;
   65   2              case IO_PB0: PBM1 &= ~(1 << pin_bit); PBM0 |= (1 << pin_bit); break;
   66   2              
   67   2              default: break; // ЮоаЇв§НХ
   68   2          }
   69   1      
   70   1      }
   71          
   72          //-------------------------------------------------------------------------------------------------------
             -------------
   73          // КЏЪ§МђНщ     GPIOЩшжУПЊТЉ
   74          // ВЮЪ§ЫЕУї     pin         в§НХКХбЁдёЕФв§НХ
   75          // ЗЕЛиВЮЪ§     void
   76          // ЪЙгУЪОР§     
   77          //-------------------------------------------------------------------------------------------------------
             -------------
   78          static void gpio_set_open_dtain(gpio_pin_enum pin)
   79          {
   80   1          uint8 pin_bit = pin & 0x0F;
   81   1          uint8 port_flag = pin & 0xF0;
   82   1      
   83   1          // ЭГвЛИпзшЪфШыХфжУЃЈPnM1жУЮЛЃЌPnM0ЧхСуЃЉ
   84   1          switch(port_flag)
   85   1          {
   86   2              case IO_P00: P0M1 |= (1 << pin_bit); P0M0 |= (1 << pin_bit); break;
   87   2              case IO_P10: P1M1 |= (1 << pin_bit); P1M0 |= (1 << pin_bit); break;
   88   2              case IO_P20: P2M1 |= (1 << pin_bit); P2M0 |= (1 << pin_bit); break;
   89   2              case IO_P30: P3M1 |= (1 << pin_bit); P3M0 |= (1 << pin_bit); break;
   90   2              case IO_P40: P4M1 |= (1 << pin_bit); P4M0 |= (1 << pin_bit); break;
   91   2              case IO_P50: P5M1 |= (1 << pin_bit); P5M0 |= (1 << pin_bit); break;
   92   2              case IO_P60: P6M1 |= (1 << pin_bit); P6M0 |= (1 << pin_bit); break;
   93   2              case IO_P70: P7M1 |= (1 << pin_bit); P7M0 |= (1 << pin_bit); break;
   94   2              case IO_P80: P8M1 |= (1 << pin_bit); P8M0 |= (1 << pin_bit); break;
   95   2              case IO_P90: P9M1 |= (1 << pin_bit); P9M0 |= (1 << pin_bit); break;
   96   2              case IO_PA0: PAM1 |= (1 << pin_bit); PAM0 |= (1 << pin_bit); break;
   97   2              case IO_PB0: PBM1 |= (1 << pin_bit); PBM0 |= (1 << pin_bit); break;
   98   2              
   99   2              default: break; // ЮоаЇв§НХ
  100   2          }
  101   1      
  102   1      }
  103          
  104          //-------------------------------------------------------------------------------------------------------
             -------------
  105          // КЏЪ§МђНщ     GPIOЩшжУИпзшЪфШы
  106          // ВЮЪ§ЫЕУї     pin         в§НХКХбЁдёЕФв§НХ
  107          // ЗЕЛиВЮЪ§     void
  108          // ЪЙгУЪОР§     
  109          //-------------------------------------------------------------------------------------------------------
             -------------
  110          void gpio_set_impedance(gpio_pin_enum pin)
  111          {
  112   1          uint8 pin_bit = pin & 0x0F;
  113   1          uint8 port_flag = pin & 0xF0;
  114   1      
C251 COMPILER V5.60.0,  zf_driver_gpio                                                     13/01/26  21:31:31  PAGE 3   

  115   1          // ЭГвЛИпзшЪфШыХфжУЃЈPnM1жУЮЛЃЌPnM0ЧхСуЃЉ
  116   1          switch(port_flag)
  117   1          {
  118   2              case IO_P00: P0M1 |= (1 << pin_bit); P0M0 &= ~(1 << pin_bit); break;
  119   2              case IO_P10: P1M1 |= (1 << pin_bit); P1M0 &= ~(1 << pin_bit); break;
  120   2              case IO_P20: P2M1 |= (1 << pin_bit); P2M0 &= ~(1 << pin_bit); break;
  121   2              case IO_P30: P3M1 |= (1 << pin_bit); P3M0 &= ~(1 << pin_bit); break;
  122   2              case IO_P40: P4M1 |= (1 << pin_bit); P4M0 &= ~(1 << pin_bit); break;
  123   2              case IO_P50: P5M1 |= (1 << pin_bit); P5M0 &= ~(1 << pin_bit); break;
  124   2              case IO_P60: P6M1 |= (1 << pin_bit); P6M0 &= ~(1 << pin_bit); break;
  125   2              case IO_P70: P7M1 |= (1 << pin_bit); P7M0 &= ~(1 << pin_bit); break;
  126   2              case IO_P80: P8M1 |= (1 << pin_bit); P8M0 &= ~(1 << pin_bit); break;
  127   2              case IO_P90: P9M1 |= (1 << pin_bit); P9M0 &= ~(1 << pin_bit); break;
  128   2              case IO_PA0: PAM1 |= (1 << pin_bit); PAM0 &= ~(1 << pin_bit); break;
  129   2              case IO_PB0: PBM1 |= (1 << pin_bit); PBM0 &= ~(1 << pin_bit); break;
  130   2              
  131   2              default: break; // ЮоаЇв§НХ
  132   2          }
  133   1      }
  134          
  135          // ЩшжУЩЯР­Ечзш
  136          static void gpio_set_up(gpio_pin_enum pin)
  137          {
  138   1          // P0PU 0x7efe10
  139   1          // P8PU 0x7ef9c0
  140   1          if(pin < IO_P80)
  141   1          {
  142   2              (*(unsigned char volatile far *)(0x7efe10 + ((pin >> 4) - 1))) |= (1 << (pin & 0x0F));
  143   2          }
  144   1          else
  145   1          {
  146   2              (*(unsigned char volatile far *)(0x7ef9c0 + ((pin >> 4) - 9))) |= (1 << (pin & 0x0F));
  147   2          }
  148   1      }
  149          
  150          // ЩшжУЯТР­Ечзш
  151          static void gpio_set_pd(gpio_pin_enum pin)
  152          {
  153   1          // P0PD 0x7efe40
  154   1          // P8PD 0x7ef9f0
  155   1          if(pin < IO_P80)
  156   1          {
  157   2              (*(unsigned char volatile far *)(0x7efe40 + ((pin >> 4) - 1))) |= (1 << (pin & 0x0F));
  158   2          }
  159   1          else
  160   1          {
  161   2              (*(unsigned char volatile far *)(0x7ef9f0 + ((pin >> 4) - 9))) |= (1 << (pin & 0x0F));
  162   2          }
  163   1      }
  164          
  165          //  ЖЫПкЧ§ЖЏЕчСїПижЦМФДцЦї
  166          static void gpio_set_dr(gpio_pin_enum pin, gpio_drive_capability_enum mode)
  167          {
  168   1          switch(mode)
  169   1          {
  170   2              case GPIO_DRIVE_ENHANCE: 
  171   2              {
  172   3                  if(pin < IO_P80)
  173   3                  {
  174   4                      (*(unsigned char volatile far *)(0x7efe28 + ((pin >> 4) - 1))) &= ~(1 << (pin & 0x0F));
  175   4                  }
  176   3                  else
  177   3                  {
  178   4                      (*(unsigned char volatile far *)(0x7ef9d8 + ((pin >> 4) - 9))) &= ~(1 << (pin & 0x0F));
  179   4                  }
  180   3                  break;
C251 COMPILER V5.60.0,  zf_driver_gpio                                                     13/01/26  21:31:31  PAGE 4   

  181   3              }
  182   2              
  183   2              case GPIO_DRIVE_NORMOL: 
  184   2              {
  185   3                  if(pin < IO_P80)
  186   3                  {
  187   4                      (*(unsigned char volatile far *)(0x7efe28 + ((pin >> 4) - 1))) |= (1 << (pin & 0x0F));
  188   4                  }
  189   3                  else
  190   3                  {
  191   4                      (*(unsigned char volatile far *)(0x7ef9d8 + ((pin >> 4) - 9))) |= (1 << (pin & 0x0F));
  192   4                  }
  193   3                  break;
  194   3              }
  195   2              
  196   2              default:
  197   2              {
  198   3                  zf_assert(0);   // ВЮЪ§ВЛЦЅХф
  199   3                  break;          // ЮоаЇв§НХ
  200   3              }
  201   2          }
  202   1      }
  203          
  204          //  ЖЫПкЧ§ЖЏЕчСїПижЦМФДцЦї
  205          static void gpio_set_ie(gpio_pin_enum pin, gpio_port_digital_signal_input_enum mode)
  206          {
  207   1          // 0ЃКНћжЙЪ§зжаХКХЪфШыЁЃ
  208   1          // ШєI/OБЛЕБзїБШНЯЦїЪфШыПкЁЂADCЪфШыПкЛђепДЅУўАДМќЪфШыПкЕШФЃФтПкЪБЃЌ
  209   1          // НјШыжїЪБжгЭЃеё/ЪЁЕчФЃЪНЧАЃЌБиаыЩшжУЮЊ0ЃЌЗёдђЛсгаЖюЭтЕФКФЕчЁЃ
  210   1          
  211   1          // 1ЃКЪЙФмЪ§зжаХКХЪфШыЁЃШєIOБЛЕБзїЪ§зжПкЪБЃЌБиаыЩшжУЮЊ1ЃЌЗёMCUЮоЗЈЖСШЁЭтВПЖЫПкЕФЕчЦНЁЃ
  212   1      
  213   1          switch(mode)
  214   1          {
  215   2              case GPIO_DIGITAL_IN_DISABLE: 
  216   2              {
  217   3                  if(pin < IO_P80)
  218   3                  {
  219   4                      (*(unsigned char volatile far *)(0x7efe30 + ((pin >> 4) - 1))) &= ~(1 << (pin & 0x0F));
  220   4                  }
  221   3                  else
  222   3                  {
  223   4                      (*(unsigned char volatile far *)(0x7ef9e0 + ((pin >> 4) - 9))) &= ~(1 << (pin & 0x0F));
  224   4                  }
  225   3                  break;
  226   3              }
  227   2              
  228   2              case GPIO_DIGITAL_IN_ENABLE: 
  229   2              {
  230   3                  if(pin < IO_P80)
  231   3                  {
  232   4                      (*(unsigned char volatile far *)(0x7efe30 + ((pin >> 4) - 1))) |= (1 << (pin & 0x0F));
  233   4                  }
  234   3                  else
  235   3                  {
  236   4                      (*(unsigned char volatile far *)(0x7ef9e0 + ((pin >> 4) - 9))) |= (1 << (pin & 0x0F));
  237   4                  }
  238   3                  break;
  239   3              }
  240   2              
  241   2              default:
  242   2              {
  243   3                  zf_assert(0);   // ВЮЪ§ВЛЦЅХф
  244   3                  break;          // ЮоаЇв§НХ
  245   3              }
  246   2          }
C251 COMPILER V5.60.0,  zf_driver_gpio                                                     13/01/26  21:31:31  PAGE 5   

  247   1      }
  248          
  249          // ФкВПЪЙгУЃЌгУЛЇЮоашЙиаФЁЃ
  250          void gpio_set_level_speed(gpio_pin_enum pin, gpio_speed_enum speed)
  251          {
  252   1          // P0SR 0x7efe20
  253   1          // P8SR 0x7ef9d0
  254   1          if(pin < IO_P00)
  255   1          {
  256   2              zf_assert(0); // ЮоаЇв§НХ
  257   2          }
  258   1          
  259   1          // 0:ЕчЦНзЊЛЛЫйЖШПьЃЌЯргІЕФЩЯЯТГхЛсБШНЯДѓ
  260   1          // 1:ЕчЦНзЊЛЛЫйЖШТ§ЃЌЯргІЕФЩЯЯТГхЛсБШНЯаЁ
  261   1          if(GPIO_SPEED_FAST == speed)
  262   1          {
  263   2              if(pin < IO_P80)
  264   2              {
  265   3                  (*(unsigned char volatile far *)(0x7efe20 + ((pin >> 4) - 1))) &= ~(1 << (pin & 0x0F));
  266   3              }
  267   2              else
  268   2              {
  269   3                  (*(unsigned char volatile far *)(0x7ef9d0 + ((pin >> 4) - 9))) &= ~(1 << (pin & 0x0F));
  270   3              }
  271   2          }
  272   1          else
  273   1          {
  274   2              if(pin < IO_P80)
  275   2              {
  276   3                  (*(unsigned char volatile far *)(0x7efe20 + ((pin >> 4) - 1))) |= (1 << (pin & 0x0F));
  277   3              }
  278   2              else
  279   2              {
  280   3                  (*(unsigned char volatile far *)(0x7ef9d0 + ((pin >> 4) - 9))) |= (1 << (pin & 0x0F));
  281   3              }
  282   2          }
  283   1      }
  284          
  285          
  286          
  287          //-------------------------------------------------------------------------------------------------------
             -------------
  288          // КЏЪ§МђНщ     GPIOзДЬЌЛёШЁ
  289          // ВЮЪ§ЫЕУї     pin         бЁдёЕФв§НХ (ПЩбЁдёЗЖЮЇгЩ zf_driver_gpio.h Фкgpio_pin_enumУЖОйжЕШЗЖЈ)
  290          // ЗЕЛиВЮЪ§     uint8       0ЃКЕЭЕчЦН 1ЃКИпЕчЦН
  291          // ЪЙгУЪОР§     uint8 status = gpio_get_level(IO_P00);//ЛёШЁP00в§НХЕчЦН
  292          //-------------------------------------------------------------------------------------------------------
             -------------
  293          uint8 gpio_get_level(gpio_pin_enum pin)
  294          {
  295   1          uint8 pin_bit = pin & 0x0F;
  296   1          uint8 port_flag = pin & 0xF0;
  297   1          uint8 status = 0;
  298   1      
  299   1          // ИљОнЖЫПкБъжОЖСШЁЖдгІPnМФДцЦї
  300   1          switch(port_flag)
  301   1          {
  302   2              case IO_P00: status = P0 & (1 << pin_bit); break;
  303   2              case IO_P10: status = P1 & (1 << pin_bit); break;
  304   2              case IO_P20: status = P2 & (1 << pin_bit); break;
  305   2              case IO_P30: status = P3 & (1 << pin_bit); break;
  306   2              case IO_P40: status = P4 & (1 << pin_bit); break;
  307   2              case IO_P50: status = P5 & (1 << pin_bit); break;
  308   2              case IO_P60: status = P6 & (1 << pin_bit); break;
  309   2              case IO_P70: status = P7 & (1 << pin_bit); break;
  310   2              
C251 COMPILER V5.60.0,  zf_driver_gpio                                                     13/01/26  21:31:31  PAGE 6   

  311   2              case IO_P80: status = P8IN & (1 << pin_bit); break;
  312   2              case IO_P90: status = P9IN & (1 << pin_bit); break;
  313   2              case IO_PA0: status = PAIN & (1 << pin_bit); break;
  314   2              case IO_PB0: status = PBIN & (1 << pin_bit); break;
  315   2      
  316   2              default: break; // ЮоаЇв§НХ
  317   2          }
  318   1          
  319   1          return status ? 1 : 0; // зЊЛЛЮЊ0/1ЗЕЛи
  320   1      }
  321          
  322          //-------------------------------------------------------------------------------------------------------
             -------------
  323          // КЏЪ§МђНщ     GPIOЪфГіЩшжУ
  324          // ВЮЪ§ЫЕУї     pin         в§НХКХбЁдёЕФв§НХ (ПЩбЁдёЗЖЮЇгЩ common.h ФкGPIO_PIN_enumУЖОйжЕШЗЖЈ)
  325          // ВЮЪ§ЫЕУї     dat         в§НХЕФЕчЦНзДЬЌЃЌЪфГіЪБгааЇ 0ЃКЕЭЕчЦН 1ЃКИпЕчЦН
  326          // ЗЕЛиВЮЪ§     void
  327          // ЪЙгУЪОР§     gpio_set_level(D0, 0);//D0ЪфГіЕЭЕчЦН
  328          //-------------------------------------------------------------------------------------------------------
             -------------
  329          void gpio_set_level(gpio_pin_enum pin, uint8 dat)
  330          {
  331   1          uint8 pin_bit = pin & 0x0F;
  332   1          uint8 port_flag = pin & 0xF0;
  333   1      
  334   1          // Ш§дЊдЫЫуЗћОЋМђжУЮЛ/ЧхСуТпМ­
  335   1          switch(port_flag)
  336   1          {
  337   2              case IO_P00: dat ? (P0 |= (1 << pin_bit)) : (P0 &= ~(1 << pin_bit)); break;
  338   2              case IO_P10: dat ? (P1 |= (1 << pin_bit)) : (P1 &= ~(1 << pin_bit)); break;
  339   2              case IO_P20: dat ? (P2 |= (1 << pin_bit)) : (P2 &= ~(1 << pin_bit)); break;
  340   2              case IO_P30: dat ? (P3 |= (1 << pin_bit)) : (P3 &= ~(1 << pin_bit)); break;
  341   2              case IO_P40: dat ? (P4 |= (1 << pin_bit)) : (P4 &= ~(1 << pin_bit)); break;
  342   2              case IO_P50: dat ? (P5 |= (1 << pin_bit)) : (P5 &= ~(1 << pin_bit)); break;
  343   2              case IO_P60: dat ? (P6 |= (1 << pin_bit)) : (P6 &= ~(1 << pin_bit)); break;
  344   2              case IO_P70: dat ? (P7 |= (1 << pin_bit)) : (P7 &= ~(1 << pin_bit)); break;
  345   2              
  346   2              case IO_P80: dat ? (P8OUT |= (1 << pin_bit)) : (P8OUT &= ~(1 << pin_bit)); break;
  347   2              case IO_P90: dat ? (P9OUT |= (1 << pin_bit)) : (P9OUT &= ~(1 << pin_bit)); break;
  348   2              case IO_PA0: dat ? (PAOUT |= (1 << pin_bit)) : (PAOUT &= ~(1 << pin_bit)); break;
  349   2              case IO_PB0: dat ? (PBOUT |= (1 << pin_bit)) : (PBOUT &= ~(1 << pin_bit)); break;
  350   2              
  351   2              default: break; // ЮоаЇв§НХ
  352   2          }
  353   1      }
  354          
  355          //-------------------------------------------------------------------------------------------------------
             -------------
  356          // КЏЪ§МђНщ     GPIOЕчЦНЗ­зЊ
  357          // ВЮЪ§ЫЕУї     pin         в§НХКХбЁдёЕФв§НХ
  358          // ЗЕЛиВЮЪ§     void
  359          // ЪЙгУЪОР§     gpio_toggle_level(D0);//З­зЊD0ЕчЦН
  360          //-------------------------------------------------------------------------------------------------------
             -------------
  361          void gpio_toggle_level(gpio_pin_enum pin)
  362          {
  363   1          // жБНгЕїгУЯжгаКЏЪ§ЃЌТпМ­ЧхЮњ
  364   1          gpio_set_level(pin, !gpio_get_level(pin));
  365   1      }
  366          
  367          
  368          //-------------------------------------------------------------------------------------------------------
             -------------
  369          // КЏЪ§МђНщ     GPIOГѕЪМЛЏ
  370          // ВЮЪ§ЫЕУї     pin         бЁдёЕФв§НХ
  371          // ВЮЪ§ЫЕУї     dir         в§НХЕФЗНЯђ   ЪфГіЃКGPO   ЪфШыЃКGPI
C251 COMPILER V5.60.0,  zf_driver_gpio                                                     13/01/26  21:31:31  PAGE 7   

  372          // ВЮЪ§ЫЕУї     dat         в§НХГѕЪМЛЏЪБЩшжУЕФЕчЦНзДЬЌЃЌЪфГіЪБгааЇ
  373          // ВЮЪ§ЫЕУї     mode        в§НХФЃЪНЃЈЩЯЯТР­/ПЊТЉЕШЃЉ
  374          // ЗЕЛиВЮЪ§     void
  375          // ЪЙгУЪОР§     gpio_init(D0, GPO, 1, GPO_PUSH_PULL);//D0ГѕЪМЛЏЮЊЪфГіЁЂИпЕчЦНЁЂЭЦЭьФЃЪН
  376          //-------------------------------------------------------------------------------------------------------
             -------------
  377          void gpio_init(gpio_pin_enum pin, gpio_dir_enum dir, const uint8 dat, gpio_mode_enum mode)
  378          {
  379   1              zf_assert(dir == ((uint8)mode >> 4));
  380   1      
  381   1          if(dir == GPI)
  382   1              {
  383   2                      if(mode == GPI_IMPEDANCE)
  384   2                      {
  385   3                  gpio_set_impedance(pin);
  386   3                  gpio_set_ie(pin, GPIO_DIGITAL_IN_ENABLE);
  387   3                      }
  388   2                      else if(mode == GPI_PULL_UP)
  389   2                      {
  390   3                  gpio_set_impedance(pin);
  391   3                              gpio_set_up(pin); 
  392   3                  gpio_set_ie(pin, GPIO_DIGITAL_IN_ENABLE);
  393   3      //            gpio_set_level_speed(pin, GPIO_SPEED_FAST);
  394   3                      }
  395   2              else if(mode == GPI_ANALOG)
  396   2              {
  397   3                  gpio_set_impedance(pin);
  398   3                  gpio_set_ie(pin, GPIO_DIGITAL_IN_DISABLE);
  399   3              }
  400   2              else if(mode == GPI_PULL_DOWN)
  401   2              {
  402   3                  gpio_set_impedance(pin);
  403   3                  gpio_set_pd(pin);
  404   3              }
  405   2              }
  406   1              else if(dir == GPO)
  407   1              {
  408   2                      if(mode == GPO_PUSH_PULL)
  409   2                      {
  410   3                  gpio_set_push_pull(pin);
  411   3                  gpio_set_dr(pin, GPIO_DRIVE_ENHANCE);
  412   3                      }
  413   2                      else if(mode == GPO_OPEN_DTAIN)
  414   2                      {
  415   3                              gpio_set_open_dtain(pin);
  416   3                      }
  417   2              gpio_set_level(pin, dat);
  418   2              }
  419   1      
  420   1      }


Module Information          Static   Overlayable
------------------------------------------------
  code size            =    ------     ------
  ecode size           =      5295     ------
  data size            =    ------     ------
  idata size           =    ------     ------
  pdata size           =    ------     ------
  xdata size           =        47     ------
  xdata-const size     =    ------     ------
  edata size           =    ------     ------
  bit size             =    ------     ------
  ebit size            =    ------     ------
  bitaddressable size  =    ------     ------
  ebitaddressable size =    ------     ------
  far data size        =    ------     ------
C251 COMPILER V5.60.0,  zf_driver_gpio                                                     13/01/26  21:31:31  PAGE 8   

  huge data size       =    ------     ------
  const size           =    ------     ------
  hconst size          =        43     ------
End of Module Information.


C251 COMPILATION COMPLETE.  0 WARNING(S),  0 ERROR(S)
