C251 COMPILER V5.60.0,  zf_device_wifi_spi                                                 13/01/26  21:31:34  PAGE 1   


C251 COMPILER V5.60.0, COMPILATION OF MODULE zf_device_wifi_spi
OBJECT MODULE PLACED IN .\out_file\zf_device_wifi_spi.obj
COMPILER INVOKED BY: D:\Keil5\C251\BIN\C251.EXE ..\..\libraries\zf_device\zf_device_wifi_spi.c LARGE FLOAT64 ROM(HUGE) W
                    -ARNINGLEVEL(3) OPTIMIZE(0,SIZE) BROWSE INCDIR(..\..\libraries\zf_common;..\..\libraries\zf_components;..\..\libraries\zf
                    -_device;..\..\libraries\zf_driver;..\user;..\code;..\..\libraries\zf_components\stc32g_usb_lib;..\..\libraries\zf_compon
                    -ents\seekfree_assistant) DEBUG PRINT(.\out_file\zf_device_wifi_spi.lst) OBJECT(.\out_file\zf_device_wifi_spi.obj) 

stmt  level    source

    1          /********************************************************************************************************
             -*************
    2          * STC32G144K Opensourec Library МДЃЈSTC32G144K ПЊдДПтЃЉЪЧвЛИіЛљгкЙйЗН SDK НгПкЕФЕкШ§ЗНПЊдДПт
    3          * Copyright (c) 2025 SEEKFREE ж№ЗЩПЦММ
    4          *
    5          * БОЮФМўЪЧSTC32G144KПЊдДПтЕФвЛВПЗж
    6          *
    7          * STC32G144K ПЊдДПт ЪЧУтЗбШэМў
    8          * ФњПЩвдИљОнздгЩШэМўЛљН№ЛсЗЂВМЕФ GPLЃЈGNU General Public LicenseЃЌМД GNUЭЈгУЙЋЙВаэПЩжЄЃЉЕФЬѕПю
    9          * МД GPL ЕФЕк3АцЃЈМД GPL3.0ЃЉЛђЃЈФњбЁдёЕФЃЉШЮКЮКѓРДЕФАцБОЃЌжиаТЗЂВМКЭ/ЛђаоИФЫќ
   10          *
   11          * БОПЊдДПтЕФЗЂВМЪЧЯЃЭћЫќФмЗЂЛгзїгУЃЌЕЋВЂЮДЖдЦфзїШЮКЮЕФБЃжЄ
   12          * ЩѕжСУЛгавўКЌЕФЪЪЯњадЛђЪЪКЯЬиЖЈгУЭОЕФБЃжЄ
   13          * ИќЖрЯИНкЧыВЮМћ GPL
   14          *
   15          * ФњгІИУдкЪеЕНБОПЊдДПтЕФЭЌЪБЪеЕНвЛЗн GPL ЕФИББО
   16          * ШчЙћУЛгаЃЌЧыВЮдФ<https://www.gnu.org/licenses/>
   17          *
   18          * ЖюЭтзЂУїЃК
   19          * БОПЊдДПтЪЙгУ GPL3.0 ПЊдДаэПЩжЄа­вщ вдЩЯаэПЩЩъУїЮЊвыЮФАцБО
   20          * аэПЩЩъУїгЂЮФАцдк libraries/doc ЮФМўМаЯТЕФ GPL3_permission_statement.txt ЮФМўжа
   21          * аэПЩжЄИББОдк libraries ЮФМўМаЯТ МДИУЮФМўМаЯТЕФ LICENSE ЮФМў
   22          * ЛЖг­ИїЮЛЪЙгУВЂДЋВЅБОГЬађ ЕЋаоИФФкШнЪББиаыБЃСєж№ЗЩПЦММЕФАцШЈЩљУїЃЈМДБОЩљУїЃЉ
   23          *
   24          * ЮФМўУћГЦ          
   25          * ЙЋЫОУћГЦ          ГЩЖМж№ЗЩПЦММгаЯоЙЋЫО
   26          * АцБОаХЯЂ          ВщПД libraries/doc ЮФМўМаФк version ЮФМў АцБОЫЕУї
   27          * ПЊЗЂЛЗОГ          MDK FOR C251
   28          * ЪЪгУЦНЬЈ          STC32G144K
   29          * ЕъЦЬСДНг          https://seekfree.taobao.com/
   30          *
   31          * аоИФМЧТМ
   32          * ШеЦк              зїеп           БИзЂ
   33          * 2025-11-20        ДѓW            first version
   34          *********************************************************************************************************
             -***********/
   35          /********************************************************************************************************
             -*************
   36          * НгЯпЖЈвхЃК
   37          *                   ------------------------------------
   38          *                   ФЃПщЙмНХ            ЕЅЦЌЛњЙмНХ
   39          *                   RST                 ВщПД zf_device_wifi_spi.h жа WIFI_SPI_RST_PIN КъЖЈвх
   40          *                   INT                 ВщПД zf_device_wifi_spi.h жа WIFI_SPI_INT_PIN КъЖЈвх
   41          *                   CS                  ВщПД zf_device_wifi_spi.h жа WIFI_SPI_CS_PIN КъЖЈвх
   42          *                   MISO                ВщПД zf_device_wifi_spi.h жа WIFI_SPI_MISO_PIN КъЖЈвх
   43          *                   SCK                 ВщПД zf_device_wifi_spi.h жа WIFI_SPI_SCK_PIN КъЖЈвх
   44          *                   MOSI                ВщПД zf_device_wifi_spi.h жа WIFI_SPI_MOSI_PIN КъЖЈвх
   45          *                   5V                  5V ЕчдД
   46          *                   GND                 ЕчдДЕи
   47          *                   Цфгрв§НХаќПе
   48          *                   ------------------------------------
   49          *********************************************************************************************************
             -************/
   50          
   51          #include "stdio.h"
   52          #include "zf_common_clock.h"
C251 COMPILER V5.60.0,  zf_device_wifi_spi                                                 13/01/26  21:31:34  PAGE 2   

   53          #include "zf_common_debug.h"
   54          #include "zf_common_fifo.h"
   55          #include "zf_driver_delay.h"
   56          #include "zf_driver_gpio.h"
   57          #include "zf_driver_spi.h"
   58          #include "zf_device_type.h"
   59          
   60          #include "zf_device_wifi_spi.h"
   61          
   62          #define WIFI_CONNECT_TIME_OUT       10000       // ЕЅЮЛКСУы
   63          #define SOCKET_CONNECT_TIME_OUT     50000       // ЕЅЮЛКСУы
   64          #define OTHER_TIME_OUT              1000        // ЕЅЮЛКСУы
   65          
   66          #if ((WIFI_SPI_RECVIVE_SIZE < 32) || (WIFI_SPI_RECVIVE_SIZE > 4088))
                   #error "WIFI_SPI_RECVIVE_SIZE must be >= 32 or <= 4088"
               #endif
   69          
   70          #if (WIFI_SPI_RECVIVE_SIZE >= WIFI_SPI_RECVIVE_FIFO_SIZE)
                   #error "WIFI_SPI_RECVIVE_FIFO_SIZE must be > WIFI_SPI_RECVIVE_SIZE"
               #endif
   73          
   74          
   75          #if (WIFI_SPI_TRANSFER_SIZE != 4088)
                   #error "WIFI_SPI_TRANSFER_SIZE must be == 4088"
               #endif
   78          
   79          
   80          
   81          char wifi_spi_version[12] = {0};                      // БЃДцФЃПщЙЬМўАцБОаХЯЂ
   82          char wifi_spi_mac_addr[20] = {0};                     // БЃДцФЃПщMACЕижЗаХЯЂ
   83          char wifi_spi_ip_addr_port[25] = {0};                 // БЃДцФЃПщIPЕижЗгыЖЫПкаХЯЂ
   84          
   85          static fifo_struct  wifi_spi_fifo = {0};
   86          static uint8        wifi_spi_buffer[WIFI_SPI_RECVIVE_FIFO_SIZE] = {0};
   87          static volatile     wifi_spi_state_enum wifi_spi_mutex = {0};
   88          //-------------------------------------------------------------------------------------------------------
             -------------
   89          // КЏЪ§МђНщ     ЕШД§WIFI SPIОЭаї
   90          // ВЮЪ§ЫЕУї     wait_time       зюДѓЕШД§ЪБМф ЕЅЮЛКСУы
   91          // ЗЕЛиВЮЪ§     uint8           зДЬЌ 0-ГЩЙІ 1-ДэЮѓ
   92          // ЪЙгУЪОР§     ФкВПЪЙгУЃЌгУЛЇЮоашЙиаФ
   93          // БИзЂаХЯЂ     
   94          //-------------------------------------------------------------------------------------------------------
             -------------
   95          static uint8 wifi_spi_wait_idle (uint32 wait_time)
   96          {
   97   1          uint32 time = 0;
   98   1          
   99   1          wait_time = wait_time*100;
  100   1          while(0 == gpio_get_level(WIFI_SPI_INT_PIN))
  101   1          {
  102   2              system_delay_us(10);
  103   2              time++;
  104   2              if(wait_time <= time)
  105   2              {
  106   3                  break;
  107   3              }
  108   2          }
  109   1          return (wait_time <= time);
  110   1      }
  111          
  112          //-------------------------------------------------------------------------------------------------------
             -------------
  113          // КЏЪ§МђНщ     аДШыЪ§ОнЕНWIFI SPI
  114          // ВЮЪ§ЫЕУї     *buffer1        ЕквЛзщашвЊЗЂЫЭЕФЪ§ОнЛКГхЧјЕижЗ
  115          // ВЮЪ§ЫЕУї     length1         ЕквЛзщЪ§ОнГЄЖШ
C251 COMPILER V5.60.0,  zf_device_wifi_spi                                                 13/01/26  21:31:34  PAGE 3   

  116          // ВЮЪ§ЫЕУї     *buffer2        ЕкЖўзщашвЊЗЂЫЭЕФЪ§ОнЛКГхЧјЕижЗ
  117          // ВЮЪ§ЫЕУї     length2         ЕкЖўзщЪ§ОнГЄЖШ
  118          // ЗЕЛиВЮЪ§     void           
  119          // ЪЙгУЪОР§     ФкВПЪЙгУЃЌгУЛЇЮоашЙиаФ
  120          // БИзЂаХЯЂ     
  121          //-------------------------------------------------------------------------------------------------------
             -------------
  122          static void wifi_spi_dma_write (const uint8 *buffer1, uint16 length1, const uint8 *buffer2, uint16 length
             -2)
  123          {
  124   1          WIFI_SPI_CS(0);
  125   1          if(NULL != buffer1)
  126   1          {
  127   2              spi_dma_write_8bit_array(WIFI_SPI_INDEX, buffer1, length1);
  128   2          }
  129   1          if(NULL != buffer2)
  130   1          {
  131   2              spi_dma_write_8bit_array(WIFI_SPI_INDEX, buffer2, length2);
  132   2          }
  133   1          WIFI_SPI_CS(1);
  134   1      }
  135          
  136          //-------------------------------------------------------------------------------------------------------
             -------------
  137          // КЏЪ§МђНщ     WIFI SPI ЗЂЫЭгыНгЪеЭЌЪБНјааЃЈУќСюЪеЗЂЃЉ
  138          // ВЮЪ§ЫЕУї     *packets        ЗЂЫЭгыНгЪеЕФЕижЗ
  139          // ВЮЪ§ЫЕУї     length          ашвЊНгЪеЕФГЄЖШ
  140          // ЗЕЛиВЮЪ§     void           
  141          // ЪЙгУЪОР§     ФкВПЪЙгУЃЌгУЛЇЮоашЙиаФ
  142          // БИзЂаХЯЂ     
  143          //-------------------------------------------------------------------------------------------------------
             -------------
  144          static void wifi_spi_dma_transfer_command (wifi_spi_packets_struct *packets, uint16 length)
  145          {
  146   1          WIFI_SPI_CS(0);
  147   1          
  148   1          spi_dma_transfer_8bit(WIFI_SPI_INDEX, (uint8 *)&(packets->head), (uint8 *)&(packets->head), sizeof(wi
             -fi_spi_head_struct));
  149   1          
  150   1          if(length)
  151   1          {
  152   2              spi_dma_transfer_8bit(WIFI_SPI_INDEX, (const uint8 *)(packets->buffer), packets->buffer, length);
  153   2          }
  154   1              // ДѓаЁЖЫВЛвЛжТЃЌИпЕЭзжНкНЛЛЛ
  155   1          packets->head.length = (uint16)((packets->head.length&0xFF) << 8) | ((packets->head.length >> 8) & 0x
             -FF);
  156   1          
  157   1          WIFI_SPI_CS(1);
  158   1      }
  159          
  160          //-------------------------------------------------------------------------------------------------------
             -------------
  161          // КЏЪ§МђНщ     WIFI SPI ЗЂЫЭгыНгЪеЭЌЪБНјаа(Ъ§ОнЪеЗЂ)
  162          // ВЮЪ§ЫЕУї     *write_data     ЗЂЫЭЕФЪ§ОнЛКГхЧјЕижЗ
  163          // ВЮЪ§ЫЕУї     *read_data      НгЪеЕНЕФЪ§ОнЕФДцДЂЕижЗ
  164          // ВЮЪ§ЫЕУї     length          ашвЊНгЪеЕФГЄЖШ
  165          // ЗЕЛиВЮЪ§     void           
  166          // ЪЙгУЪОР§     ФкВПЪЙгУЃЌгУЛЇЮоашЙиаФ
  167          // БИзЂаХЯЂ     
  168          //-------------------------------------------------------------------------------------------------------
             -------------
  169          static void wifi_spi_dma_transfer_data (const uint8 *write_data, wifi_spi_packets_struct *read_data, uint
             -16 length)
  170          {
  171   1          WIFI_SPI_CS(0);
  172   1          
C251 COMPILER V5.60.0,  zf_device_wifi_spi                                                 13/01/26  21:31:34  PAGE 4   

  173   1          read_data->head.command = WIFI_SPI_DATA;
  174   1          // ДѓаЁЖЫВЛвЛжТЃЌИпЕЭзжНкНЛЛЛ
  175   1          read_data->head.length  = (uint16)((length&0xFF) << 8) | ((length >> 8) & 0xFF);;
  176   1          
  177   1          spi_dma_transfer_8bit(WIFI_SPI_INDEX, (uint8 *)&(read_data->head), (uint8 *)&(read_data->head), sizeo
             -f(wifi_spi_head_struct));
  178   1          
  179   1          if(WIFI_SPI_RECVIVE_SIZE < length)
  180   1          {
  181   2              spi_dma_transfer_8bit(WIFI_SPI_INDEX, write_data, read_data->buffer, WIFI_SPI_RECVIVE_SIZE);
  182   2              spi_dma_write_8bit_array(WIFI_SPI_INDEX, &write_data[WIFI_SPI_RECVIVE_SIZE], length - WIFI_SPI_RE
             -CVIVE_SIZE);
  183   2          }
  184   1          else
  185   1          {
  186   2              // НЋашвЊЗЂЫЭЕФЪ§ОнПНБДЕНЖСШЁЛКГхЧјЃЌБмУтГіЯжwrite_dataдННчЗУЮЪ
  187   2              memcpy(read_data->buffer, write_data, length);
  188   2              spi_dma_transfer_8bit(WIFI_SPI_INDEX, read_data->buffer, read_data->buffer, WIFI_SPI_RECVIVE_SIZE
             -);
  189   2          }
  190   1              
  191   1              // ДѓаЁЖЫВЛвЛжТЃЌИпЕЭзжНкНЛЛЛ
  192   1          read_data->head.length = (uint16)((read_data->head.length&0xFF) << 8) | ((read_data->head.length >> 8
             -) & 0xFF);
  193   1          
  194   1          WIFI_SPI_CS(1);
  195   1      }
  196          
  197          //-------------------------------------------------------------------------------------------------------
             -------------
  198          // КЏЪ§МђНщ     WIFI SPI ВЮЪ§ЩшжУ
  199          // ВЮЪ§ЫЕУї     command         УќСюРраЭ
  200          // ВЮЪ§ЫЕУї     *buffer         ВЮЪ§ЕижЗ
  201          // ВЮЪ§ЫЕУї     length          ВЮЪ§ГЄЖШ
  202          // ВЮЪ§ЫЕУї     wait_time       зюДѓЕШД§ЪБМф ЕЅЮЛ100ЮЂУю
  203          // ЗЕЛиВЮЪ§     uint8           зДЬЌ 0-ГЩЙІ 1-ДэЮѓ
  204          // ЪЙгУЪОР§     ФкВПЪЙгУЃЌгУЛЇЮоашЙиаФ
  205          // БИзЂаХЯЂ     
  206          //-------------------------------------------------------------------------------------------------------
             -------------
  207          static uint8 wifi_spi_set_parameter (wifi_spi_packets_command_enum command, uint8 *buffer, uint16 length,
             - uint32 wait_time)
  208          {
  209   1          uint8 return_state;
  210   1          wifi_spi_head_struct head;
  211   1          return_state = 1;
  212   1          do
  213   1          {
  214   2              head.command = command;
  215   2              head.length  = length;
  216   2              
  217   2              // ЕШД§ДгЛњзМБИОЭаї
  218   2              if(wifi_spi_wait_idle(wait_time))
  219   2              {
  220   3                  break;
  221   3              }
  222   2      
  223   2              wifi_spi_dma_write(&head.command, sizeof(wifi_spi_head_struct), buffer, length);
  224   2              if(wifi_spi_wait_idle(wait_time))
  225   2              {
  226   3                  break;
  227   3              }
  228   2              // НгЪегІД№аХКХ
  229   2      
  230   2              head.command = WIFI_SPI_DATA;
  231   2              head.length = 0;
C251 COMPILER V5.60.0,  zf_device_wifi_spi                                                 13/01/26  21:31:34  PAGE 5   

  232   2              wifi_spi_dma_transfer_command((wifi_spi_packets_struct *)&head, head.length);
  233   2              system_delay_us(20);
  234   2              if(WIFI_SPI_REPLY_OK == head.command)
  235   2              {
  236   3                  return_state = 0;
  237   3              }
  238   2          }while(0);
  239   1          
  240   1          return return_state;
  241   1      }
  242          
  243          //-------------------------------------------------------------------------------------------------------
             -------------
  244          // КЏЪ§МђНщ     WIFI SPI ФЃПщаХЯЂЛёШЁ
  245          // ВЮЪ§ЫЕУї     command         УќСюРраЭ
  246          // ВЮЪ§ЫЕУї     *buffer         БЃДцНгЪеЕНЕФВЮЪ§ЕижЗ
  247          // ВЮЪ§ЫЕУї     wait_time       зюДѓЕШД§ЪБМф ЕЅЮЛ100ЮЂУю
  248          // ЗЕЛиВЮЪ§     uint8           зДЬЌ 0-ГЩЙІ 1-ДэЮѓ
  249          // ЪЙгУЪОР§     ФкВПЪЙгУЃЌгУЛЇЮоашЙиаФ
  250          // БИзЂаХЯЂ     
  251          //-------------------------------------------------------------------------------------------------------
             -------------
  252          static uint8 wifi_spi_get_parameter (wifi_spi_packets_command_enum command, wifi_spi_packets_struct *read
             -_data, uint32 wait_time)
  253          {
  254   1          uint8 return_state;
  255   1      
  256   1          return_state = 1;
  257   1          do
  258   1          {
  259   2              // ЕШД§ДгЛњзМБИОЭаї
  260   2              if(wifi_spi_wait_idle(wait_time))
  261   2              {
  262   3                  break;
  263   3              }
  264   2              read_data->head.command = command;
  265   2              wifi_spi_dma_write(&(read_data->head.command), WIFI_SPI_RECVIVE_SIZE, NULL, 0);
  266   2      
  267   2              if(wifi_spi_wait_idle(wait_time))
  268   2              {
  269   3                  break;
  270   3              }
  271   2              read_data->head.command = WIFI_SPI_DATA;
  272   2              read_data->head.length = 0;
  273   2              wifi_spi_dma_transfer_command(read_data, WIFI_SPI_RECVIVE_SIZE);
  274   2              return_state = 0;
  275   2          }while(0);
  276   1          return return_state;
  277   1      }
  278          
  279          //-------------------------------------------------------------------------------------------------------
             -------------
  280          // КЏЪ§МђНщ     WIFI SPI ЙЬМўАцБОЛёШЁ
  281          // ВЮЪ§ЫЕУї     void            ЖЫПкКХ
  282          // ЗЕЛиВЮЪ§     uint8           зДЬЌ 0-ГЩЙІ 1-ДэЮѓ
  283          // ЪЙгУЪОР§     
  284          // БИзЂаХЯЂ     ЕїгУКЏЪ§жЎКѓЃЌЙЬМўАцБОаХЯЂвдзжЗћДЎаЮЪНБЃДцдкwifi_spi_versionЪ§зщжа
  285          //-------------------------------------------------------------------------------------------------------
             -------------
  286          static uint8 wifi_spi_get_version (void)
  287          {
  288   1          uint8 return_state;
  289   1          wifi_spi_packets_struct temp_packets = {0};
  290   1      
  291   1          return_state = wifi_spi_get_parameter(WIFI_SPI_GET_VERSION, &temp_packets, OTHER_TIME_OUT);
  292   1          if((0 == return_state) && (WIFI_SPI_REPLY_VERSION == temp_packets.head.command))
C251 COMPILER V5.60.0,  zf_device_wifi_spi                                                 13/01/26  21:31:34  PAGE 6   

  293   1          {
  294   2              memcpy(wifi_spi_version, temp_packets.buffer, temp_packets.head.length);
  295   2          }
  296   1          return return_state;
  297   1      }
  298          
  299          //-------------------------------------------------------------------------------------------------------
             -------------
  300          // КЏЪ§МђНщ     WIFI SPI MACЕижЗЛёШЁ
  301          // ВЮЪ§ЫЕУї     void            ЖЫПкКХ
  302          // ЗЕЛиВЮЪ§     uint8           зДЬЌ 0-ГЩЙІ 1-ДэЮѓ
  303          // ЪЙгУЪОР§     
  304          // БИзЂаХЯЂ     ЕїгУКЏЪ§жЎКѓЃЌMACЕижЗаХЯЂвдзжЗћДЎаЮЪНБЃДцдкwifi_spi_mac_addrЪ§зщжа
  305          //-------------------------------------------------------------------------------------------------------
             -------------
  306          static uint8 wifi_spi_get_mac_addr (void)
  307          {
  308   1          uint8 return_state;
  309   1          wifi_spi_packets_struct temp_packets;
  310   1      
  311   1          return_state = wifi_spi_get_parameter(WIFI_SPI_GET_MAC_ADDR, &temp_packets, OTHER_TIME_OUT);
  312   1          if((0 == return_state) && (WIFI_SPI_REPLY_MAC_ADDR == temp_packets.head.command))
  313   1          {
  314   2              memcpy(wifi_spi_mac_addr, temp_packets.buffer, temp_packets.head.length);
  315   2          }
  316   1          return return_state;
  317   1      }
  318          
  319          //-------------------------------------------------------------------------------------------------------
             -------------
  320          // КЏЪ§МђНщ     WIFI SPI IPЕижЗгыЖЫПкКХЛёШЁ
  321          // ВЮЪ§ЫЕУї     void            ЖЫПкКХ
  322          // ЗЕЛиВЮЪ§     uint8           зДЬЌ 0-ГЩЙІ 1-ДэЮѓ
  323          // ЪЙгУЪОР§     
  324          // БИзЂаХЯЂ     ЕїгУКЏЪ§жЎКѓЃЌIPЕижЗгыЖЫПкКХаХЯЂвдзжЗћДЎаЮЪНБЃДцдкwifi_spi_ip_addr_portЪ§зщжа
  325          //              ашвЊдкСЌНгSocketжЎКѓЕїгУДЫКЏЪ§ВХФме§ГЃЛёШЁаХЯЂ
  326          //-------------------------------------------------------------------------------------------------------
             -------------
  327          static uint8 wifi_spi_get_ip_addr_port (void)
  328          {
  329   1          uint8 return_state;
  330   1          wifi_spi_packets_struct temp_packets;
  331   1      
  332   1          return_state = wifi_spi_get_parameter(WIFI_SPI_GET_IP_ADDR, &temp_packets, OTHER_TIME_OUT);
  333   1          if((0 == return_state) && (WIFI_SPI_REPLY_IP_ADDR == temp_packets.head.command))
  334   1          {
  335   2              memcpy(wifi_spi_ip_addr_port, temp_packets.buffer, temp_packets.head.length);
  336   2          }
  337   1          return return_state;
  338   1      }
  339          
  340          //-------------------------------------------------------------------------------------------------------
             -------------
  341          // КЏЪ§МђНщ     WIFI SPI ЛёШЁЯЕЭГЪБМф
  342          // ВЮЪ§ЫЕУї     time_format     ЪБМфИёЪН
  343          // ЗЕЛиВЮЪ§     *buffer         БЃДцЪБМфзжЗћДЎЕижЗ ЛКГхЧјДѓаЁжСЩйашвЊ30ИізжНк
  344          // ЗЕЛиВЮЪ§     buffer_size     ЛКГхЧјДѓаЁ 
  345          // ЗЕЛиВЮЪ§     uint8           зДЬЌ 0-ГЩЙІ 1-ДэЮѓ
  346          // ЪЙгУЪОР§     
  347          // БИзЂаХЯЂ     ашвЊСЌНггаЭјТчЕФШШЕужЎКѓВХФмЛёШЁЕНе§ШЗЕФЪБМфЃЌВЂЧвдкЕїгУетИіКЏЪ§жЎЧАашвЊШЗБЃWIFIФЃПщжаашв
             -ЊНгЪеЕФЪ§ОнвбО­ШЋВПНгЪеЭъБЯ
  348          // БИзЂаХЯЂ     НіWIFI SPI ЭтНгЬьЯпАцБОжЇГж
  349          // БИзЂаХЯЂ     ЪфГіЕФаХЯЂЮЊзжЗћДЎаХЯЂЃЌПЩжБНгprintfЕНДЎПкжњЪжВщПД
  350          //-------------------------------------------------------------------------------------------------------
             -------------
  351          uint8 wifi_spi_get_time (wifi_spi_time_enum time_format, char *buffer, uint8 buffer_size)
C251 COMPILER V5.60.0,  zf_device_wifi_spi                                                 13/01/26  21:31:34  PAGE 7   

  352          {
  353   1          uint8 return_state = 1;
  354   1          wifi_spi_packets_struct temp_packets;
  355   1          uint8 send_cmd, receive_cmd;
  356   1          
  357   1          // НгЪеЪБМфЕФЪ§зщБиаыДѓгк30ИізжНк
  358   1          // ВЂЧвФЃПщЙЬМўБиаыЪЧV2АцБО
  359   1          if((30 <= buffer_size) && (!strncmp(wifi_spi_version, "V2", 2)))
  360   1          {
  361   2              send_cmd = WIFI_SPI_GET_TIME1 + time_format - WIFI_SPI_UTC_0;
  362   2              receive_cmd = WIFI_SPI_REPLY_TIME1 + time_format - WIFI_SPI_UTC_0;
  363   2      
  364   2              return_state = wifi_spi_get_parameter(send_cmd, &temp_packets, OTHER_TIME_OUT);
  365   2              if((0 == return_state) && (receive_cmd == temp_packets.head.command))
  366   2              {
  367   3                  return_state = strncmp((const char *)temp_packets.buffer, "OK", 2);
  368   3                  if(0 == return_state)
  369   3                  {
  370   4                      memcpy(buffer, &temp_packets.buffer[3], temp_packets.head.length - 3);
  371   4                      buffer[temp_packets.head.length - 3] = 0;
  372   4                  }
  373   3              }
  374   2          }
  375   1          return return_state;
  376   1      }
  377          
  378          //-------------------------------------------------------------------------------------------------------
             -------------
  379          // КЏЪ§МђНщ     WIFI SPI ЩЈУшШШЕу
  380          // ВЮЪ§ЫЕУї     *buffer         БЃДцЩЈУшЕНЕФШШЕуаХЯЂ АќКЌУћГЦгыаХКХЧПЖШЃЌУПИіаХКХЧПЖШКѓУцЛсИњвЛИіЛЛааЗћ
  381          // ВЮЪ§ЫЕУї     buffer_size     ЛКГхЧјЕФГЄЖШ
  382          // ЗЕЛиВЮЪ§     uint8           зДЬЌ 0-ГЩЙІ 1-ДэЮѓ
  383          // ЪЙгУЪОР§     
  384          // БИзЂаХЯЂ     НіWIFI SPI ЭтНгЬьЯпАцБОжЇГж
  385          // БИзЂаХЯЂ     ЪфГіЕФаХЯЂЮЊзжЗћДЎаХЯЂЃЌПЩжБНгprintfЕНДЎПкжњЪжВщПД
  386          // БИзЂаХЯЂ     УПвЛааАќКЌвЛИіwifiУћГЦгыУмТы 
  387          //-------------------------------------------------------------------------------------------------------
             -------------
  388          uint8 wifi_spi_wifi_scan (char *buffer, uint16 buffer_size)
  389          {
  390   1          uint8 return_state = 0;
  391   1      
  392   1          
  393   1          // ФЃПщБиаыЪЧV2АцБОЕФЙЬМўВХжЇГжДЫЙІФм
  394   1          if(!strncmp(wifi_spi_version, "V2", 2))
  395   1          {
  396   2              return_state = wifi_spi_set_parameter(WIFI_SPI_SET_WIFI_SCAN, NULL, 0, WIFI_CONNECT_TIME_OUT);
  397   2              
  398   2              if(0 == return_state)
  399   2              {
  400   3              #if (0 == WIFI_SPI_READ_TRANSFER)
                           wifi_spi_send_buffer(NULL, 0);
                       #endif
  403   3                  while(0 == wifi_spi_read_buffer((uint8 *)buffer, buffer_size))
  404   3                  {
  405   4                      system_delay_ms(10);
  406   4                  }
  407   3              }
  408   2          }
  409   1          
  410   1          return return_state;
  411   1      }
  412          
  413          //-------------------------------------------------------------------------------------------------------
             -------------
  414          // КЏЪ§МђНщ     WIFI SPI ЩшжУСЌНгЕФWiFiаХЯЂВЂГЂЪдСЌНгWiFi
C251 COMPILER V5.60.0,  zf_device_wifi_spi                                                 13/01/26  21:31:34  PAGE 8   

  415          // ВЮЪ§ЫЕУї     *wifi_ssid      WIFIУћГЦ
  416          // ВЮЪ§ЫЕУї     *pass_word      WIFIУмТы
  417          // ЗЕЛиВЮЪ§     uint8           зДЬЌ 0-ГЩЙІ 1-ДэЮѓ
  418          // ЪЙгУЪОР§     wifi_spi_wifi_connect("SEEKFREE", "SEEKFREE123");
  419          // БИзЂаХЯЂ     wifi_spi_wifi_connect("SEEKFREE", NULL); // СЌНгУЛгаУмТыЕФWIFIШШЕу
  420          //-------------------------------------------------------------------------------------------------------
             -------------
  421          uint8 wifi_spi_wifi_connect (char *wifi_ssid, char *pass_word)
  422          {
  423   1          uint8 return_state;
  424   1          uint8 temp_buffer[64];
  425   1          uint16 length;
  426   1          
  427   1          if(NULL != pass_word)
  428   1          {
  429   2              // WIFIШШЕугаУмТыЗЂЫЭШШЕуУћГЦгыУмТы
  430   2              length = sprintf((char *)temp_buffer, "%s\r\n%s\r\n", wifi_ssid, pass_word);
  431   2          }
  432   1          else
  433   1          {
  434   2              // WIFIШШЕуУЛгаУмТыжЛашвЊЗЂЫЭШШЕуУћГЦ
  435   2              length = sprintf((char *)temp_buffer, "%s\r\n", wifi_ssid);
  436   2          }
  437   1          
  438   1          return_state = wifi_spi_set_parameter(WIFI_SPI_SET_WIFI_INFORMATION, temp_buffer, length, WIFI_CONNEC
             -T_TIME_OUT);
  439   1          
  440   1          // БОЛњIPЕижЗгыЖЫПкКХаХЯЂвдзжЗћДЎаЮЪНБЃДцдкwifi_spi_ip_addr_portЪ§зщжа
  441   1          wifi_spi_get_ip_addr_port();
  442   1          
  443   1          return return_state;
  444   1      }
  445          
  446          //-------------------------------------------------------------------------------------------------------
             -------------
  447          // КЏЪ§МђНщ     WIFI SPI ЩшжУСЌНгЕФSocketаХЯЂВЂГЂЪдСЌНгSocket
  448          // ВЮЪ§ЫЕУї     *transport_type ДЋЪфРраЭ
  449          // ВЮЪ§ЫЕУї     *ip_addr        IPЕижЗ
  450          // ВЮЪ§ЫЕУї     *port           ФПБъЖЫПкКХ
  451          // ВЮЪ§ЫЕУї     *local_port     БОЛњЖЫПкКХ
  452          // ЗЕЛиВЮЪ§     uint8           зДЬЌ 0-ГЩЙІ 1-ДэЮѓ
  453          // ЪЙгУЪОР§     wifi_spi_socket_connect("TCP", "192.168.2.5", "8080", "6060");
  454          // БИзЂаХЯЂ     
  455          //-------------------------------------------------------------------------------------------------------
             -------------
  456          uint8 wifi_spi_socket_connect (char *transport_type, char *ip_addr, char *port, char *local_port)
  457          {
  458   1          uint8 return_state;
  459   1          uint8 temp_buffer[41];
  460   1          uint16 length;
  461   1          
  462   1          length = sprintf((char *)temp_buffer, "%s\r\n%s\r\n%s\r\n%s\r\n", transport_type, ip_addr, port, loca
             -l_port);
  463   1              
  464   1          return_state = wifi_spi_set_parameter(WIFI_SPI_SET_SOCKET_INFORMATION, temp_buffer, length, SOCKET_CO
             -NNECT_TIME_OUT);
  465   1          
  466   1          // БОЛњIPЕижЗгыЖЫПкКХаХЯЂвдзжЗћДЎаЮЪНБЃДцдкwifi_spi_ip_addr_portЪ§зщжа
  467   1          wifi_spi_get_ip_addr_port();
  468   1          
  469   1          return return_state;
  470   1      }
  471          
  472          //-------------------------------------------------------------------------------------------------------
             -------------
  473          // КЏЪ§МђНщ     WIFI SPI ЖЯПЊSocketСЌНг
C251 COMPILER V5.60.0,  zf_device_wifi_spi                                                 13/01/26  21:31:34  PAGE 9   

  474          // ВЮЪ§ЫЕУї     void            
  475          // ЗЕЛиВЮЪ§     uint8           зДЬЌ 0-ГЩЙІ 1-ДэЮѓ
  476          // ЪЙгУЪОР§     wifi_spi_socket_disconnect();
  477          // БИзЂаХЯЂ
  478          //-------------------------------------------------------------------------------------------------------
             -------------
  479          uint8 wifi_spi_socket_disconnect (void)
  480          {
  481   1          wifi_spi_packets_struct temp_packets;
  482   1      
  483   1          return wifi_spi_get_parameter(WIFI_SPI_CLOSE_SOCKET, &temp_packets, OTHER_TIME_OUT);
  484   1      }
  485          
  486          //-------------------------------------------------------------------------------------------------------
             -------------
  487          // КЏЪ§МђНщ     WIFI SPI ШэИДЮЛ
  488          // ВЮЪ§ЫЕУї     void            
  489          // ЗЕЛиВЮЪ§     uint8           зДЬЌ 0-ГЩЙІ 1-ДэЮѓ
  490          // ЪЙгУЪОР§     
  491          // БИзЂаХЯЂ     
  492          //-------------------------------------------------------------------------------------------------------
             -------------
  493          uint8 wifi_spi_reset (void)
  494          {
  495   1          uint8 return_state;
  496   1          wifi_spi_head_struct head;
  497   1          return_state = 1;
  498   1          do
  499   1          {
  500   2              head.command = WIFI_SPI_RESET;
  501   2              head.length  = 0xA5A5;
  502   2              return_state = wifi_spi_wait_idle(OTHER_TIME_OUT);
  503   2              if(return_state)
  504   2              {
  505   3                  break;
  506   3              }
  507   2              wifi_spi_dma_write(&head.command, sizeof(wifi_spi_head_struct), NULL, 0);
  508   2          }while(0);
  509   1          
  510   1          return return_state;
  511   1      }
  512          
  513          //-------------------------------------------------------------------------------------------------------
             -------------
  514          // КЏЪ§МђНщ     WIFI SPI UDPФЃЪНЪБСЂМДЗЂЫЭКЏЪ§
  515          // ВЮЪ§ЫЕУї     void
  516          // ЗЕЛиВЮЪ§     uint8           зДЬЌ 0-ГЩЙІ 1-ДэЮѓ
  517          // ЪЙгУЪОР§     
  518          // БИзЂаХЯЂ     дкUDPФЃЪНЯТФЃПщЪеЕНЪ§ОнКѓЛсЕШД§2КСУыЃЌ2КСУыКѓЮДЪеЕНЪ§ОндђНЋЪ§ОнЭЈЙ§socketЗЂЫЭЕНЭјТчЃЌШчЙћ
             -ЯЃЭћСЂМДЗЂЫЭдђдкЪ§ОнДЋЪфЭъБЯКѓЕїгУДЫКЏЪ§
  519          //-------------------------------------------------------------------------------------------------------
             -------------
  520          uint8 wifi_spi_udp_send_now (void)
  521          {
  522   1          uint8 return_state = 1;
  523   1          wifi_spi_packets_struct temp_packets;
  524   1          
  525   1          if(WIFI_SPI_IDLE == wifi_spi_mutex)
  526   1          {
  527   2              // НЋЭЈбЖзДЬЌЩшжУЮЊУІ
  528   2              wifi_spi_mutex = WIFI_SPI_BUSY;
  529   2              do
  530   2              {
  531   3                  if(wifi_spi_wait_idle(OTHER_TIME_OUT))
  532   3                  {
  533   4                      break;
C251 COMPILER V5.60.0,  zf_device_wifi_spi                                                 13/01/26  21:31:34  PAGE 10  

  534   4                  }
  535   3      
  536   3                  // СЂМДПЊЪМsocketЗЂЫЭ
  537   3                  temp_packets.head.command = WIFI_SPI_UDP_SEND;
  538   3                  temp_packets.head.length = 0;
  539   3                  wifi_spi_dma_transfer_command(&temp_packets, WIFI_SPI_RECVIVE_SIZE);
  540   3                  
  541   3                  // МьВщЪеЕНЕФАќжаЪЧЗёгаЪ§Он
  542   3                  if((WIFI_SPI_REPLY_DATA_START == temp_packets.head.command) || (WIFI_SPI_REPLY_DATA_END == te
             -mp_packets.head.command))
  543   3                  {
  544   4                      // БЃДцНгЪеЕНЕФЪ§Он
  545   4                      if(temp_packets.head.length)
  546   4                      {
  547   5                          fifo_write_buffer(&wifi_spi_fifo, temp_packets.buffer, temp_packets.head.length);
  548   5                      }
  549   4                  }
  550   3                  
  551   3                  // ЕШД§гІД№аХКХ
  552   3                  if(wifi_spi_wait_idle(OTHER_TIME_OUT))
  553   3                  {
  554   4                      break;
  555   4                  }
  556   3                  
  557   3                  // НгЪегІД№аХКХ
  558   3                  temp_packets.head.command = WIFI_SPI_DATA;
  559   3                  temp_packets.head.length = 0;
  560   3                  wifi_spi_dma_transfer_command(&temp_packets, temp_packets.head.length);
  561   3                  
  562   3                  if(WIFI_SPI_REPLY_OK == temp_packets.head.command)
  563   3                  {
  564   4                      return_state = 0;
  565   4                  }
  566   3                  
  567   3              }while(0);
  568   2              
  569   2              // НЋЭЈбЖзДЬЌЩшжУЮЊПеЯа
  570   2              wifi_spi_mutex = WIFI_SPI_IDLE;
  571   2          } 
  572   1          
  573   1          return return_state;
  574   1      }
  575          
  576          //-------------------------------------------------------------------------------------------------------
             -------------
  577          // КЏЪ§МђНщ     WIFI SPI Ъ§ОнПщЗЂЫЭКЏЪ§ВЂЭЌВННгЪеЪ§Он
  578          // ВЮЪ§ЫЕУї     *buff           ашвЊЗЂЫЭЕФЪ§ОнЕижЗ
  579          // ВЮЪ§ЫЕУї     length          ЗЂЫЭГЄЖШ
  580          // ЗЕЛиВЮЪ§     uint32          ЪЃгрЮДЗЂЫЭЕФГЄЖШ
  581          // ЪЙгУЪОР§     wifi_spi_send_buffer(buffer, 100);
  582          // БИзЂаХЯЂ     
  583          //-------------------------------------------------------------------------------------------------------
             -------------
  584          uint32 wifi_spi_send_buffer (const uint8 *buffer, uint32 length)
  585          {
  586   1          uint16 send_length;
  587   1          wifi_spi_packets_struct temp_packets;
  588   1          
  589   1          // МьВщWIFI SPIзДЬЌЃЌШчЙћдкЦфЫћжаЖЯЛђепЯпГЬжавбО­ЗЂЦ№СЫЭЈбЖЃЌдђБОДЮВЛФмЗЂЫЭЪ§Он
  590   1          if(WIFI_SPI_IDLE == wifi_spi_mutex)
  591   1          {
  592   2              // НЋЭЈбЖзДЬЌЩшжУЮЊУІ
  593   2              wifi_spi_mutex = WIFI_SPI_BUSY;
  594   2              
  595   2              while(length)
  596   2              {
C251 COMPILER V5.60.0,  zf_device_wifi_spi                                                 13/01/26  21:31:34  PAGE 11  

  597   3                  send_length = length > WIFI_SPI_TRANSFER_SIZE ? WIFI_SPI_TRANSFER_SIZE : length;
  598   3                  
  599   3                  if(wifi_spi_wait_idle(OTHER_TIME_OUT))
  600   3                  {
  601   4                      break;
  602   4                  }
  603   3                  
  604   3                  wifi_spi_dma_transfer_data(buffer, &temp_packets, send_length);
  605   3                  
  606   3                  // МьВщЪеЕНЕФАќжаЪЧЗёгаЪ§Он
  607   3                  if((WIFI_SPI_REPLY_DATA_START == temp_packets.head.command) || (WIFI_SPI_REPLY_DATA_END == te
             -mp_packets.head.command))
  608   3                  {
  609   4                      // БЃДцНгЪеЕНЕФЪ§Он
  610   4                      if(temp_packets.head.length)
  611   4                      {
  612   5                          fifo_write_buffer(&wifi_spi_fifo, temp_packets.buffer, temp_packets.head.length);
  613   5                      }
  614   4                  }
  615   3                  
  616   3                  length -= send_length;
  617   3                  buffer += send_length;
  618   3              }
  619   2              
  620   2              // МьВщзюКѓвЛДЮЕФНгЪеЪЧЗёНЋЫљгаЕФЪ§ОнЖМНгЪеЭъБЯ
  621   2              while(WIFI_SPI_REPLY_DATA_START == temp_packets.head.command)
  622   2              {
  623   3                  if(wifi_spi_wait_idle(OTHER_TIME_OUT))
  624   3                  {
  625   4                      break;
  626   4                  }
  627   3                  
  628   3                  // МЬајЖСШЁФЃПщЪЃгрЪ§Он
  629   3                  temp_packets.head.command = WIFI_SPI_DATA;
  630   3                  temp_packets.head.length  = 0;
  631   3                  wifi_spi_dma_transfer_command(&temp_packets, WIFI_SPI_RECVIVE_SIZE);
  632   3                  // МьВщЪеЕНЕФАќжаЪЧЗёгаЪ§Он
  633   3                  if((WIFI_SPI_REPLY_DATA_START == temp_packets.head.command) || (WIFI_SPI_REPLY_DATA_END == te
             -mp_packets.head.command))
  634   3                  {
  635   4                      // БЃДцНгЪеЕНЕФЪ§Он
  636   4                      if(temp_packets.head.length)
  637   4                      {
  638   5                          fifo_write_buffer(&wifi_spi_fifo, temp_packets.buffer, temp_packets.head.length);
  639   5                      }
  640   4                  }
  641   3              }
  642   2              wifi_spi_mutex = WIFI_SPI_IDLE;
  643   2          }
  644   1          return length;
  645   1      }
  646          
  647          //-------------------------------------------------------------------------------------------------------
             -------------
  648          // КЏЪ§МђНщ     WIFI SPI зжЗћДЎЗЂЫЭКЏЪ§ВЂЭЌВННгЪеЪ§Он
  649          // ВЮЪ§ЫЕУї     *string           ашвЊЗЂЫЭЕФзжЗћДЎ
  650          // ЗЕЛиВЮЪ§     void          
  651          // ЪЙгУЪОР§     wifi_spi_send_string("123");
  652          // БИзЂаХЯЂ     
  653          //-------------------------------------------------------------------------------------------------------
             -------------
  654          void wifi_spi_send_string(const char *string)
  655          {
  656   1          wifi_spi_send_buffer((uint8*)string, strlen(string));
  657   1      }
  658              
C251 COMPILER V5.60.0,  zf_device_wifi_spi                                                 13/01/26  21:31:34  PAGE 12  

  659          //-------------------------------------------------------------------------------------------------------
             -------------
  660          // КЏЪ§МђНщ     WIFI SPI ЖСШЁЛКГхЧј
  661          // ВЮЪ§ЫЕУї     *buff           НгЪеЛКГхЧј
  662          // ВЮЪ§ЫЕУї     length          ЖСШЁЪ§ОнГЄЖШ
  663          // ЗЕЛиВЮЪ§     uint32          ЪЕМЪЖСШЁЪ§ОнГЄЖШ
  664          // ЪЙгУЪОР§     wifi_spi_read_buffer(buffer, 100);
  665          // БИзЂаХЯЂ     
  666          //-------------------------------------------------------------------------------------------------------
             -------------
  667          uint32 wifi_spi_read_buffer (uint8 *buffer, uint32 length)
  668          {
  669   1          uint32 fifo_read_length;
  670   1          uint32 write_length = 0;
  671   1          wifi_spi_packets_struct temp_packets;
  672   1      
  673   1          zf_assert(NULL != buffer);
  674   1      
  675   1          // ЪзЯШХаЖЯFIFOжаЪЧЗёгаЪ§ОнЃЌШчЙћгадђЯШДгFIFOЖСШЁ
  676   1          if(fifo_used(&wifi_spi_fifo))
  677   1          {
  678   2              fifo_read_length = fifo_used(&wifi_spi_fifo);
  679   2              fifo_read_length = length < fifo_read_length ? length : fifo_read_length;
  680   2              fifo_read_buffer(&wifi_spi_fifo, buffer, &fifo_read_length, FIFO_READ_AND_CLEAN);
  681   2              
  682   2              buffer += fifo_read_length;
  683   2              length -= fifo_read_length;
  684   2              write_length += fifo_read_length;
  685   2          }
  686   1          
  687   1      #if(1 == WIFI_SPI_READ_TRANSFER)
  688   1          if(WIFI_SPI_IDLE == wifi_spi_mutex)
  689   1          {
  690   2              wifi_spi_mutex = WIFI_SPI_BUSY;                         // НЋЭЈбЖзДЬЌЩшжУЮЊУІ
  691   2              
  692   2              do
  693   2              {
  694   3                  if( (WIFI_SPI_RECVIVE_SIZE > wifi_spi_fifo.siz) || // ШчЙћЛКГхЧјПеМфВЛЙЛдђВЛдйЖСШЁ
  695   3                      (wifi_spi_wait_idle(OTHER_TIME_OUT))            // ГЌЪБЭЫГі
  696   3                    )
  697   3                  {
  698   4                      break;
  699   4                  }
  700   3                  
  701   3                  temp_packets.head.command = WIFI_SPI_DATA;
  702   3                  temp_packets.head.length  = 0;
  703   3                  wifi_spi_dma_transfer_command(&temp_packets, WIFI_SPI_RECVIVE_SIZE);
  704   3                  // МьВщЪеЕНЕФАќжаЪЧЗёгаЪ§Он
  705   3                  if( ((WIFI_SPI_REPLY_DATA_START == temp_packets.head.command) || (WIFI_SPI_REPLY_DATA_END == 
             -temp_packets.head.command)) &&
  706   3                      (temp_packets.head.length)
  707   3                    )
  708   3                  {
  709   4                      if(length)
  710   4                      {
  711   5                          fifo_read_length = length >= temp_packets.head.length ? temp_packets.head.length : le
             -ngth;
  712   5                          memcpy(buffer, temp_packets.buffer, (uint32)fifo_read_length);
  713   5                          buffer += fifo_read_length;
  714   5                          length -= fifo_read_length;
  715   5                          write_length += fifo_read_length;
  716   5                          if(fifo_read_length < temp_packets.head.length) // ЭтВПЛКГхВЛзуЖргрВПЗжаДШыFIFO
  717   5                          {
  718   6                              fifo_write_buffer(&wifi_spi_fifo, temp_packets.buffer + fifo_read_length, temp_pa
             -ckets.head.length - fifo_read_length);
  719   6                          }
C251 COMPILER V5.60.0,  zf_device_wifi_spi                                                 13/01/26  21:31:34  PAGE 13  

  720   5                      }
  721   4                      else                                                // ШЋВПаДШыFIFO
  722   4                      {
  723   5                          fifo_write_buffer(&wifi_spi_fifo, temp_packets.buffer, temp_packets.head.length);
  724   5                      }
  725   4                  }
  726   3              }while(WIFI_SPI_REPLY_DATA_START == temp_packets.head.command);
  727   2              wifi_spi_mutex = WIFI_SPI_IDLE;
  728   2          }
  729   1      #endif
  730   1          
  731   1          return write_length;
  732   1      }
  733          
  734          //-------------------------------------------------------------------------------------------------------
             -------------
  735          // КЏЪ§МђНщ     WiFi ФЃПщГѕЪМЛЏ
  736          // ВЮЪ§ЫЕУї     *wifi_ssid      ФПБъСЌНгЕФ WiFi ЕФУћГЦ зжЗћДЎаЮЪН
  737          // ВЮЪ§ЫЕУї     *pass_word      ФПБъСЌНгЕФ WiFi ЕФУмТы зжЗћДЎаЮЪН
  738          // ЗЕЛиВЮЪ§     uint8           ФЃПщГѕЪМЛЏзДЬЌ 0-ГЩЙІ 1-ДэЮѓ
  739          // ЪЙгУЪОР§     wifi_spi_init("SEEKFREE", "SEEKFREE123");
  740          // БИзЂаХЯЂ     wifi_spi_init("SEEKFREE", NULL); // СЌНгУЛгаУмТыЕФWIFIШШЕу
  741          //-------------------------------------------------------------------------------------------------------
             -------------
  742          uint8 wifi_spi_init (char *wifi_ssid, char *pass_word)
  743          {
  744   1          uint8 return_state = 0;
  745   1      
  746   1      
  747   1          fifo_init(&wifi_spi_fifo, FIFO_DATA_8BIT, wifi_spi_buffer, WIFI_SPI_RECVIVE_FIFO_SIZE);
  748   1          spi_dma_init(WIFI_SPI_INDEX, SPI_MODE3, WIFI_SPI_SPEED, WIFI_SPI_SCK_PIN, WIFI_SPI_MOSI_PIN, WIFI_SPI
             -_MISO_PIN, SPI_CS_NULL);//гВМўSPIГѕЪМЛЏ
  749   1      
  750   1          gpio_init(WIFI_SPI_CS_PIN,  GPO, 1, GPO_PUSH_PULL);
  751   1          gpio_init(WIFI_SPI_RST_PIN, GPO, 1, GPO_PUSH_PULL);
  752   1          gpio_init(WIFI_SPI_INT_PIN, GPI, 0, GPI_PULL_DOWN);
  753   1          
  754   1          // ИДЮЛ
  755   1          gpio_set_level(WIFI_SPI_RST_PIN, 0);
  756   1          system_delay_ms(10);
  757   1          gpio_set_level(WIFI_SPI_RST_PIN, 1);
  758   1          
  759   1          // ЕШД§ФЃПщГѕЪМЛЏ
  760   1          system_delay_ms(100);
  761   1          wifi_spi_mutex = WIFI_SPI_IDLE;
  762   1      
  763   1          do
  764   1          {
  765   2              // ЙЬМўАцБОаХЯЂвдзжЗћДЎаЮЪНБЃДцдкwifi_spi_versionЪ§зщжа
  766   2              return_state = wifi_spi_get_version();
  767   2              if(return_state)
  768   2              {
  769   3                  break;
  770   3              }
  771   2            
  772   2              // MACЕижЗаХЯЂвдзжЗћДЎаЮЪНБЃДцдкwifi_spi_mac_addrЪ§зщжа
  773   2              wifi_spi_get_mac_addr();
  774   2      
  775   2              if(NULL == wifi_ssid)
  776   2              {
  777   3                  // ГѕЪМЛЏЕФЪБКђВЛашвЊСЌНгWIFI
  778   3                  break;
  779   3              }
  780   2              return_state = wifi_spi_wifi_connect(wifi_ssid, pass_word);
  781   2              if(return_state)
  782   2              {
C251 COMPILER V5.60.0,  zf_device_wifi_spi                                                 13/01/26  21:31:34  PAGE 14  

  783   3                  break;
  784   3              }
  785   2              
  786   2          #if(1 == WIFI_SPI_AUTO_CONNECT)
                       return_state = wifi_spi_socket_connect("TCP", WIFI_SPI_TARGET_IP, WIFI_SPI_TARGET_PORT, WIFI_SPI_
             -LOCAL_PORT);
                       if(return_state)
                       {
                           break;
                       }
                   #endif
  793   2              
  794   2          #if(2 == WIFI_SPI_AUTO_CONNECT)
                       return_state = wifi_spi_socket_connect("UDP", WIFI_SPI_TARGET_IP, WIFI_SPI_TARGET_PORT, WIFI_SPI_
             -LOCAL_PORT);
                       if(return_state)
                       {
                           break;
                       }
                   #endif
  801   2          }while(0);
  802   1      
  803   1          return return_state;
  804   1      }


Module Information          Static   Overlayable
------------------------------------------------
  code size            =    ------     ------
  ecode size           =      4293     ------
  data size            =    ------     ------
  idata size           =    ------     ------
  pdata size           =    ------     ------
  xdata size           =      1658     ------
  xdata-const size     =    ------     ------
  edata size           =    ------     ------
  bit size             =    ------     ------
  ebit size            =    ------     ------
  bitaddressable size  =    ------     ------
  ebitaddressable size =    ------     ------
  far data size        =    ------     ------
  huge data size       =    ------     ------
  const size           =    ------     ------
  hconst size          =      1256     ------
End of Module Information.


C251 COMPILATION COMPLETE.  0 WARNING(S),  0 ERROR(S)
