C251 COMPILER V5.60.0,  zf_device_ble6a20                                                  21/03/26  13:02:31  PAGE 1   


C251 COMPILER V5.60.0, COMPILATION OF MODULE zf_device_ble6a20
OBJECT MODULE PLACED IN .\out_file\zf_device_ble6a20.obj
COMPILER INVOKED BY: D:\Keil5\C251\BIN\C251.EXE ..\..\libraries\zf_device\zf_device_ble6a20.c LARGE FLOAT64 ROM(HUGE) WA
                    -RNINGLEVEL(3) OPTIMIZE(0,SIZE) BROWSE INCDIR(..\..\libraries\zf_common;..\..\libraries\zf_components;..\..\libraries\zf_
                    -device;..\..\libraries\zf_driver;..\user;..\code;..\..\libraries\zf_components\stc32g_usb_lib;..\..\libraries\zf_compone
                    -nts\seekfree_assistant) DEBUG PRINT(.\out_file\zf_device_ble6a20.lst) OBJECT(.\out_file\zf_device_ble6a20.obj) 

stmt  level    source

    1          /********************************************************************************************************
             -*************
    2          * STC32G Opensourec Library МДЃЈSTC32G ПЊдДПтЃЉЪЧвЛИіЛљгкЙйЗН SDK НгПкЕФЕкШ§ЗНПЊдДПт
    3          * Copyright (c) 2025 SEEKFREE ж№ЗЩПЦММ
    4          *
    5          * БОЮФМўЪЧSTC32G144KПЊдДПтЕФвЛВПЗж
    6          *
    7          * STC32G ПЊдДПт ЪЧУтЗбШэМў
    8          * ФњПЩвдИљОнздгЩШэМўЛљН№ЛсЗЂВМЕФ GPLЃЈGNU General Public LicenseЃЌМД GNUЭЈгУЙЋЙВаэПЩжЄЃЉЕФЬѕПю
    9          * МД GPL ЕФЕк3АцЃЈМД GPL3.0ЃЉЛђЃЈФњбЁдёЕФЃЉШЮКЮКѓРДЕФАцБОЃЌжиаТЗЂВМКЭ/ЛђаоИФЫќ
   10          *
   11          * БОПЊдДПтЕФЗЂВМЪЧЯЃЭћЫќФмЗЂЛгзїгУЃЌЕЋВЂЮДЖдЦфзїШЮКЮЕФБЃжЄ
   12          * ЩѕжСУЛгавўКЌЕФЪЪЯњадЛђЪЪКЯЬиЖЈгУЭОЕФБЃжЄ
   13          * ИќЖрЯИНкЧыВЮМћ GPL
   14          *
   15          * ФњгІИУдкЪеЕНБОПЊдДПтЕФЭЌЪБЪеЕНвЛЗн GPL ЕФИББО
   16          * ШчЙћУЛгаЃЌЧыВЮдФ<https://www.gnu.org/licenses/>
   17          *
   18          * ЖюЭтзЂУїЃК
   19          * БОПЊдДПтЪЙгУ GPL3.0 ПЊдДаэПЩжЄа­вщ вдЩЯаэПЩЩъУїЮЊвыЮФАцБО
   20          * аэПЩЩъУїгЂЮФАцдк libraries/doc ЮФМўМаЯТЕФ GPL3_permission_statement.txt ЮФМўжа
   21          * аэПЩжЄИББОдк libraries ЮФМўМаЯТ МДИУЮФМўМаЯТЕФ LICENSE ЮФМў
   22          * ЛЖг­ИїЮЛЪЙгУВЂДЋВЅБОГЬађ ЕЋаоИФФкШнЪББиаыБЃСєж№ЗЩПЦММЕФАцШЈЩљУїЃЈМДБОЩљУїЃЉ
   23          *
   24          * ЮФМўУћГЦ          
   25          * ЙЋЫОУћГЦ          ГЩЖМж№ЗЩПЦММгаЯоЙЋЫО
   26          * АцБОаХЯЂ          ВщПД libraries/doc ЮФМўМаФк version ЮФМў АцБОЫЕУї
   27          * ПЊЗЂЛЗОГ          MDK FOR C251
   28          * ЪЪгУЦНЬЈ          STC32G144K
   29          * ЕъЦЬСДНг          https://seekfree.taobao.com/
   30          *
   31          * аоИФМЧТМ
   32          * ШеЦк              зїеп           БИзЂ
   33          * 2024-08-01        ДѓW            first version
   34          *********************************************************************************************************
             -***********/
   35          
   36          /********************************************************************************************************
             -*************
   37          * НгЯпЖЈвхЃК
   38          *                   ------------------------------------
   39          *                   ФЃПщЙмНХ            ЕЅЦЌЛњЙмНХ
   40          *                   RX                  ВщПД zf_device_wireless_ble6a20.h жа BLE6A20_RX_PIN  КъЖЈвх
   41          *                   TX                  ВщПД zf_device_wireless_ble6a20.h жа BLE6A20_TX_PIN  КъЖЈвх
   42          *                   RTS                 ВщПД zf_device_wireless_ble6a20.h жа BLE6A20_RTS_PIN КъЖЈвх
   43          *                   VCC                 3.3VЕчдД
   44          *                   GND                 ЕчдДЕи
   45          *                   Цфгрв§НХаќПе
   46          *                   ------------------------------------
   47          *********************************************************************************************************
             -************/
   48          
   49          #include "zf_device_ble6a20.h"
   50          #include "zf_common_clock.h"
   51          #include "zf_common_debug.h"
   52          #include "zf_common_fifo.h"
C251 COMPILER V5.60.0,  zf_device_ble6a20                                                  21/03/26  13:02:31  PAGE 2   

   53          #include "zf_driver_delay.h"
   54          #include "zf_driver_gpio.h"
   55          #include "zf_driver_uart.h"
   56          #include "zf_device_type.h"
   57          
   58          #pragma warning disable = 183
   59          #pragma warning disable = 177
   60          
   61          static  fifo_struct                                     ble6a20_fifo;
   62          static  uint8                                           ble6a20_buffer[BLE6A20_BUFFER_SIZE];
   63          
   64          //-------------------------------------------------------------------------------------------------------
             -------------
   65          // КЏЪ§МђНщ     РЖбРзЊДЎПкФЃПщ ЗЂЫЭЪ§Он
   66          // ВЮЪ§ЫЕУї     data            8bit Ъ§Он
   67          // ЗЕЛиВЮЪ§     uint32          ЪЃгрЗЂЫЭГЄЖШ 0-ЗЂЫЭЭъБЯ 1-ЮДЗЂЫЭЭъГЩ
   68          // ЪЙгУЪОР§     ble6a20_send_byte(data);
   69          // БИзЂаХЯЂ
   70          //-------------------------------------------------------------------------------------------------------
             -------------
   71          uint32 ble6a20_send_byte (const uint8 dat)
   72          {
   73   1          uint16 time_cnt = BLE6A20_TIMEOUT_COUNT;
   74   1          
   75   1          while (time_cnt && gpio_get_level(BLE6A20_RTS_PIN)) 
   76   1              {
   77   2              system_delay_ms(1);
   78   2              time_cnt--;
   79   2          }
   80   1          
   81   1          if (time_cnt) 
   82   1              {
   83   2              uart_write_byte(BLE6A20_INDEX, dat);
   84   2          }
   85   1          
   86   1          return time_cnt == 0;
   87   1      }
   88          
   89          //-------------------------------------------------------------------------------------------------------
             -------------
   90          // КЏЪ§МђНщ     РЖбРзЊДЎПкФЃПщ ЗЂЫЭЪ§ОнПщ
   91          // ВЮЪ§ЫЕУї     *buff           ЗЂЫЭЛКГхЧј
   92          // ВЮЪ§ЫЕУї     len             ЗЂЫЭЪ§ОнГЄЖШ
   93          // ЗЕЛиВЮЪ§     uint32          ЪЃгрЗЂЫЭГЄЖШ
   94          // ЪЙгУЪОР§     ble6a20_send_buffer(buff, 64);
   95          // БИзЂаХЯЂ
   96          //-------------------------------------------------------------------------------------------------------
             -------------
   97          uint32 ble6a20_send_buffer (const uint8 *buff, uint32 len)
   98          {
   99   1          #define PKT_SIZE 64
  100   1          #define DELAY_MS 1
  101   1          
  102   1          uint16 time_cnt = 0;
  103   1              uint16 send_len = 0;
  104   1          zf_assert(NULL != buff);  // ШЗБЃЛКГхЧјЗЧПе
  105   1          
  106   1          while(len && time_cnt < BLE6A20_TIMEOUT_COUNT)
  107   1          {
  108   2              if(!gpio_get_level(BLE6A20_RTS_PIN))    // RTSЕЭЕчЦНЃЌПЩЗЂЫЭ
  109   2              {
  110   3                  send_len = len < PKT_SIZE ? len : PKT_SIZE;
  111   3                  uart_write_buffer(BLE6A20_INDEX, buff, send_len);
  112   3                  buff += send_len;
  113   3                  len -= send_len;
  114   3                  time_cnt = 0;        // жижУГЌЪБМЦЪ§
C251 COMPILER V5.60.0,  zf_device_ble6a20                                                  21/03/26  13:02:31  PAGE 3   

  115   3              }
  116   2                      else    // RTSИпЕчЦНЃЌФЃПщУІ
  117   2                      {
  118   3                              system_delay_ms(DELAY_MS);
  119   3                              time_cnt++;
  120   3                      }
  121   2          }
  122   1          
  123   1          return len;
  124   1      }
  125          
  126          //-------------------------------------------------------------------------------------------------------
             -------------
  127          // КЏЪ§МђНщ     РЖбРзЊДЎПкФЃПщ ЗЂЫЭзжЗћДЎ
  128          // ВЮЪ§ЫЕУї     *str            вЊЗЂЫЭЕФзжЗћДЎЕижЗ
  129          // ЗЕЛиВЮЪ§     uint32          ЪЃгрЗЂЫЭГЄЖШ
  130          // ЪЙгУЪОР§     ble6a20_send_string("Believe in yourself.");
  131          // БИзЂаХЯЂ
  132          //-------------------------------------------------------------------------------------------------------
             -------------
  133          uint32 ble6a20_send_string (const char *str)
  134          {
  135   1          uint32 len = strlen(str);
  136   1          zf_assert(NULL != str);
  137   1              
  138   1          return  ble6a20_send_buffer(str, len);
  139   1      }
  140          
  141          
  142          //-------------------------------------------------------------------------------------------------------
             -------------
  143          // КЏЪ§МђНщ     РЖбРзЊДЎПкФЃПщ ЖСШЁЛКГх
  144          // ВЮЪ§ЫЕУї     *buff           НгЪеЛКГхЧј
  145          // ВЮЪ§ЫЕУї     len             ЖСШЁЪ§ОнГЄЖШ
  146          // ЗЕЛиВЮЪ§     uint32          ЪЕМЪЖСШЁЪ§ОнГЄЖШ
  147          // ЪЙгУЪОР§     ble6a20_read_buffer(buff, 32);
  148          // БИзЂаХЯЂ
  149          //-------------------------------------------------------------------------------------------------------
             -------------
  150          uint32 ble6a20_read_buffer (uint8 *buff, uint32 len)
  151          {
  152   1          uint32 data_len = len;
  153   1          zf_assert(NULL != buff);
  154   1          fifo_read_buffer(&ble6a20_fifo, buff, &data_len, FIFO_READ_AND_CLEAN);
  155   1          return data_len;
  156   1      }
  157          
  158          //-------------------------------------------------------------------------------------------------------
             -------------
  159          // КЏЪ§МђНщ     РЖбРзЊДЎПкФЃПщ ДЎПкжаЖЯЛиЕїКЏЪ§
  160          // ВЮЪ§ЫЕУї     void
  161          // ЗЕЛиВЮЪ§     void
  162          // ЪЙгУЪОР§     ble6a20_callback();
  163          // БИзЂаХЯЂ     ИУКЏЪ§дк ISR ЮФМў ДЎПкжаЖЯГЬађБЛЕїгУ
  164          //              гЩДЎПкжаЖЯЗўЮёКЏЪ§ЕїгУ wireless_module_uart_handler() КЏЪ§
  165          //              дйгЩ wireless_module_uart_handler() КЏЪ§ЕїгУБОКЏЪ§
  166          //-------------------------------------------------------------------------------------------------------
             -------------
  167          void ble6a20_callback (uint8 uart_dat)
  168          {
  169   1      //    uart_query_byte(BLE6A20_INDEX, &ble6a20_data);
  170   1          fifo_write_buffer(&ble6a20_fifo, &uart_dat, 1);
  171   1      }
  172          
  173          //-------------------------------------------------------------------------------------------------------
             -------------
C251 COMPILER V5.60.0,  zf_device_ble6a20                                                  21/03/26  13:02:31  PAGE 4   

  174          // КЏЪ§МђНщ     РЖбРзЊДЎПкФЃПщ ГѕЪМЛЏ
  175          // ВЮЪ§ЫЕУї     void
  176          // ЗЕЛиВЮЪ§     void
  177          // ЪЙгУЪОР§     ble6a20_init();
  178          // БИзЂаХЯЂ
  179          //-------------------------------------------------------------------------------------------------------
             -------------
  180          uint8 ble6a20_init (void)
  181          {
  182   1          uint8 return_state = 0;
  183   1          
  184   1          // ЕШД§ФЃПщГѕЪМЛЏ
  185   1          system_delay_ms(50);
  186   1          
  187   1      //    set_wireless_type(BLE6A20, BLE6A20_INDEX, ble6a20_callback);
  188   1      
  189   1          fifo_init(&ble6a20_fifo, FIFO_DATA_8BIT, ble6a20_buffer, BLE6A20_BUFFER_SIZE);
  190   1          gpio_init(BLE6A20_RTS_PIN, GPI, GPIO_HIGH, GPI_PULL_UP);
  191   1          
  192   1          // БОКЏЪ§ЪЙгУЕФВЈЬиТЪЮЊ115200 ЮЊРЖбРзЊДЎПкФЃПщЕФФЌШЯВЈЬиТЪ ШчашЦфЫћВЈЬиТЪЧыздааХфжУФЃПщВЂаоИФДЎПкЕФВЈ
             -ЬиТЪ
  193   1          uart_init (BLE6A20_INDEX, BLE6A20_BUAD_RATE, BLE6A20_RX_PIN, BLE6A20_TX_PIN);   // ГѕЪМЛЏДЎПк
  194   1          uart_rx_interrupt(BLE6A20_INDEX, 1, ble6a20_callback);
  195   1          
  196   1          return return_state;
  197   1      }


Module Information          Static   Overlayable
------------------------------------------------
  code size            =    ------     ------
  ecode size           =       835     ------
  data size            =    ------     ------
  idata size           =    ------     ------
  pdata size           =    ------     ------
  xdata size           =       124     ------
  xdata-const size     =    ------     ------
  edata size           =    ------     ------
  bit size             =    ------     ------
  ebit size            =    ------     ------
  bitaddressable size  =    ------     ------
  ebitaddressable size =    ------     ------
  far data size        =    ------     ------
  huge data size       =    ------     ------
  const size           =    ------     ------
  hconst size          =        46     ------
End of Module Information.


C251 COMPILATION COMPLETE.  0 WARNING(S),  0 ERROR(S)
