C251 COMPILER V5.60.0,  zf_device_imu660rb                                                 13/01/26  21:31:35  PAGE 1   


C251 COMPILER V5.60.0, COMPILATION OF MODULE zf_device_imu660rb
OBJECT MODULE PLACED IN .\out_file\zf_device_imu660rb.obj
COMPILER INVOKED BY: D:\Keil5\C251\BIN\C251.EXE ..\..\libraries\zf_device\zf_device_imu660rb.c LARGE FLOAT64 ROM(HUGE) W
                    -ARNINGLEVEL(3) OPTIMIZE(0,SIZE) BROWSE INCDIR(..\..\libraries\zf_common;..\..\libraries\zf_components;..\..\libraries\zf
                    -_device;..\..\libraries\zf_driver;..\user;..\code;..\..\libraries\zf_components\stc32g_usb_lib;..\..\libraries\zf_compon
                    -ents\seekfree_assistant) DEBUG PRINT(.\out_file\zf_device_imu660rb.lst) OBJECT(.\out_file\zf_device_imu660rb.obj) 

stmt  level    source

    1          /********************************************************************************************************
             -*************
    2          * STC32G Opensourec Library МДЃЈSTC32G ПЊдДПтЃЉЪЧвЛИіЛљгкЙйЗН SDK НгПкЕФЕкШ§ЗНПЊдДПт
    3          * Copyright (c) 2025 SEEKFREE ж№ЗЩПЦММ
    4          *
    5          * БОЮФМўЪЧSTC32G144KПЊдДПтЕФвЛВПЗж
    6          *
    7          * STC32G ПЊдДПт ЪЧУтЗбШэМў
    8          * ФњПЩвдИљОнздгЩШэМўЛљН№ЛсЗЂВМЕФ GPLЃЈGNU General Public LicenseЃЌМД GNUЭЈгУЙЋЙВаэПЩжЄЃЉЕФЬѕПю
    9          * МД GPL ЕФЕк3АцЃЈМД GPL3.0ЃЉЛђЃЈФњбЁдёЕФЃЉШЮКЮКѓРДЕФАцБОЃЌжиаТЗЂВМКЭ/ЛђаоИФЫќ
   10          *
   11          * БОПЊдДПтЕФЗЂВМЪЧЯЃЭћЫќФмЗЂЛгзїгУЃЌЕЋВЂЮДЖдЦфзїШЮКЮЕФБЃжЄ
   12          * ЩѕжСУЛгавўКЌЕФЪЪЯњадЛђЪЪКЯЬиЖЈгУЭОЕФБЃжЄ
   13          * ИќЖрЯИНкЧыВЮМћ GPL
   14          *
   15          * ФњгІИУдкЪеЕНБОПЊдДПтЕФЭЌЪБЪеЕНвЛЗн GPL ЕФИББО
   16          * ШчЙћУЛгаЃЌЧыВЮдФ<https://www.gnu.org/licenses/>
   17          *
   18          * ЖюЭтзЂУїЃК
   19          * БОПЊдДПтЪЙгУ GPL3.0 ПЊдДаэПЩжЄа­вщ вдЩЯаэПЩЩъУїЮЊвыЮФАцБО
   20          * аэПЩЩъУїгЂЮФАцдк libraries/doc ЮФМўМаЯТЕФ GPL3_permission_statement.txt ЮФМўжа
   21          * аэПЩжЄИББОдк libraries ЮФМўМаЯТ МДИУЮФМўМаЯТЕФ LICENSE ЮФМў
   22          * ЛЖг­ИїЮЛЪЙгУВЂДЋВЅБОГЬађ ЕЋаоИФФкШнЪББиаыБЃСєж№ЗЩПЦММЕФАцШЈЩљУїЃЈМДБОЩљУїЃЉ
   23          *
   24          * ЮФМўУћГЦ          
   25          * ЙЋЫОУћГЦ          ГЩЖМж№ЗЩПЦММгаЯоЙЋЫО
   26          * АцБОаХЯЂ          ВщПД libraries/doc ЮФМўМаФк version ЮФМў АцБОЫЕУї
   27          * ПЊЗЂЛЗОГ          MDK FOR C251
   28          * ЪЪгУЦНЬЈ          STC32G144K
   29          * ЕъЦЬСДНг          https://seekfree.taobao.com/
   30          *
   31          * аоИФМЧТМ
   32          * ШеЦк              зїеп           БИзЂ
   33          * 2024-08-01        ДѓW            first version
   34          *********************************************************************************************************
             -***********/
   35          /********************************************************************************************************
             -*************
   36          * НгЯпЖЈвхЃК
   37          *                   ------------------------------------
   38          *                   ФЃПщЙмНХ            ЕЅЦЌЛњЙмНХ
   39          *                   // гВМў SPI в§НХ
   40          *                   SCL/SPC           ВщПД zf_device_imu660rb.h жа IMU660RB_SPC_PIN КъЖЈвх
   41          *                   SDA/DSI           ВщПД zf_device_imu660rb.h жа IMU660RB_SDI_PIN КъЖЈвх
   42          *                   SA0/SDO           ВщПД zf_device_imu660rb.h жа IMU660RB_SDO_PIN КъЖЈвх
   43          *                   CS                ВщПД zf_device_imu660rb.h жа IMU660RB_CS_PIN КъЖЈвх
   44          *                   VCC               3.3VЕчдД
   45          *                   GND               ЕчдДЕи
   46          *                   Цфгрв§НХаќПе
   47          *
   48          *                   // ШэМў IIC в§НХ
   49          *                   SCL/SPC           ВщПД zf_device_imu660rb.h жа IMU660RB_SCL_PIN КъЖЈвх
   50          *                   SDA/DSI           ВщПД zf_device_imu660rb.h жа IMU660RB_SDA_PIN КъЖЈвх
   51          *                   VCC               3.3VЕчдД
   52          *                   GND               ЕчдДЕи
   53          *                   Цфгрв§НХаќПе
C251 COMPILER V5.60.0,  zf_device_imu660rb                                                 13/01/26  21:31:35  PAGE 2   

   54          *                   ------------------------------------
   55          *********************************************************************************************************
             -***********/
   56          
   57          #include "zf_common_debug.h"
   58          #include "zf_driver_delay.h"
   59          #include "zf_driver_spi.h"
   60          #include "zf_driver_gpio.h"
   61          #include "zf_driver_soft_iic.h"
   62          #include "zf_device_config.h"
   63          #include "zf_device_imu660rb.h"
   64          
   65          #pragma warning disable = 177
   66          #pragma warning disable = 183
   67          
   68          int16 imu660rb_gyro_x = 0, imu660rb_gyro_y = 0, imu660rb_gyro_z = 0;            // Ш§жсЭгТнвЧЪ§Он   gyro 
             -(ЭгТнвЧ)
   69          int16 imu660rb_acc_x = 0, imu660rb_acc_y = 0, imu660rb_acc_z = 0;               // Ш§жсМгЫйЖШМЦЪ§Он acc  
             -(accelerometer МгЫйЖШМЦ)
   70          
   71          
   72          #if (IMU660RB_USE_INTERFACE==HARDWARE_SPI) 
   73          
   74                  //------------------------------------------------------------------------------------------------------
             --------------
   75                  // КЏЪ§МђНщ     IMU660RB аДМФДцЦї
   76                  // ВЮЪ§ЫЕУї     reg             МФДцЦїЕижЗ
   77                  // ВЮЪ§ЫЕУї     dat            Ъ§Он
   78                  // ЗЕЛиВЮЪ§     void
   79                  // ЪЙгУЪОР§     imu660rb_write_register(IMU660RB_PWR_CONF, 0x00);               // ЙиБеИпМЖЪЁЕчФЃЪН
   80                  // БИзЂаХЯЂ     ФкВПЕїгУ
   81                  //------------------------------------------------------------------------------------------------------
             --------------
   82                  static void imu660rb_write_register(uint8 reg, uint8 dat)
   83                  {
   84   1                      IMU660RB_CS(0);
   85   1                      spi_write_8bit_register(IMU660RB_SPI, reg | IMU660RB_SPI_W, dat);
   86   1                      IMU660RB_CS(1);
   87   1              }
   88          
   89                  //------------------------------------------------------------------------------------------------------
             --------------
   90                  // КЏЪ§МђНщ     IMU660RB аДЪ§Он
   91                  // ВЮЪ§ЫЕУї     reg             МФДцЦїЕижЗ
   92                  // ВЮЪ§ЫЕУї     dat            Ъ§Он
   93                  // ЗЕЛиВЮЪ§     void
   94                  // ЪЙгУЪОР§     imu660rb_write_registers(IMU660RB_INIT_DATA, imu660rb_config_file, sizeof(imu660rb_confi
             -g_file));
   95                  // БИзЂаХЯЂ     ФкВПЕїгУ
   96                  //------------------------------------------------------------------------------------------------------
             --------------
   97                  // static void imu660rb_write_registers(uint8 reg, const uint8 *dat, uint32 len)
   98                  // {
   99                  //     IMU660RB_CS(0);
  100                  //     spi_write_8bit_registers(IMU660RB_SPI, reg | IMU660RB_SPI_W, dat, len);
  101                  //     IMU660RB_CS(1);
  102                  // }
  103          
  104                  //------------------------------------------------------------------------------------------------------
             --------------
  105                  // КЏЪ§МђНщ     IMU660RB ЖСМФДцЦї
  106                  // ВЮЪ§ЫЕУї     reg             МФДцЦїЕижЗ
  107                  // ЗЕЛиВЮЪ§     uint8           Ъ§Он
  108                  // ЪЙгУЪОР§     imu660rb_read_register(IMU660RB_CHIP_ID);
  109                  // БИзЂаХЯЂ     ФкВПЕїгУ
  110                  //------------------------------------------------------------------------------------------------------
C251 COMPILER V5.60.0,  zf_device_imu660rb                                                 13/01/26  21:31:35  PAGE 3   

             --------------
  111                  static uint8 imu660rb_read_register(uint8 reg)
  112                  {
  113   1                      uint8 dat;
  114   1                      IMU660RB_CS(0);
  115   1                      dat = spi_read_8bit_register(IMU660RB_SPI, reg | IMU660RB_SPI_R);
  116   1                      IMU660RB_CS(1);
  117   1                      return dat;
  118   1              }
  119          
  120                  //------------------------------------------------------------------------------------------------------
             --------------
  121                  // КЏЪ§МђНщ     IMU660RB ЖСЪ§Он
  122                  // ВЮЪ§ЫЕУї     reg             МФДцЦїЕижЗ
  123                  // ВЮЪ§ЫЕУї     dat            Ъ§ОнЛКГхЧј
  124                  // ВЮЪ§ЫЕУї     len             Ъ§ОнГЄЖШ
  125                  // ЗЕЛиВЮЪ§     void
  126                  // ЪЙгУЪОР§     imu660rb_read_registers(IMU660RB_ACC_ADDRESS, dat, 6);
  127                  // БИзЂаХЯЂ     ФкВПЕїгУ
  128                  //------------------------------------------------------------------------------------------------------
             --------------
  129                  static void imu660rb_read_registers(uint8 reg, uint8 *dat, uint32 len)
  130                  {
  131   1                      IMU660RB_CS(0);
  132   1                      spi_read_8bit_registers(IMU660RB_SPI, reg | IMU660RB_SPI_R, dat, len);
  133   1                      IMU660RB_CS(1);
  134   1      
  135   1              }
  136          
  137          #elif (IMU660RB_USE_INTERFACE==SOFT_SPI)
                       
                       
                       #define IMU660RB_SCK(x)                         IMU660RB_SPC_PIN  = x
                       #define IMU660RB_MOSI(x)                        IMU660RB_SDI_PIN = x
                       #define IMU660RB_MISO                           IMU660RB_SDO_PIN
                       #define IMU660RB_CS(x)                          IMU660RB_CS_PIN  = x
               
                       //------------------------------------------------------------------------------------------------------
             --------------
                       //  @brief      ЭЈЙ§SPIаДвЛИіbyte,ЭЌЪБЖСШЁвЛИіbyte
                       //  @param      byte        ЗЂЫЭЕФЪ§Он
                       //  @return     uint8 edata       return ЗЕЛиstatusзДЬЌ
                       //  @since      v1.0
                       //  Sample usage:
                       //------------------------------------------------------------------------------------------------------
             --------------
                       static uint8 imu660rb_simspi_wr_byte(uint8 byte)
                       {
                               uint8 i;
                               for(i=0; i<8; i++)
                               {
                                       IMU660RB_SCK (0);
                                       IMU660RB_MOSI(byte&0x80);
                                       byte <<= 1;
                                       IMU660RB_SCK (1);
                                       byte |= IMU660RB_MISO;
                               }
                               IMU660RB_SCK (0);
                               return(byte);
                       }
                       
                       //------------------------------------------------------------------------------------------------------
             --------------
                       //  @brief      НЋvalаДШыcmdЖдгІЕФМФДцЦїЕижЗ,ЭЌЪБЗЕЛиstatusзжНк
                       //  @param      cmd         УќСюзж
                       //  @param      val         Д§аДШыМФДцЦїЕФЪ§жЕ
C251 COMPILER V5.60.0,  zf_device_imu660rb                                                 13/01/26  21:31:35  PAGE 4   

                       //  @since      v1.0
                       //  Sample usage:
                       //------------------------------------------------------------------------------------------------------
             --------------
                       static void imu660rb_simspi_w_reg_byte(uint8 cmd, uint8 val)
                       {
                               cmd |= IMU660RB_SPI_W;
                               imu660rb_simspi_wr_byte(cmd);
                               imu660rb_simspi_wr_byte(val);
                       }
               
                       //------------------------------------------------------------------------------------------------------
             --------------
                       //  @brief      ЖСШЁcmdЫљЖдгІЕФМФДцЦїЕижЗ
                       //  @param      cmd         УќСюзж
                       //  @param      *val        ДцДЂЖСШЁЕФЪ§ОнЕижЗ
                       //  @since      v1.0
                       //  Sample usage:
                       //------------------------------------------------------------------------------------------------------
             --------------
                       static void imu660rb_simspi_r_reg_byte(uint8 cmd, uint8 *val)
                       {
                               IMU660RB_SCK(0);
                               cmd |= IMU660RB_SPI_R;
                               imu660rb_simspi_wr_byte(cmd);
                               *val = imu660rb_simspi_wr_byte(0);
                               IMU660RB_SCK(1);
                       }
                       
               
               //      //----------------------------------------------------------------------------------------------------
             ----------------
               //      //  @brief      НЋvalаДШыcmdЖдгІЕФМФДцЦїЕижЗ
               //      //  @param      cmd         УќСюзж
               //      //  @param      val         Д§аДШыМФДцЦїЕФЪ§жЕ
               //      //  @since      v1.0
               //      //  Sample usage:
               //      //----------------------------------------------------------------------------------------------------
             ----------------
               //      static void imu660rb_simspi_w_reg_bytes(uint8 cmd, uint8 *dat_addr, uint32 len)
               //      {
               //              cmd |= IMU660RB_SPI_W;
               //              imu660rb_simspi_wr_byte(cmd);
               //              while(len--)
               //              {
               //                      imu660rb_simspi_wr_byte(*dat_addr++);
               //              }
               //      }
               
                       //------------------------------------------------------------------------------------------------------
             --------------
                       //  @brief      ЖСШЁcmdЫљЖдгІЕФМФДцЦїЕижЗ
                       //  @param      cmd         УќСюзж
                       //  @param      *val        ДцДЂЖСШЁЕФЪ§ОнЕижЗ
                       //  @param      num         ЖСШЁЕФЪ§СП
                       //  @since      v1.0
                       //  Sample usage:
                       //------------------------------------------------------------------------------------------------------
             --------------
                       static void imu660rb_simspi_r_reg_bytes(uint8 cmd, uint8 *val, uint32 num)
                       {
                               cmd |= IMU660RB_SPI_R;
                               imu660rb_simspi_wr_byte(cmd);
                               while(num--)
                               {
                                       *val++ = imu660rb_simspi_wr_byte(0);
C251 COMPILER V5.60.0,  zf_device_imu660rb                                                 13/01/26  21:31:35  PAGE 5   

                               }
                       }
                       
                       //------------------------------------------------------------------------------------------------------
             --------------
                       // КЏЪ§МђНщ     IMU660RB аДМФДцЦї
                       // ВЮЪ§ЫЕУї     reg             МФДцЦїЕижЗ
                       // ВЮЪ§ЫЕУї     dat            Ъ§Он
                       // ЗЕЛиВЮЪ§     void
                       // ЪЙгУЪОР§     imu660rb_write_register(IMU660RB_PWR_CONF, 0x00);                   // ЙиБеИпМЖЪЁЕчФЃЪН
                       // БИзЂаХЯЂ     ФкВПЕїгУ
                       //------------------------------------------------------------------------------------------------------
             --------------
                       static void imu660rb_write_register(uint8 reg, uint8 dat)
                       {
                               IMU660RB_CS(0);
                               imu660rb_simspi_w_reg_byte(reg | IMU660RB_SPI_W, dat);
                               IMU660RB_CS(1);
                       }
               
                       //------------------------------------------------------------------------------------------------------
             --------------
                       // КЏЪ§МђНщ     IMU660RB ЖСМФДцЦї
                       // ВЮЪ§ЫЕУї     reg             МФДцЦїЕижЗ
                       // ЗЕЛиВЮЪ§     uint8           Ъ§Он
                       // ЪЙгУЪОР§     imu660rb_read_register(IMU660RB_CHIP_ID);
                       // БИзЂаХЯЂ     ФкВПЕїгУ
                       //------------------------------------------------------------------------------------------------------
             --------------
                       static uint8 imu660rb_read_register(uint8 reg)
                       {
                               uint8 dat;
                               IMU660RB_CS(0);
                               imu660rb_simspi_r_reg_byte(reg | IMU660RB_SPI_R, &dat);
                               IMU660RB_CS(1);
                               return dat;
                       }
               
                       //------------------------------------------------------------------------------------------------------
             --------------
                       // КЏЪ§МђНщ     IMU660RB ЖСЪ§Он
                       // ВЮЪ§ЫЕУї     reg             МФДцЦїЕижЗ
                       // ВЮЪ§ЫЕУї     dat            Ъ§ОнЛКГхЧј
                       // ВЮЪ§ЫЕУї     len             Ъ§ОнГЄЖШ
                       // ЗЕЛиВЮЪ§     void
                       // ЪЙгУЪОР§     imu660rb_read_registers(IMU660RB_ACC_ADDRESS, dat, 6);
                       // БИзЂаХЯЂ     ФкВПЕїгУ
                       //------------------------------------------------------------------------------------------------------
             --------------
                       static void imu660rb_read_registers(uint8 reg, uint8 *dat, uint32 len)
                       {
                               IMU660RB_CS(0);
                               imu660rb_simspi_r_reg_bytes(reg | IMU660RB_SPI_R, dat, len);
                               IMU660RB_CS(1);
                       }
                       
                       
               
               #elif (IMU660RB_USE_INTERFACE==SOFT_IIC)
                       
                       static soft_iic_info_struct imu660rb_iic_struct;
               
                       #define imu660rb_write_register(reg, dat)        (soft_iic_write_8bit_register (&imu660rb_iic_struct, (r
             -eg), (dat)))
                       #define imu660rb_write_registers(reg, dat, len)  (soft_iic_write_8bit_registers(&imu660rb_iic_struct, (r
             -eg), (dat), (len)))
C251 COMPILER V5.60.0,  zf_device_imu660rb                                                 13/01/26  21:31:35  PAGE 6   

                       #define imu660rb_read_register(reg)               (soft_iic_read_8bit_register  (&imu660rb_iic_struct, (
             -reg)))
                       #define imu660rb_read_registers(reg, dat, len)   (soft_iic_read_8bit_registers (&imu660rb_iic_struct, (r
             -eg), (dat), (len)))
               
               #endif
  292          
  293          //-------------------------------------------------------------------------------------------------------
             -------------
  294          // КЏЪ§МђНщ     IMU660RB здМь
  295          // ВЮЪ§ЫЕУї     void
  296          // ЗЕЛиВЮЪ§     uint8           1-здМьЪЇАм 0-здМьГЩЙІ
  297          // ЪЙгУЪОР§     imu660rb_self_check();
  298          // БИзЂаХЯЂ     ФкВПЕїгУ
  299          //-------------------------------------------------------------------------------------------------------
             -------------
  300          static uint8 imu660rb_self_check (void)
  301          {
  302   1          uint8 dat = 0, return_state = 0;
  303   1          uint16 timeout_count = 0;
  304   1          do
  305   1          {
  306   2              if(timeout_count ++ > IMU660RB_TIMEOUT_COUNT)
  307   2              {
  308   3                  return_state =  1;
  309   3                  break;
  310   3              }
  311   2              dat = imu660rb_read_register(IMU660RB_CHIP_ID);
  312   2              system_delay_ms(1);
  313   2      
  314   2          }while(0x6B != dat);                                                        // ЖСШЁЩшБИIDЪЧЗёЕШгк0X24
             -ЃЌШчЙћВЛЪЧ0X24дђШЯЮЊУЛМьВтЕНЩшБИ
  315   1              // printf("imu660rb_self_check = 0x%x\r\n", dat);
  316   1              return return_state;
  317   1      }
  318          
  319          //-------------------------------------------------------------------------------------------------------
             -------------
  320          // КЏЪ§МђНщ     ЛёШЁ IMU660RB МгЫйЖШМЦЪ§Он
  321          // ВЮЪ§ЫЕУї     void
  322          // ЗЕЛиВЮЪ§     void
  323          // ЪЙгУЪОР§     imu660rb_get_acc();                                             // жДааИУКЏЪ§КѓЃЌжБНгВщПД
             -ЖдгІЕФБфСПМДПЩ
  324          // БИзЂаХЯЂ     ЪЙгУ SPI ЕФВЩМЏЪБМфЮЊ69us
  325          //             ЪЙгУ IIC ЕФВЩМЏЪБМфЮЊ126us        ВЩМЏМгЫйЖШМЦЕФЪБМфгыВЩМЏЭгТнвЧЕФЪБМфвЛжТЕФд­вђЪЧЖМжЛЪЧЖС
             -ШЁМФДцЦїЪ§Он
  326          //-------------------------------------------------------------------------------------------------------
             -------------
  327          void imu660rb_get_acc (void)
  328          {
  329   1          uint8 dat[6];
  330   1      
  331   1          imu660rb_read_registers(IMU660RB_ACC_ADDRESS, dat, 6);
  332   1          imu660rb_acc_x = (int16)(((uint16)dat[1]<<8 | dat[0]));
  333   1          imu660rb_acc_y = (int16)(((uint16)dat[3]<<8 | dat[2]));
  334   1          imu660rb_acc_z = (int16)(((uint16)dat[5]<<8 | dat[4]));
  335   1      }
  336          //-------------------------------------------------------------------------------------------------------
             -------------
  337          // КЏЪ§МђНщ     ЛёШЁ IMU660RB ЭгТнвЧЪ§Он
  338          // ВЮЪ§ЫЕУї     void
  339          // ЗЕЛиВЮЪ§     void
  340          // ЪЙгУЪОР§     imu660rb_get_gyro();                                            // жДааИУКЏЪ§КѓЃЌжБНгВщПД
             -ЖдгІЕФБфСПМДПЩ
  341          // БИзЂаХЯЂ     ЪЙгУ SPI ЕФВЩМЏЪБМфЮЊ69us
  342          //             ЪЙгУ IIC ЕФВЩМЏЪБМфЮЊ126us
C251 COMPILER V5.60.0,  zf_device_imu660rb                                                 13/01/26  21:31:35  PAGE 7   

  343          //-------------------------------------------------------------------------------------------------------
             -------------
  344          void imu660rb_get_gyro (void)
  345          {
  346   1          uint8 dat[6];
  347   1      
  348   1          imu660rb_read_registers(0x22, dat, 6);
  349   1          imu660rb_gyro_x = (int16)(((uint16)dat[1]<<8 | dat[0]));
  350   1          imu660rb_gyro_y = (int16)(((uint16)dat[3]<<8 | dat[2]));
  351   1          imu660rb_gyro_z = (int16)(((uint16)dat[5]<<8 | dat[4]));
  352   1      }
  353          
  354          //-------------------------------------------------------------------------------------------------------
             -------------
  355          // КЏЪ§МђНщ     НЋ IMU660RB МгЫйЖШМЦЪ§ОнзЊЛЛЮЊЪЕМЪЮяРэЪ§Он
  356          // ВЮЪ§ЫЕУї     gyro_value      ШЮвтжсЕФМгЫйЖШМЦЪ§Он
  357          // ЗЕЛиВЮЪ§     void
  358          // ЪЙгУЪОР§     float dat = imu660rb_acc_transition(imu660rb_acc_x);           // ЕЅЮЛЮЊ g(m/s^2)
  359          // БИзЂаХЯЂ
  360          //-------------------------------------------------------------------------------------------------------
             -------------
  361          float imu660rb_acc_transition (int16 acc_value)
  362          {
  363   1          float acc_data = 0;
  364   1          switch(IMU660RB_ACC_SAMPLE)
  365   1          {
  366   2              case 0x30: acc_data = (float)acc_value / 16393; break;                  // 0x30 МгЫйЖШСПГЬЮЊ:ЁР2G
             -      ЛёШЁЕНЕФМгЫйЖШМЦЪ§Он Г§вд 16393 ЃЌПЩвдзЊЛЏЮЊДјЮяРэЕЅЮЛЕФЪ§ОнЃЌЕЅЮЛЃКg(m/s^2)
  367   2              case 0x38: acc_data = (float)acc_value / 8197;  break;                  // 0x38 МгЫйЖШСПГЬЮЊ:ЁР4G
             -      ЛёШЁЕНЕФМгЫйЖШМЦЪ§Он Г§вд 8197 ЃЌ ПЩвдзЊЛЏЮЊДјЮяРэЕЅЮЛЕФЪ§ОнЃЌЕЅЮЛЃКg(m/s^2)
  368   2              case 0x3C: acc_data = (float)acc_value / 4098;  break;                  // 0x3C МгЫйЖШСПГЬЮЊ:ЁР8G
             -      ЛёШЁЕНЕФМгЫйЖШМЦЪ§Он Г§вд 4098 ЃЌ ПЩвдзЊЛЏЮЊДјЮяРэЕЅЮЛЕФЪ§ОнЃЌЕЅЮЛЃКg(m/s^2)
  369   2              case 0x34: acc_data = (float)acc_value / 2049;  break;                  // 0x34 МгЫйЖШСПГЬЮЊ:ЁР16
             -G     ЛёШЁЕНЕФМгЫйЖШМЦЪ§Он Г§вд 2049 ЃЌ ПЩвдзЊЛЏЮЊДјЮяРэЕЅЮЛЕФЪ§ОнЃЌЕЅЮЛЃКg(m/s^2)
  370   2              default: break;
  371   2          }
  372   1          return acc_data;
  373   1      }
  374          
  375          //-------------------------------------------------------------------------------------------------------
             -------------
  376          // КЏЪ§МђНщ     НЋ IMU660RB ЭгТнвЧЪ§ОнзЊЛЛЮЊЪЕМЪЮяРэЪ§Он
  377          // ВЮЪ§ЫЕУї     gyro_value      ШЮвтжсЕФЭгТнвЧЪ§Он
  378          // ЗЕЛиВЮЪ§     void
  379          // ЪЙгУЪОР§     float dat = imu660rb_gyro_transition(imu660rb_gyro_x);         // ЕЅЮЛЮЊЁу/s
  380          // БИзЂаХЯЂ
  381          //-------------------------------------------------------------------------------------------------------
             -------------
  382          float imu660rb_gyro_transition (int16 gyro_value)
  383          {
  384   1          float gyro_data = 0;
  385   1          switch(IMU660RB_GYR_SAMPLE)
  386   1          {
  387   2              case 0x52: gyro_data = (float)gyro_value / 228.6f;  break;              //  0x52 ЭгТнвЧСПГЬЮЊ:ЁР1
             -25dps  ЛёШЁЕНЕФЭгТнвЧЪ§ОнГ§вд 228.6ЃЌ   ПЩвдзЊЛЏЮЊДјЮяРэЕЅЮЛЕФЪ§ОнЃЌЕЅЮЛЮЊЃКЁу/s
  388   2              case 0x50: gyro_data = (float)gyro_value / 114.3f;  break;              //  0x50 ЭгТнвЧСПГЬЮЊ:ЁР2
             -50dps  ЛёШЁЕНЕФЭгТнвЧЪ§ОнГ§вд 114.3ЃЌ   ПЩвдзЊЛЏЮЊДјЮяРэЕЅЮЛЕФЪ§ОнЃЌЕЅЮЛЮЊЃКЁу/s
  389   2              case 0x54: gyro_data = (float)gyro_value / 57.1f;   break;              //  0x54 ЭгТнвЧСПГЬЮЊ:ЁР5
             -00dps  ЛёШЁЕНЕФЭгТнвЧЪ§ОнГ§вд 57.1ЃЌ    ПЩвдзЊЛЏЮЊДјЮяРэЕЅЮЛЕФЪ§ОнЃЌЕЅЮЛЮЊЃКЁу/s
  390   2              case 0x58: gyro_data = (float)gyro_value / 28.6f;   break;              //  0x58 ЭгТнвЧСПГЬЮЊ:ЁР1
             -000dps ЛёШЁЕНЕФЭгТнвЧЪ§ОнГ§вд 28.6ЃЌ    ПЩвдзЊЛЏЮЊДјЮяРэЕЅЮЛЕФЪ§ОнЃЌЕЅЮЛЮЊЃКЁу/s
  391   2              case 0x5C: gyro_data = (float)gyro_value / 14.3f;   break;              //  0x5C ЭгТнвЧСПГЬЮЊ:ЁР2
             -000dps ЛёШЁЕНЕФЭгТнвЧЪ§ОнГ§вд 14.3ЃЌ    ПЩвдзЊЛЏЮЊДјЮяРэЕЅЮЛЕФЪ§ОнЃЌЕЅЮЛЮЊЃКЁу/s
  392   2              case 0x51: gyro_data = (float)gyro_value / 7.1f;    break;              //  0x51 ЭгТнвЧСПГЬЮЊ:ЁР4
             -000dps ЛёШЁЕНЕФЭгТнвЧЪ§ОнГ§вд 7.1ЃЌ     ПЩвдзЊЛЏЮЊДјЮяРэЕЅЮЛЕФЪ§ОнЃЌЕЅЮЛЮЊЃКЁу/s
  393   2              default: break;
C251 COMPILER V5.60.0,  zf_device_imu660rb                                                 13/01/26  21:31:35  PAGE 8   

  394   2          }
  395   1          return gyro_data;
  396   1      }
  397          
  398          //-------------------------------------------------------------------------------------------------------
             -------------
  399          // КЏЪ§МђНщ     ГѕЪМЛЏ IMU660RB
  400          // ВЮЪ§ЫЕУї     void
  401          // ЗЕЛиВЮЪ§     uint8           1-ГѕЪМЛЏЪЇАм 0-ГѕЪМЛЏГЩЙІ
  402          // ЪЙгУЪОР§     imu660rb_init();
  403          // БИзЂаХЯЂ
  404          //-------------------------------------------------------------------------------------------------------
             -------------
  405          uint8 imu660rb_init (void)
  406          {
  407   1          uint8 return_state = 0;
  408   1          system_delay_ms(20);                                                        // ЕШД§ЩшБИЩЯЕчГЩЙІ
  409   1      
  410   1      #if (IMU660RB_USE_INTERFACE==HARDWARE_SPI)
  411   1              
  412   1          spi_init(IMU660RB_SPI, SPI_MODE0, IMU660RB_SPI_SPEED, IMU660RB_SPC_PIN, IMU660RB_SDI_PIN, IMU660RB_SD
             -O_PIN, SPI_CS_NULL);   // ХфжУ IMU660RB ЕФ SPI ЖЫПк
  413   1          gpio_init(IMU660RB_CS_PIN, GPO, GPIO_HIGH, GPO_PUSH_PULL);                  // ХфжУ IMU660RB ЕФ CS ЖЫ
             -Пк
  414   1      //    imu660rb_read_register(IMU660RB_CHIP_ID);                                   // ЖСШЁвЛЯТЩшБИID НЋЩшБ
             -ИЩшжУЮЊSPIФЃЪН
  415   1              
  416   1      #elif (IMU660RB_USE_INTERFACE==SOFT_SPI)
                       
               // ФЌШЯЪЙгУЫЋЯђIOЃЌВЛашвЊГѕЪМЛЏЁЃ
               //      soft_spi_init(IMU660RB_SPI, SPI_MODE0, 0, IMU963RA_SPC_PIN, IMU963RA_SDI_PIN, IMU963RA_SDO_PIN, IMU963
             -RA_CS_PIN);
                       
               #elif (IMU660RB_USE_INTERFACE==SOFT_IIC)
                       
                       soft_iic_init(&imu660rb_iic_struct, IMU660RB_DEV_ADDR, IMU660RB_SOFT_IIC_DELAY, IMU660RB_SCL_PIN, IMU660
             -RB_SDA_PIN);        // ХфжУ IMU660RB ЕФ IIC ЖЫПк
                       
               #endif
  426   1              
  427   1              
  428   1          do{
  429   2              if(imu660rb_self_check())                                               // IMU660RB здМь
  430   2              {
  431   3                  // ШчЙћГЬађдкЪфГіСЫЖЯбдаХЯЂ ВЂЧвЬсЪОГіДэЮЛжУдкетРя
  432   3                  // ФЧУДОЭЪЧ IMU660RB здМьГіДэВЂГЌЪБЭЫГіСЫ
  433   3                  // МьВщвЛЯТНгЯпгаУЛгаЮЪЬт ШчЙћУЛЮЪЬтПЩФмОЭЪЧЛЕСЫ
  434   3                  printf("imu660rb self check error.");
  435   3                  return_state = 1;
  436   3                  break;
  437   3              }
  438   2      
  439   2              imu660rb_write_register(IMU660RB_INT1_CTRL, 0x03);                      // ПЊЦєЭгТнвЧ МгЫйЖШЪ§ОнО
             -ЭаїжаЖЯ
  440   2              imu660rb_write_register(IMU660RB_CTRL1_XL, IMU660RB_ACC_SAMPLE);        // ЩшжУМгЫйЖШМЦСПГЬ ЁР8G 
             -вдМАЪ§ОнЪфГіЫйТЪ 52hz вдМАМгЫйЖШаХЯЂДгЕквЛМЖТЫВЈЦїЪфГі
  441   2              // IMU660RB_CTRL1_XL МФДцЦї
  442   2              // ЩшжУЮЊ:0x30 МгЫйЖШСПГЬЮЊ:ЁР2G      ЛёШЁЕНЕФМгЫйЖШМЦЪ§Он Г§вд16393ЃЌПЩвдзЊЛЏЮЊДјЮяРэЕЅЮЛЕФЪ§ОнЃ
             -ЌЕЅЮЛЃКg(m/s^2)
  443   2              // ЩшжУЮЊ:0x38 МгЫйЖШСПГЬЮЊ:ЁР4G      ЛёШЁЕНЕФМгЫйЖШМЦЪ§Он Г§вд8197ЃЌ ПЩвдзЊЛЏЮЊДјЮяРэЕЅЮЛЕФЪ§ОнЃ
             -ЌЕЅЮЛЃКg(m/s^2)
  444   2              // ЩшжУЮЊ:0x3C МгЫйЖШСПГЬЮЊ:ЁР8G      ЛёШЁЕНЕФМгЫйЖШМЦЪ§Он Г§вд4098ЃЌ ПЩвдзЊЛЏЮЊДјЮяРэЕЅЮЛЕФЪ§ОнЃ
             -ЌЕЅЮЛЃКg(m/s^2)
  445   2              // ЩшжУЮЊ:0x34 МгЫйЖШСПГЬЮЊ:ЁР16G     ЛёШЁЕНЕФМгЫйЖШМЦЪ§Он Г§вд2049ЃЌ ПЩвдзЊЛЏЮЊДјЮяРэЕЅЮЛЕФЪ§ОнЃ
             -ЌЕЅЮЛЃКg(m/s^2)
  446   2      
C251 COMPILER V5.60.0,  zf_device_imu660rb                                                 13/01/26  21:31:35  PAGE 9   

  447   2              imu660rb_write_register(IMU660RB_CTRL2_G, IMU660RB_GYR_SAMPLE);         // ЩшжУЭгТнвЧМЦСПГЬ ЁР200
             -0dps вдМАЪ§ОнЪфГіЫйТЪ 208hz
  448   2              // IMU660RB_CTRL2_G МФДцЦї
  449   2              // ЩшжУЮЊ:0x52 ЭгТнвЧСПГЬЮЊ:ЁР125dps  ЛёШЁЕНЕФЭгТнвЧЪ§ОнГ§вд228.6ЃЌ   ПЩвдзЊЛЏЮЊДјЮяРэЕЅЮЛЕФЪ§ОнЃ
             -ЌЕЅЮЛЮЊЃКЁу/s
  450   2              // ЩшжУЮЊ:0x50 ЭгТнвЧСПГЬЮЊ:ЁР250dps  ЛёШЁЕНЕФЭгТнвЧЪ§ОнГ§вд114.3ЃЌ   ПЩвдзЊЛЏЮЊДјЮяРэЕЅЮЛЕФЪ§ОнЃ
             -ЌЕЅЮЛЮЊЃКЁу/s
  451   2              // ЩшжУЮЊ:0x54 ЭгТнвЧСПГЬЮЊ:ЁР500dps  ЛёШЁЕНЕФЭгТнвЧЪ§ОнГ§вд57.1ЃЌ    ПЩвдзЊЛЏЮЊДјЮяРэЕЅЮЛЕФЪ§ОнЃ
             -ЌЕЅЮЛЮЊЃКЁу/s
  452   2              // ЩшжУЮЊ:0x58 ЭгТнвЧСПГЬЮЊ:ЁР1000dps ЛёШЁЕНЕФЭгТнвЧЪ§ОнГ§вд28.6ЃЌ    ПЩвдзЊЛЏЮЊДјЮяРэЕЅЮЛЕФЪ§ОнЃ
             -ЌЕЅЮЛЮЊЃКЁу/s
  453   2              // ЩшжУЮЊ:0x5C ЭгТнвЧСПГЬЮЊ:ЁР2000dps ЛёШЁЕНЕФЭгТнвЧЪ§ОнГ§вд14.3ЃЌ    ПЩвдзЊЛЏЮЊДјЮяРэЕЅЮЛЕФЪ§ОнЃ
             -ЌЕЅЮЛЮЊЃКЁу/s
  454   2              // ЩшжУЮЊ:0x51 ЭгТнвЧСПГЬЮЊ:ЁР4000dps ЛёШЁЕНЕФЭгТнвЧЪ§ОнГ§вд7.1ЃЌ     ПЩвдзЊЛЏЮЊДјЮяРэЕЅЮЛЕФЪ§ОнЃ
             -ЌЕЅЮЛЮЊЃКЁу/s
  455   2      
  456   2              imu660rb_write_register(IMU660RB_CTRL3_C, 0x44);                        // ЪЙФмЭгТнвЧЪ§зжЕЭЭЈТЫВЈ
             -Цї
  457   2              imu660rb_write_register(IMU660RB_CTRL4_C, 0x02);                        // ЪЙФмЪ§зжЕЭЭЈТЫВЈЦї
  458   2              imu660rb_write_register(IMU660RB_CTRL5_C, 0x00);                        // МгЫйЖШМЦгыЭгТнвЧЫФЩсЮх
             -Шы
  459   2              imu660rb_write_register(IMU660RB_CTRL6_C, 0x00);                        // ПЊЦєМгЫйЖШМЦИпадФмФЃЪН
             - ЭгТнвЧЕЭЭЈТЫВЈ 133hz
  460   2              imu660rb_write_register(IMU660RB_CTRL7_G, 0x00);                        // ПЊЦєЭгТнвЧИпадФмФЃЪН Й
             -иБеИпЭЈТЫВЈ
  461   2              imu660rb_write_register(IMU660RB_CTRL9_XL, 0x01);                       // ЙиБеI3CНгПк
  462   2      
  463   2          }while(0);
  464   1          return return_state;
  465   1      }
  466          
  467          


Module Information          Static   Overlayable
------------------------------------------------
  code size            =    ------     ------
  ecode size           =      1130     ------
  data size            =    ------     ------
  idata size           =    ------     ------
  pdata size           =    ------     ------
  xdata size           =        54     ------
  xdata-const size     =    ------     ------
  edata size           =    ------     ------
  bit size             =    ------     ------
  ebit size            =    ------     ------
  bitaddressable size  =    ------     ------
  ebitaddressable size =    ------     ------
  far data size        =    ------     ------
  huge data size       =    ------     ------
  const size           =    ------     ------
  hconst size          =        69     ------
End of Module Information.


C251 COMPILATION COMPLETE.  0 WARNING(S),  0 ERROR(S)
