C251 COMPILER V5.60.0,  zf_device_wireless_uart                                            21/03/26  13:02:31  PAGE 1   


C251 COMPILER V5.60.0, COMPILATION OF MODULE zf_device_wireless_uart
OBJECT MODULE PLACED IN .\out_file\zf_device_wireless_uart.obj
COMPILER INVOKED BY: D:\Keil5\C251\BIN\C251.EXE ..\..\libraries\zf_device\zf_device_wireless_uart.c LARGE FLOAT64 ROM(HU
                    -GE) WARNINGLEVEL(3) OPTIMIZE(0,SIZE) BROWSE INCDIR(..\..\libraries\zf_common;..\..\libraries\zf_components;..\..\librari
                    -es\zf_device;..\..\libraries\zf_driver;..\user;..\code;..\..\libraries\zf_components\stc32g_usb_lib;..\..\libraries\zf_c
                    -omponents\seekfree_assistant) DEBUG PRINT(.\out_file\zf_device_wireless_uart.lst) OBJECT(.\out_file\zf_device_wireless_u
                    -art.obj) 

stmt  level    source

    1          /********************************************************************************************************
             -*************
    2          * STC32G Opensourec Library МДЃЈSTC32G ПЊдДПтЃЉЪЧвЛИіЛљгкЙйЗН SDK НгПкЕФЕкШ§ЗНПЊдДПт
    3          * Copyright (c) 2025 SEEKFREE ж№ЗЩПЦММ
    4          *
    5          * БОЮФМўЪЧSTC32G144KПЊдДПтЕФвЛВПЗж
    6          *
    7          * STC32G ПЊдДПт ЪЧУтЗбШэМў
    8          * ФњПЩвдИљОнздгЩШэМўЛљН№ЛсЗЂВМЕФ GPLЃЈGNU General Public LicenseЃЌМД GNUЭЈгУЙЋЙВаэПЩжЄЃЉЕФЬѕПю
    9          * МД GPL ЕФЕк3АцЃЈМД GPL3.0ЃЉЛђЃЈФњбЁдёЕФЃЉШЮКЮКѓРДЕФАцБОЃЌжиаТЗЂВМКЭ/ЛђаоИФЫќ
   10          *
   11          * БОПЊдДПтЕФЗЂВМЪЧЯЃЭћЫќФмЗЂЛгзїгУЃЌЕЋВЂЮДЖдЦфзїШЮКЮЕФБЃжЄ
   12          * ЩѕжСУЛгавўКЌЕФЪЪЯњадЛђЪЪКЯЬиЖЈгУЭОЕФБЃжЄ
   13          * ИќЖрЯИНкЧыВЮМћ GPL
   14          *
   15          * ФњгІИУдкЪеЕНБОПЊдДПтЕФЭЌЪБЪеЕНвЛЗн GPL ЕФИББО
   16          * ШчЙћУЛгаЃЌЧыВЮдФ<https://www.gnu.org/licenses/>
   17          *
   18          * ЖюЭтзЂУїЃК
   19          * БОПЊдДПтЪЙгУ GPL3.0 ПЊдДаэПЩжЄа­вщ вдЩЯаэПЩЩъУїЮЊвыЮФАцБО
   20          * аэПЩЩъУїгЂЮФАцдк libraries/doc ЮФМўМаЯТЕФ GPL3_permission_statement.txt ЮФМўжа
   21          * аэПЩжЄИББОдк libraries ЮФМўМаЯТ МДИУЮФМўМаЯТЕФ LICENSE ЮФМў
   22          * ЛЖг­ИїЮЛЪЙгУВЂДЋВЅБОГЬађ ЕЋаоИФФкШнЪББиаыБЃСєж№ЗЩПЦММЕФАцШЈЩљУїЃЈМДБОЩљУїЃЉ
   23          *
   24          * ЮФМўУћГЦ          
   25          * ЙЋЫОУћГЦ          ГЩЖМж№ЗЩПЦММгаЯоЙЋЫО
   26          * АцБОаХЯЂ          ВщПД libraries/doc ЮФМўМаФк version ЮФМў АцБОЫЕУї
   27          * ПЊЗЂЛЗОГ          MDK FOR C251
   28          * ЪЪгУЦНЬЈ          STC32G144K
   29          * ЕъЦЬСДНг          https://seekfree.taobao.com/
   30          *
   31          * аоИФМЧТМ
   32          * ШеЦк              зїеп           БИзЂ
   33          * 2024-08-01        ДѓW            first version
   34          *********************************************************************************************************
             -***********/
   35          /********************************************************************************************************
             -*************
   36          * НгЯпЖЈвхЃК
   37          *                   ------------------------------------
   38          *                   ФЃПщЙмНХ            ЕЅЦЌЛњЙмНХ
   39          *                   RX                  ВщПД zf_device_wireless_uart.h жа WIRELESS_UART_RX_PIN  КъЖЈвх
   40          *                   TX                  ВщПД zf_device_wireless_uart.h жа WIRELESS_UART_TX_PIN  КъЖЈвх
   41          *                   RTS                 ВщПД zf_device_wireless_uart.h жа WIRELESS_UART_RTS_PIN КъЖЈвх
   42          *                   VCC                 3.3VЕчдД
   43          *                   GND                 ЕчдДЕи
   44          *                   Цфгрв§НХаќПе
   45          *                   ------------------------------------
   46          *********************************************************************************************************
             -************/
   47          
   48          #include "zf_common_clock.h"
   49          #include "zf_common_debug.h"
   50          #include "zf_common_fifo.h"
   51          #include "zf_driver_delay.h"
C251 COMPILER V5.60.0,  zf_device_wireless_uart                                            21/03/26  13:02:31  PAGE 2   

   52          #include "zf_driver_gpio.h"
   53          #include "zf_driver_uart.h"
   54          #include "zf_device_wireless_uart.h"
   55          #include "zf_device_type.h"
   56          
   57          #pragma warning disable = 183
   58          #pragma warning disable = 177
   59          
   60          
   61          static  fifo_struct                                     wireless_uart_fifo;
   62          static  uint8                                           wireless_uart_buffer[WIRELESS_UART_BUFFER_SIZE];
   63          
   64          //static          uint8                                   wireless_uart_data          = 0;
   65          #if (1 == WIRELESS_UART_AUTO_BAUD_RATE)
               static volatile wireless_uart_auto_baudrate_state_enum  wireless_auto_baud_flag     = WIRELESS_UART_AUTO_
             -BAUD_RATE_INIT;
               static volatile uint8                                   wireless_auto_baud_data[3]  = {0x00, 0x01, 0x03};
               #endif
   69          
   70          //-------------------------------------------------------------------------------------------------------
             -------------
   71          // КЏЪ§МђНщ     ЮоЯпзЊДЎПкФЃПщ ЗЂЫЭЪ§Он
   72          // ВЮЪ§ЫЕУї     data            8bit Ъ§Он
   73          // ЗЕЛиВЮЪ§     uint32          ЪЃгрЗЂЫЭГЄЖШ 0-ЗЂЫЭЭъБЯ 1-ЮДЗЂЫЭЭъГЩ
   74          // ЪЙгУЪОР§     wireless_uart_send_byte(data);
   75          // БИзЂаХЯЂ
   76          //-------------------------------------------------------------------------------------------------------
             -------------
   77          uint32 wireless_uart_send_byte (const uint8 dat)
   78          {
   79   1              uint16 time_cnt = WIRELESS_UART_TIMEOUT_COUNT;
   80   1              
   81   1              while (time_cnt && gpio_get_level(WIRELESS_UART_RTS_PIN)) 
   82   1              {
   83   2                      system_delay_ms(1);
   84   2                      time_cnt--;
   85   2              }
   86   1              
   87   1              if (time_cnt) 
   88   1              {
   89   2                      uart_write_byte(WIRELESS_UART_INDEX, dat);
   90   2              }
   91   1              
   92   1              return time_cnt == 0;
   93   1      }
   94          
   95          //-------------------------------------------------------------------------------------------------------
             -------------
   96          // КЏЪ§МђНщ     ЮоЯпзЊДЎПкФЃПщ ЗЂЫЭЪ§ОнПщ
   97          // ВЮЪ§ЫЕУї     *buff           ЗЂЫЭЛКГхЧј
   98          // ВЮЪ§ЫЕУї     len             ЗЂЫЭЪ§ОнГЄЖШ
   99          // ЗЕЛиВЮЪ§     uint32          ЪЃгрЗЂЫЭГЄЖШ
  100          // ЪЙгУЪОР§     wireless_uart_send_buffer(buff, 64);
  101          // БИзЂаХЯЂ
  102          //-------------------------------------------------------------------------------------------------------
             -------------
  103          uint32 wireless_uart_send_buffer(const uint8 *buff, uint32 len)
  104          {
  105   1          #define WIRELESS_PACKET_SIZE 30
  106   1          #define DELAY_MS 1
  107   1          
  108   1          uint16 time_cnt = 0;
  109   1              uint16 send_len = 0;
  110   1          zf_assert(NULL != buff);  // ШЗБЃЛКГхЧјЗЧПе
  111   1      
  112   1          while (len && time_cnt < WIRELESS_UART_TIMEOUT_COUNT)
C251 COMPILER V5.60.0,  zf_device_wireless_uart                                            21/03/26  13:02:31  PAGE 3   

  113   1          {
  114   2              if (!gpio_get_level(WIRELESS_UART_RTS_PIN))  // RTSЕЭЕчЦНЃЌПЩЗЂЫЭ
  115   2              {
  116   3                  send_len = len < WIRELESS_PACKET_SIZE ? len : WIRELESS_PACKET_SIZE;
  117   3                  uart_write_buffer(WIRELESS_UART_INDEX, buff, send_len);
  118   3                  buff += send_len;
  119   3                  len -= send_len;
  120   3                  time_cnt = 0;  // жижУГЌЪБМЦЪ§
  121   3              }
  122   2              else  // RTSИпЕчЦНЃЌФЃПщУІ
  123   2              {
  124   3                  system_delay_ms(DELAY_MS);
  125   3                  time_cnt++;
  126   3              }
  127   2          }
  128   1      
  129   1          return len;  // ЗЕЛиЮДЗЂЫЭЕФзжНкЪ§
  130   1      }
  131          
  132          //-------------------------------------------------------------------------------------------------------
             -------------
  133          // КЏЪ§МђНщ     ЮоЯпзЊДЎПкФЃПщ ЗЂЫЭзжЗћДЎ
  134          // ВЮЪ§ЫЕУї     *str            вЊЗЂЫЭЕФзжЗћДЎЕижЗ
  135          // ЗЕЛиВЮЪ§     uint32          ЪЃгрЗЂЫЭГЄЖШ
  136          // ЪЙгУЪОР§     wireless_uart_send_string("Believe in yourself.");
  137          // БИзЂаХЯЂ
  138          //-------------------------------------------------------------------------------------------------------
             -------------
  139          uint32 wireless_uart_send_string (const char *str)
  140          {
  141   1          uint32 len = strlen(str);
  142   1          zf_assert(NULL != str);
  143   1              
  144   1          return  wireless_uart_send_buffer(str, len);
  145   1      }
  146          
  147          
  148          //-------------------------------------------------------------------------------------------------------
             -------------
  149          // КЏЪ§МђНщ     ЮоЯпзЊДЎПкФЃПщ ЖСШЁЛКГх
  150          // ВЮЪ§ЫЕУї     *buff           НгЪеЛКГхЧј
  151          // ВЮЪ§ЫЕУї     len             ЖСШЁЪ§ОнГЄЖШ
  152          // ЗЕЛиВЮЪ§     uint32          ЪЕМЪЖСШЁЪ§ОнГЄЖШ
  153          // ЪЙгУЪОР§     wireless_uart_read_buffer(buff, 32);
  154          // БИзЂаХЯЂ
  155          //-------------------------------------------------------------------------------------------------------
             -------------
  156          uint32 wireless_uart_read_buffer (uint8 *buff, uint32 len)
  157          {
  158   1          uint32 data_len = len;
  159   1          zf_assert(NULL != buff);
  160   1          fifo_read_buffer(&wireless_uart_fifo, buff, &data_len, FIFO_READ_AND_CLEAN);
  161   1          return data_len;
  162   1      }
  163          
  164          //-------------------------------------------------------------------------------------------------------
             -------------
  165          // КЏЪ§МђНщ     ЮоЯпзЊДЎПкФЃПщ ДЎПкжаЖЯЛиЕїКЏЪ§
  166          // ВЮЪ§ЫЕУї     void
  167          // ЗЕЛиВЮЪ§     void
  168          // ЪЙгУЪОР§     wireless_uart_callback();
  169          // БИзЂаХЯЂ     ИУКЏЪ§дк ISR ЮФМў ДЎПкжаЖЯГЬађБЛЕїгУ
  170          //              гЩДЎПкжаЖЯЗўЮёКЏЪ§ЕїгУ wireless_module_uart_handler() КЏЪ§
  171          //              дйгЩ wireless_module_uart_handler() КЏЪ§ЕїгУБОКЏЪ§
  172          //-------------------------------------------------------------------------------------------------------
             -------------
C251 COMPILER V5.60.0,  zf_device_wireless_uart                                            21/03/26  13:02:31  PAGE 4   

  173          void wireless_uart_callback (uint8 uart_dat)
  174          {
  175   1      //    uart_query_byte(WIRELESS_UART_INDEX, &uart_dat);
  176   1          fifo_write_buffer(&wireless_uart_fifo, &uart_dat, 1);
  177   1      #if WIRELESS_UART_AUTO_BAUD_RATE                                                // ПЊЦєздЖЏВЈЬиТЪ
                   
                   if(WIRELESS_UART_AUTO_BAUD_RATE_START == wireless_auto_baud_flag && 3 == fifo_used(&wireless_uart_fif
             -o))
                   {
                       uint32 wireless_auto_baud_count = 3;
                       wireless_auto_baud_flag = WIRELESS_UART_AUTO_BAUD_RATE_GET_ACK;
                       fifo_read_buffer(&wireless_uart_fifo, (uint8 *)wireless_auto_baud_data, (uint32 *)&wireless_auto_
             -baud_count, FIFO_READ_AND_CLEAN);
                   }
                   
               #endif
  187   1      }
  188          
  189          //-------------------------------------------------------------------------------------------------------
             -------------
  190          // КЏЪ§МђНщ     ЮоЯпзЊДЎПкФЃПщ ГѕЪМЛЏ
  191          // ВЮЪ§ЫЕУї     void
  192          // ЗЕЛиВЮЪ§     void
  193          // ЪЙгУЪОР§     wireless_uart_init();
  194          // БИзЂаХЯЂ
  195          //-------------------------------------------------------------------------------------------------------
             -------------
  196          uint8 wireless_uart_init (void)
  197          {
  198   1          uint8 return_state = 0;
  199   1          // set_wireless_type(WIRELESS_UART, WIRELESS_UART_INDEX, wireless_uart_callback);
  200   1          
  201   1          fifo_init(&wireless_uart_fifo, FIFO_DATA_8BIT, wireless_uart_buffer, WIRELESS_UART_BUFFER_SIZE);
  202   1          gpio_init(WIRELESS_UART_RTS_PIN, GPI, GPIO_HIGH, GPI_PULL_UP);
  203   1      #if(0 == WIRELESS_UART_AUTO_BAUD_RATE)                                          // ЙиБездЖЏВЈЬиТЪ
  204   1          // БОКЏЪ§ЪЙгУЕФВЈЬиТЪЮЊ115200 ЮЊЮоЯпзЊДЎПкФЃПщЕФФЌШЯВЈЬиТЪ ШчашЦфЫћВЈЬиТЪЧыздааХфжУФЃПщВЂаоИФДЎПкЕФВЈ
             -ЬиТЪ
  205   1          uart_init (WIRELESS_UART_INDEX, WIRELESS_UART_BUAD_RATE, WIRELESS_UART_RX_PIN, WIRELESS_UART_TX_PIN);
             -   // ГѕЪМЛЏДЎПк
  206   1          uart_rx_interrupt(WIRELESS_UART_INDEX, 1, wireless_uart_callback);
  207   1      #elif(1 == WIRELESS_UART_AUTO_BAUD_RATE)                                        // ПЊЦєздЖЏВЈЬиТЪ
                   uint8 rts_init_status = 0;
                   uint16 time_count = 0;
                   
                   wireless_auto_baud_flag = WIRELESS_UART_AUTO_BAUD_RATE_INIT;
                   wireless_auto_baud_data[0] = 0;
                   wireless_auto_baud_data[1] = 1;
                   wireless_auto_baud_data[2] = 3;
                   
                   rts_init_status = gpio_get_level(WIRELESS_UART_RTS_PIN);
                   gpio_init(WIRELESS_UART_RTS_PIN, GPO, rts_init_status, GPO_PUSH_PULL);      // ГѕЪМЛЏСїПив§НХ
                   
                   uart_init (WIRELESS_UART_INDEX, WIRELESS_UART_BUAD_RATE, WIRELESS_UART_RX_PIN, WIRELESS_UART_TX_PIN);
             -   // ГѕЪМЛЏДЎПк
                   uart_rx_interrupt(WIRELESS_UART_INDEX, 1);
                   
                   system_delay_ms(5);                                                         // ФЃПщЩЯЕчжЎКѓашвЊбгЪБЕШ
             -Д§
                   gpio_set_level(WIRELESS_UART_RTS_PIN, !rts_init_status);                    // RTSв§НХР­ИпЃЌНјШыздЖЏВ
             -ЈЬиТЪФЃЪН
                   system_delay_ms(100);                                                       // RTSР­ИпжЎКѓБиаыбгЪБ20m
             -s
                   gpio_toggle_level(WIRELESS_UART_RTS_PIN);                                   // RTSв§НХШЁЗД
                   
                   do
                   {
C251 COMPILER V5.60.0,  zf_device_wireless_uart                                            21/03/26  13:02:31  PAGE 5   

                       wireless_auto_baud_flag = WIRELESS_UART_AUTO_BAUD_RATE_START;
                       uart_write_byte(WIRELESS_UART_INDEX, wireless_auto_baud_data[0]);       // ЗЂЫЭЬиЖЈЪ§Он гУгкФЃПщз
             -дЖЏХаЖЯВЈЬиТЪ
                       uart_write_byte(WIRELESS_UART_INDEX, wireless_auto_baud_data[1]);       // ЗЂЫЭЬиЖЈЪ§Он гУгкФЃПщз
             -дЖЏХаЖЯВЈЬиТЪ
                       uart_write_byte(WIRELESS_UART_INDEX, wireless_auto_baud_data[2]);       // ЗЂЫЭЬиЖЈЪ§Он гУгкФЃПщз
             -дЖЏХаЖЯВЈЬиТЪ
                       system_delay_ms(20);
                       
                       if(WIRELESS_UART_AUTO_BAUD_RATE_GET_ACK != wireless_auto_baud_flag)     // МьбщздЖЏВЈЬиТЪЪЧЗёЭъГЩ
                       {
                           return_state = 1;                                                   // ШчЙћГЬађНјШыЕНДЫгяОфФк
             - ЫЕУїздЖЏВЈЬиТЪЪЇАмСЫ
                           break;
                       }
                       
                       time_count = 0;
                       
                       if( 0xa5 != wireless_auto_baud_data[0] &&                               // МьбщздЖЏВЈЬиТЪЪЧЗёе§ШЗ
                               0xff != wireless_auto_baud_data[1] &&                               // МьбщздЖЏВЈЬиТЪЪЧЗё
             -е§ШЗ
                               0xff != wireless_auto_baud_data[2] )                                // МьбщздЖЏВЈЬиТЪЪЧЗё
             -е§ШЗ
                       {
                           return_state = 1;                                                   // ШчЙћГЬађНјШыЕНДЫгяОфФк
             - ЫЕУїздЖЏВЈЬиТЪЪЇАмСЫ
                           break;
                       }
                       
                       wireless_auto_baud_flag = WIRELESS_UART_AUTO_BAUD_RATE_SUCCESS;
                       
                       gpio_init(WIRELESS_UART_RTS_PIN, GPI, 0, GPI_PULL_UP);                  // ГѕЪМЛЏСїПив§НХ
                       system_delay_ms(10);                                                    // бгЪБЕШД§ ФЃПщзМБИОЭаї
                   }
                   while(0);
                   
               #endif
  259   1          return return_state;
  260   1      }


Module Information          Static   Overlayable
------------------------------------------------
  code size            =    ------     ------
  ecode size           =       805     ------
  data size            =    ------     ------
  idata size           =    ------     ------
  pdata size           =    ------     ------
  xdata size           =       124     ------
  xdata-const size     =    ------     ------
  edata size           =    ------     ------
  bit size             =    ------     ------
  ebit size            =    ------     ------
  bitaddressable size  =    ------     ------
  ebitaddressable size =    ------     ------
  far data size        =    ------     ------
  huge data size       =    ------     ------
  const size           =    ------     ------
  hconst size          =        52     ------
End of Module Information.


C251 COMPILATION COMPLETE.  0 WARNING(S),  0 ERROR(S)
