C251 COMPILER V5.60.0,  zf_device_imu963ra                                                 13/01/26  21:31:35  PAGE 1   


C251 COMPILER V5.60.0, COMPILATION OF MODULE zf_device_imu963ra
OBJECT MODULE PLACED IN .\out_file\zf_device_imu963ra.obj
COMPILER INVOKED BY: D:\Keil5\C251\BIN\C251.EXE ..\..\libraries\zf_device\zf_device_imu963ra.c LARGE FLOAT64 ROM(HUGE) W
                    -ARNINGLEVEL(3) OPTIMIZE(0,SIZE) BROWSE INCDIR(..\..\libraries\zf_common;..\..\libraries\zf_components;..\..\libraries\zf
                    -_device;..\..\libraries\zf_driver;..\user;..\code;..\..\libraries\zf_components\stc32g_usb_lib;..\..\libraries\zf_compon
                    -ents\seekfree_assistant) DEBUG PRINT(.\out_file\zf_device_imu963ra.lst) OBJECT(.\out_file\zf_device_imu963ra.obj) 

stmt  level    source

    1          /********************************************************************************************************
             -*************
    2          * STC32G Opensourec Library МДЃЈSTC32G ПЊдДПтЃЉЪЧвЛИіЛљгкЙйЗН SDK НгПкЕФЕкШ§ЗНПЊдДПт
    3          * Copyright (c) 2025 SEEKFREE ж№ЗЩПЦММ
    4          *
    5          * БОЮФМўЪЧSTC32G144KПЊдДПтЕФвЛВПЗж
    6          *
    7          * STC32G ПЊдДПт ЪЧУтЗбШэМў
    8          * ФњПЩвдИљОнздгЩШэМўЛљН№ЛсЗЂВМЕФ GPLЃЈGNU General Public LicenseЃЌМД GNUЭЈгУЙЋЙВаэПЩжЄЃЉЕФЬѕПю
    9          * МД GPL ЕФЕк3АцЃЈМД GPL3.0ЃЉЛђЃЈФњбЁдёЕФЃЉШЮКЮКѓРДЕФАцБОЃЌжиаТЗЂВМКЭ/ЛђаоИФЫќ
   10          *
   11          * БОПЊдДПтЕФЗЂВМЪЧЯЃЭћЫќФмЗЂЛгзїгУЃЌЕЋВЂЮДЖдЦфзїШЮКЮЕФБЃжЄ
   12          * ЩѕжСУЛгавўКЌЕФЪЪЯњадЛђЪЪКЯЬиЖЈгУЭОЕФБЃжЄ
   13          * ИќЖрЯИНкЧыВЮМћ GPL
   14          *
   15          * ФњгІИУдкЪеЕНБОПЊдДПтЕФЭЌЪБЪеЕНвЛЗн GPL ЕФИББО
   16          * ШчЙћУЛгаЃЌЧыВЮдФ<https://www.gnu.org/licenses/>
   17          *
   18          * ЖюЭтзЂУїЃК
   19          * БОПЊдДПтЪЙгУ GPL3.0 ПЊдДаэПЩжЄа­вщ вдЩЯаэПЩЩъУїЮЊвыЮФАцБО
   20          * аэПЩЩъУїгЂЮФАцдк libraries/doc ЮФМўМаЯТЕФ GPL3_permission_statement.txt ЮФМўжа
   21          * аэПЩжЄИББОдк libraries ЮФМўМаЯТ МДИУЮФМўМаЯТЕФ LICENSE ЮФМў
   22          * ЛЖг­ИїЮЛЪЙгУВЂДЋВЅБОГЬађ ЕЋаоИФФкШнЪББиаыБЃСєж№ЗЩПЦММЕФАцШЈЩљУїЃЈМДБОЩљУїЃЉ
   23          *
   24          * ЮФМўУћГЦ          
   25          * ЙЋЫОУћГЦ          ГЩЖМж№ЗЩПЦММгаЯоЙЋЫО
   26          * АцБОаХЯЂ          ВщПД libraries/doc ЮФМўМаФк version ЮФМў АцБОЫЕУї
   27          * ПЊЗЂЛЗОГ          MDK FOR C251
   28          * ЪЪгУЦНЬЈ          STC32G144K
   29          * ЕъЦЬСДНг          https://seekfree.taobao.com/
   30          *
   31          * аоИФМЧТМ
   32          * ШеЦк              зїеп           БИзЂ
   33          * 2024-08-01        ДѓW            first version
   34          *********************************************************************************************************
             -***********/
   35          /********************************************************************************************************
             -*************
   36          * НгЯпЖЈвхЃК
   37          *                   ------------------------------------
   38          *                   ФЃПщЙмНХ            ЕЅЦЌЛњЙмНХ
   39          *                   // гВМў SPI в§НХ
   40          *                   SCL/SPC             ВщПД zf_device_imu963ra.h жа IMU963RA_SPC_PIN КъЖЈвх
   41          *                   SDA/DSI             ВщПД zf_device_imu963ra.h жа IMU963RA_SDI_PIN КъЖЈвх
   42          *                   SA0/SDO             ВщПД zf_device_imu963ra.h жа IMU963RA_SDO_PIN КъЖЈвх
   43          *                   CS                  ВщПД zf_device_imu963ra.h жа IMU963RA_CS_PIN  КъЖЈвх
   44          *                   VCC                 3.3VЕчдД
   45          *                   GND                 ЕчдДЕи
   46          *                   Цфгрв§НХаќПе
   47          *
   48          *                   // ШэМў IIC в§НХ
   49          *                   SCL/SPC             ВщПД zf_device_imu963ra.h жа IMU963RA_SCL_PIN КъЖЈвх
   50          *                   SDA/DSI             ВщПД zf_device_imu963ra.h жа IMU963RA_SDA_PIN КъЖЈвх
   51          *                   VCC                 3.3VЕчдД
   52          *                   GND                 ЕчдДЕи
   53          *                   Цфгрв§НХаќПе
C251 COMPILER V5.60.0,  zf_device_imu963ra                                                 13/01/26  21:31:35  PAGE 2   

   54          *                   ------------------------------------
   55          *********************************************************************************************************
             -***********/
   56          
   57          #include "zf_common_clock.h"
   58          #include "zf_common_debug.h"
   59          #include "zf_driver_delay.h"
   60          #include "zf_driver_spi.h"
   61          #include "zf_driver_soft_iic.h"
   62          // #include "zf_driver_soft_spi.h"
   63          
   64          #include "zf_device_imu963ra.h"
   65          
   66          #pragma warning disable = 183
   67          #pragma warning disable = 177
   68          
   69          int16 imu963ra_gyro_x = 0, imu963ra_gyro_y = 0, imu963ra_gyro_z = 0;
   70          int16 imu963ra_acc_x = 0,  imu963ra_acc_y = 0,  imu963ra_acc_z = 0;
   71          int16 imu963ra_mag_x = 0,  imu963ra_mag_y = 0,  imu963ra_mag_z = 0;
   72          float imu963ra_transition_factor[3] = {4098, 14.3, 3000};
   73          
   74          
   75          #if (IMU963RA_USE_INTERFACE==HARDWARE_SPI)
   76                  //------------------------------------------------------------------------------------------------------
             --------------
   77                  // КЏЪ§МђНщ     IMU963RA аДМФДцЦї
   78                  // ВЮЪ§ЫЕУї     reg             МФДцЦїЕижЗ
   79                  // ВЮЪ§ЫЕУї     dat            Ъ§Он
   80                  // ЗЕЛиВЮЪ§     void
   81                  // ЪЙгУЪОР§     imu963ra_write_acc_gyro_register(IMU963RA_SLV0_CONFIG, 0x00);
   82                  // БИзЂаХЯЂ     ФкВПЕїгУ
   83                  //------------------------------------------------------------------------------------------------------
             --------------
   84                  static void imu963ra_write_acc_gyro_register(uint8 reg, uint8 dat)
   85                  {
   86   1                      IMU963RA_CS(0);
   87   1                      spi_write_8bit_register(IMU963RA_SPI, reg | IMU963RA_SPI_W, dat);
   88   1                      IMU963RA_CS(1);
   89   1              }
   90          
   91                  //------------------------------------------------------------------------------------------------------
             --------------
   92                  // КЏЪ§МђНщ     IMU963RA ЖСМФДцЦї
   93                  // ВЮЪ§ЫЕУї     reg             МФДцЦїЕижЗ
   94                  // ЗЕЛиВЮЪ§     uint8           Ъ§Он
   95                  // ЪЙгУЪОР§     imu963ra_read_acc_gyro_register(IMU963RA_STATUS_MASTER);
   96                  // БИзЂаХЯЂ     ФкВПЕїгУ
   97                  //------------------------------------------------------------------------------------------------------
             --------------
   98                  static uint8 imu963ra_read_acc_gyro_register(uint8 reg)
   99                  {
  100   1                      uint8 dat = 0;
  101   1                      IMU963RA_CS(0);
  102   1                      dat = spi_read_8bit_register(IMU963RA_SPI, reg | IMU963RA_SPI_R);
  103   1                      IMU963RA_CS(1);
  104   1                      return dat;
  105   1              }
  106          
  107                  //------------------------------------------------------------------------------------------------------
             --------------
  108                  // КЏЪ§МђНщ     IMU963RA ЖСЪ§Он ФкВПЕїгУ
  109                  // ВЮЪ§ЫЕУї     reg             МФДцЦїЕижЗ
  110                  // ВЮЪ§ЫЕУї     dat            Ъ§ОнЛКГхЧј
  111                  // ВЮЪ§ЫЕУї     len             Ъ§ОнГЄЖШ
  112                  // ЗЕЛиВЮЪ§     void
  113                  // ЪЙгУЪОР§     imu963ra_read_acc_gyro_registers(IMU963RA_OUTX_L_A, dat, 6);
C251 COMPILER V5.60.0,  zf_device_imu963ra                                                 13/01/26  21:31:35  PAGE 3   

  114                  // БИзЂаХЯЂ     ФкВПЕїгУ
  115                  //------------------------------------------------------------------------------------------------------
             --------------
  116                  static void imu963ra_read_acc_gyro_registers(uint8 reg, uint8 *dat, uint32 len)
  117                  {
  118   1                      IMU963RA_CS(0);
  119   1                      spi_read_8bit_registers(IMU963RA_SPI, reg | IMU963RA_SPI_R, dat, len);
  120   1                      IMU963RA_CS(1);
  121   1              }
  122                  
  123          #elif (IMU963RA_USE_INTERFACE==SOFT_SPI)
                       
                       #define IMU963RA_SCK(x)                         IMU963RA_SPC_PIN  = x
                       #define IMU963RA_MOSI(x)                        IMU963RA_SDI_PIN = x
                       #define IMU963RA_CS(x)                          IMU963RA_CS_PIN  = x
                       #define IMU963RA_MISO                           IMU963RA_SDO_PIN
               
                       //------------------------------------------------------------------------------------------------------
             --------------
                       //  @brief      ЭЈЙ§SPIаДвЛИіbyte,ЭЌЪБЖСШЁвЛИіbyte
                       //  @param      byte        ЗЂЫЭЕФЪ§Он
                       //  @return     uint8 edata       return ЗЕЛиstatusзДЬЌ
                       //  @since      v1.0
                       //  Sample usage:
                       //------------------------------------------------------------------------------------------------------
             --------------
                       static uint8 imu963ra_simspi_wr_byte(uint8 byte)
                       {
                               uint8 i;
                               for(i=0; i<8; i++)
                               {
                                       IMU963RA_SCK (0);
                                       IMU963RA_MOSI(byte&0x80);
                                       byte <<= 1;
                                       IMU963RA_SCK (1);
                                       byte |= IMU963RA_MISO;
                               }
                               IMU963RA_SCK (0);
                               return(byte);
                       }
                       
                       
                       //------------------------------------------------------------------------------------------------------
             --------------
                       //  @brief      НЋvalаДШыcmdЖдгІЕФМФДцЦїЕижЗ,ЭЌЪБЗЕЛиstatusзжНк
                       //  @param      cmd         УќСюзж
                       //  @param      val         Д§аДШыМФДцЦїЕФЪ§жЕ
                       //  @since      v1.0
                       //  Sample usage:
                       //------------------------------------------------------------------------------------------------------
             --------------
                       static void imu963ra_simspi_w_reg_byte(uint8 cmd, uint8 val)
                       {
                               IMU963RA_CS(0);
                               cmd |= IMU963RA_SPI_W;
                               imu963ra_simspi_wr_byte(cmd);
                               imu963ra_simspi_wr_byte(val);
                               IMU963RA_CS(1);
                       }
               
                       //------------------------------------------------------------------------------------------------------
             --------------
                       //  @brief      ЖСШЁcmdЫљЖдгІЕФМФДцЦїЕижЗ
                       //  @param      cmd         УќСюзж
                       //  @param      *val        ДцДЂЖСШЁЕФЪ§ОнЕижЗ
                       //  @since      v1.0
C251 COMPILER V5.60.0,  zf_device_imu963ra                                                 13/01/26  21:31:35  PAGE 4   

                       //  Sample usage:
                       //------------------------------------------------------------------------------------------------------
             --------------
                       static void imu963ra_simspi_r_reg_byte(uint8 cmd, uint8 *val)
                       {
                               IMU963RA_CS(0);
                               cmd |= IMU963RA_SPI_R;
                               imu963ra_simspi_wr_byte(cmd);
                               *val = imu963ra_simspi_wr_byte(0);
                               IMU963RA_CS(1);
                       }
               
                       //------------------------------------------------------------------------------------------------------
             --------------
                       //  @brief      ЖСШЁcmdЫљЖдгІЕФМФДцЦїЕижЗ
                       //  @param      cmd         УќСюзж
                       //  @param      *val        ДцДЂЖСШЁЕФЪ§ОнЕижЗ
                       //  @param      num         ЖСШЁЕФЪ§СП
                       //  @since      v1.0
                       //  Sample usage:
                       //------------------------------------------------------------------------------------------------------
             --------------
                       static void imu963ra_simspi_r_reg_bytes(uint8 cmd, uint8 *val, uint32 num)
                       {
                               cmd |= IMU963RA_SPI_R;
                               imu963ra_simspi_wr_byte(cmd);
                               while(num--)
                               {
                                       *val++ = imu963ra_simspi_wr_byte(0);
                               }
                       }
               
                       //------------------------------------------------------------------------------------------------------
             --------------
                       // КЏЪ§МђНщ     IMU963RA аДМФДцЦї
                       // ВЮЪ§ЫЕУї     reg             МФДцЦїЕижЗ
                       // ВЮЪ§ЫЕУї     dat            Ъ§Он
                       // ЗЕЛиВЮЪ§     void
                       // ЪЙгУЪОР§     imu963ra_write_acc_gyro_register(IMU963RA_SLV0_CONFIG, 0x00);
                       // БИзЂаХЯЂ     ФкВПЕїгУ
                       //------------------------------------------------------------------------------------------------------
             --------------
                       static void imu963ra_write_acc_gyro_register(uint8 reg, uint8 dat)
                       {
                               IMU963RA_CS(0);
                               imu963ra_simspi_w_reg_byte(reg | IMU963RA_SPI_W, dat);
                               IMU963RA_CS(1);
                       }
               
                       //------------------------------------------------------------------------------------------------------
             --------------
                       // КЏЪ§МђНщ     IMU963RA ЖСМФДцЦї
                       // ВЮЪ§ЫЕУї     reg             МФДцЦїЕижЗ
                       // ЗЕЛиВЮЪ§     uint8 edata           Ъ§Он
                       // ЪЙгУЪОР§     imu963ra_read_acc_gyro_register(IMU963RA_STATUS_MASTER);
                       // БИзЂаХЯЂ     ФкВПЕїгУ
                       //------------------------------------------------------------------------------------------------------
             --------------
                       static uint8 imu963ra_read_acc_gyro_register(uint8 reg)
                       {
                               uint8 dat = 0;
                               IMU963RA_CS(0);
                               imu963ra_simspi_r_reg_byte(reg | IMU963RA_SPI_R, &dat);
                               IMU963RA_CS(1);
                               return dat;
                       }
C251 COMPILER V5.60.0,  zf_device_imu963ra                                                 13/01/26  21:31:35  PAGE 5   

               
                       //------------------------------------------------------------------------------------------------------
             --------------
                       // КЏЪ§МђНщ     IMU963RA ЖСЪ§Он ФкВПЕїгУ
                       // ВЮЪ§ЫЕУї     reg             МФДцЦїЕижЗ
                       // ВЮЪ§ЫЕУї     dat            Ъ§ОнЛКГхЧј
                       // ВЮЪ§ЫЕУї     len             Ъ§ОнГЄЖШ
                       // ЗЕЛиВЮЪ§     void
                       // ЪЙгУЪОР§     imu963ra_read_acc_gyro_registers(IMU963RA_OUTX_L_A, dat, 6);
                       // БИзЂаХЯЂ     ФкВПЕїгУ
                       //------------------------------------------------------------------------------------------------------
             --------------
                       static void imu963ra_read_acc_gyro_registers(uint8 reg, uint8 *dat, uint32 len)
                       {
                               IMU963RA_CS(0);
                               imu963ra_simspi_r_reg_bytes( reg | IMU963RA_SPI_R, dat, len);
                               IMU963RA_CS(1);
                       }
                       
               #elif (IMU963RA_USE_INTERFACE==SOFT_IIC)
                       static soft_iic_info_struct imu963ra_iic_struct;
               
                       //------------------------------------------------------------------------------------------------------
             --------------
                       // КЏЪ§МђНщ     IMU963RA аДМФДцЦї
                       // ВЮЪ§ЫЕУї     reg             МФДцЦїЕижЗ
                       // ВЮЪ§ЫЕУї     dat            Ъ§Он
                       // ЗЕЛиВЮЪ§     void
                       // ЪЙгУЪОР§     imu963ra_write_acc_gyro_register(IMU963RA_SLV0_CONFIG, 0x00);
                       // БИзЂаХЯЂ     ФкВПЕїгУ
                       //------------------------------------------------------------------------------------------------------
             --------------
                       #define imu963ra_write_acc_gyro_register(reg,dat)       (soft_iic_write_8bit_register(&imu963ra_iic_stru
             -ct,reg,dat))
               
                       //------------------------------------------------------------------------------------------------------
             --------------
                       // КЏЪ§МђНщ     IMU963RA ЖСМФДцЦї
                       // ВЮЪ§ЫЕУї     reg             МФДцЦїЕижЗ
                       // ЗЕЛиВЮЪ§     uint8           Ъ§Он
                       // ЪЙгУЪОР§     imu963ra_read_acc_gyro_register(IMU963RA_STATUS_MASTER);
                       // БИзЂаХЯЂ     ФкВПЕїгУ
                       //------------------------------------------------------------------------------------------------------
             --------------
                       #define imu963ra_read_acc_gyro_register(reg)             (soft_iic_sccb_read_register(&imu963ra_iic_stru
             -ct,reg))
               
                       //------------------------------------------------------------------------------------------------------
             --------------
                       // КЏЪ§МђНщ     IMU963RA ЖСЪ§Он ФкВПЕїгУ
                       // ВЮЪ§ЫЕУї     reg             МФДцЦїЕижЗ
                       // ВЮЪ§ЫЕУї     dat            Ъ§ОнЛКГхЧј
                       // ВЮЪ§ЫЕУї     len             Ъ§ОнГЄЖШ
                       // ЗЕЛиВЮЪ§     void
                       // ЪЙгУЪОР§     imu963ra_read_acc_gyro_registers(IMU963RA_OUTX_L_A, dat, 6);
                       // БИзЂаХЯЂ     ФкВПЕїгУ
                       //------------------------------------------------------------------------------------------------------
             --------------
                       #define imu963ra_read_acc_gyro_registers(reg,dat,len)   (soft_iic_read_8bit_registers(&imu963ra_iic_stru
             -ct,reg,dat,len))
               #endif
  283          
  284          //-------------------------------------------------------------------------------------------------------
             -------------
  285          // КЏЪ§МђНщ     IMU963RA зїЮЊ IIC жїЛњЯђДХСІМЦаДЪ§Он
  286          // ВЮЪ§ЫЕУї     addr            ФПБъЕижЗ
C251 COMPILER V5.60.0,  zf_device_imu963ra                                                 13/01/26  21:31:35  PAGE 6   

  287          // ВЮЪ§ЫЕУї     reg             ФПБъМФДцЦї
  288          // ВЮЪ§ЫЕУї     dat            Ъ§Он
  289          // ЗЕЛиВЮЪ§     uint8           1-ЪЇАм 0-ГЩЙІ
  290          // ЪЙгУЪОР§     imu963ra_write_mag_register(IMU963RA_MAG_ADDR, IMU963RA_MAG_CONTROL2, 0x80);
  291          // БИзЂаХЯЂ     ФкВПЕїгУ
  292          //-------------------------------------------------------------------------------------------------------
             -------------
  293          static uint8 imu963ra_write_mag_register (uint8 addr, uint8 reg, uint8 dat)
  294          {
  295   1          uint8 return_state = 0;
  296   1          uint16 timeout_count = 0;
  297   1          
  298   1          addr = addr << 1;
  299   1          imu963ra_write_acc_gyro_register(IMU963RA_SLV0_CONFIG, 0x00);               // ДгЛњ0ХфжУЧхГ§
  300   1          imu963ra_write_acc_gyro_register(IMU963RA_SLV0_ADD, addr | 0);              // ЩшжУЕиДХМЦЕижЗЃЈзЂвтет
             -РяашвЊЩшжУ8ЮЛЕФI2CЕижЗЃЉ 0x2C
  301   1          imu963ra_write_acc_gyro_register(IMU963RA_SLV0_SUBADD, reg);                // ашвЊаДШыЕФМФДцЦїЕижЗ
  302   1          imu963ra_write_acc_gyro_register(IMU963RA_DATAWRITE_SLV0, dat);            // ашвЊаДШыЕФЪ§Он
  303   1          imu963ra_write_acc_gyro_register(IMU963RA_MASTER_CONFIG, 0x4C);             // НідкЕквЛИіжмЦкЦєгУЭЈбЖ
             - ПЊЦєЩЯР­ I2CжїЛњЪЙФм
  304   1          
  305   1          // ЕШД§ЭЈбЖГЩЙІ
  306   1          while(0 == (0x80 & imu963ra_read_acc_gyro_register(IMU963RA_STATUS_MASTER)))
  307   1          {
  308   2              if(IMU963RA_TIMEOUT_COUNT < timeout_count ++)
  309   2              {
  310   3                  return_state = 1;
  311   3                  break;
  312   3              }
  313   2              
  314   2              system_delay_ms(2);
  315   2          }
  316   1          
  317   1          return return_state;
  318   1      }
  319          
  320          //-------------------------------------------------------------------------------------------------------
             -------------
  321          // КЏЪ§МђНщ     IMU963RA зїЮЊ IIC жїЛњЯђДХСІМЦЖСЪ§Он
  322          // ВЮЪ§ЫЕУї     addr            ФПБъЕижЗ
  323          // ВЮЪ§ЫЕУї     reg             ФПБъМФДцЦї
  324          // ЗЕЛиВЮЪ§     uint8           ЖСШЁЕФЪ§Он
  325          // ЪЙгУЪОР§     imu963ra_read_mag_register(IMU963RA_MAG_ADDR, IMU963RA_MAG_CHIP_ID);
  326          // БИзЂаХЯЂ     ФкВПЕїгУ
  327          //-------------------------------------------------------------------------------------------------------
             -------------
  328          static uint8 imu963ra_read_mag_register (uint8 addr, uint8 reg)
  329          {
  330   1          uint16 timeout_count = 0;
  331   1          
  332   1          addr = addr << 1;
  333   1          imu963ra_write_acc_gyro_register(IMU963RA_SLV0_ADD, addr | 1);              // ЩшжУЕиДХМЦЕижЗЃЈзЂвтет
             -РяашвЊЩшжУ8ЮЛЕФI2CЕижЗЃЉ 0x2C
  334   1          imu963ra_write_acc_gyro_register(IMU963RA_SLV0_SUBADD, reg);                // ашвЊЖСШЁЕФМФДцЦїЕижЗ
  335   1          imu963ra_write_acc_gyro_register(IMU963RA_SLV0_CONFIG, 0x01);
  336   1          imu963ra_write_acc_gyro_register(IMU963RA_MASTER_CONFIG, 0x4C);             // НідкЕквЛИіжмЦкЦєгУЭЈбЖ
             - ПЊЦєЩЯР­ I2CжїЛњЪЙФм
  337   1          
  338   1          // ЕШД§ЭЈбЖГЩЙІ
  339   1          while(0 == (0x01 & imu963ra_read_acc_gyro_register(IMU963RA_STATUS_MASTER)))
  340   1          {
  341   2              if(IMU963RA_TIMEOUT_COUNT < timeout_count ++)
  342   2              {
  343   3                  break;
  344   3              }
  345   2              
C251 COMPILER V5.60.0,  zf_device_imu963ra                                                 13/01/26  21:31:35  PAGE 7   

  346   2              system_delay_ms(2);
  347   2          }
  348   1          
  349   1          return (imu963ra_read_acc_gyro_register(IMU963RA_SENSOR_HUB_1));            // ЗЕЛиЖСШЁЕНЕФЪ§Он
  350   1      }
  351          
  352          //-------------------------------------------------------------------------------------------------------
             -------------
  353          // КЏЪ§МђНщ     IMU963RA зїЮЊ IIC жїЛњЯђДХСІМЦздЖЏаДЪ§Он
  354          // ВЮЪ§ЫЕУї     addr            ФПБъЕижЗ
  355          // ВЮЪ§ЫЕУї     reg             ФПБъМФДцЦї
  356          // ЗЕЛиВЮЪ§     void
  357          // ЪЙгУЪОР§     imu963ra_connect_mag(IMU963RA_MAG_ADDR, IMU963RA_MAG_OUTX_L);
  358          // БИзЂаХЯЂ     ФкВПЕїгУ
  359          //-------------------------------------------------------------------------------------------------------
             -------------
  360          static void imu963ra_connect_mag (uint8 addr, uint8 reg)
  361          {
  362   1          addr = addr << 1;
  363   1          
  364   1          imu963ra_write_acc_gyro_register(IMU963RA_SLV0_ADD, addr | 1);              // ЩшжУЕиДХМЦЕижЗЃЈзЂвтет
             -РяашвЊЩшжУ8ЮЛЕФI2CЕижЗЃЉ 0x2C
  365   1          imu963ra_write_acc_gyro_register(IMU963RA_SLV0_SUBADD, reg);                // ашвЊЖСШЁЕФМФДцЦїЕижЗ
  366   1          imu963ra_write_acc_gyro_register(IMU963RA_SLV0_CONFIG, 0x06);
  367   1          imu963ra_write_acc_gyro_register(IMU963RA_MASTER_CONFIG, 0x6C);             // НідкЕквЛИіжмЦкЦєгУЭЈбЖ
             - ПЊЦєЩЯР­ I2CжїЛњЪЙФм
  368   1      }
  369          
  370          
  371          //-------------------------------------------------------------------------------------------------------
             -------------
  372          // КЏЪ§МђНщ     IMU963RA СљжсздМь ФкВПЕїгУ
  373          // ВЮЪ§ЫЕУї     void
  374          // ЗЕЛиВЮЪ§     uint8           1-здМьЪЇАм 0-здМьГЩЙІ
  375          // ЪЙгУЪОР§     imu963ra_acc_gyro_self_check();
  376          // БИзЂаХЯЂ     ФкВПЕїгУ
  377          //-------------------------------------------------------------------------------------------------------
             -------------
  378          static uint8 imu963ra_acc_gyro_self_check (void)
  379          {
  380   1          uint8 return_state = 0;
  381   1          uint8 dat = 0;
  382   1          uint16 timeout_count = 0;
  383   1          
  384   1          while(0x6B != dat)                                                          // ХаЖЯ ID ЪЧЗёе§ШЗ
  385   1          {
  386   2              if(IMU963RA_TIMEOUT_COUNT < timeout_count ++)
  387   2              {
  388   3                  return_state = 1;
  389   3                  break;
  390   3              }
  391   2              
  392   2              dat = imu963ra_read_acc_gyro_register(IMU963RA_WHO_AM_I);
  393   2                      printf("dat = %d\r\n", dat);
  394   2              system_delay_ms(10);
  395   2          }
  396   1          
  397   1          return return_state;
  398   1      }
  399          
  400          //-------------------------------------------------------------------------------------------------------
             -------------
  401          // КЏЪ§МђНщ     IMU963RA ДХСІМЦздМь ФкВПЕїгУ
  402          // ВЮЪ§ЫЕУї     void
  403          // ЗЕЛиВЮЪ§     uint8           1-здМьЪЇАм 0-здМьГЩЙІ
  404          // ЪЙгУЪОР§     imu963ra_mag_self_check();
C251 COMPILER V5.60.0,  zf_device_imu963ra                                                 13/01/26  21:31:35  PAGE 8   

  405          // БИзЂаХЯЂ     ФкВПЕїгУ
  406          //-------------------------------------------------------------------------------------------------------
             -------------
  407          static uint8 imu963ra_mag_self_check (void)
  408          {
  409   1          uint8 return_state = 0;
  410   1          uint8 dat = 0;
  411   1          uint16 timeout_count = 0;
  412   1          
  413   1          while(0xff != dat)                                                          // ХаЖЯ ID ЪЧЗёе§ШЗ
  414   1          {
  415   2              if(IMU963RA_TIMEOUT_COUNT < timeout_count ++)
  416   2              {
  417   3                  return_state = 1;
  418   3                  break;
  419   3              }
  420   2              
  421   2              dat = imu963ra_read_mag_register(IMU963RA_MAG_ADDR, IMU963RA_MAG_CHIP_ID);
  422   2              system_delay_ms(10);
  423   2          }
  424   1          
  425   1          return return_state;
  426   1      }
  427          
  428          //-------------------------------------------------------------------------------------------------------
             -------------
  429          // КЏЪ§МђНщ     ЛёШЁ IMU963RA МгЫйЖШМЦЪ§Он
  430          // ВЮЪ§ЫЕУї     void
  431          // ЗЕЛиВЮЪ§     void
  432          // ЪЙгУЪОР§     imu963ra_get_acc();
  433          // БИзЂаХЯЂ     жДааИУКЏЪ§КѓЃЌжБНгВщПДЖдгІЕФБфСПМДПЩ
  434          //-------------------------------------------------------------------------------------------------------
             -------------
  435          void imu963ra_get_acc (void)
  436          {
  437   1          uint8 dat[6];
  438   1          
  439   1          imu963ra_read_acc_gyro_registers(IMU963RA_OUTX_L_A, dat, 6);
  440   1          imu963ra_acc_x = (int16)(((uint16)dat[1] << 8 | dat[0]));
  441   1          imu963ra_acc_y = (int16)(((uint16)dat[3] << 8 | dat[2]));
  442   1          imu963ra_acc_z = (int16)(((uint16)dat[5] << 8 | dat[4]));
  443   1      }
  444          
  445          
  446          //-------------------------------------------------------------------------------------------------------
             -------------
  447          // КЏЪ§МђНщ     ЛёШЁIMU963RAЭгТнвЧЪ§Он
  448          // ВЮЪ§ЫЕУї     void
  449          // ЗЕЛиВЮЪ§     void
  450          // ЪЙгУЪОР§     imu963ra_get_gyro();
  451          // БИзЂаХЯЂ     жДааИУКЏЪ§КѓЃЌжБНгВщПДЖдгІЕФБфСПМДПЩ
  452          //-------------------------------------------------------------------------------------------------------
             -------------
  453          void imu963ra_get_gyro (void)
  454          {
  455   1          uint8 dat[6];
  456   1          
  457   1          imu963ra_read_acc_gyro_registers(IMU963RA_OUTX_L_G, dat, 6);
  458   1          imu963ra_gyro_x = (int16)(((uint16)dat[1] << 8 | dat[0]));
  459   1          imu963ra_gyro_y = (int16)(((uint16)dat[3] << 8 | dat[2]));
  460   1          imu963ra_gyro_z = (int16)(((uint16)dat[5] << 8 | dat[4]));
  461   1      }
  462          
  463          
  464          //-------------------------------------------------------------------------------------------------------
             -------------
C251 COMPILER V5.60.0,  zf_device_imu963ra                                                 13/01/26  21:31:35  PAGE 9   

  465          // КЏЪ§МђНщ     ЛёШЁ IMU963RA ДХСІМЦЪ§Он
  466          // ВЮЪ§ЫЕУї     void
  467          // ЗЕЛиВЮЪ§     void
  468          // ЪЙгУЪОР§     imu963ra_get_mag();
  469          // БИзЂаХЯЂ     жДааИУКЏЪ§КѓЃЌжБНгВщПДЖдгІЕФБфСПМДПЩ
  470          //-------------------------------------------------------------------------------------------------------
             -------------
  471          void imu963ra_get_mag (void)
  472          {
  473   1          uint8 temp_status;
  474   1          uint8 dat[6];
  475   1          
  476   1          imu963ra_write_acc_gyro_register(IMU963RA_FUNC_CFG_ACCESS, 0x40);
  477   1          temp_status = imu963ra_read_acc_gyro_register(IMU963RA_STATUS_MASTER);
  478   1          
  479   1          if(0x01 & temp_status)
  480   1          {
  481   2              imu963ra_read_acc_gyro_registers(IMU963RA_SENSOR_HUB_1, dat, 6);
  482   2              imu963ra_mag_x = (int16)(((uint16)dat[1] << 8 | dat[0]));
  483   2              imu963ra_mag_y = (int16)(((uint16)dat[3] << 8 | dat[2]));
  484   2              imu963ra_mag_z = (int16)(((uint16)dat[5] << 8 | dat[4]));
  485   2          }
  486   1          
  487   1          imu963ra_write_acc_gyro_register(IMU963RA_FUNC_CFG_ACCESS, 0x00);
  488   1      }
  489          
  490          //-------------------------------------------------------------------------------------------------------
             -------------
  491          // КЏЪ§МђНщ     ГѕЪМЛЏ IMU963RA
  492          // ВЮЪ§ЫЕУї     void
  493          // ЗЕЛиВЮЪ§     uint8           1-ГѕЪМЛЏЪЇАм 0-ГѕЪМЛЏГЩЙІ
  494          // ЪЙгУЪОР§     imu963ra_init();
  495          // БИзЂаХЯЂ
  496          //-------------------------------------------------------------------------------------------------------
             -------------
  497          uint8 imu963ra_init (void)
  498          {
  499   1          uint8 return_state = 0;
  500   1          system_delay_ms(10);                                                        // ЩЯЕчбгЪБ
  501   1          
  502   1      #if (IMU963RA_USE_INTERFACE==HARDWARE_SPI)
  503   1              
  504   1              spi_init(IMU963RA_SPI, SPI_MODE0, IMU963RA_SPI_SPEED, IMU963RA_SPC_PIN, IMU963RA_SDI_PIN, IMU963RA_SDO_P
             -IN, SPI_CS_NULL);
  505   1          gpio_init(IMU963RA_CS_PIN, GPO, GPIO_HIGH, GPO_PUSH_PULL);
  506   1              
  507   1      #elif (IMU963RA_USE_INTERFACE==SOFT_SPI)
                       
               // ФЌШЯЪЙгУЫЋЯђIOЃЌВЛашвЊГѕЪМЛЏЁЃ
               //      soft_spi_init(IMU963RA_SPI, SPI_MODE0, 0, IMU963RA_SPC_PIN, IMU963RA_SDI_PIN, IMU963RA_SDO_PIN, IMU963
             -RA_CS_PIN);
                       
               #elif (IMU963RA_USE_INTERFACE==SOFT_IIC)
                       
                       soft_iic_init(&imu963ra_iic_struct, IMU963RA_DEV_ADDR, IMU963RA_SOFT_IIC_DELAY, IMU963RA_SCL_PIN, IMU963
             -RA_SDA_PIN);
                       
               #endif
  517   1              
  518   1          do
  519   1          {
  520   2              imu963ra_write_acc_gyro_register(IMU963RA_FUNC_CFG_ACCESS, 0x00);       // ЙиБеHUBМФДцЦїЗУЮЪ
  521   2              imu963ra_write_acc_gyro_register(IMU963RA_CTRL3_C, 0x01);               // ИДЮЛЩшБИ
  522   2              system_delay_ms(2);
  523   2              imu963ra_write_acc_gyro_register(IMU963RA_FUNC_CFG_ACCESS, 0x00);       // ЙиБеHUBМФДцЦїЗУЮЪ
  524   2              
C251 COMPILER V5.60.0,  zf_device_imu963ra                                                 13/01/26  21:31:35  PAGE 10  

  525   2              if(imu963ra_acc_gyro_self_check())
  526   2              {
  527   3                  printf( "IMU963RA acc and gyro self check error.");
  528   3                  return_state = 1;
  529   3                  break;
  530   3              }
  531   2              
  532   2              imu963ra_write_acc_gyro_register(IMU963RA_INT1_CTRL, 0x03);             // ПЊЦєЭгТнвЧ МгЫйЖШЪ§ОнО
             -ЭаїжаЖЯ
  533   2              
  534   2              // IMU963RA_CTRL1_XL МФДцЦї
  535   2              // ЩшжУЮЊ 0x30 МгЫйЖШСПГЬЮЊ ЁР2  G    ЛёШЁЕНЕФМгЫйЖШМЦЪ§ОнГ§вд 16393  ПЩвдзЊЛЏЮЊДјЮяРэЕЅЮЛЕФЪ§Он 
             -ЕЅЮЛ g(m/s^2)
  536   2              // ЩшжУЮЊ 0x38 МгЫйЖШСПГЬЮЊ ЁР4  G    ЛёШЁЕНЕФМгЫйЖШМЦЪ§ОнГ§вд 8197   ПЩвдзЊЛЏЮЊДјЮяРэЕЅЮЛЕФЪ§Он 
             -ЕЅЮЛ g(m/s^2)
  537   2              // ЩшжУЮЊ 0x3C МгЫйЖШСПГЬЮЊ ЁР8  G    ЛёШЁЕНЕФМгЫйЖШМЦЪ§ОнГ§вд 4098   ПЩвдзЊЛЏЮЊДјЮяРэЕЅЮЛЕФЪ§Он 
             -ЕЅЮЛ g(m/s^2)
  538   2              // ЩшжУЮЊ 0x34 МгЫйЖШСПГЬЮЊ ЁР16 G    ЛёШЁЕНЕФМгЫйЖШМЦЪ§ОнГ§вд 2049   ПЩвдзЊЛЏЮЊДјЮяРэЕЅЮЛЕФЪ§Он 
             -ЕЅЮЛ g(m/s^2)
  539   2              switch(IMU963RA_ACC_SAMPLE_DEFAULT)
  540   2              {
  541   3                  default:
  542   3                  {
  543   4                      printf( "IMU963RA_ACC_SAMPLE_DEFAULT set error.\r\n");
  544   4                      return_state = 1;
  545   4                  }
  546   3                  break;
  547   3                  
  548   3                  case IMU963RA_ACC_SAMPLE_SGN_2G:
  549   3                  {
  550   4                      imu963ra_write_acc_gyro_register(IMU963RA_CTRL1_XL, 0x30);
  551   4                      imu963ra_transition_factor[0] = 16393;
  552   4                  }
  553   3                  break;
  554   3                  
  555   3                  case IMU963RA_ACC_SAMPLE_SGN_4G:
  556   3                  {
  557   4                      imu963ra_write_acc_gyro_register(IMU963RA_CTRL1_XL, 0x38);
  558   4                      imu963ra_transition_factor[0] = 8197;
  559   4                  }
  560   3                  break;
  561   3                  
  562   3                  case IMU963RA_ACC_SAMPLE_SGN_8G:
  563   3                  {
  564   4                      imu963ra_write_acc_gyro_register(IMU963RA_CTRL1_XL, 0x3C);
  565   4                      imu963ra_transition_factor[0] = 4098;
  566   4                  }
  567   3                  break;
  568   3                  
  569   3                  case IMU963RA_ACC_SAMPLE_SGN_16G:
  570   3                  {
  571   4                      imu963ra_write_acc_gyro_register(IMU963RA_CTRL1_XL, 0x34);
  572   4                      imu963ra_transition_factor[0] = 2049;
  573   4                  }
  574   3                  break;
  575   3              }
  576   2              
  577   2              if(1 == return_state)
  578   2              {
  579   3                  break;
  580   3              }
  581   2              
  582   2              // IMU963RA_CTRL2_G МФДцЦї
  583   2              // ЩшжУЮЊ 0x52 ЭгТнвЧСПГЬЮЊ ЁР125  dps    ЛёШЁЕНЕФЭгТнвЧЪ§ОнГ§вд 228.6   ПЩвдзЊЛЏЮЊДјЮяРэЕЅЮЛЕФЪ§
             -Он ЕЅЮЛЮЊ Ёу/s
  584   2              // ЩшжУЮЊ 0x50 ЭгТнвЧСПГЬЮЊ ЁР250  dps    ЛёШЁЕНЕФЭгТнвЧЪ§ОнГ§вд 114.3   ПЩвдзЊЛЏЮЊДјЮяРэЕЅЮЛЕФЪ§
C251 COMPILER V5.60.0,  zf_device_imu963ra                                                 13/01/26  21:31:35  PAGE 11  

             -Он ЕЅЮЛЮЊ Ёу/s
  585   2              // ЩшжУЮЊ 0x54 ЭгТнвЧСПГЬЮЊ ЁР500  dps    ЛёШЁЕНЕФЭгТнвЧЪ§ОнГ§вд 57.1    ПЩвдзЊЛЏЮЊДјЮяРэЕЅЮЛЕФЪ§
             -Он ЕЅЮЛЮЊ Ёу/s
  586   2              // ЩшжУЮЊ 0x58 ЭгТнвЧСПГЬЮЊ ЁР1000 dps    ЛёШЁЕНЕФЭгТнвЧЪ§ОнГ§вд 28.6    ПЩвдзЊЛЏЮЊДјЮяРэЕЅЮЛЕФЪ§
             -Он ЕЅЮЛЮЊ Ёу/s
  587   2              // ЩшжУЮЊ 0x5C ЭгТнвЧСПГЬЮЊ ЁР2000 dps    ЛёШЁЕНЕФЭгТнвЧЪ§ОнГ§вд 14.3    ПЩвдзЊЛЏЮЊДјЮяРэЕЅЮЛЕФЪ§
             -Он ЕЅЮЛЮЊ Ёу/s
  588   2              // ЩшжУЮЊ 0x51 ЭгТнвЧСПГЬЮЊ ЁР4000 dps    ЛёШЁЕНЕФЭгТнвЧЪ§ОнГ§вд 7.1     ПЩвдзЊЛЏЮЊДјЮяРэЕЅЮЛЕФЪ§
             -Он ЕЅЮЛЮЊ Ёу/s
  589   2              switch(IMU963RA_GYRO_SAMPLE_DEFAULT)
  590   2              {
  591   3                  default:
  592   3                  {
  593   4                      printf( "IMU963RA_GYRO_SAMPLE_DEFAULT set error.\r\n");
  594   4                      return_state = 1;
  595   4                  }
  596   3                  break;
  597   3                  
  598   3                  case IMU963RA_GYRO_SAMPLE_SGN_125DPS:
  599   3                  {
  600   4                      imu963ra_write_acc_gyro_register(IMU963RA_CTRL2_G, 0x52);
  601   4                      imu963ra_transition_factor[1] = 228.6;
  602   4                  }
  603   3                  break;
  604   3                  
  605   3                  case IMU963RA_GYRO_SAMPLE_SGN_250DPS:
  606   3                  {
  607   4                      imu963ra_write_acc_gyro_register(IMU963RA_CTRL2_G, 0x50);
  608   4                      imu963ra_transition_factor[1] = 114.3;
  609   4                  }
  610   3                  break;
  611   3                  
  612   3                  case IMU963RA_GYRO_SAMPLE_SGN_500DPS:
  613   3                  {
  614   4                      imu963ra_write_acc_gyro_register(IMU963RA_CTRL2_G, 0x54);
  615   4                      imu963ra_transition_factor[1] = 57.1;
  616   4                  }
  617   3                  break;
  618   3                  
  619   3                  case IMU963RA_GYRO_SAMPLE_SGN_1000DPS:
  620   3                  {
  621   4                      imu963ra_write_acc_gyro_register(IMU963RA_CTRL2_G, 0x58);
  622   4                      imu963ra_transition_factor[1] = 28.6;
  623   4                  }
  624   3                  break;
  625   3                  
  626   3                  case IMU963RA_GYRO_SAMPLE_SGN_2000DPS:
  627   3                  {
  628   4                      imu963ra_write_acc_gyro_register(IMU963RA_CTRL2_G, 0x5C);
  629   4                      imu963ra_transition_factor[1] = 14.3;
  630   4                  }
  631   3                  break;
  632   3                  
  633   3                  case IMU963RA_GYRO_SAMPLE_SGN_4000DPS:
  634   3                  {
  635   4                      imu963ra_write_acc_gyro_register(IMU963RA_CTRL2_G, 0x51);
  636   4                      imu963ra_transition_factor[1] = 7.1;
  637   4                  }
  638   3                  break;
  639   3              }
  640   2              
  641   2              if(1 == return_state)
  642   2              {
  643   3                  break;
  644   3              }
  645   2              
C251 COMPILER V5.60.0,  zf_device_imu963ra                                                 13/01/26  21:31:35  PAGE 12  

  646   2              imu963ra_write_acc_gyro_register(IMU963RA_CTRL3_C, 0x44);               // ЪЙФмЭгТнвЧЪ§зжЕЭЭЈТЫВЈ
             -Цї
  647   2              imu963ra_write_acc_gyro_register(IMU963RA_CTRL4_C, 0x02);               // ЪЙФмЪ§зжЕЭЭЈТЫВЈЦї
  648   2              imu963ra_write_acc_gyro_register(IMU963RA_CTRL5_C, 0x00);               // МгЫйЖШМЦгыЭгТнвЧЫФЩсЮх
             -Шы
  649   2              imu963ra_write_acc_gyro_register(IMU963RA_CTRL6_C, 0x00);               // ПЊЦєМгЫйЖШМЦИпадФмФЃЪН
             - ЭгТнвЧЕЭЭЈТЫВЈ 133hz
  650   2              imu963ra_write_acc_gyro_register(IMU963RA_CTRL7_G, 0x00);               // ПЊЦєЭгТнвЧИпадФмФЃЪН Й
             -иБеИпЭЈТЫВЈ
  651   2              imu963ra_write_acc_gyro_register(IMU963RA_CTRL9_XL, 0x01);              // ЙиБеI3CНгПк
  652   2              
  653   2              imu963ra_write_acc_gyro_register(IMU963RA_FUNC_CFG_ACCESS, 0x40);       // ПЊЦєHUBМФДцЦїЗУЮЪ гУгк
             -ХфжУЕиДХМЦ
  654   2              imu963ra_write_acc_gyro_register(IMU963RA_MASTER_CONFIG, 0x80);         // ИДЮЛI2CжїЛњ
  655   2              system_delay_ms(2);
  656   2              imu963ra_write_acc_gyro_register(IMU963RA_MASTER_CONFIG, 0x00);         // ЧхГ§ИДЮЛБъжО
  657   2              system_delay_ms(2);
  658   2              
  659   2              imu963ra_write_mag_register(IMU963RA_MAG_ADDR, IMU963RA_MAG_CONTROL2, 0x80);// ИДЮЛСЌНгЕФЭтЩш
  660   2              system_delay_ms(2);
  661   2              imu963ra_write_mag_register(IMU963RA_MAG_ADDR, IMU963RA_MAG_CONTROL2, 0x00);
  662   2              system_delay_ms(2);
  663   2              
  664   2              if(imu963ra_mag_self_check())
  665   2              {
  666   3                  printf( "IMU963RA mag self check error.\r\n");
  667   3                  return_state = 1;
  668   3                  break;
  669   3              }
  670   2              
  671   2              // IMU963RA_MAG_ADDR МФДцЦї
  672   2              // ЩшжУЮЊ 0x09 ДХСІМЦСПГЬЮЊ 2G   ЛёШЁЕНЕФДХСІМЦЪ§ОнГ§вд 12000   ПЩвдзЊЛЏЮЊДјЮяРэЕЅЮЛЕФЪ§Он ЕЅЮЛ G
             -(ИпЫЙ)
  673   2              // ЩшжУЮЊ 0x19 ДХСІМЦСПГЬЮЊ 8G   ЛёШЁЕНЕФДХСІМЦЪ§ОнГ§вд 3000    ПЩвдзЊЛЏЮЊДјЮяРэЕЅЮЛЕФЪ§Он ЕЅЮЛ G
             -(ИпЫЙ)
  674   2              switch(IMU963RA_MAG_SAMPLE_DEFAULT)
  675   2              {
  676   3                  default:
  677   3                  {
  678   4                      printf( "IMU963RA_MAG_SAMPLE_DEFAULT set error.\r\n");
  679   4                      return_state = 1;
  680   4                  }
  681   3                  break;
  682   3                  
  683   3                  case IMU963RA_MAG_SAMPLE_2G:
  684   3                  {
  685   4                      imu963ra_write_mag_register(IMU963RA_MAG_ADDR, IMU963RA_MAG_CONTROL1, 0x09);
  686   4                      imu963ra_transition_factor[2] = 12000;
  687   4                  }
  688   3                  break;
  689   3                  
  690   3                  case IMU963RA_MAG_SAMPLE_8G:
  691   3                  {
  692   4                      imu963ra_write_mag_register(IMU963RA_MAG_ADDR, IMU963RA_MAG_CONTROL1, 0x19);
  693   4                      imu963ra_transition_factor[2] = 3000;
  694   4                  }
  695   3                  break;
  696   3              }
  697   2              
  698   2              if(1 == return_state)
  699   2              {
  700   3                  break;
  701   3              }
  702   2              
  703   2              imu963ra_write_mag_register(IMU963RA_MAG_ADDR, IMU963RA_MAG_FBR, 0x01);
  704   2              imu963ra_connect_mag(IMU963RA_MAG_ADDR, IMU963RA_MAG_OUTX_L);
C251 COMPILER V5.60.0,  zf_device_imu963ra                                                 13/01/26  21:31:35  PAGE 13  

  705   2              
  706   2              imu963ra_write_acc_gyro_register(IMU963RA_FUNC_CFG_ACCESS, 0x00);       // ЙиБеHUBМФДцЦїЗУЮЪ
  707   2              
  708   2              system_delay_ms(20);                                                    // ЕШД§ДХСІМЦЛёШЁЪ§Он
  709   2          }
  710   1          while(0);
  711   1          
  712   1          return return_state;
  713   1      }


Module Information          Static   Overlayable
------------------------------------------------
  code size            =    ------     ------
  ecode size           =      2015     ------
  data size            =    ------     ------
  idata size           =    ------     ------
  pdata size           =    ------     ------
  xdata size           =        83     ------
  xdata-const size     =    ------     ------
  edata size           =    ------     ------
  bit size             =    ------     ------
  ebit size            =    ------     ------
  bitaddressable size  =    ------     ------
  ebitaddressable size =    ------     ------
  far data size        =    ------     ------
  huge data size       =    ------     ------
  const size           =    ------     ------
  hconst size          =       288     ------
End of Module Information.


C251 COMPILATION COMPLETE.  0 WARNING(S),  0 ERROR(S)
